ARM GAS  C:\Users\agila\AppData\Local\Temp\ccQpk5wH.s 			page 1


   1              		.syntax unified
   2              		.cpu cortex-m3
   3              		.fpu softvfp
   4              		.eabi_attribute 20, 1
   5              		.eabi_attribute 21, 1
   6              		.eabi_attribute 23, 3
   7              		.eabi_attribute 24, 1
   8              		.eabi_attribute 25, 1
   9              		.eabi_attribute 26, 1
  10              		.eabi_attribute 30, 1
  11              		.eabi_attribute 34, 1
  12              		.eabi_attribute 18, 4
  13              		.thumb
  14              		.syntax unified
  15              		.file	"cymetadata.c"
  16              		.text
  17              	.Ltext0:
  18              		.cfi_sections	.debug_frame
  19              		.global	cy_metadata
  20              		.global	cy_meta_flashprotect
  21              		.global	cy_meta_wonvl
  22              		.global	cy_meta_custnvl
  23              		.global	cy_meta_configecc
  24              		.section	.cyconfigecc,"a",%progbits
  25              		.align	2
  26              		.type	cy_meta_configecc, %object
  27              		.size	cy_meta_configecc, 1392
  28              	cy_meta_configecc:
  29 0000 02       		.byte	2
  30 0001 4F       		.byte	79
  31 0002 00       		.byte	0
  32 0003 40       		.byte	64
  33 0004 01       		.byte	1
  34 0005 64       		.byte	100
  35 0006 00       		.byte	0
  36 0007 40       		.byte	64
  37 0008 03       		.byte	3
  38 0009 65       		.byte	101
  39 000a 00       		.byte	0
  40 000b 40       		.byte	64
  41 000c 04       		.byte	4
  42 000d 04       		.byte	4
  43 000e 01       		.byte	1
  44 000f 40       		.byte	64
  45 0010 01       		.byte	1
  46 0011 05       		.byte	5
  47 0012 01       		.byte	1
  48 0013 40       		.byte	64
  49 0014 01       		.byte	1
  50 0015 07       		.byte	7
  51 0016 01       		.byte	1
  52 0017 40       		.byte	64
  53 0018 0A       		.byte	10
  54 0019 08       		.byte	8
  55 001a 01       		.byte	1
  56 001b 40       		.byte	64
  57 001c 3C       		.byte	60
ARM GAS  C:\Users\agila\AppData\Local\Temp\ccQpk5wH.s 			page 2


  58 001d 09       		.byte	9
  59 001e 01       		.byte	1
  60 001f 40       		.byte	64
  61 0020 5C       		.byte	92
  62 0021 0A       		.byte	10
  63 0022 01       		.byte	1
  64 0023 40       		.byte	64
  65 0024 37       		.byte	55
  66 0025 0B       		.byte	11
  67 0026 01       		.byte	1
  68 0027 40       		.byte	64
  69 0028 01       		.byte	1
  70 0029 17       		.byte	23
  71 002a 01       		.byte	1
  72 002b 40       		.byte	64
  73 002c 10       		.byte	16
  74 002d 18       		.byte	24
  75 002e 01       		.byte	1
  76 002f 40       		.byte	64
  77 0030 43       		.byte	67
  78 0031 19       		.byte	25
  79 0032 01       		.byte	1
  80 0033 40       		.byte	64
  81 0034 0B       		.byte	11
  82 0035 1A       		.byte	26
  83 0036 01       		.byte	1
  84 0037 40       		.byte	64
  85 0038 47       		.byte	71
  86 0039 1B       		.byte	27
  87 003a 01       		.byte	1
  88 003b 40       		.byte	64
  89 003c 02       		.byte	2
  90 003d 40       		.byte	64
  91 003e 01       		.byte	1
  92 003f 40       		.byte	64
  93 0040 01       		.byte	1
  94 0041 41       		.byte	65
  95 0042 01       		.byte	1
  96 0043 40       		.byte	64
  97 0044 05       		.byte	5
  98 0045 42       		.byte	66
  99 0046 01       		.byte	1
 100 0047 40       		.byte	64
 101 0048 05       		.byte	5
 102 0049 43       		.byte	67
 103 004a 01       		.byte	1
 104 004b 40       		.byte	64
 105 004c 02       		.byte	2
 106 004d 44       		.byte	68
 107 004e 01       		.byte	1
 108 004f 40       		.byte	64
 109 0050 01       		.byte	1
 110 0051 45       		.byte	69
 111 0052 01       		.byte	1
 112 0053 40       		.byte	64
 113 0054 01       		.byte	1
 114 0055 46       		.byte	70
ARM GAS  C:\Users\agila\AppData\Local\Temp\ccQpk5wH.s 			page 3


 115 0056 01       		.byte	1
 116 0057 40       		.byte	64
 117 0058 02       		.byte	2
 118 0059 47       		.byte	71
 119 005a 01       		.byte	1
 120 005b 40       		.byte	64
 121 005c 03       		.byte	3
 122 005d 48       		.byte	72
 123 005e 01       		.byte	1
 124 005f 40       		.byte	64
 125 0060 0A       		.byte	10
 126 0061 4D       		.byte	77
 127 0062 01       		.byte	1
 128 0063 40       		.byte	64
 129 0064 04       		.byte	4
 130 0065 50       		.byte	80
 131 0066 01       		.byte	1
 132 0067 40       		.byte	64
 133 0068 01       		.byte	1
 134 0069 51       		.byte	81
 135 006a 01       		.byte	1
 136 006b 40       		.byte	64
 137 006c 01       		.byte	1
 138 006d 20       		.byte	32
 139 006e 0A       		.byte	10
 140 006f 4B       		.byte	75
 141 0070 88       		.byte	-120
 142 0071 0F       		.byte	15
 143 0072 88       		.byte	-120
 144 0073 38       		.byte	56
 145 0074 89       		.byte	-119
 146 0075 0F       		.byte	15
 147 0076 8A       		.byte	-118
 148 0077 72       		.byte	114
 149 0078 B8       		.byte	-72
 150 0079 80       		.byte	-128
 151 007a BE       		.byte	-66
 152 007b 40       		.byte	64
 153 007c D8       		.byte	-40
 154 007d 04       		.byte	4
 155 007e DF       		.byte	-33
 156 007f 01       		.byte	1
 157 0080 1F       		.byte	31
 158 0081 80       		.byte	-128
 159 0082 AF       		.byte	-81
 160 0083 80       		.byte	-128
 161 0084 8A       		.byte	-118
 162 0085 02       		.byte	2
 163 0086 8E       		.byte	-114
 164 0087 02       		.byte	2
 165 0088 98       		.byte	-104
 166 0089 01       		.byte	1
 167 008a B2       		.byte	-78
 168 008b 01       		.byte	1
 169 008c B6       		.byte	-74
 170 008d 02       		.byte	2
 171 008e BA       		.byte	-70
ARM GAS  C:\Users\agila\AppData\Local\Temp\ccQpk5wH.s 			page 4


 172 008f 02       		.byte	2
 173 0090 BE       		.byte	-66
 174 0091 44       		.byte	68
 175 0092 D8       		.byte	-40
 176 0093 04       		.byte	4
 177 0094 DC       		.byte	-36
 178 0095 01       		.byte	1
 179 0096 DF       		.byte	-33
 180 0097 01       		.byte	1
 181 0098 00       		.byte	0
 182 0099 A0       		.byte	-96
 183 009a 04       		.byte	4
 184 009b 06       		.byte	6
 185 009c 05       		.byte	5
 186 009d 10       		.byte	16
 187 009e 06       		.byte	6
 188 009f 02       		.byte	2
 189 00a0 0B       		.byte	11
 190 00a1 08       		.byte	8
 191 00a2 0E       		.byte	14
 192 00a3 28       		.byte	40
 193 00a4 0F       		.byte	15
 194 00a5 02       		.byte	2
 195 00a6 17       		.byte	23
 196 00a7 55       		.byte	85
 197 00a8 18       		.byte	24
 198 00a9 40       		.byte	64
 199 00aa 19       		.byte	25
 200 00ab 84       		.byte	-124
 201 00ac 1C       		.byte	28
 202 00ad 14       		.byte	20
 203 00ae 1D       		.byte	29
 204 00af 80       		.byte	-128
 205 00b0 1E       		.byte	30
 206 00b1 82       		.byte	-126
 207 00b2 24       		.byte	36
 208 00b3 0A       		.byte	10
 209 00b4 25       		.byte	37
 210 00b5 54       		.byte	84
 211 00b6 26       		.byte	38
 212 00b7 14       		.byte	20
 213 00b8 27       		.byte	39
 214 00b9 28       		.byte	40
 215 00ba 2E       		.byte	46
 216 00bb 01       		.byte	1
 217 00bc 2F       		.byte	47
 218 00bd 28       		.byte	40
 219 00be 35       		.byte	53
 220 00bf 10       		.byte	16
 221 00c0 36       		.byte	54
 222 00c1 04       		.byte	4
 223 00c2 37       		.byte	55
 224 00c3 01       		.byte	1
 225 00c4 3D       		.byte	61
 226 00c5 A0       		.byte	-96
 227 00c6 3E       		.byte	62
 228 00c7 06       		.byte	6
ARM GAS  C:\Users\agila\AppData\Local\Temp\ccQpk5wH.s 			page 5


 229 00c8 45       		.byte	69
 230 00c9 A4       		.byte	-92
 231 00ca 4C       		.byte	76
 232 00cb 04       		.byte	4
 233 00cc 4F       		.byte	79
 234 00cd 06       		.byte	6
 235 00ce 56       		.byte	86
 236 00cf 80       		.byte	-128
 237 00d0 57       		.byte	87
 238 00d1 34       		.byte	52
 239 00d2 67       		.byte	103
 240 00d3 01       		.byte	1
 241 00d4 6C       		.byte	108
 242 00d5 10       		.byte	16
 243 00d6 6E       		.byte	110
 244 00d7 05       		.byte	5
 245 00d8 6F       		.byte	111
 246 00d9 5D       		.byte	93
 247 00da 76       		.byte	118
 248 00db 02       		.byte	2
 249 00dc 91       		.byte	-111
 250 00dd 20       		.byte	32
 251 00de 92       		.byte	-110
 252 00df 02       		.byte	2
 253 00e0 93       		.byte	-109
 254 00e1 21       		.byte	33
 255 00e2 94       		.byte	-108
 256 00e3 28       		.byte	40
 257 00e4 96       		.byte	-106
 258 00e5 01       		.byte	1
 259 00e6 97       		.byte	-105
 260 00e7 04       		.byte	4
 261 00e8 98       		.byte	-104
 262 00e9 10       		.byte	16
 263 00ea 99       		.byte	-103
 264 00eb 10       		.byte	16
 265 00ec 9C       		.byte	-100
 266 00ed 02       		.byte	2
 267 00ee 9D       		.byte	-99
 268 00ef 20       		.byte	32
 269 00f0 9E       		.byte	-98
 270 00f1 83       		.byte	-125
 271 00f2 9F       		.byte	-97
 272 00f3 2D       		.byte	45
 273 00f4 A1       		.byte	-95
 274 00f5 28       		.byte	40
 275 00f6 A5       		.byte	-91
 276 00f7 04       		.byte	4
 277 00f8 A6       		.byte	-90
 278 00f9 41       		.byte	65
 279 00fa A7       		.byte	-89
 280 00fb 94       		.byte	-108
 281 00fc B1       		.byte	-79
 282 00fd 80       		.byte	-128
 283 00fe C0       		.byte	-64
 284 00ff F3       		.byte	-13
 285 0100 C2       		.byte	-62
ARM GAS  C:\Users\agila\AppData\Local\Temp\ccQpk5wH.s 			page 6


 286 0101 E2       		.byte	-30
 287 0102 C4       		.byte	-60
 288 0103 F0       		.byte	-16
 289 0104 CA       		.byte	-54
 290 0105 E0       		.byte	-32
 291 0106 CC       		.byte	-52
 292 0107 E0       		.byte	-32
 293 0108 CE       		.byte	-50
 294 0109 F0       		.byte	-16
 295 010a D0       		.byte	-48
 296 010b 70       		.byte	112
 297 010c D2       		.byte	-46
 298 010d 20       		.byte	32
 299 010e D8       		.byte	-40
 300 010f 10       		.byte	16
 301 0110 04       		.byte	4
 302 0111 10       		.byte	16
 303 0112 08       		.byte	8
 304 0113 20       		.byte	32
 305 0114 0A       		.byte	10
 306 0115 03       		.byte	3
 307 0116 0B       		.byte	11
 308 0117 08       		.byte	8
 309 0118 0C       		.byte	12
 310 0119 14       		.byte	20
 311 011a 0F       		.byte	15
 312 011b 0C       		.byte	12
 313 011c 10       		.byte	16
 314 011d 09       		.byte	9
 315 011e 12       		.byte	18
 316 011f 10       		.byte	16
 317 0120 14       		.byte	20
 318 0121 1C       		.byte	28
 319 0122 15       		.byte	21
 320 0123 2C       		.byte	44
 321 0124 16       		.byte	22
 322 0125 02       		.byte	2
 323 0126 17       		.byte	23
 324 0127 43       		.byte	67
 325 0128 19       		.byte	25
 326 0129 80       		.byte	-128
 327 012a 1B       		.byte	27
 328 012b 13       		.byte	19
 329 012c 1C       		.byte	28
 330 012d 0C       		.byte	12
 331 012e 1E       		.byte	30
 332 012f 11       		.byte	17
 333 0130 21       		.byte	33
 334 0131 71       		.byte	113
 335 0132 23       		.byte	35
 336 0133 0E       		.byte	14
 337 0134 28       		.byte	40
 338 0135 10       		.byte	16
 339 0136 29       		.byte	41
 340 0137 71       		.byte	113
 341 0138 2A       		.byte	42
 342 0139 0C       		.byte	12
ARM GAS  C:\Users\agila\AppData\Local\Temp\ccQpk5wH.s 			page 7


 343 013a 2B       		.byte	43
 344 013b 06       		.byte	6
 345 013c 31       		.byte	49
 346 013d C0       		.byte	-64
 347 013e 32       		.byte	50
 348 013f 1F       		.byte	31
 349 0140 33       		.byte	51
 350 0141 0F       		.byte	15
 351 0142 35       		.byte	53
 352 0143 30       		.byte	48
 353 0144 36       		.byte	54
 354 0145 20       		.byte	32
 355 0146 39       		.byte	57
 356 0147 22       		.byte	34
 357 0148 3B       		.byte	59
 358 0149 08       		.byte	8
 359 014a 3E       		.byte	62
 360 014b 40       		.byte	64
 361 014c 3F       		.byte	63
 362 014d 10       		.byte	16
 363 014e 40       		.byte	64
 364 014f 02       		.byte	2
 365 0150 46       		.byte	70
 366 0151 40       		.byte	64
 367 0152 49       		.byte	73
 368 0153 FF       		.byte	-1
 369 0154 4A       		.byte	74
 370 0155 07       		.byte	7
 371 0156 4B       		.byte	75
 372 0157 FF       		.byte	-1
 373 0158 4C       		.byte	76
 374 0159 40       		.byte	64
 375 015a 4D       		.byte	77
 376 015b 20       		.byte	32
 377 015c 4E       		.byte	78
 378 015d F0       		.byte	-16
 379 015e 4F       		.byte	79
 380 015f 05       		.byte	5
 381 0160 50       		.byte	80
 382 0161 08       		.byte	8
 383 0162 54       		.byte	84
 384 0163 40       		.byte	64
 385 0164 58       		.byte	88
 386 0165 04       		.byte	4
 387 0166 59       		.byte	89
 388 0167 04       		.byte	4
 389 0168 5A       		.byte	90
 390 0169 04       		.byte	4
 391 016a 5B       		.byte	91
 392 016b 04       		.byte	4
 393 016c 5C       		.byte	92
 394 016d 11       		.byte	17
 395 016e 5D       		.byte	93
 396 016f 01       		.byte	1
 397 0170 5F       		.byte	95
 398 0171 01       		.byte	1
 399 0172 60       		.byte	96
ARM GAS  C:\Users\agila\AppData\Local\Temp\ccQpk5wH.s 			page 8


 400 0173 40       		.byte	64
 401 0174 61       		.byte	97
 402 0175 A8       		.byte	-88
 403 0176 62       		.byte	98
 404 0177 40       		.byte	64
 405 0178 63       		.byte	99
 406 0179 20       		.byte	32
 407 017a 82       		.byte	-126
 408 017b 80       		.byte	-128
 409 017c 84       		.byte	-124
 410 017d 62       		.byte	98
 411 017e 85       		.byte	-123
 412 017f 33       		.byte	51
 413 0180 86       		.byte	-122
 414 0181 14       		.byte	20
 415 0182 87       		.byte	-121
 416 0183 C4       		.byte	-60
 417 0184 88       		.byte	-120
 418 0185 8D       		.byte	-115
 419 0186 89       		.byte	-119
 420 0187 0E       		.byte	14
 421 0188 8D       		.byte	-115
 422 0189 20       		.byte	32
 423 018a 8F       		.byte	-113
 424 018b D0       		.byte	-48
 425 018c 90       		.byte	-112
 426 018d 02       		.byte	2
 427 018e 92       		.byte	-110
 428 018f 0D       		.byte	13
 429 0190 94       		.byte	-108
 430 0191 40       		.byte	64
 431 0192 95       		.byte	-107
 432 0193 55       		.byte	85
 433 0194 97       		.byte	-105
 434 0195 AA       		.byte	-86
 435 0196 98       		.byte	-104
 436 0197 42       		.byte	66
 437 0198 9A       		.byte	-102
 438 0199 08       		.byte	8
 439 019a 9C       		.byte	-100
 440 019b 8D       		.byte	-115
 441 019c A0       		.byte	-96
 442 019d 0D       		.byte	13
 443 019e A2       		.byte	-94
 444 019f 80       		.byte	-128
 445 01a0 A4       		.byte	-92
 446 01a1 8D       		.byte	-115
 447 01a2 A5       		.byte	-91
 448 01a3 94       		.byte	-108
 449 01a4 A7       		.byte	-89
 450 01a5 69       		.byte	105
 451 01a6 A8       		.byte	-88
 452 01a7 11       		.byte	17
 453 01a8 AA       		.byte	-86
 454 01a9 22       		.byte	34
 455 01aa AC       		.byte	-84
 456 01ab 8D       		.byte	-115
ARM GAS  C:\Users\agila\AppData\Local\Temp\ccQpk5wH.s 			page 9


 457 01ac B0       		.byte	-80
 458 01ad 0F       		.byte	15
 459 01ae B2       		.byte	-78
 460 01af 80       		.byte	-128
 461 01b0 B4       		.byte	-76
 462 01b1 70       		.byte	112
 463 01b2 B5       		.byte	-75
 464 01b3 0F       		.byte	15
 465 01b4 B7       		.byte	-73
 466 01b5 F0       		.byte	-16
 467 01b6 B9       		.byte	-71
 468 01b7 20       		.byte	32
 469 01b8 BA       		.byte	-70
 470 01b9 22       		.byte	34
 471 01ba BB       		.byte	-69
 472 01bb 80       		.byte	-128
 473 01bc BE       		.byte	-66
 474 01bd 04       		.byte	4
 475 01be D4       		.byte	-44
 476 01bf 09       		.byte	9
 477 01c0 D8       		.byte	-40
 478 01c1 04       		.byte	4
 479 01c2 D9       		.byte	-39
 480 01c3 04       		.byte	4
 481 01c4 DB       		.byte	-37
 482 01c5 04       		.byte	4
 483 01c6 DF       		.byte	-33
 484 01c7 01       		.byte	1
 485 01c8 02       		.byte	2
 486 01c9 11       		.byte	17
 487 01ca 03       		.byte	3
 488 01cb 08       		.byte	8
 489 01cc 04       		.byte	4
 490 01cd 28       		.byte	40
 491 01ce 06       		.byte	6
 492 01cf C0       		.byte	-64
 493 01d0 08       		.byte	8
 494 01d1 40       		.byte	64
 495 01d2 09       		.byte	9
 496 01d3 08       		.byte	8
 497 01d4 0B       		.byte	11
 498 01d5 40       		.byte	64
 499 01d6 0D       		.byte	13
 500 01d7 20       		.byte	32
 501 01d8 0E       		.byte	14
 502 01d9 51       		.byte	81
 503 01da 0F       		.byte	15
 504 01db 20       		.byte	32
 505 01dc 10       		.byte	16
 506 01dd 04       		.byte	4
 507 01de 12       		.byte	18
 508 01df 80       		.byte	-128
 509 01e0 13       		.byte	19
 510 01e1 01       		.byte	1
 511 01e2 16       		.byte	22
 512 01e3 02       		.byte	2
 513 01e4 17       		.byte	23
ARM GAS  C:\Users\agila\AppData\Local\Temp\ccQpk5wH.s 			page 10


 514 01e5 25       		.byte	37
 515 01e6 19       		.byte	25
 516 01e7 80       		.byte	-128
 517 01e8 1B       		.byte	27
 518 01e9 08       		.byte	8
 519 01ea 1D       		.byte	29
 520 01eb 34       		.byte	52
 521 01ec 1E       		.byte	30
 522 01ed 40       		.byte	64
 523 01ee 1F       		.byte	31
 524 01ef 10       		.byte	16
 525 01f0 20       		.byte	32
 526 01f1 04       		.byte	4
 527 01f2 21       		.byte	33
 528 01f3 08       		.byte	8
 529 01f4 22       		.byte	34
 530 01f5 01       		.byte	1
 531 01f6 23       		.byte	35
 532 01f7 40       		.byte	64
 533 01f8 25       		.byte	37
 534 01f9 50       		.byte	80
 535 01fa 26       		.byte	38
 536 01fb 80       		.byte	-128
 537 01fc 28       		.byte	40
 538 01fd 44       		.byte	68
 539 01fe 29       		.byte	41
 540 01ff 20       		.byte	32
 541 0200 2B       		.byte	43
 542 0201 80       		.byte	-128
 543 0202 2F       		.byte	47
 544 0203 10       		.byte	16
 545 0204 30       		.byte	48
 546 0205 30       		.byte	48
 547 0206 31       		.byte	49
 548 0207 08       		.byte	8
 549 0208 37       		.byte	55
 550 0209 08       		.byte	8
 551 020a 39       		.byte	57
 552 020b 20       		.byte	32
 553 020c 3B       		.byte	59
 554 020d 40       		.byte	64
 555 020e 3D       		.byte	61
 556 020f A8       		.byte	-88
 557 0210 40       		.byte	64
 558 0211 04       		.byte	4
 559 0212 48       		.byte	72
 560 0213 20       		.byte	32
 561 0214 51       		.byte	81
 562 0215 10       		.byte	16
 563 0216 52       		.byte	82
 564 0217 10       		.byte	16
 565 0218 5E       		.byte	94
 566 0219 92       		.byte	-110
 567 021a 5F       		.byte	95
 568 021b 04       		.byte	4
 569 021c 61       		.byte	97
 570 021d 04       		.byte	4
ARM GAS  C:\Users\agila\AppData\Local\Temp\ccQpk5wH.s 			page 11


 571 021e 62       		.byte	98
 572 021f 40       		.byte	64
 573 0220 63       		.byte	99
 574 0221 08       		.byte	8
 575 0222 64       		.byte	100
 576 0223 02       		.byte	2
 577 0224 C0       		.byte	-64
 578 0225 77       		.byte	119
 579 0226 C2       		.byte	-62
 580 0227 FD       		.byte	-3
 581 0228 C4       		.byte	-60
 582 0229 F2       		.byte	-14
 583 022a CA       		.byte	-54
 584 022b 45       		.byte	69
 585 022c CC       		.byte	-52
 586 022d 46       		.byte	70
 587 022e CE       		.byte	-50
 588 022f 7C       		.byte	124
 589 0230 D0       		.byte	-48
 590 0231 04       		.byte	4
 591 0232 D6       		.byte	-42
 592 0233 F0       		.byte	-16
 593 0234 D8       		.byte	-40
 594 0235 1E       		.byte	30
 595 0236 E6       		.byte	-26
 596 0237 08       		.byte	8
 597 0238 02       		.byte	2
 598 0239 03       		.byte	3
 599 023a 0A       		.byte	10
 600 023b 05       		.byte	5
 601 023c 14       		.byte	20
 602 023d 06       		.byte	6
 603 023e 16       		.byte	22
 604 023f 01       		.byte	1
 605 0240 1A       		.byte	26
 606 0241 01       		.byte	1
 607 0242 1E       		.byte	30
 608 0243 06       		.byte	6
 609 0244 2A       		.byte	42
 610 0245 02       		.byte	2
 611 0246 36       		.byte	54
 612 0247 07       		.byte	7
 613 0248 3A       		.byte	58
 614 0249 80       		.byte	-128
 615 024a 54       		.byte	84
 616 024b 18       		.byte	24
 617 024c 56       		.byte	86
 618 024d 04       		.byte	4
 619 024e 58       		.byte	88
 620 024f 04       		.byte	4
 621 0250 5B       		.byte	91
 622 0251 04       		.byte	4
 623 0252 5C       		.byte	92
 624 0253 01       		.byte	1
 625 0254 5D       		.byte	93
 626 0255 10       		.byte	16
 627 0256 5F       		.byte	95
ARM GAS  C:\Users\agila\AppData\Local\Temp\ccQpk5wH.s 			page 12


 628 0257 01       		.byte	1
 629 0258 01       		.byte	1
 630 0259 10       		.byte	16
 631 025a 03       		.byte	3
 632 025b E2       		.byte	-30
 633 025c 05       		.byte	5
 634 025d 20       		.byte	32
 635 025e 07       		.byte	7
 636 025f 40       		.byte	64
 637 0260 08       		.byte	8
 638 0261 30       		.byte	48
 639 0262 09       		.byte	9
 640 0263 08       		.byte	8
 641 0264 0A       		.byte	10
 642 0265 02       		.byte	2
 643 0266 0B       		.byte	11
 644 0267 81       		.byte	-127
 645 0268 0C       		.byte	12
 646 0269 10       		.byte	16
 647 026a 0D       		.byte	13
 648 026b 08       		.byte	8
 649 026c 0F       		.byte	15
 650 026d 01       		.byte	1
 651 026e 10       		.byte	16
 652 026f A0       		.byte	-96
 653 0270 12       		.byte	18
 654 0271 08       		.byte	8
 655 0272 15       		.byte	21
 656 0273 20       		.byte	32
 657 0274 19       		.byte	25
 658 0275 60       		.byte	96
 659 0276 1A       		.byte	26
 660 0277 40       		.byte	64
 661 0278 1B       		.byte	27
 662 0279 22       		.byte	34
 663 027a 1F       		.byte	31
 664 027b 80       		.byte	-128
 665 027c 21       		.byte	33
 666 027d 01       		.byte	1
 667 027e 22       		.byte	34
 668 027f 1E       		.byte	30
 669 0280 23       		.byte	35
 670 0281 02       		.byte	2
 671 0282 29       		.byte	41
 672 0283 10       		.byte	16
 673 0284 2B       		.byte	43
 674 0285 12       		.byte	18
 675 0286 30       		.byte	48
 676 0287 20       		.byte	32
 677 0288 32       		.byte	50
 678 0289 44       		.byte	68
 679 028a 33       		.byte	51
 680 028b 01       		.byte	1
 681 028c 38       		.byte	56
 682 028d 40       		.byte	64
 683 028e 39       		.byte	57
 684 028f 1A       		.byte	26
ARM GAS  C:\Users\agila\AppData\Local\Temp\ccQpk5wH.s 			page 13


 685 0290 40       		.byte	64
 686 0291 20       		.byte	32
 687 0292 43       		.byte	67
 688 0293 80       		.byte	-128
 689 0294 49       		.byte	73
 690 0295 20       		.byte	32
 691 0296 50       		.byte	80
 692 0297 80       		.byte	-128
 693 0298 52       		.byte	82
 694 0299 01       		.byte	1
 695 029a 53       		.byte	83
 696 029b 0C       		.byte	12
 697 029c 58       		.byte	88
 698 029d 02       		.byte	2
 699 029e 59       		.byte	89
 700 029f 44       		.byte	68
 701 02a0 5B       		.byte	91
 702 02a1 10       		.byte	16
 703 02a2 5F       		.byte	95
 704 02a3 02       		.byte	2
 705 02a4 65       		.byte	101
 706 02a5 80       		.byte	-128
 707 02a6 66       		.byte	102
 708 02a7 22       		.byte	34
 709 02a8 86       		.byte	-122
 710 02a9 02       		.byte	2
 711 02aa 8C       		.byte	-116
 712 02ab 40       		.byte	64
 713 02ac 8E       		.byte	-114
 714 02ad 04       		.byte	4
 715 02ae 90       		.byte	-112
 716 02af 44       		.byte	68
 717 02b0 91       		.byte	-111
 718 02b1 20       		.byte	32
 719 02b2 92       		.byte	-110
 720 02b3 02       		.byte	2
 721 02b4 93       		.byte	-109
 722 02b5 20       		.byte	32
 723 02b6 97       		.byte	-105
 724 02b7 08       		.byte	8
 725 02b8 98       		.byte	-104
 726 02b9 10       		.byte	16
 727 02ba 99       		.byte	-103
 728 02bb 84       		.byte	-124
 729 02bc 9B       		.byte	-101
 730 02bd 08       		.byte	8
 731 02be 9D       		.byte	-99
 732 02bf 20       		.byte	32
 733 02c0 9E       		.byte	-98
 734 02c1 01       		.byte	1
 735 02c2 A1       		.byte	-95
 736 02c3 0C       		.byte	12
 737 02c4 A4       		.byte	-92
 738 02c5 50       		.byte	80
 739 02c6 A7       		.byte	-89
 740 02c7 80       		.byte	-128
 741 02c8 B4       		.byte	-76
ARM GAS  C:\Users\agila\AppData\Local\Temp\ccQpk5wH.s 			page 14


 742 02c9 12       		.byte	18
 743 02ca C0       		.byte	-64
 744 02cb 5F       		.byte	95
 745 02cc C2       		.byte	-62
 746 02cd EF       		.byte	-17
 747 02ce C4       		.byte	-60
 748 02cf 4E       		.byte	78
 749 02d0 CA       		.byte	-54
 750 02d1 0E       		.byte	14
 751 02d2 CC       		.byte	-52
 752 02d3 0F       		.byte	15
 753 02d4 CE       		.byte	-50
 754 02d5 0F       		.byte	15
 755 02d6 D0       		.byte	-48
 756 02d7 0A       		.byte	10
 757 02d8 D2       		.byte	-46
 758 02d9 04       		.byte	4
 759 02da D6       		.byte	-42
 760 02db 8F       		.byte	-113
 761 02dc D8       		.byte	-40
 762 02dd B0       		.byte	-80
 763 02de 83       		.byte	-125
 764 02df 04       		.byte	4
 765 02e0 85       		.byte	-123
 766 02e1 02       		.byte	2
 767 02e2 97       		.byte	-105
 768 02e3 03       		.byte	3
 769 02e4 9F       		.byte	-97
 770 02e5 01       		.byte	1
 771 02e6 A7       		.byte	-89
 772 02e7 03       		.byte	3
 773 02e8 AB       		.byte	-85
 774 02e9 04       		.byte	4
 775 02ea B1       		.byte	-79
 776 02eb 03       		.byte	3
 777 02ec B3       		.byte	-77
 778 02ed 04       		.byte	4
 779 02ee BF       		.byte	-65
 780 02ef 04       		.byte	4
 781 02f0 D9       		.byte	-39
 782 02f1 04       		.byte	4
 783 02f2 DF       		.byte	-33
 784 02f3 01       		.byte	1
 785 02f4 00       		.byte	0
 786 02f5 4A       		.byte	74
 787 02f6 06       		.byte	6
 788 02f7 20       		.byte	32
 789 02f8 07       		.byte	7
 790 02f9 20       		.byte	32
 791 02fa 0A       		.byte	10
 792 02fb 58       		.byte	88
 793 02fc 0B       		.byte	11
 794 02fd 02       		.byte	2
 795 02fe 10       		.byte	16
 796 02ff 82       		.byte	-126
 797 0300 13       		.byte	19
 798 0301 14       		.byte	20
ARM GAS  C:\Users\agila\AppData\Local\Temp\ccQpk5wH.s 			page 15


 799 0302 18       		.byte	24
 800 0303 41       		.byte	65
 801 0304 19       		.byte	25
 802 0305 14       		.byte	20
 803 0306 1A       		.byte	26
 804 0307 80       		.byte	-128
 805 0308 20       		.byte	32
 806 0309 80       		.byte	-128
 807 030a 21       		.byte	33
 808 030b 08       		.byte	8
 809 030c 23       		.byte	35
 810 030d 11       		.byte	17
 811 030e 27       		.byte	39
 812 030f A0       		.byte	-96
 813 0310 29       		.byte	41
 814 0311 24       		.byte	36
 815 0312 2A       		.byte	42
 816 0313 02       		.byte	2
 817 0314 2F       		.byte	47
 818 0315 18       		.byte	24
 819 0316 31       		.byte	49
 820 0317 18       		.byte	24
 821 0318 32       		.byte	50
 822 0319 42       		.byte	66
 823 031a 37       		.byte	55
 824 031b 88       		.byte	-120
 825 031c 38       		.byte	56
 826 031d 28       		.byte	40
 827 031e 3B       		.byte	59
 828 031f 80       		.byte	-128
 829 0320 3D       		.byte	61
 830 0321 08       		.byte	8
 831 0322 3F       		.byte	63
 832 0323 01       		.byte	1
 833 0324 40       		.byte	64
 834 0325 41       		.byte	65
 835 0326 41       		.byte	65
 836 0327 10       		.byte	16
 837 0328 48       		.byte	72
 838 0329 15       		.byte	21
 839 032a 49       		.byte	73
 840 032b 20       		.byte	32
 841 032c 4A       		.byte	74
 842 032d 06       		.byte	6
 843 032e 4F       		.byte	79
 844 032f 30       		.byte	48
 845 0330 53       		.byte	83
 846 0331 08       		.byte	8
 847 0332 5A       		.byte	90
 848 0333 20       		.byte	32
 849 0334 68       		.byte	104
 850 0335 20       		.byte	32
 851 0336 69       		.byte	105
 852 0337 10       		.byte	16
 853 0338 6B       		.byte	107
 854 0339 01       		.byte	1
 855 033a 70       		.byte	112
ARM GAS  C:\Users\agila\AppData\Local\Temp\ccQpk5wH.s 			page 16


 856 033b 94       		.byte	-108
 857 033c 72       		.byte	114
 858 033d 12       		.byte	18
 859 033e 73       		.byte	115
 860 033f 04       		.byte	4
 861 0340 80       		.byte	-128
 862 0341 04       		.byte	4
 863 0342 81       		.byte	-127
 864 0343 10       		.byte	16
 865 0344 83       		.byte	-125
 866 0345 01       		.byte	1
 867 0346 87       		.byte	-121
 868 0347 80       		.byte	-128
 869 0348 88       		.byte	-120
 870 0349 42       		.byte	66
 871 034a 89       		.byte	-119
 872 034b 14       		.byte	20
 873 034c 8B       		.byte	-117
 874 034d 40       		.byte	64
 875 034e 90       		.byte	-112
 876 034f 04       		.byte	4
 877 0350 92       		.byte	-110
 878 0351 68       		.byte	104
 879 0352 93       		.byte	-109
 880 0353 20       		.byte	32
 881 0354 95       		.byte	-107
 882 0355 18       		.byte	24
 883 0356 96       		.byte	-106
 884 0357 80       		.byte	-128
 885 0358 97       		.byte	-105
 886 0359 80       		.byte	-128
 887 035a 9B       		.byte	-101
 888 035b 08       		.byte	8
 889 035c 9D       		.byte	-99
 890 035d 10       		.byte	16
 891 035e 9E       		.byte	-98
 892 035f 20       		.byte	32
 893 0360 9F       		.byte	-97
 894 0361 01       		.byte	1
 895 0362 A1       		.byte	-95
 896 0363 04       		.byte	4
 897 0364 A2       		.byte	-94
 898 0365 06       		.byte	6
 899 0366 A4       		.byte	-92
 900 0367 70       		.byte	112
 901 0368 A7       		.byte	-89
 902 0369 10       		.byte	16
 903 036a A8       		.byte	-88
 904 036b 82       		.byte	-126
 905 036c AB       		.byte	-85
 906 036d 18       		.byte	24
 907 036e C0       		.byte	-64
 908 036f 0D       		.byte	13
 909 0370 C2       		.byte	-62
 910 0371 0F       		.byte	15
 911 0372 C4       		.byte	-60
 912 0373 0F       		.byte	15
ARM GAS  C:\Users\agila\AppData\Local\Temp\ccQpk5wH.s 			page 17


 913 0374 CA       		.byte	-54
 914 0375 67       		.byte	103
 915 0376 CC       		.byte	-52
 916 0377 5F       		.byte	95
 917 0378 CE       		.byte	-50
 918 0379 CE       		.byte	-50
 919 037a D0       		.byte	-48
 920 037b 0D       		.byte	13
 921 037c D2       		.byte	-46
 922 037d 0C       		.byte	12
 923 037e D6       		.byte	-42
 924 037f 04       		.byte	4
 925 0380 E0       		.byte	-32
 926 0381 06       		.byte	6
 927 0382 33       		.byte	51
 928 0383 80       		.byte	-128
 929 0384 CC       		.byte	-52
 930 0385 10       		.byte	16
 931 0386 A7       		.byte	-89
 932 0387 80       		.byte	-128
 933 0388 53       		.byte	83
 934 0389 08       		.byte	8
 935 038a 63       		.byte	99
 936 038b 02       		.byte	2
 937 038c A7       		.byte	-89
 938 038d 80       		.byte	-128
 939 038e D4       		.byte	-44
 940 038f 20       		.byte	32
 941 0390 D6       		.byte	-42
 942 0391 40       		.byte	64
 943 0392 1B       		.byte	27
 944 0393 08       		.byte	8
 945 0394 A7       		.byte	-89
 946 0395 88       		.byte	-120
 947 0396 AF       		.byte	-81
 948 0397 01       		.byte	1
 949 0398 C6       		.byte	-58
 950 0399 10       		.byte	16
 951 039a EE       		.byte	-18
 952 039b 10       		.byte	16
 953 039c 7B       		.byte	123
 954 039d 02       		.byte	2
 955 039e DC       		.byte	-36
 956 039f 01       		.byte	1
 957 03a0 A7       		.byte	-89
 958 03a1 02       		.byte	2
 959 03a2 A7       		.byte	-89
 960 03a3 02       		.byte	2
 961 03a4 B3       		.byte	-77
 962 03a5 02       		.byte	2
 963 03a6 EC       		.byte	-20
 964 03a7 01       		.byte	1
 965 03a8 87       		.byte	-121
 966 03a9 80       		.byte	-128
 967 03aa A7       		.byte	-89
 968 03ab 80       		.byte	-128
 969 03ac E6       		.byte	-26
ARM GAS  C:\Users\agila\AppData\Local\Temp\ccQpk5wH.s 			page 18


 970 03ad 10       		.byte	16
 971 03ae 10       		.byte	16
 972 03af 80       		.byte	-128
 973 03b0 70       		.byte	112
 974 03b1 02       		.byte	2
 975 03b2 77       		.byte	119
 976 03b3 20       		.byte	32
 977 03b4 80       		.byte	-128
 978 03b5 02       		.byte	2
 979 03b6 87       		.byte	-121
 980 03b7 20       		.byte	32
 981 03b8 88       		.byte	-120
 982 03b9 80       		.byte	-128
 983 03ba C4       		.byte	-60
 984 03bb 08       		.byte	8
 985 03bc DC       		.byte	-36
 986 03bd 01       		.byte	1
 987 03be DE       		.byte	-34
 988 03bf 04       		.byte	4
 989 03c0 E6       		.byte	-26
 990 03c1 01       		.byte	1
 991 03c2 00       		.byte	0
 992 03c3 03       		.byte	3
 993 03c4 0C       		.byte	12
 994 03c5 03       		.byte	3
 995 03c6 10       		.byte	16
 996 03c7 03       		.byte	3
 997 03c8 1C       		.byte	28
 998 03c9 03       		.byte	3
 999 03ca 00       		.byte	0
 1000 03cb 03       		.byte	3
 1001 03cc 10       		.byte	16
 1002 03cd 34       		.byte	52
 1003 03ce 00       		.byte	0
 1004 03cf 00       		.byte	0
 1005 03d0 40       		.byte	64
 1006 03d1 00       		.byte	0
 1007 03d2 00       		.byte	0
 1008 03d3 00       		.byte	0
 1009 03d4 04       		.byte	4
 1010 03d5 9A       		.byte	-102
 1011 03d6 00       		.byte	0
 1012 03d7 00       		.byte	0
 1013 03d8 01       		.byte	1
 1014 03d9 98       		.byte	-104
 1015 03da 00       		.byte	0
 1016 03db 02       		.byte	2
 1017 03dc 56       		.byte	86
 1018 03dd 21       		.byte	33
 1019 03de 09       		.byte	9
 1020 03df D8       		.byte	-40
 1021 03e0 84       		.byte	-124
 1022 03e1 38       		.byte	56
 1023 03e2 00       		.byte	0
 1024 03e3 C0       		.byte	-64
 1025 03e4 00       		.byte	0
 1026 03e5 98       		.byte	-104
ARM GAS  C:\Users\agila\AppData\Local\Temp\ccQpk5wH.s 			page 19


 1027 03e6 00       		.byte	0
 1028 03e7 02       		.byte	2
 1029 03e8 0A       		.byte	10
 1030 03e9 13       		.byte	19
 1031 03ea 10       		.byte	16
 1032 03eb 64       		.byte	100
 1033 03ec 07       		.byte	7
 1034 03ed FC       		.byte	-4
 1035 03ee 38       		.byte	56
 1036 03ef 03       		.byte	3
 1037 03f0 60       		.byte	96
 1038 03f1 00       		.byte	0
 1039 03f2 00       		.byte	0
 1040 03f3 00       		.byte	0
 1041 03f4 04       		.byte	4
 1042 03f5 9A       		.byte	-102
 1043 03f6 80       		.byte	-128
 1044 03f7 00       		.byte	0
 1045 03f8 80       		.byte	-128
 1046 03f9 02       		.byte	2
 1047 03fa 04       		.byte	4
 1048 03fb 00       		.byte	0
 1049 03fc 84       		.byte	-124
 1050 03fd 02       		.byte	2
 1051 03fe 00       		.byte	0
 1052 03ff 98       		.byte	-104
 1053 0400 84       		.byte	-124
 1054 0401 00       		.byte	0
 1055 0402 00       		.byte	0
 1056 0403 00       		.byte	0
 1057 0404 08       		.byte	8
 1058 0405 00       		.byte	0
 1059 0406 02       		.byte	2
 1060 0407 13       		.byte	19
 1061 0408 7F       		.byte	127
 1062 0409 0F       		.byte	15
 1063 040a 80       		.byte	-128
 1064 040b E0       		.byte	-32
 1065 040c 20       		.byte	32
 1066 040d 00       		.byte	0
 1067 040e 00       		.byte	0
 1068 040f A0       		.byte	-96
 1069 0410 00       		.byte	0
 1070 0411 00       		.byte	0
 1071 0412 45       		.byte	69
 1072 0413 00       		.byte	0
 1073 0414 62       		.byte	98
 1074 0415 03       		.byte	3
 1075 0416 10       		.byte	16
 1076 0417 00       		.byte	0
 1077 0418 00       		.byte	0
 1078 0419 BE       		.byte	-66
 1079 041a CD       		.byte	-51
 1080 041b 0F       		.byte	15
 1081 041c 1F       		.byte	31
 1082 041d FF       		.byte	-1
 1083 041e FF       		.byte	-1
ARM GAS  C:\Users\agila\AppData\Local\Temp\ccQpk5wH.s 			page 20


 1084 041f FF       		.byte	-1
 1085 0420 22       		.byte	34
 1086 0421 00       		.byte	0
 1087 0422 F0       		.byte	-16
 1088 0423 08       		.byte	8
 1089 0424 04       		.byte	4
 1090 0425 00       		.byte	0
 1091 0426 00       		.byte	0
 1092 0427 00       		.byte	0
 1093 0428 00       		.byte	0
 1094 0429 00       		.byte	0
 1095 042a 02       		.byte	2
 1096 042b 20       		.byte	32
 1097 042c 04       		.byte	4
 1098 042d 04       		.byte	4
 1099 042e 04       		.byte	4
 1100 042f 04       		.byte	4
 1101 0430 00       		.byte	0
 1102 0431 00       		.byte	0
 1103 0432 00       		.byte	0
 1104 0433 01       		.byte	1
 1105 0434 00       		.byte	0
 1106 0435 00       		.byte	0
 1107 0436 C0       		.byte	-64
 1108 0437 00       		.byte	0
 1109 0438 40       		.byte	64
 1110 0439 01       		.byte	1
 1111 043a 10       		.byte	16
 1112 043b 11       		.byte	17
 1113 043c C0       		.byte	-64
 1114 043d 01       		.byte	1
 1115 043e 00       		.byte	0
 1116 043f 11       		.byte	17
 1117 0440 40       		.byte	64
 1118 0441 01       		.byte	1
 1119 0442 40       		.byte	64
 1120 0443 01       		.byte	1
 1121 0444 00       		.byte	0
 1122 0445 00       		.byte	0
 1123 0446 00       		.byte	0
 1124 0447 00       		.byte	0
 1125 0448 00       		.byte	0
 1126 0449 00       		.byte	0
 1127 044a 00       		.byte	0
 1128 044b 00       		.byte	0
 1129 044c 00       		.byte	0
 1130 044d 00       		.byte	0
 1131 044e 00       		.byte	0
 1132 044f 00       		.byte	0
 1133 0450 00       		.byte	0
 1134 0451 00       		.byte	0
 1135 0452 00       		.byte	0
 1136 0453 00       		.byte	0
 1137 0454 13       		.byte	19
 1138 0455 00       		.byte	0
 1139 0456 04       		.byte	4
 1140 0457 03       		.byte	3
ARM GAS  C:\Users\agila\AppData\Local\Temp\ccQpk5wH.s 			page 21


 1141 0458 13       		.byte	19
 1142 0459 09       		.byte	9
 1143 045a 0C       		.byte	12
 1144 045b 10       		.byte	16
 1145 045c E0       		.byte	-32
 1146 045d 38       		.byte	56
 1147 045e 00       		.byte	0
 1148 045f 00       		.byte	0
 1149 0460 20       		.byte	32
 1150 0461 07       		.byte	7
 1151 0462 C0       		.byte	-64
 1152 0463 00       		.byte	0
 1153 0464 40       		.byte	64
 1154 0465 20       		.byte	32
 1155 0466 20       		.byte	32
 1156 0467 00       		.byte	0
 1157 0468 0A       		.byte	10
 1158 0469 12       		.byte	18
 1159 046a 14       		.byte	20
 1160 046b 08       		.byte	8
 1161 046c 00       		.byte	0
 1162 046d 38       		.byte	56
 1163 046e 15       		.byte	21
 1164 046f 00       		.byte	0
 1165 0470 00       		.byte	0
 1166 0471 07       		.byte	7
 1167 0472 08       		.byte	8
 1168 0473 00       		.byte	0
 1169 0474 03       		.byte	3
 1170 0475 00       		.byte	0
 1171 0476 14       		.byte	20
 1172 0477 00       		.byte	0
 1173 0478 E0       		.byte	-32
 1174 0479 04       		.byte	4
 1175 047a 00       		.byte	0
 1176 047b 03       		.byte	3
 1177 047c 80       		.byte	-128
 1178 047d 04       		.byte	4
 1179 047e 20       		.byte	32
 1180 047f 03       		.byte	3
 1181 0480 00       		.byte	0
 1182 0481 03       		.byte	3
 1183 0482 00       		.byte	0
 1184 0483 00       		.byte	0
 1185 0484 E0       		.byte	-32
 1186 0485 20       		.byte	32
 1187 0486 00       		.byte	0
 1188 0487 18       		.byte	24
 1189 0488 0F       		.byte	15
 1190 0489 04       		.byte	4
 1191 048a 10       		.byte	16
 1192 048b 03       		.byte	3
 1193 048c 00       		.byte	0
 1194 048d 00       		.byte	0
 1195 048e 20       		.byte	32
 1196 048f 00       		.byte	0
 1197 0490 00       		.byte	0
ARM GAS  C:\Users\agila\AppData\Local\Temp\ccQpk5wH.s 			page 22


 1198 0491 00       		.byte	0
 1199 0492 40       		.byte	64
 1200 0493 10       		.byte	16
 1201 0494 63       		.byte	99
 1202 0495 01       		.byte	1
 1203 0496 00       		.byte	0
 1204 0497 00       		.byte	0
 1205 0498 00       		.byte	0
 1206 0499 00       		.byte	0
 1207 049a 0C       		.byte	12
 1208 049b BE       		.byte	-66
 1209 049c 34       		.byte	52
 1210 049d FF       		.byte	-1
 1211 049e FF       		.byte	-1
 1212 049f FF       		.byte	-1
 1213 04a0 00       		.byte	0
 1214 04a1 00       		.byte	0
 1215 04a2 F0       		.byte	-16
 1216 04a3 44       		.byte	68
 1217 04a4 0C       		.byte	12
 1218 04a5 00       		.byte	0
 1219 04a6 00       		.byte	0
 1220 04a7 00       		.byte	0
 1221 04a8 01       		.byte	1
 1222 04a9 00       		.byte	0
 1223 04aa 00       		.byte	0
 1224 04ab 00       		.byte	0
 1225 04ac 04       		.byte	4
 1226 04ad 04       		.byte	4
 1227 04ae 04       		.byte	4
 1228 04af 04       		.byte	4
 1229 04b0 11       		.byte	17
 1230 04b1 11       		.byte	17
 1231 04b2 00       		.byte	0
 1232 04b3 01       		.byte	1
 1233 04b4 00       		.byte	0
 1234 04b5 00       		.byte	0
 1235 04b6 00       		.byte	0
 1236 04b7 00       		.byte	0
 1237 04b8 00       		.byte	0
 1238 04b9 00       		.byte	0
 1239 04ba C0       		.byte	-64
 1240 04bb 00       		.byte	0
 1241 04bc 00       		.byte	0
 1242 04bd 00       		.byte	0
 1243 04be 40       		.byte	64
 1244 04bf 02       		.byte	2
 1245 04c0 00       		.byte	0
 1246 04c1 00       		.byte	0
 1247 04c2 00       		.byte	0
 1248 04c3 00       		.byte	0
 1249 04c4 00       		.byte	0
 1250 04c5 00       		.byte	0
 1251 04c6 00       		.byte	0
 1252 04c7 00       		.byte	0
 1253 04c8 00       		.byte	0
 1254 04c9 00       		.byte	0
ARM GAS  C:\Users\agila\AppData\Local\Temp\ccQpk5wH.s 			page 23


 1255 04ca 00       		.byte	0
 1256 04cb 00       		.byte	0
 1257 04cc 00       		.byte	0
 1258 04cd 00       		.byte	0
 1259 04ce 00       		.byte	0
 1260 04cf 00       		.byte	0
 1261 04d0 00       		.byte	0
 1262 04d1 00       		.byte	0
 1263 04d2 00       		.byte	0
 1264 04d3 00       		.byte	0
 1265 04d4 00       		.byte	0
 1266 04d5 00       		.byte	0
 1267 04d6 43       		.byte	67
 1268 04d7 00       		.byte	0
 1269 04d8 4F       		.byte	79
 1270 04d9 18       		.byte	24
 1271 04da 00       		.byte	0
 1272 04db 00       		.byte	0
 1273 04dc 00       		.byte	0
 1274 04dd 08       		.byte	8
 1275 04de 00       		.byte	0
 1276 04df 00       		.byte	0
 1277 04e0 43       		.byte	67
 1278 04e1 04       		.byte	4
 1279 04e2 0C       		.byte	12
 1280 04e3 00       		.byte	0
 1281 04e4 03       		.byte	3
 1282 04e5 00       		.byte	0
 1283 04e6 10       		.byte	16
 1284 04e7 23       		.byte	35
 1285 04e8 0C       		.byte	12
 1286 04e9 3C       		.byte	60
 1287 04ea 00       		.byte	0
 1288 04eb 42       		.byte	66
 1289 04ec 02       		.byte	2
 1290 04ed 1C       		.byte	28
 1291 04ee 20       		.byte	32
 1292 04ef 61       		.byte	97
 1293 04f0 0F       		.byte	15
 1294 04f1 67       		.byte	103
 1295 04f2 40       		.byte	64
 1296 04f3 18       		.byte	24
 1297 04f4 08       		.byte	8
 1298 04f5 10       		.byte	16
 1299 04f6 00       		.byte	0
 1300 04f7 00       		.byte	0
 1301 04f8 04       		.byte	4
 1302 04f9 00       		.byte	0
 1303 04fa 00       		.byte	0
 1304 04fb 04       		.byte	4
 1305 04fc 0C       		.byte	12
 1306 04fd 7F       		.byte	127
 1307 04fe 43       		.byte	67
 1308 04ff 00       		.byte	0
 1309 0500 01       		.byte	1
 1310 0501 00       		.byte	0
 1311 0502 A0       		.byte	-96
ARM GAS  C:\Users\agila\AppData\Local\Temp\ccQpk5wH.s 			page 24


 1312 0503 00       		.byte	0
 1313 0504 0F       		.byte	15
 1314 0505 38       		.byte	56
 1315 0506 80       		.byte	-128
 1316 0507 1F       		.byte	31
 1317 0508 4C       		.byte	76
 1318 0509 00       		.byte	0
 1319 050a 30       		.byte	48
 1320 050b 40       		.byte	64
 1321 050c 00       		.byte	0
 1322 050d 80       		.byte	-128
 1323 050e 22       		.byte	34
 1324 050f 08       		.byte	8
 1325 0510 00       		.byte	0
 1326 0511 00       		.byte	0
 1327 0512 40       		.byte	64
 1328 0513 00       		.byte	0
 1329 0514 45       		.byte	69
 1330 0515 06       		.byte	6
 1331 0516 02       		.byte	2
 1332 0517 00       		.byte	0
 1333 0518 01       		.byte	1
 1334 0519 0C       		.byte	12
 1335 051a 00       		.byte	0
 1336 051b 0E       		.byte	14
 1337 051c 11       		.byte	17
 1338 051d FF       		.byte	-1
 1339 051e FF       		.byte	-1
 1340 051f FF       		.byte	-1
 1341 0520 62       		.byte	98
 1342 0521 A0       		.byte	-96
 1343 0522 F0       		.byte	-16
 1344 0523 41       		.byte	65
 1345 0524 0C       		.byte	12
 1346 0525 00       		.byte	0
 1347 0526 00       		.byte	0
 1348 0527 00       		.byte	0
 1349 0528 00       		.byte	0
 1350 0529 00       		.byte	0
 1351 052a 02       		.byte	2
 1352 052b 11       		.byte	17
 1353 052c 04       		.byte	4
 1354 052d 04       		.byte	4
 1355 052e 04       		.byte	4
 1356 052f 04       		.byte	4
 1357 0530 11       		.byte	17
 1358 0531 11       		.byte	17
 1359 0532 00       		.byte	0
 1360 0533 01       		.byte	1
 1361 0534 00       		.byte	0
 1362 0535 00       		.byte	0
 1363 0536 00       		.byte	0
 1364 0537 00       		.byte	0
 1365 0538 00       		.byte	0
 1366 0539 00       		.byte	0
 1367 053a 40       		.byte	64
 1368 053b 02       		.byte	2
ARM GAS  C:\Users\agila\AppData\Local\Temp\ccQpk5wH.s 			page 25


 1369 053c 00       		.byte	0
 1370 053d 10       		.byte	16
 1371 053e 30       		.byte	48
 1372 053f 10       		.byte	16
 1373 0540 00       		.byte	0
 1374 0541 10       		.byte	16
 1375 0542 10       		.byte	16
 1376 0543 12       		.byte	18
 1377 0544 00       		.byte	0
 1378 0545 00       		.byte	0
 1379 0546 00       		.byte	0
 1380 0547 00       		.byte	0
 1381 0548 00       		.byte	0
 1382 0549 00       		.byte	0
 1383 054a 00       		.byte	0
 1384 054b 00       		.byte	0
 1385 054c 00       		.byte	0
 1386 054d 00       		.byte	0
 1387 054e 00       		.byte	0
 1388 054f 00       		.byte	0
 1389 0550 00       		.byte	0
 1390 0551 00       		.byte	0
 1391 0552 00       		.byte	0
 1392 0553 00       		.byte	0
 1393 0554 80       		.byte	-128
 1394 0555 00       		.byte	0
 1395 0556 40       		.byte	64
 1396 0557 BC       		.byte	-68
 1397 0558 BC       		.byte	-68
 1398 0559 00       		.byte	0
 1399 055a B4       		.byte	-76
 1400 055b 00       		.byte	0
 1401 055c 00       		.byte	0
 1402 055d 00       		.byte	0
 1403 055e 00       		.byte	0
 1404 055f 00       		.byte	0
 1405 0560 00       		.byte	0
 1406 0561 0B       		.byte	11
 1407 0562 0B       		.byte	11
 1408 0563 00       		.byte	0
 1409 0564 00       		.byte	0
 1410 0565 00       		.byte	0
 1411 0566 00       		.byte	0
 1412 0567 00       		.byte	0
 1413 0568 00       		.byte	0
 1414 0569 18       		.byte	24
 1415 056a 18       		.byte	24
 1416 056b 00       		.byte	0
 1417 056c 08       		.byte	8
 1418 056d 00       		.byte	0
 1419 056e 00       		.byte	0
 1420 056f 00       		.byte	0
 1421              		.section	.cywolatch,"a",%progbits
 1422              		.align	2
 1423              		.type	cy_meta_wonvl, %object
 1424              		.size	cy_meta_wonvl, 4
 1425              	cy_meta_wonvl:
ARM GAS  C:\Users\agila\AppData\Local\Temp\ccQpk5wH.s 			page 26


 1426 0000 BC       		.byte	-68
 1427 0001 90       		.byte	-112
 1428 0002 AC       		.byte	-84
 1429 0003 AF       		.byte	-81
 1430              		.section	.cycustnvl,"a",%progbits
 1431              		.align	2
 1432              		.type	cy_meta_custnvl, %object
 1433              		.size	cy_meta_custnvl, 4
 1434              	cy_meta_custnvl:
 1435 0000 00       		.byte	0
 1436 0001 00       		.byte	0
 1437 0002 40       		.byte	64
 1438 0003 05       		.byte	5
 1439              		.section	.cymeta,"a",%progbits
 1440              		.align	2
 1441              		.type	cy_metadata, %object
 1442              		.size	cy_metadata, 12
 1443              	cy_metadata:
 1444 0000 00       		.byte	0
 1445 0001 01       		.byte	1
 1446 0002 2E       		.byte	46
 1447 0003 16       		.byte	22
 1448 0004 10       		.byte	16
 1449 0005 69       		.byte	105
 1450 0006 00       		.byte	0
 1451 0007 01       		.byte	1
 1452 0008 00       		.byte	0
 1453 0009 00       		.byte	0
 1454 000a 00       		.byte	0
 1455 000b 00       		.byte	0
 1456              		.section	.cyflashprotect,"a",%progbits
 1457              		.align	2
 1458              		.type	cy_meta_flashprotect, %object
 1459              		.size	cy_meta_flashprotect, 256
 1460              	cy_meta_flashprotect:
 1461 0000 00000000 		.space	256
 1461      00000000 
 1461      00000000 
 1461      00000000 
 1461      00000000 
 1462              		.text
 1463              	.Letext0:
 1464              		.file 1 "c:\\h_da softwares & projects\\psoc creator\\4.4\\psoc creator\\import\\gnu\\arm\\5.4.1\\
 1465              		.file 2 "c:\\h_da softwares & projects\\psoc creator\\4.4\\psoc creator\\import\\gnu\\arm\\5.4.1\\
 1466              		.file 3 "Generated_Source\\PSoC5\\cymetadata.c"
 1467              		.section	.debug_info,"",%progbits
 1468              	.Ldebug_info0:
 1469 0000 32010000 		.4byte	0x132
 1470 0004 0400     		.2byte	0x4
 1471 0006 00000000 		.4byte	.Ldebug_abbrev0
 1472 000a 04       		.byte	0x4
 1473 000b 01       		.uleb128 0x1
 1474 000c 24000000 		.4byte	.LASF17
 1475 0010 0C       		.byte	0xc
 1476 0011 EA010000 		.4byte	.LASF18
 1477 0015 25010000 		.4byte	.LASF19
 1478 0019 00000000 		.4byte	.Ldebug_line0
ARM GAS  C:\Users\agila\AppData\Local\Temp\ccQpk5wH.s 			page 27


 1479 001d 02       		.uleb128 0x2
 1480 001e 01       		.byte	0x1
 1481 001f 06       		.byte	0x6
 1482 0020 DE010000 		.4byte	.LASF0
 1483 0024 03       		.uleb128 0x3
 1484 0025 00000000 		.4byte	.LASF9
 1485 0029 01       		.byte	0x1
 1486 002a 1D       		.byte	0x1d
 1487 002b 2F000000 		.4byte	0x2f
 1488 002f 02       		.uleb128 0x2
 1489 0030 01       		.byte	0x1
 1490 0031 08       		.byte	0x8
 1491 0032 16000000 		.4byte	.LASF1
 1492 0036 02       		.uleb128 0x2
 1493 0037 02       		.byte	0x2
 1494 0038 05       		.byte	0x5
 1495 0039 CB010000 		.4byte	.LASF2
 1496 003d 02       		.uleb128 0x2
 1497 003e 02       		.byte	0x2
 1498 003f 07       		.byte	0x7
 1499 0040 C4000000 		.4byte	.LASF3
 1500 0044 02       		.uleb128 0x2
 1501 0045 04       		.byte	0x4
 1502 0046 05       		.byte	0x5
 1503 0047 D5010000 		.4byte	.LASF4
 1504 004b 02       		.uleb128 0x2
 1505 004c 04       		.byte	0x4
 1506 004d 07       		.byte	0x7
 1507 004e B2000000 		.4byte	.LASF5
 1508 0052 02       		.uleb128 0x2
 1509 0053 08       		.byte	0x8
 1510 0054 05       		.byte	0x5
 1511 0055 BD010000 		.4byte	.LASF6
 1512 0059 02       		.uleb128 0x2
 1513 005a 08       		.byte	0x8
 1514 005b 07       		.byte	0x7
 1515 005c 06010000 		.4byte	.LASF7
 1516 0060 04       		.uleb128 0x4
 1517 0061 04       		.byte	0x4
 1518 0062 05       		.byte	0x5
 1519 0063 696E7400 		.ascii	"int\000"
 1520 0067 02       		.uleb128 0x2
 1521 0068 04       		.byte	0x4
 1522 0069 07       		.byte	0x7
 1523 006a F9000000 		.4byte	.LASF8
 1524 006e 03       		.uleb128 0x3
 1525 006f 1D010000 		.4byte	.LASF10
 1526 0073 02       		.byte	0x2
 1527 0074 18       		.byte	0x18
 1528 0075 24000000 		.4byte	0x24
 1529 0079 05       		.uleb128 0x5
 1530 007a 91000000 		.4byte	0x91
 1531 007e 8A000000 		.4byte	0x8a
 1532 0082 06       		.uleb128 0x6
 1533 0083 8A000000 		.4byte	0x8a
 1534 0087 6F05     		.2byte	0x56f
 1535 0089 00       		.byte	0
ARM GAS  C:\Users\agila\AppData\Local\Temp\ccQpk5wH.s 			page 28


 1536 008a 02       		.uleb128 0x2
 1537 008b 04       		.byte	0x4
 1538 008c 07       		.byte	0x7
 1539 008d B4010000 		.4byte	.LASF11
 1540 0091 07       		.uleb128 0x7
 1541 0092 6E000000 		.4byte	0x6e
 1542 0096 08       		.uleb128 0x8
 1543 0097 E7000000 		.4byte	.LASF12
 1544 009b 03       		.byte	0x3
 1545 009c 1F       		.byte	0x1f
 1546 009d A7000000 		.4byte	0xa7
 1547 00a1 05       		.uleb128 0x5
 1548 00a2 03       		.byte	0x3
 1549 00a3 00000000 		.4byte	cy_meta_configecc
 1550 00a7 07       		.uleb128 0x7
 1551 00a8 79000000 		.4byte	0x79
 1552 00ac 05       		.uleb128 0x5
 1553 00ad 91000000 		.4byte	0x91
 1554 00b1 BC000000 		.4byte	0xbc
 1555 00b5 09       		.uleb128 0x9
 1556 00b6 8A000000 		.4byte	0x8a
 1557 00ba 03       		.byte	0x3
 1558 00bb 00       		.byte	0
 1559 00bc 08       		.uleb128 0x8
 1560 00bd D7000000 		.4byte	.LASF13
 1561 00c1 03       		.byte	0x3
 1562 00c2 DA       		.byte	0xda
 1563 00c3 CD000000 		.4byte	0xcd
 1564 00c7 05       		.uleb128 0x5
 1565 00c8 03       		.byte	0x3
 1566 00c9 00000000 		.4byte	cy_meta_custnvl
 1567 00cd 07       		.uleb128 0x7
 1568 00ce AC000000 		.4byte	0xac
 1569 00d2 08       		.uleb128 0x8
 1570 00d3 A6010000 		.4byte	.LASF14
 1571 00d7 03       		.byte	0x3
 1572 00d8 E8       		.byte	0xe8
 1573 00d9 E3000000 		.4byte	0xe3
 1574 00dd 05       		.uleb128 0x5
 1575 00de 03       		.byte	0x3
 1576 00df 00000000 		.4byte	cy_meta_wonvl
 1577 00e3 07       		.uleb128 0x7
 1578 00e4 AC000000 		.4byte	0xac
 1579 00e8 05       		.uleb128 0x5
 1580 00e9 91000000 		.4byte	0x91
 1581 00ed F8000000 		.4byte	0xf8
 1582 00f1 09       		.uleb128 0x9
 1583 00f2 8A000000 		.4byte	0x8a
 1584 00f6 FF       		.byte	0xff
 1585 00f7 00       		.byte	0
 1586 00f8 08       		.uleb128 0x8
 1587 00f9 91010000 		.4byte	.LASF15
 1588 00fd 03       		.byte	0x3
 1589 00fe F6       		.byte	0xf6
 1590 00ff 09010000 		.4byte	0x109
 1591 0103 05       		.uleb128 0x5
 1592 0104 03       		.byte	0x3
ARM GAS  C:\Users\agila\AppData\Local\Temp\ccQpk5wH.s 			page 29


 1593 0105 00000000 		.4byte	cy_meta_flashprotect
 1594 0109 07       		.uleb128 0x7
 1595 010a E8000000 		.4byte	0xe8
 1596 010e 05       		.uleb128 0x5
 1597 010f 91000000 		.4byte	0x91
 1598 0113 1E010000 		.4byte	0x11e
 1599 0117 09       		.uleb128 0x9
 1600 0118 8A000000 		.4byte	0x8a
 1601 011c 0B       		.byte	0xb
 1602 011d 00       		.byte	0
 1603 011e 0A       		.uleb128 0xa
 1604 011f 0A000000 		.4byte	.LASF16
 1605 0123 03       		.byte	0x3
 1606 0124 2301     		.2byte	0x123
 1607 0126 30010000 		.4byte	0x130
 1608 012a 05       		.uleb128 0x5
 1609 012b 03       		.byte	0x3
 1610 012c 00000000 		.4byte	cy_metadata
 1611 0130 07       		.uleb128 0x7
 1612 0131 0E010000 		.4byte	0x10e
 1613 0135 00       		.byte	0
 1614              		.section	.debug_abbrev,"",%progbits
 1615              	.Ldebug_abbrev0:
 1616 0000 01       		.uleb128 0x1
 1617 0001 11       		.uleb128 0x11
 1618 0002 01       		.byte	0x1
 1619 0003 25       		.uleb128 0x25
 1620 0004 0E       		.uleb128 0xe
 1621 0005 13       		.uleb128 0x13
 1622 0006 0B       		.uleb128 0xb
 1623 0007 03       		.uleb128 0x3
 1624 0008 0E       		.uleb128 0xe
 1625 0009 1B       		.uleb128 0x1b
 1626 000a 0E       		.uleb128 0xe
 1627 000b 10       		.uleb128 0x10
 1628 000c 17       		.uleb128 0x17
 1629 000d 00       		.byte	0
 1630 000e 00       		.byte	0
 1631 000f 02       		.uleb128 0x2
 1632 0010 24       		.uleb128 0x24
 1633 0011 00       		.byte	0
 1634 0012 0B       		.uleb128 0xb
 1635 0013 0B       		.uleb128 0xb
 1636 0014 3E       		.uleb128 0x3e
 1637 0015 0B       		.uleb128 0xb
 1638 0016 03       		.uleb128 0x3
 1639 0017 0E       		.uleb128 0xe
 1640 0018 00       		.byte	0
 1641 0019 00       		.byte	0
 1642 001a 03       		.uleb128 0x3
 1643 001b 16       		.uleb128 0x16
 1644 001c 00       		.byte	0
 1645 001d 03       		.uleb128 0x3
 1646 001e 0E       		.uleb128 0xe
 1647 001f 3A       		.uleb128 0x3a
 1648 0020 0B       		.uleb128 0xb
 1649 0021 3B       		.uleb128 0x3b
ARM GAS  C:\Users\agila\AppData\Local\Temp\ccQpk5wH.s 			page 30


 1650 0022 0B       		.uleb128 0xb
 1651 0023 49       		.uleb128 0x49
 1652 0024 13       		.uleb128 0x13
 1653 0025 00       		.byte	0
 1654 0026 00       		.byte	0
 1655 0027 04       		.uleb128 0x4
 1656 0028 24       		.uleb128 0x24
 1657 0029 00       		.byte	0
 1658 002a 0B       		.uleb128 0xb
 1659 002b 0B       		.uleb128 0xb
 1660 002c 3E       		.uleb128 0x3e
 1661 002d 0B       		.uleb128 0xb
 1662 002e 03       		.uleb128 0x3
 1663 002f 08       		.uleb128 0x8
 1664 0030 00       		.byte	0
 1665 0031 00       		.byte	0
 1666 0032 05       		.uleb128 0x5
 1667 0033 01       		.uleb128 0x1
 1668 0034 01       		.byte	0x1
 1669 0035 49       		.uleb128 0x49
 1670 0036 13       		.uleb128 0x13
 1671 0037 01       		.uleb128 0x1
 1672 0038 13       		.uleb128 0x13
 1673 0039 00       		.byte	0
 1674 003a 00       		.byte	0
 1675 003b 06       		.uleb128 0x6
 1676 003c 21       		.uleb128 0x21
 1677 003d 00       		.byte	0
 1678 003e 49       		.uleb128 0x49
 1679 003f 13       		.uleb128 0x13
 1680 0040 2F       		.uleb128 0x2f
 1681 0041 05       		.uleb128 0x5
 1682 0042 00       		.byte	0
 1683 0043 00       		.byte	0
 1684 0044 07       		.uleb128 0x7
 1685 0045 26       		.uleb128 0x26
 1686 0046 00       		.byte	0
 1687 0047 49       		.uleb128 0x49
 1688 0048 13       		.uleb128 0x13
 1689 0049 00       		.byte	0
 1690 004a 00       		.byte	0
 1691 004b 08       		.uleb128 0x8
 1692 004c 34       		.uleb128 0x34
 1693 004d 00       		.byte	0
 1694 004e 03       		.uleb128 0x3
 1695 004f 0E       		.uleb128 0xe
 1696 0050 3A       		.uleb128 0x3a
 1697 0051 0B       		.uleb128 0xb
 1698 0052 3B       		.uleb128 0x3b
 1699 0053 0B       		.uleb128 0xb
 1700 0054 49       		.uleb128 0x49
 1701 0055 13       		.uleb128 0x13
 1702 0056 3F       		.uleb128 0x3f
 1703 0057 19       		.uleb128 0x19
 1704 0058 02       		.uleb128 0x2
 1705 0059 18       		.uleb128 0x18
 1706 005a 00       		.byte	0
ARM GAS  C:\Users\agila\AppData\Local\Temp\ccQpk5wH.s 			page 31


 1707 005b 00       		.byte	0
 1708 005c 09       		.uleb128 0x9
 1709 005d 21       		.uleb128 0x21
 1710 005e 00       		.byte	0
 1711 005f 49       		.uleb128 0x49
 1712 0060 13       		.uleb128 0x13
 1713 0061 2F       		.uleb128 0x2f
 1714 0062 0B       		.uleb128 0xb
 1715 0063 00       		.byte	0
 1716 0064 00       		.byte	0
 1717 0065 0A       		.uleb128 0xa
 1718 0066 34       		.uleb128 0x34
 1719 0067 00       		.byte	0
 1720 0068 03       		.uleb128 0x3
 1721 0069 0E       		.uleb128 0xe
 1722 006a 3A       		.uleb128 0x3a
 1723 006b 0B       		.uleb128 0xb
 1724 006c 3B       		.uleb128 0x3b
 1725 006d 05       		.uleb128 0x5
 1726 006e 49       		.uleb128 0x49
 1727 006f 13       		.uleb128 0x13
 1728 0070 3F       		.uleb128 0x3f
 1729 0071 19       		.uleb128 0x19
 1730 0072 02       		.uleb128 0x2
 1731 0073 18       		.uleb128 0x18
 1732 0074 00       		.byte	0
 1733 0075 00       		.byte	0
 1734 0076 00       		.byte	0
 1735              		.section	.debug_aranges,"",%progbits
 1736 0000 14000000 		.4byte	0x14
 1737 0004 0200     		.2byte	0x2
 1738 0006 00000000 		.4byte	.Ldebug_info0
 1739 000a 04       		.byte	0x4
 1740 000b 00       		.byte	0
 1741 000c 0000     		.2byte	0
 1742 000e 0000     		.2byte	0
 1743 0010 00000000 		.4byte	0
 1744 0014 00000000 		.4byte	0
 1745              		.section	.debug_line,"",%progbits
 1746              	.Ldebug_line0:
 1747 0000 39010000 		.section	.debug_str,"MS",%progbits,1
 1747      02003301 
 1747      00000201 
 1747      FB0E0D00 
 1747      01010101 
 1748              	.LASF9:
 1749 0000 5F5F7569 		.ascii	"__uint8_t\000"
 1749      6E74385F 
 1749      7400
 1750              	.LASF16:
 1751 000a 63795F6D 		.ascii	"cy_metadata\000"
 1751      65746164 
 1751      61746100 
 1752              	.LASF1:
 1753 0016 756E7369 		.ascii	"unsigned char\000"
 1753      676E6564 
 1753      20636861 
ARM GAS  C:\Users\agila\AppData\Local\Temp\ccQpk5wH.s 			page 32


 1753      7200
 1754              	.LASF17:
 1755 0024 474E5520 		.ascii	"GNU C11 5.4.1 20160609 (release) [ARM/embedded-5-br"
 1755      43313120 
 1755      352E342E 
 1755      31203230 
 1755      31363036 
 1756 0057 616E6368 		.ascii	"anch revision 237715] -mcpu=cortex-m3 -mthumb -g -O"
 1756      20726576 
 1756      6973696F 
 1756      6E203233 
 1756      37373135 
 1757 008a 67202D66 		.ascii	"g -ffunction-sections -ffat-lto-objects\000"
 1757      66756E63 
 1757      74696F6E 
 1757      2D736563 
 1757      74696F6E 
 1758              	.LASF5:
 1759 00b2 6C6F6E67 		.ascii	"long unsigned int\000"
 1759      20756E73 
 1759      69676E65 
 1759      6420696E 
 1759      7400
 1760              	.LASF3:
 1761 00c4 73686F72 		.ascii	"short unsigned int\000"
 1761      7420756E 
 1761      7369676E 
 1761      65642069 
 1761      6E7400
 1762              	.LASF13:
 1763 00d7 63795F6D 		.ascii	"cy_meta_custnvl\000"
 1763      6574615F 
 1763      63757374 
 1763      6E766C00 
 1764              	.LASF12:
 1765 00e7 63795F6D 		.ascii	"cy_meta_configecc\000"
 1765      6574615F 
 1765      636F6E66 
 1765      69676563 
 1765      6300
 1766              	.LASF8:
 1767 00f9 756E7369 		.ascii	"unsigned int\000"
 1767      676E6564 
 1767      20696E74 
 1767      00
 1768              	.LASF7:
 1769 0106 6C6F6E67 		.ascii	"long long unsigned int\000"
 1769      206C6F6E 
 1769      6720756E 
 1769      7369676E 
 1769      65642069 
 1770              	.LASF10:
 1771 011d 75696E74 		.ascii	"uint8_t\000"
 1771      385F7400 
 1772              	.LASF19:
 1773 0125 443A5C57 		.ascii	"D:\\WS25\\AMAEOS\\Lab\\Lab3\\Lab 3 Task Description"
 1773      5332355C 
ARM GAS  C:\Users\agila\AppData\Local\Temp\ccQpk5wH.s 			page 33


 1773      414D4145 
 1773      4F535C4C 
 1773      61625C4C 
 1774 0153 20616E64 		.ascii	" and Starting Code-20251209\\Lab3.cydsn\\TaskComms_"
 1774      20537461 
 1774      7274696E 
 1774      6720436F 
 1774      64652D32 
 1775 0184 42756666 		.ascii	"Buffer.cydsn\000"
 1775      65722E63 
 1775      7964736E 
 1775      00
 1776              	.LASF15:
 1777 0191 63795F6D 		.ascii	"cy_meta_flashprotect\000"
 1777      6574615F 
 1777      666C6173 
 1777      6870726F 
 1777      74656374 
 1778              	.LASF14:
 1779 01a6 63795F6D 		.ascii	"cy_meta_wonvl\000"
 1779      6574615F 
 1779      776F6E76 
 1779      6C00
 1780              	.LASF11:
 1781 01b4 73697A65 		.ascii	"sizetype\000"
 1781      74797065 
 1781      00
 1782              	.LASF6:
 1783 01bd 6C6F6E67 		.ascii	"long long int\000"
 1783      206C6F6E 
 1783      6720696E 
 1783      7400
 1784              	.LASF2:
 1785 01cb 73686F72 		.ascii	"short int\000"
 1785      7420696E 
 1785      7400
 1786              	.LASF4:
 1787 01d5 6C6F6E67 		.ascii	"long int\000"
 1787      20696E74 
 1787      00
 1788              	.LASF0:
 1789 01de 7369676E 		.ascii	"signed char\000"
 1789      65642063 
 1789      68617200 
 1790              	.LASF18:
 1791 01ea 47656E65 		.ascii	"Generated_Source\\PSoC5\\cymetadata.c\000"
 1791      72617465 
 1791      645F536F 
 1791      75726365 
 1791      5C50536F 
 1792              		.ident	"GCC: (GNU Tools for ARM Embedded Processors) 5.4.1 20160609 (release) [ARM/embedded-5-bran
