ARM GAS  C:\Users\agila\AppData\Local\Temp\ccgynjdI.s 			page 1


   1              		.syntax unified
   2              		.cpu cortex-m3
   3              		.fpu softvfp
   4              		.eabi_attribute 20, 1
   5              		.eabi_attribute 21, 1
   6              		.eabi_attribute 23, 3
   7              		.eabi_attribute 24, 1
   8              		.eabi_attribute 25, 1
   9              		.eabi_attribute 26, 1
  10              		.eabi_attribute 30, 1
  11              		.eabi_attribute 34, 1
  12              		.eabi_attribute 18, 4
  13              		.thumb
  14              		.syntax unified
  15              		.file	"ErikaOS_ee_tstub.c"
  16              		.text
  17              	.Ltext0:
  18              		.cfi_sections	.debug_frame
  19              		.section	.text.EE_oo_thread_stub,"ax",%progbits
  20              		.align	2
  21              		.global	EE_oo_thread_stub
  22              		.thumb
  23              		.thumb_func
  24              		.type	EE_oo_thread_stub, %function
  25              	EE_oo_thread_stub:
  26              	.LFB71:
  27              		.file 1 "Generated_Source\\PSoC5\\ErikaOS_ee_tstub.c"
   1:Generated_Source\PSoC5/ErikaOS_ee_tstub.c **** /* ###*B*###
   2:Generated_Source\PSoC5/ErikaOS_ee_tstub.c ****  * ERIKA Enterprise - a tiny RTOS for small microcontrollers
   3:Generated_Source\PSoC5/ErikaOS_ee_tstub.c ****  *
   4:Generated_Source\PSoC5/ErikaOS_ee_tstub.c ****  * Copyright (C) 2002-2008  Evidence Srl
   5:Generated_Source\PSoC5/ErikaOS_ee_tstub.c ****  *
   6:Generated_Source\PSoC5/ErikaOS_ee_tstub.c ****  * This file is part of ERIKA Enterprise.
   7:Generated_Source\PSoC5/ErikaOS_ee_tstub.c ****  *
   8:Generated_Source\PSoC5/ErikaOS_ee_tstub.c ****  * ERIKA Enterprise is free software; you can redistribute it
   9:Generated_Source\PSoC5/ErikaOS_ee_tstub.c ****  * and/or modify it under the terms of the GNU General Public License
  10:Generated_Source\PSoC5/ErikaOS_ee_tstub.c ****  * version 2 as published by the Free Software Foundation, 
  11:Generated_Source\PSoC5/ErikaOS_ee_tstub.c ****  * (with a special exception described below).
  12:Generated_Source\PSoC5/ErikaOS_ee_tstub.c ****  *
  13:Generated_Source\PSoC5/ErikaOS_ee_tstub.c ****  * Linking this code statically or dynamically with other modules is
  14:Generated_Source\PSoC5/ErikaOS_ee_tstub.c ****  * making a combined work based on this code.  Thus, the terms and
  15:Generated_Source\PSoC5/ErikaOS_ee_tstub.c ****  * conditions of the GNU General Public License cover the whole
  16:Generated_Source\PSoC5/ErikaOS_ee_tstub.c ****  * combination.
  17:Generated_Source\PSoC5/ErikaOS_ee_tstub.c ****  *
  18:Generated_Source\PSoC5/ErikaOS_ee_tstub.c ****  * As a special exception, the copyright holders of this library give you
  19:Generated_Source\PSoC5/ErikaOS_ee_tstub.c ****  * permission to link this code with independent modules to produce an
  20:Generated_Source\PSoC5/ErikaOS_ee_tstub.c ****  * executable, regardless of the license terms of these independent
  21:Generated_Source\PSoC5/ErikaOS_ee_tstub.c ****  * modules, and to copy and distribute the resulting executable under
  22:Generated_Source\PSoC5/ErikaOS_ee_tstub.c ****  * terms of your choice, provided that you also meet, for each linked
  23:Generated_Source\PSoC5/ErikaOS_ee_tstub.c ****  * independent module, the terms and conditions of the license of that
  24:Generated_Source\PSoC5/ErikaOS_ee_tstub.c ****  * module.  An independent module is a module which is not derived from
  25:Generated_Source\PSoC5/ErikaOS_ee_tstub.c ****  * or based on this library.  If you modify this code, you may extend
  26:Generated_Source\PSoC5/ErikaOS_ee_tstub.c ****  * this exception to your version of the code, but you are not
  27:Generated_Source\PSoC5/ErikaOS_ee_tstub.c ****  * obligated to do so.  If you do not wish to do so, delete this
  28:Generated_Source\PSoC5/ErikaOS_ee_tstub.c ****  * exception statement from your version.
  29:Generated_Source\PSoC5/ErikaOS_ee_tstub.c ****  *
  30:Generated_Source\PSoC5/ErikaOS_ee_tstub.c ****  * ERIKA Enterprise is distributed in the hope that it will be
ARM GAS  C:\Users\agila\AppData\Local\Temp\ccgynjdI.s 			page 2


  31:Generated_Source\PSoC5/ErikaOS_ee_tstub.c ****  * useful, but WITHOUT ANY WARRANTY; without even the implied warranty
  32:Generated_Source\PSoC5/ErikaOS_ee_tstub.c ****  * of MERCHANTABILITY or FITNESS FOR A PARTICULAR PURPOSE.  See the
  33:Generated_Source\PSoC5/ErikaOS_ee_tstub.c ****  * GNU General Public License version 2 for more details.
  34:Generated_Source\PSoC5/ErikaOS_ee_tstub.c ****  *
  35:Generated_Source\PSoC5/ErikaOS_ee_tstub.c ****  * You should have received a copy of the GNU General Public License
  36:Generated_Source\PSoC5/ErikaOS_ee_tstub.c ****  * version 2 along with ERIKA Enterprise; if not, write to the
  37:Generated_Source\PSoC5/ErikaOS_ee_tstub.c ****  * Free Software Foundation, Inc., 51 Franklin Street, Fifth Floor,
  38:Generated_Source\PSoC5/ErikaOS_ee_tstub.c ****  * Boston, MA 02110-1301 USA.
  39:Generated_Source\PSoC5/ErikaOS_ee_tstub.c ****  * ###*E*### */
  40:Generated_Source\PSoC5/ErikaOS_ee_tstub.c **** 
  41:Generated_Source\PSoC5/ErikaOS_ee_tstub.c **** /*
  42:Generated_Source\PSoC5/ErikaOS_ee_tstub.c ****  * Author: 2002-2004 Paolo Gai
  43:Generated_Source\PSoC5/ErikaOS_ee_tstub.c ****  * CVS: $Id: ee_tstub.c,v 1.1 2005/07/16 12:23:42 pj Exp $
  44:Generated_Source\PSoC5/ErikaOS_ee_tstub.c ****  */
  45:Generated_Source\PSoC5/ErikaOS_ee_tstub.c **** 
  46:Generated_Source\PSoC5/ErikaOS_ee_tstub.c **** /*
  47:Generated_Source\PSoC5/ErikaOS_ee_tstub.c ****  * PSoC Port and API Generation
  48:Generated_Source\PSoC5/ErikaOS_ee_tstub.c ****  * Carlos Fernando Meier Martinez
  49:Generated_Source\PSoC5/ErikaOS_ee_tstub.c ****  * Hochschule Darmstadt, Germany. 2017.
  50:Generated_Source\PSoC5/ErikaOS_ee_tstub.c ****  */
  51:Generated_Source\PSoC5/ErikaOS_ee_tstub.c **** #include "ErikaOS_ee_tracing.h"
  52:Generated_Source\PSoC5/ErikaOS_ee_tstub.c **** 
  53:Generated_Source\PSoC5/ErikaOS_ee_tstub.c **** #include "ErikaOS_ee_internal.inc"
  54:Generated_Source\PSoC5/ErikaOS_ee_tstub.c **** 
  55:Generated_Source\PSoC5/ErikaOS_ee_tstub.c **** /* TerminateStub:
  56:Generated_Source\PSoC5/ErikaOS_ee_tstub.c ****    - This is the function that is called as the "real thread body" of 
  57:Generated_Source\PSoC5/ErikaOS_ee_tstub.c ****      an OO task.
  58:Generated_Source\PSoC5/ErikaOS_ee_tstub.c ****    - This function is not called if a task use only a terminate_task at 
  59:Generated_Source\PSoC5/ErikaOS_ee_tstub.c ****      the end of the thread. In some architectures, this can lead 
  60:Generated_Source\PSoC5/ErikaOS_ee_tstub.c ****      to some stack savings...
  61:Generated_Source\PSoC5/ErikaOS_ee_tstub.c **** */
  62:Generated_Source\PSoC5/ErikaOS_ee_tstub.c **** 
  63:Generated_Source\PSoC5/ErikaOS_ee_tstub.c **** #if (__OO_configUSE_TRACE_FACILITY == 1)
  64:Generated_Source\PSoC5/ErikaOS_ee_tstub.c **** #include "trcKernelPort.h"
  65:Generated_Source\PSoC5/ErikaOS_ee_tstub.c **** #endif
  66:Generated_Source\PSoC5/ErikaOS_ee_tstub.c **** 
  67:Generated_Source\PSoC5/ErikaOS_ee_tstub.c **** #ifndef __PRIVATE_THREADSTUB__
  68:Generated_Source\PSoC5/ErikaOS_ee_tstub.c **** void EE_oo_thread_stub(void)
  69:Generated_Source\PSoC5/ErikaOS_ee_tstub.c **** {
  28              		.loc 1 69 0
  29              		.cfi_startproc
  30              		@ args = 0, pretend = 0, frame = 0
  31              		@ frame_needed = 0, uses_anonymous_args = 0
  32 0000 08B5     		push	{r3, lr}
  33              		.cfi_def_cfa_offset 8
  34              		.cfi_offset 3, -8
  35              		.cfi_offset 14, -4
  70:Generated_Source\PSoC5/ErikaOS_ee_tstub.c ****   register EE_TID temp;
  71:Generated_Source\PSoC5/ErikaOS_ee_tstub.c **** 
  72:Generated_Source\PSoC5/ErikaOS_ee_tstub.c **** #if (__OO_configUSE_TRACE_FACILITY == 1)
  73:Generated_Source\PSoC5/ErikaOS_ee_tstub.c ****   traceMOVED_TASK_TO_READY_STATE(EE_stk_queryfirst());
  74:Generated_Source\PSoC5/ErikaOS_ee_tstub.c ****   traceTASK_SWITCHED_IN(EE_stk_queryfirst(), EE_th_ready_prio[EE_stk_queryfirst()]);
  75:Generated_Source\PSoC5/ErikaOS_ee_tstub.c **** #endif
  76:Generated_Source\PSoC5/ErikaOS_ee_tstub.c **** 
  77:Generated_Source\PSoC5/ErikaOS_ee_tstub.c ****   EE_oo_call_PreTaskHook();
  78:Generated_Source\PSoC5/ErikaOS_ee_tstub.c **** 
  79:Generated_Source\PSoC5/ErikaOS_ee_tstub.c ****   temp = EE_stk_queryfirst();
ARM GAS  C:\Users\agila\AppData\Local\Temp\ccgynjdI.s 			page 3


  80:Generated_Source\PSoC5/ErikaOS_ee_tstub.c **** 
  81:Generated_Source\PSoC5/ErikaOS_ee_tstub.c ****   EE_hal_terminate_savestk(temp);
  36              		.loc 1 81 0
  37 0002 024B     		ldr	r3, .L3
  38 0004 1868     		ldr	r0, [r3]
  39 0006 FFF7FEFF 		bl	EE_hal_terminate_savestk
  40              	.LVL0:
  41 000a 08BD     		pop	{r3, pc}
  42              	.L4:
  43              		.align	2
  44              	.L3:
  45 000c 00000000 		.word	EE_stkfirst
  46              		.cfi_endproc
  47              	.LFE71:
  48              		.size	EE_oo_thread_stub, .-EE_oo_thread_stub
  49              		.text
  50              	.Letext0:
  51              		.file 2 "Generated_Source\\PSoC5\\ErikaOS_common_ee_types.inc"
  52              		.file 3 "Generated_Source\\PSoC5\\ErikaOS_cortex_mx_ee_cpu.inc"
  53              		.file 4 "Generated_Source\\PSoC5\\ErikaOS_ee_oo_common.inc"
  54              		.file 5 "Generated_Source\\PSoC5\\ErikaOS_common_ee_primitives.inc"
  55              		.file 6 "Generated_Source\\PSoC5\\ErikaOS_cortex_mx_ee_context.inc"
  56              		.file 7 "Generated_Source\\PSoC5\\ErikaOS_ee_oo_intfunc.inc"
  57              		.file 8 "Generated_Source\\PSoC5\\ErikaOS_ee_oo_internal.inc"
  58              		.file 9 "Generated_Source\\PSoC5\\ErikaOS_cortex_mx_ee_internal.inc"
  59              		.section	.debug_info,"",%progbits
  60              	.Ldebug_info0:
  61 0000 8F040000 		.4byte	0x48f
  62 0004 0400     		.2byte	0x4
  63 0006 00000000 		.4byte	.Ldebug_abbrev0
  64 000a 04       		.byte	0x4
  65 000b 01       		.uleb128 0x1
  66 000c 30050000 		.4byte	.LASF75
  67 0010 0C       		.byte	0xc
  68 0011 31020000 		.4byte	.LASF76
  69 0015 A7000000 		.4byte	.LASF77
  70 0019 00000000 		.4byte	.Ldebug_ranges0+0
  71 001d 00000000 		.4byte	0
  72 0021 00000000 		.4byte	.Ldebug_line0
  73 0025 02       		.uleb128 0x2
  74 0026 01       		.byte	0x1
  75 0027 06       		.byte	0x6
  76 0028 75030000 		.4byte	.LASF0
  77 002c 02       		.uleb128 0x2
  78 002d 01       		.byte	0x1
  79 002e 08       		.byte	0x8
  80 002f 4E030000 		.4byte	.LASF1
  81 0033 02       		.uleb128 0x2
  82 0034 02       		.byte	0x2
  83 0035 05       		.byte	0x5
  84 0036 75000000 		.4byte	.LASF2
  85 003a 02       		.uleb128 0x2
  86 003b 02       		.byte	0x2
  87 003c 07       		.byte	0x7
  88 003d F2030000 		.4byte	.LASF3
  89 0041 02       		.uleb128 0x2
  90 0042 04       		.byte	0x4
ARM GAS  C:\Users\agila\AppData\Local\Temp\ccgynjdI.s 			page 4


  91 0043 05       		.byte	0x5
  92 0044 7C020000 		.4byte	.LASF4
  93 0048 02       		.uleb128 0x2
  94 0049 04       		.byte	0x4
  95 004a 07       		.byte	0x7
  96 004b 65040000 		.4byte	.LASF5
  97 004f 02       		.uleb128 0x2
  98 0050 08       		.byte	0x8
  99 0051 05       		.byte	0x5
 100 0052 1B020000 		.4byte	.LASF6
 101 0056 02       		.uleb128 0x2
 102 0057 08       		.byte	0x8
 103 0058 07       		.byte	0x7
 104 0059 81030000 		.4byte	.LASF7
 105 005d 03       		.uleb128 0x3
 106 005e 04       		.byte	0x4
 107 005f 05       		.byte	0x5
 108 0060 696E7400 		.ascii	"int\000"
 109 0064 02       		.uleb128 0x2
 110 0065 04       		.byte	0x4
 111 0066 07       		.byte	0x7
 112 0067 AA030000 		.4byte	.LASF8
 113 006b 02       		.uleb128 0x2
 114 006c 08       		.byte	0x8
 115 006d 04       		.byte	0x4
 116 006e 1E030000 		.4byte	.LASF9
 117 0072 04       		.uleb128 0x4
 118 0073 29020000 		.4byte	.LASF10
 119 0077 02       		.byte	0x2
 120 0078 3F       		.byte	0x3f
 121 0079 25000000 		.4byte	0x25
 122 007d 04       		.uleb128 0x4
 123 007e 23040000 		.4byte	.LASF11
 124 0082 02       		.byte	0x2
 125 0083 52       		.byte	0x52
 126 0084 3A000000 		.4byte	0x3a
 127 0088 04       		.uleb128 0x4
 128 0089 DC030000 		.4byte	.LASF12
 129 008d 02       		.byte	0x2
 130 008e 53       		.byte	0x53
 131 008f 5D000000 		.4byte	0x5d
 132 0093 04       		.uleb128 0x4
 133 0094 29010000 		.4byte	.LASF13
 134 0098 02       		.byte	0x2
 135 0099 54       		.byte	0x54
 136 009a 64000000 		.4byte	0x64
 137 009e 04       		.uleb128 0x4
 138 009f 22000000 		.4byte	.LASF14
 139 00a3 03       		.byte	0x3
 140 00a4 4D       		.byte	0x4d
 141 00a5 93000000 		.4byte	0x93
 142 00a9 04       		.uleb128 0x4
 143 00aa 9F000000 		.4byte	.LASF15
 144 00ae 03       		.byte	0x3
 145 00af 4F       		.byte	0x4f
 146 00b0 93000000 		.4byte	0x93
 147 00b4 04       		.uleb128 0x4
ARM GAS  C:\Users\agila\AppData\Local\Temp\ccgynjdI.s 			page 5


 148 00b5 77040000 		.4byte	.LASF16
 149 00b9 03       		.byte	0x3
 150 00ba 54       		.byte	0x54
 151 00bb 9E000000 		.4byte	0x9e
 152 00bf 04       		.uleb128 0x4
 153 00c0 6A010000 		.4byte	.LASF17
 154 00c4 03       		.byte	0x3
 155 00c5 78       		.byte	0x78
 156 00c6 88000000 		.4byte	0x88
 157 00ca 05       		.uleb128 0x5
 158 00cb 5B020000 		.4byte	.LASF18
 159 00cf 04       		.byte	0x4
 160 00d0 1101     		.2byte	0x111
 161 00d2 7D000000 		.4byte	0x7d
 162 00d6 05       		.uleb128 0x5
 163 00d7 F4020000 		.4byte	.LASF19
 164 00db 04       		.byte	0x4
 165 00dc 3502     		.2byte	0x235
 166 00de 9E000000 		.4byte	0x9e
 167 00e2 05       		.uleb128 0x5
 168 00e3 0C030000 		.4byte	.LASF20
 169 00e7 04       		.byte	0x4
 170 00e8 5D02     		.2byte	0x25d
 171 00ea 9E000000 		.4byte	0x9e
 172 00ee 05       		.uleb128 0x5
 173 00ef E6040000 		.4byte	.LASF21
 174 00f3 04       		.byte	0x4
 175 00f4 6C02     		.2byte	0x26c
 176 00f6 9E000000 		.4byte	0x9e
 177 00fa 06       		.uleb128 0x6
 178 00fb 0C       		.byte	0xc
 179 00fc 04       		.byte	0x4
 180 00fd 7202     		.2byte	0x272
 181 00ff 2B010000 		.4byte	0x12b
 182 0103 07       		.uleb128 0x7
 183 0104 85020000 		.4byte	.LASF22
 184 0108 04       		.byte	0x4
 185 0109 7302     		.2byte	0x273
 186 010b D6000000 		.4byte	0xd6
 187 010f 00       		.byte	0
 188 0110 07       		.uleb128 0x7
 189 0111 41000000 		.4byte	.LASF23
 190 0115 04       		.byte	0x4
 191 0116 7402     		.2byte	0x274
 192 0118 D6000000 		.4byte	0xd6
 193 011c 04       		.byte	0x4
 194 011d 07       		.uleb128 0x7
 195 011e 71010000 		.4byte	.LASF24
 196 0122 04       		.byte	0x4
 197 0123 7502     		.2byte	0x275
 198 0125 D6000000 		.4byte	0xd6
 199 0129 08       		.byte	0x8
 200 012a 00       		.byte	0
 201 012b 05       		.uleb128 0x5
 202 012c B3020000 		.4byte	.LASF25
 203 0130 04       		.byte	0x4
 204 0131 7A02     		.2byte	0x27a
ARM GAS  C:\Users\agila\AppData\Local\Temp\ccgynjdI.s 			page 6


 205 0133 FA000000 		.4byte	0xfa
 206 0137 06       		.uleb128 0x6
 207 0138 08       		.byte	0x8
 208 0139 04       		.byte	0x4
 209 013a 7D02     		.2byte	0x27d
 210 013c 5B010000 		.4byte	0x15b
 211 0140 07       		.uleb128 0x7
 212 0141 7A010000 		.4byte	.LASF26
 213 0145 04       		.byte	0x4
 214 0146 7E02     		.2byte	0x27e
 215 0148 D6000000 		.4byte	0xd6
 216 014c 00       		.byte	0
 217 014d 07       		.uleb128 0x7
 218 014e 05060000 		.4byte	.LASF27
 219 0152 04       		.byte	0x4
 220 0153 7F02     		.2byte	0x27f
 221 0155 E2000000 		.4byte	0xe2
 222 0159 04       		.byte	0x4
 223 015a 00       		.byte	0
 224 015b 05       		.uleb128 0x5
 225 015c F7010000 		.4byte	.LASF28
 226 0160 04       		.byte	0x4
 227 0161 8002     		.2byte	0x280
 228 0163 37010000 		.4byte	0x137
 229 0167 08       		.uleb128 0x8
 230 0168 01       		.byte	0x1
 231 0169 2C000000 		.4byte	0x2c
 232 016d 04       		.byte	0x4
 233 016e 8A02     		.2byte	0x28a
 234 0170 81010000 		.4byte	0x181
 235 0174 09       		.uleb128 0x9
 236 0175 BA040000 		.4byte	.LASF29
 237 0179 00       		.byte	0
 238 017a 09       		.uleb128 0x9
 239 017b 6B020000 		.4byte	.LASF30
 240 017f 01       		.byte	0x1
 241 0180 00       		.byte	0
 242 0181 05       		.uleb128 0x5
 243 0182 AA010000 		.4byte	.LASF31
 244 0186 04       		.byte	0x4
 245 0187 8D02     		.2byte	0x28d
 246 0189 67010000 		.4byte	0x167
 247 018d 05       		.uleb128 0x5
 248 018e 13010000 		.4byte	.LASF32
 249 0192 04       		.byte	0x4
 250 0193 9002     		.2byte	0x290
 251 0195 81010000 		.4byte	0x181
 252 0199 06       		.uleb128 0x6
 253 019a 0C       		.byte	0xc
 254 019b 04       		.byte	0x4
 255 019c 9402     		.2byte	0x294
 256 019e C8010000 		.4byte	0x1c8
 257 01a2 0A       		.uleb128 0xa
 258 01a3 6300     		.ascii	"c\000"
 259 01a5 04       		.byte	0x4
 260 01a6 9602     		.2byte	0x296
 261 01a8 EE000000 		.4byte	0xee
ARM GAS  C:\Users\agila\AppData\Local\Temp\ccgynjdI.s 			page 7


 262 01ac 00       		.byte	0
 263 01ad 07       		.uleb128 0x7
 264 01ae 97000000 		.4byte	.LASF33
 265 01b2 04       		.byte	0x4
 266 01b3 9802     		.2byte	0x298
 267 01b5 E2000000 		.4byte	0xe2
 268 01b9 04       		.byte	0x4
 269 01ba 07       		.uleb128 0x7
 270 01bb 00000000 		.4byte	.LASF34
 271 01bf 04       		.byte	0x4
 272 01c0 9A02     		.2byte	0x29a
 273 01c2 8D010000 		.4byte	0x18d
 274 01c6 08       		.byte	0x8
 275 01c7 00       		.byte	0
 276 01c8 05       		.uleb128 0x5
 277 01c9 05040000 		.4byte	.LASF35
 278 01cd 04       		.byte	0x4
 279 01ce 9B02     		.2byte	0x29b
 280 01d0 99010000 		.4byte	0x199
 281 01d4 06       		.uleb128 0x6
 282 01d5 10       		.byte	0x10
 283 01d6 04       		.byte	0x4
 284 01d7 9F02     		.2byte	0x29f
 285 01d9 12020000 		.4byte	0x212
 286 01dd 07       		.uleb128 0x7
 287 01de D8040000 		.4byte	.LASF36
 288 01e2 04       		.byte	0x4
 289 01e3 A002     		.2byte	0x2a0
 290 01e5 B4000000 		.4byte	0xb4
 291 01e9 00       		.byte	0
 292 01ea 07       		.uleb128 0x7
 293 01eb BE050000 		.4byte	.LASF37
 294 01ef 04       		.byte	0x4
 295 01f0 A102     		.2byte	0x2a1
 296 01f2 D6000000 		.4byte	0xd6
 297 01f6 04       		.byte	0x4
 298 01f7 07       		.uleb128 0x7
 299 01f8 91000000 		.4byte	.LASF38
 300 01fc 04       		.byte	0x4
 301 01fd A202     		.2byte	0x2a2
 302 01ff D6000000 		.4byte	0xd6
 303 0203 08       		.byte	0x8
 304 0204 07       		.uleb128 0x7
 305 0205 F3050000 		.4byte	.LASF39
 306 0209 04       		.byte	0x4
 307 020a A302     		.2byte	0x2a3
 308 020c E2000000 		.4byte	0xe2
 309 0210 0C       		.byte	0xc
 310 0211 00       		.byte	0
 311 0212 05       		.uleb128 0x5
 312 0213 95020000 		.4byte	.LASF40
 313 0217 04       		.byte	0x4
 314 0218 A402     		.2byte	0x2a4
 315 021a D4010000 		.4byte	0x1d4
 316 021e 08       		.uleb128 0x8
 317 021f 01       		.byte	0x1
 318 0220 2C000000 		.4byte	0x2c
ARM GAS  C:\Users\agila\AppData\Local\Temp\ccgynjdI.s 			page 8


 319 0224 04       		.byte	0x4
 320 0225 5904     		.2byte	0x459
 321 0227 6E020000 		.4byte	0x26e
 322 022b 09       		.uleb128 0x9
 323 022c 05000000 		.4byte	.LASF41
 324 0230 00       		.byte	0
 325 0231 09       		.uleb128 0x9
 326 0232 E5030000 		.4byte	.LASF42
 327 0236 01       		.byte	0x1
 328 0237 09       		.uleb128 0x9
 329 0238 5D010000 		.4byte	.LASF43
 330 023c 02       		.byte	0x2
 331 023d 09       		.uleb128 0x9
 332 023e 7F000000 		.4byte	.LASF44
 333 0242 03       		.byte	0x3
 334 0243 09       		.uleb128 0x9
 335 0244 8F040000 		.4byte	.LASF45
 336 0248 04       		.byte	0x4
 337 0249 09       		.uleb128 0x9
 338 024a A6040000 		.4byte	.LASF46
 339 024e 05       		.byte	0x5
 340 024f 09       		.uleb128 0x9
 341 0250 C3040000 		.4byte	.LASF47
 342 0254 06       		.byte	0x6
 343 0255 09       		.uleb128 0x9
 344 0256 DF050000 		.4byte	.LASF48
 345 025a 07       		.byte	0x7
 346 025b 09       		.uleb128 0x9
 347 025c 39030000 		.4byte	.LASF49
 348 0260 08       		.byte	0x8
 349 0261 09       		.uleb128 0x9
 350 0262 2D040000 		.4byte	.LASF50
 351 0266 09       		.byte	0x9
 352 0267 09       		.uleb128 0x9
 353 0268 0E020000 		.4byte	.LASF51
 354 026c 0A       		.byte	0xa
 355 026d 00       		.byte	0
 356 026e 05       		.uleb128 0x5
 357 026f 4E000000 		.4byte	.LASF52
 358 0273 04       		.byte	0x4
 359 0274 6504     		.2byte	0x465
 360 0276 1E020000 		.4byte	0x21e
 361 027a 0B       		.uleb128 0xb
 362 027b D8020000 		.4byte	.LASF78
 363 027f 04       		.byte	0x4
 364 0280 8404     		.2byte	0x484
 365 0282 03       		.byte	0x3
 366 0283 94020000 		.4byte	0x294
 367 0287 0C       		.uleb128 0xc
 368 0288 63747800 		.ascii	"ctx\000"
 369 028c 04       		.byte	0x4
 370 028d 8504     		.2byte	0x485
 371 028f 6E020000 		.4byte	0x26e
 372 0293 00       		.byte	0
 373 0294 0D       		.uleb128 0xd
 374 0295 98030000 		.4byte	.LASF79
 375 0299 08       		.byte	0x8
ARM GAS  C:\Users\agila\AppData\Local\Temp\ccgynjdI.s 			page 9


 376 029a EE       		.byte	0xee
 377 029b BF000000 		.4byte	0xbf
 378 029f 03       		.byte	0x3
 379 02a0 0E       		.uleb128 0xe
 380 02a1 2A000000 		.4byte	.LASF80
 381 02a5 08       		.byte	0x8
 382 02a6 8D01     		.2byte	0x18d
 383 02a8 03       		.byte	0x3
 384 02a9 0F       		.uleb128 0xf
 385 02aa 1E050000 		.4byte	.LASF81
 386 02ae 01       		.byte	0x1
 387 02af 44       		.byte	0x44
 388 02b0 00000000 		.4byte	.LFB71
 389 02b4 10000000 		.4byte	.LFE71-.LFB71
 390 02b8 01       		.uleb128 0x1
 391 02b9 9C       		.byte	0x9c
 392 02ba D3020000 		.4byte	0x2d3
 393 02be 10       		.uleb128 0x10
 394 02bf 70000000 		.4byte	.LASF82
 395 02c3 01       		.byte	0x1
 396 02c4 46       		.byte	0x46
 397 02c5 BF000000 		.4byte	0xbf
 398 02c9 11       		.uleb128 0x11
 399 02ca 0A000000 		.4byte	.LVL0
 400 02ce 87040000 		.4byte	0x487
 401 02d2 00       		.byte	0
 402 02d3 12       		.uleb128 0x12
 403 02d4 C9010000 		.4byte	.LASF53
 404 02d8 05       		.byte	0x5
 405 02d9 44       		.byte	0x44
 406 02da 9E000000 		.4byte	0x9e
 407 02de 12       		.uleb128 0x12
 408 02df C3030000 		.4byte	.LASF54
 409 02e3 06       		.byte	0x6
 410 02e4 48       		.byte	0x48
 411 02e5 BF000000 		.4byte	0xbf
 412 02e9 13       		.uleb128 0x13
 413 02ea 00030000 		.4byte	0x300
 414 02ee F9020000 		.4byte	0x2f9
 415 02f2 14       		.uleb128 0x14
 416 02f3 F9020000 		.4byte	0x2f9
 417 02f7 04       		.byte	0x4
 418 02f8 00       		.byte	0
 419 02f9 02       		.uleb128 0x2
 420 02fa 04       		.byte	0x4
 421 02fb 07       		.byte	0x7
 422 02fc DD040000 		.4byte	.LASF55
 423 0300 15       		.uleb128 0x15
 424 0301 9E000000 		.4byte	0x9e
 425 0305 12       		.uleb128 0x12
 426 0306 4C010000 		.4byte	.LASF56
 427 030a 04       		.byte	0x4
 428 030b B2       		.byte	0xb2
 429 030c 10030000 		.4byte	0x310
 430 0310 15       		.uleb128 0x15
 431 0311 E9020000 		.4byte	0x2e9
 432 0315 12       		.uleb128 0x12
ARM GAS  C:\Users\agila\AppData\Local\Temp\ccgynjdI.s 			page 10


 433 0316 FF040000 		.4byte	.LASF57
 434 031a 04       		.byte	0x4
 435 031b B3       		.byte	0xb3
 436 031c 20030000 		.4byte	0x320
 437 0320 15       		.uleb128 0x15
 438 0321 E9020000 		.4byte	0x2e9
 439 0325 13       		.uleb128 0x13
 440 0326 9E000000 		.4byte	0x9e
 441 032a 35030000 		.4byte	0x335
 442 032e 14       		.uleb128 0x14
 443 032f F9020000 		.4byte	0x2f9
 444 0333 04       		.byte	0x4
 445 0334 00       		.byte	0
 446 0335 12       		.uleb128 0x12
 447 0336 F2040000 		.4byte	.LASF58
 448 033a 04       		.byte	0x4
 449 033b CA       		.byte	0xca
 450 033c 25030000 		.4byte	0x325
 451 0340 13       		.uleb128 0x13
 452 0341 BF000000 		.4byte	0xbf
 453 0345 50030000 		.4byte	0x350
 454 0349 14       		.uleb128 0x14
 455 034a F9020000 		.4byte	0x2f9
 456 034e 04       		.byte	0x4
 457 034f 00       		.byte	0
 458 0350 12       		.uleb128 0x12
 459 0351 13050000 		.4byte	.LASF59
 460 0355 04       		.byte	0x4
 461 0356 D2       		.byte	0xd2
 462 0357 40030000 		.4byte	0x340
 463 035b 12       		.uleb128 0x12
 464 035c B7030000 		.4byte	.LASF60
 465 0360 04       		.byte	0x4
 466 0361 DA       		.byte	0xda
 467 0362 25030000 		.4byte	0x325
 468 0366 12       		.uleb128 0x12
 469 0367 83040000 		.4byte	.LASF61
 470 036b 04       		.byte	0x4
 471 036c E2       		.byte	0xe2
 472 036d BF000000 		.4byte	0xbf
 473 0371 12       		.uleb128 0x12
 474 0372 FD020000 		.4byte	.LASF62
 475 0376 04       		.byte	0x4
 476 0377 F7       		.byte	0xf7
 477 0378 9E000000 		.4byte	0x9e
 478 037c 16       		.uleb128 0x16
 479 037d 14000000 		.4byte	.LASF63
 480 0381 04       		.byte	0x4
 481 0382 3F01     		.2byte	0x13f
 482 0384 CA000000 		.4byte	0xca
 483 0388 16       		.uleb128 0x16
 484 0389 5D000000 		.4byte	.LASF64
 485 038d 04       		.byte	0x4
 486 038e 5C01     		.2byte	0x15c
 487 0390 25030000 		.4byte	0x325
 488 0394 13       		.uleb128 0x13
 489 0395 B4000000 		.4byte	0xb4
ARM GAS  C:\Users\agila\AppData\Local\Temp\ccgynjdI.s 			page 11


 490 0399 A4030000 		.4byte	0x3a4
 491 039d 14       		.uleb128 0x14
 492 039e F9020000 		.4byte	0x2f9
 493 03a2 04       		.byte	0x4
 494 03a3 00       		.byte	0
 495 03a4 16       		.uleb128 0x16
 496 03a5 80010000 		.4byte	.LASF65
 497 03a9 04       		.byte	0x4
 498 03aa 6701     		.2byte	0x167
 499 03ac 94030000 		.4byte	0x394
 500 03b0 13       		.uleb128 0x13
 501 03b1 C0030000 		.4byte	0x3c0
 502 03b5 C0030000 		.4byte	0x3c0
 503 03b9 14       		.uleb128 0x14
 504 03ba F9020000 		.4byte	0x2f9
 505 03be 00       		.byte	0
 506 03bf 00       		.byte	0
 507 03c0 15       		.uleb128 0x15
 508 03c1 2B010000 		.4byte	0x12b
 509 03c5 16       		.uleb128 0x16
 510 03c6 2A030000 		.4byte	.LASF66
 511 03ca 04       		.byte	0x4
 512 03cb CA02     		.2byte	0x2ca
 513 03cd D1030000 		.4byte	0x3d1
 514 03d1 15       		.uleb128 0x15
 515 03d2 B0030000 		.4byte	0x3b0
 516 03d6 13       		.uleb128 0x13
 517 03d7 E6030000 		.4byte	0x3e6
 518 03db E6030000 		.4byte	0x3e6
 519 03df 14       		.uleb128 0x14
 520 03e0 F9020000 		.4byte	0x2f9
 521 03e4 00       		.byte	0
 522 03e5 00       		.byte	0
 523 03e6 15       		.uleb128 0x15
 524 03e7 C8010000 		.4byte	0x1c8
 525 03eb 16       		.uleb128 0x16
 526 03ec 91010000 		.4byte	.LASF67
 527 03f0 04       		.byte	0x4
 528 03f1 DD02     		.2byte	0x2dd
 529 03f3 F7030000 		.4byte	0x3f7
 530 03f7 15       		.uleb128 0x15
 531 03f8 D6030000 		.4byte	0x3d6
 532 03fc 13       		.uleb128 0x13
 533 03fd 5B010000 		.4byte	0x15b
 534 0401 0C040000 		.4byte	0x40c
 535 0405 14       		.uleb128 0x14
 536 0406 F9020000 		.4byte	0x2f9
 537 040a 00       		.byte	0
 538 040b 00       		.byte	0
 539 040c 16       		.uleb128 0x16
 540 040d 43040000 		.4byte	.LASF68
 541 0411 04       		.byte	0x4
 542 0412 FB02     		.2byte	0x2fb
 543 0414 FC030000 		.4byte	0x3fc
 544 0418 13       		.uleb128 0x13
 545 0419 12020000 		.4byte	0x212
 546 041d 28040000 		.4byte	0x428
ARM GAS  C:\Users\agila\AppData\Local\Temp\ccgynjdI.s 			page 12


 547 0421 14       		.uleb128 0x14
 548 0422 F9020000 		.4byte	0x2f9
 549 0426 00       		.byte	0
 550 0427 00       		.byte	0
 551 0428 16       		.uleb128 0x16
 552 0429 5C030000 		.4byte	.LASF69
 553 042d 04       		.byte	0x4
 554 042e 0403     		.2byte	0x304
 555 0430 18040000 		.4byte	0x418
 556 0434 12       		.uleb128 0x12
 557 0435 C7050000 		.4byte	.LASF70
 558 0439 07       		.byte	0x7
 559 043a 40       		.byte	0x40
 560 043b 9E000000 		.4byte	0x9e
 561 043f 12       		.uleb128 0x12
 562 0440 DE010000 		.4byte	.LASF71
 563 0444 07       		.byte	0x7
 564 0445 47       		.byte	0x47
 565 0446 A9000000 		.4byte	0xa9
 566 044a 12       		.uleb128 0x12
 567 044b 52040000 		.4byte	.LASF72
 568 044f 07       		.byte	0x7
 569 0450 4A       		.byte	0x4a
 570 0451 9E000000 		.4byte	0x9e
 571 0455 13       		.uleb128 0x13
 572 0456 65040000 		.4byte	0x465
 573 045a 65040000 		.4byte	0x465
 574 045e 14       		.uleb128 0x14
 575 045f F9020000 		.4byte	0x2f9
 576 0463 FF       		.byte	0xff
 577 0464 00       		.byte	0
 578 0465 15       		.uleb128 0x15
 579 0466 72000000 		.4byte	0x72
 580 046a 16       		.uleb128 0x16
 581 046b F8050000 		.4byte	.LASF73
 582 046f 08       		.byte	0x8
 583 0470 AB01     		.2byte	0x1ab
 584 0472 76040000 		.4byte	0x476
 585 0476 15       		.uleb128 0x15
 586 0477 55040000 		.4byte	0x455
 587 047b 16       		.uleb128 0x16
 588 047c CA020000 		.4byte	.LASF74
 589 0480 08       		.byte	0x8
 590 0481 1602     		.2byte	0x216
 591 0483 9E000000 		.4byte	0x9e
 592 0487 17       		.uleb128 0x17
 593 0488 33010000 		.4byte	.LASF83
 594 048c 33010000 		.4byte	.LASF83
 595 0490 09       		.byte	0x9
 596 0491 BC       		.byte	0xbc
 597 0492 00       		.byte	0
 598              		.section	.debug_abbrev,"",%progbits
 599              	.Ldebug_abbrev0:
 600 0000 01       		.uleb128 0x1
 601 0001 11       		.uleb128 0x11
 602 0002 01       		.byte	0x1
 603 0003 25       		.uleb128 0x25
ARM GAS  C:\Users\agila\AppData\Local\Temp\ccgynjdI.s 			page 13


 604 0004 0E       		.uleb128 0xe
 605 0005 13       		.uleb128 0x13
 606 0006 0B       		.uleb128 0xb
 607 0007 03       		.uleb128 0x3
 608 0008 0E       		.uleb128 0xe
 609 0009 1B       		.uleb128 0x1b
 610 000a 0E       		.uleb128 0xe
 611 000b 55       		.uleb128 0x55
 612 000c 17       		.uleb128 0x17
 613 000d 11       		.uleb128 0x11
 614 000e 01       		.uleb128 0x1
 615 000f 10       		.uleb128 0x10
 616 0010 17       		.uleb128 0x17
 617 0011 00       		.byte	0
 618 0012 00       		.byte	0
 619 0013 02       		.uleb128 0x2
 620 0014 24       		.uleb128 0x24
 621 0015 00       		.byte	0
 622 0016 0B       		.uleb128 0xb
 623 0017 0B       		.uleb128 0xb
 624 0018 3E       		.uleb128 0x3e
 625 0019 0B       		.uleb128 0xb
 626 001a 03       		.uleb128 0x3
 627 001b 0E       		.uleb128 0xe
 628 001c 00       		.byte	0
 629 001d 00       		.byte	0
 630 001e 03       		.uleb128 0x3
 631 001f 24       		.uleb128 0x24
 632 0020 00       		.byte	0
 633 0021 0B       		.uleb128 0xb
 634 0022 0B       		.uleb128 0xb
 635 0023 3E       		.uleb128 0x3e
 636 0024 0B       		.uleb128 0xb
 637 0025 03       		.uleb128 0x3
 638 0026 08       		.uleb128 0x8
 639 0027 00       		.byte	0
 640 0028 00       		.byte	0
 641 0029 04       		.uleb128 0x4
 642 002a 16       		.uleb128 0x16
 643 002b 00       		.byte	0
 644 002c 03       		.uleb128 0x3
 645 002d 0E       		.uleb128 0xe
 646 002e 3A       		.uleb128 0x3a
 647 002f 0B       		.uleb128 0xb
 648 0030 3B       		.uleb128 0x3b
 649 0031 0B       		.uleb128 0xb
 650 0032 49       		.uleb128 0x49
 651 0033 13       		.uleb128 0x13
 652 0034 00       		.byte	0
 653 0035 00       		.byte	0
 654 0036 05       		.uleb128 0x5
 655 0037 16       		.uleb128 0x16
 656 0038 00       		.byte	0
 657 0039 03       		.uleb128 0x3
 658 003a 0E       		.uleb128 0xe
 659 003b 3A       		.uleb128 0x3a
 660 003c 0B       		.uleb128 0xb
ARM GAS  C:\Users\agila\AppData\Local\Temp\ccgynjdI.s 			page 14


 661 003d 3B       		.uleb128 0x3b
 662 003e 05       		.uleb128 0x5
 663 003f 49       		.uleb128 0x49
 664 0040 13       		.uleb128 0x13
 665 0041 00       		.byte	0
 666 0042 00       		.byte	0
 667 0043 06       		.uleb128 0x6
 668 0044 13       		.uleb128 0x13
 669 0045 01       		.byte	0x1
 670 0046 0B       		.uleb128 0xb
 671 0047 0B       		.uleb128 0xb
 672 0048 3A       		.uleb128 0x3a
 673 0049 0B       		.uleb128 0xb
 674 004a 3B       		.uleb128 0x3b
 675 004b 05       		.uleb128 0x5
 676 004c 01       		.uleb128 0x1
 677 004d 13       		.uleb128 0x13
 678 004e 00       		.byte	0
 679 004f 00       		.byte	0
 680 0050 07       		.uleb128 0x7
 681 0051 0D       		.uleb128 0xd
 682 0052 00       		.byte	0
 683 0053 03       		.uleb128 0x3
 684 0054 0E       		.uleb128 0xe
 685 0055 3A       		.uleb128 0x3a
 686 0056 0B       		.uleb128 0xb
 687 0057 3B       		.uleb128 0x3b
 688 0058 05       		.uleb128 0x5
 689 0059 49       		.uleb128 0x49
 690 005a 13       		.uleb128 0x13
 691 005b 38       		.uleb128 0x38
 692 005c 0B       		.uleb128 0xb
 693 005d 00       		.byte	0
 694 005e 00       		.byte	0
 695 005f 08       		.uleb128 0x8
 696 0060 04       		.uleb128 0x4
 697 0061 01       		.byte	0x1
 698 0062 0B       		.uleb128 0xb
 699 0063 0B       		.uleb128 0xb
 700 0064 49       		.uleb128 0x49
 701 0065 13       		.uleb128 0x13
 702 0066 3A       		.uleb128 0x3a
 703 0067 0B       		.uleb128 0xb
 704 0068 3B       		.uleb128 0x3b
 705 0069 05       		.uleb128 0x5
 706 006a 01       		.uleb128 0x1
 707 006b 13       		.uleb128 0x13
 708 006c 00       		.byte	0
 709 006d 00       		.byte	0
 710 006e 09       		.uleb128 0x9
 711 006f 28       		.uleb128 0x28
 712 0070 00       		.byte	0
 713 0071 03       		.uleb128 0x3
 714 0072 0E       		.uleb128 0xe
 715 0073 1C       		.uleb128 0x1c
 716 0074 0B       		.uleb128 0xb
 717 0075 00       		.byte	0
ARM GAS  C:\Users\agila\AppData\Local\Temp\ccgynjdI.s 			page 15


 718 0076 00       		.byte	0
 719 0077 0A       		.uleb128 0xa
 720 0078 0D       		.uleb128 0xd
 721 0079 00       		.byte	0
 722 007a 03       		.uleb128 0x3
 723 007b 08       		.uleb128 0x8
 724 007c 3A       		.uleb128 0x3a
 725 007d 0B       		.uleb128 0xb
 726 007e 3B       		.uleb128 0x3b
 727 007f 05       		.uleb128 0x5
 728 0080 49       		.uleb128 0x49
 729 0081 13       		.uleb128 0x13
 730 0082 38       		.uleb128 0x38
 731 0083 0B       		.uleb128 0xb
 732 0084 00       		.byte	0
 733 0085 00       		.byte	0
 734 0086 0B       		.uleb128 0xb
 735 0087 2E       		.uleb128 0x2e
 736 0088 01       		.byte	0x1
 737 0089 03       		.uleb128 0x3
 738 008a 0E       		.uleb128 0xe
 739 008b 3A       		.uleb128 0x3a
 740 008c 0B       		.uleb128 0xb
 741 008d 3B       		.uleb128 0x3b
 742 008e 05       		.uleb128 0x5
 743 008f 27       		.uleb128 0x27
 744 0090 19       		.uleb128 0x19
 745 0091 20       		.uleb128 0x20
 746 0092 0B       		.uleb128 0xb
 747 0093 01       		.uleb128 0x1
 748 0094 13       		.uleb128 0x13
 749 0095 00       		.byte	0
 750 0096 00       		.byte	0
 751 0097 0C       		.uleb128 0xc
 752 0098 05       		.uleb128 0x5
 753 0099 00       		.byte	0
 754 009a 03       		.uleb128 0x3
 755 009b 08       		.uleb128 0x8
 756 009c 3A       		.uleb128 0x3a
 757 009d 0B       		.uleb128 0xb
 758 009e 3B       		.uleb128 0x3b
 759 009f 05       		.uleb128 0x5
 760 00a0 49       		.uleb128 0x49
 761 00a1 13       		.uleb128 0x13
 762 00a2 00       		.byte	0
 763 00a3 00       		.byte	0
 764 00a4 0D       		.uleb128 0xd
 765 00a5 2E       		.uleb128 0x2e
 766 00a6 00       		.byte	0
 767 00a7 03       		.uleb128 0x3
 768 00a8 0E       		.uleb128 0xe
 769 00a9 3A       		.uleb128 0x3a
 770 00aa 0B       		.uleb128 0xb
 771 00ab 3B       		.uleb128 0x3b
 772 00ac 0B       		.uleb128 0xb
 773 00ad 27       		.uleb128 0x27
 774 00ae 19       		.uleb128 0x19
ARM GAS  C:\Users\agila\AppData\Local\Temp\ccgynjdI.s 			page 16


 775 00af 49       		.uleb128 0x49
 776 00b0 13       		.uleb128 0x13
 777 00b1 20       		.uleb128 0x20
 778 00b2 0B       		.uleb128 0xb
 779 00b3 00       		.byte	0
 780 00b4 00       		.byte	0
 781 00b5 0E       		.uleb128 0xe
 782 00b6 2E       		.uleb128 0x2e
 783 00b7 00       		.byte	0
 784 00b8 03       		.uleb128 0x3
 785 00b9 0E       		.uleb128 0xe
 786 00ba 3A       		.uleb128 0x3a
 787 00bb 0B       		.uleb128 0xb
 788 00bc 3B       		.uleb128 0x3b
 789 00bd 05       		.uleb128 0x5
 790 00be 27       		.uleb128 0x27
 791 00bf 19       		.uleb128 0x19
 792 00c0 20       		.uleb128 0x20
 793 00c1 0B       		.uleb128 0xb
 794 00c2 00       		.byte	0
 795 00c3 00       		.byte	0
 796 00c4 0F       		.uleb128 0xf
 797 00c5 2E       		.uleb128 0x2e
 798 00c6 01       		.byte	0x1
 799 00c7 3F       		.uleb128 0x3f
 800 00c8 19       		.uleb128 0x19
 801 00c9 03       		.uleb128 0x3
 802 00ca 0E       		.uleb128 0xe
 803 00cb 3A       		.uleb128 0x3a
 804 00cc 0B       		.uleb128 0xb
 805 00cd 3B       		.uleb128 0x3b
 806 00ce 0B       		.uleb128 0xb
 807 00cf 27       		.uleb128 0x27
 808 00d0 19       		.uleb128 0x19
 809 00d1 11       		.uleb128 0x11
 810 00d2 01       		.uleb128 0x1
 811 00d3 12       		.uleb128 0x12
 812 00d4 06       		.uleb128 0x6
 813 00d5 40       		.uleb128 0x40
 814 00d6 18       		.uleb128 0x18
 815 00d7 9742     		.uleb128 0x2117
 816 00d9 19       		.uleb128 0x19
 817 00da 01       		.uleb128 0x1
 818 00db 13       		.uleb128 0x13
 819 00dc 00       		.byte	0
 820 00dd 00       		.byte	0
 821 00de 10       		.uleb128 0x10
 822 00df 34       		.uleb128 0x34
 823 00e0 00       		.byte	0
 824 00e1 03       		.uleb128 0x3
 825 00e2 0E       		.uleb128 0xe
 826 00e3 3A       		.uleb128 0x3a
 827 00e4 0B       		.uleb128 0xb
 828 00e5 3B       		.uleb128 0x3b
 829 00e6 0B       		.uleb128 0xb
 830 00e7 49       		.uleb128 0x49
 831 00e8 13       		.uleb128 0x13
ARM GAS  C:\Users\agila\AppData\Local\Temp\ccgynjdI.s 			page 17


 832 00e9 00       		.byte	0
 833 00ea 00       		.byte	0
 834 00eb 11       		.uleb128 0x11
 835 00ec 898201   		.uleb128 0x4109
 836 00ef 00       		.byte	0
 837 00f0 11       		.uleb128 0x11
 838 00f1 01       		.uleb128 0x1
 839 00f2 31       		.uleb128 0x31
 840 00f3 13       		.uleb128 0x13
 841 00f4 00       		.byte	0
 842 00f5 00       		.byte	0
 843 00f6 12       		.uleb128 0x12
 844 00f7 34       		.uleb128 0x34
 845 00f8 00       		.byte	0
 846 00f9 03       		.uleb128 0x3
 847 00fa 0E       		.uleb128 0xe
 848 00fb 3A       		.uleb128 0x3a
 849 00fc 0B       		.uleb128 0xb
 850 00fd 3B       		.uleb128 0x3b
 851 00fe 0B       		.uleb128 0xb
 852 00ff 49       		.uleb128 0x49
 853 0100 13       		.uleb128 0x13
 854 0101 3F       		.uleb128 0x3f
 855 0102 19       		.uleb128 0x19
 856 0103 3C       		.uleb128 0x3c
 857 0104 19       		.uleb128 0x19
 858 0105 00       		.byte	0
 859 0106 00       		.byte	0
 860 0107 13       		.uleb128 0x13
 861 0108 01       		.uleb128 0x1
 862 0109 01       		.byte	0x1
 863 010a 49       		.uleb128 0x49
 864 010b 13       		.uleb128 0x13
 865 010c 01       		.uleb128 0x1
 866 010d 13       		.uleb128 0x13
 867 010e 00       		.byte	0
 868 010f 00       		.byte	0
 869 0110 14       		.uleb128 0x14
 870 0111 21       		.uleb128 0x21
 871 0112 00       		.byte	0
 872 0113 49       		.uleb128 0x49
 873 0114 13       		.uleb128 0x13
 874 0115 2F       		.uleb128 0x2f
 875 0116 0B       		.uleb128 0xb
 876 0117 00       		.byte	0
 877 0118 00       		.byte	0
 878 0119 15       		.uleb128 0x15
 879 011a 26       		.uleb128 0x26
 880 011b 00       		.byte	0
 881 011c 49       		.uleb128 0x49
 882 011d 13       		.uleb128 0x13
 883 011e 00       		.byte	0
 884 011f 00       		.byte	0
 885 0120 16       		.uleb128 0x16
 886 0121 34       		.uleb128 0x34
 887 0122 00       		.byte	0
 888 0123 03       		.uleb128 0x3
ARM GAS  C:\Users\agila\AppData\Local\Temp\ccgynjdI.s 			page 18


 889 0124 0E       		.uleb128 0xe
 890 0125 3A       		.uleb128 0x3a
 891 0126 0B       		.uleb128 0xb
 892 0127 3B       		.uleb128 0x3b
 893 0128 05       		.uleb128 0x5
 894 0129 49       		.uleb128 0x49
 895 012a 13       		.uleb128 0x13
 896 012b 3F       		.uleb128 0x3f
 897 012c 19       		.uleb128 0x19
 898 012d 3C       		.uleb128 0x3c
 899 012e 19       		.uleb128 0x19
 900 012f 00       		.byte	0
 901 0130 00       		.byte	0
 902 0131 17       		.uleb128 0x17
 903 0132 2E       		.uleb128 0x2e
 904 0133 00       		.byte	0
 905 0134 3F       		.uleb128 0x3f
 906 0135 19       		.uleb128 0x19
 907 0136 3C       		.uleb128 0x3c
 908 0137 19       		.uleb128 0x19
 909 0138 6E       		.uleb128 0x6e
 910 0139 0E       		.uleb128 0xe
 911 013a 03       		.uleb128 0x3
 912 013b 0E       		.uleb128 0xe
 913 013c 3A       		.uleb128 0x3a
 914 013d 0B       		.uleb128 0xb
 915 013e 3B       		.uleb128 0x3b
 916 013f 0B       		.uleb128 0xb
 917 0140 00       		.byte	0
 918 0141 00       		.byte	0
 919 0142 00       		.byte	0
 920              		.section	.debug_aranges,"",%progbits
 921 0000 1C000000 		.4byte	0x1c
 922 0004 0200     		.2byte	0x2
 923 0006 00000000 		.4byte	.Ldebug_info0
 924 000a 04       		.byte	0x4
 925 000b 00       		.byte	0
 926 000c 0000     		.2byte	0
 927 000e 0000     		.2byte	0
 928 0010 00000000 		.4byte	.LFB71
 929 0014 10000000 		.4byte	.LFE71-.LFB71
 930 0018 00000000 		.4byte	0
 931 001c 00000000 		.4byte	0
 932              		.section	.debug_ranges,"",%progbits
 933              	.Ldebug_ranges0:
 934 0000 00000000 		.4byte	.LFB71
 935 0004 10000000 		.4byte	.LFE71
 936 0008 00000000 		.4byte	0
 937 000c 00000000 		.4byte	0
 938              		.section	.debug_line,"",%progbits
 939              	.Ldebug_line0:
 940 0000 5C010000 		.section	.debug_str,"MS",%progbits,1
 940      02004301 
 940      00000201 
 940      FB0E0D00 
 940      01010101 
 941              	.LASF34:
ARM GAS  C:\Users\agila\AppData\Local\Temp\ccgynjdI.s 			page 19


 942 0000 6B696E64 		.ascii	"kind\000"
 942      00
 943              	.LASF41:
 944 0005 4B65726E 		.ascii	"Kernel_Context\000"
 944      656C5F43 
 944      6F6E7465 
 944      787400
 945              	.LASF63:
 946 0014 45455F72 		.ascii	"EE_rq_bitmask\000"
 946      715F6269 
 946      746D6173 
 946      6B00
 947              	.LASF14:
 948 0022 45455F55 		.ascii	"EE_UREG\000"
 948      52454700 
 949              	.LASF80:
 950 002a 45455F6F 		.ascii	"EE_oo_call_PreTaskHook\000"
 950      6F5F6361 
 950      6C6C5F50 
 950      72655461 
 950      736B486F 
 951              	.LASF23:
 952 0041 7469636B 		.ascii	"ticksperbase\000"
 952      73706572 
 952      62617365 
 952      00
 953              	.LASF52:
 954 004e 45455F54 		.ascii	"EE_TYPECONTEXT\000"
 954      59504543 
 954      4F4E5445 
 954      585400
 955              	.LASF64:
 956 005d 45455F74 		.ascii	"EE_th_event_active\000"
 956      685F6576 
 956      656E745F 
 956      61637469 
 956      766500
 957              	.LASF82:
 958 0070 74656D70 		.ascii	"temp\000"
 958      00
 959              	.LASF2:
 960 0075 73686F72 		.ascii	"short int\000"
 960      7420696E 
 960      7400
 961              	.LASF44:
 962 007f 4572726F 		.ascii	"ErrorHook_Context\000"
 962      72486F6F 
 962      6B5F436F 
 962      6E746578 
 962      7400
 963              	.LASF38:
 964 0091 64656C74 		.ascii	"delta\000"
 964      6100
 965              	.LASF33:
 966 0097 73706563 		.ascii	"spec_id\000"
 966      5F696400 
 967              	.LASF15:
ARM GAS  C:\Users\agila\AppData\Local\Temp\ccgynjdI.s 			page 20


 968 009f 45455F46 		.ascii	"EE_FREG\000"
 968      52454700 
 969              	.LASF77:
 970 00a7 443A5C57 		.ascii	"D:\\WS25\\AMAEOS\\Lab\\Lab3\\Lab 3 Task Description"
 970      5332355C 
 970      414D4145 
 970      4F535C4C 
 970      61625C4C 
 971 00d5 20616E64 		.ascii	" and Starting Code-20251209\\Lab3.cydsn\\TaskComms_"
 971      20537461 
 971      7274696E 
 971      6720436F 
 971      64652D32 
 972 0106 42756666 		.ascii	"Buffer.cydsn\000"
 972      65722E63 
 972      7964736E 
 972      00
 973              	.LASF32:
 974 0113 436F756E 		.ascii	"CounterObjectKindType\000"
 974      7465724F 
 974      626A6563 
 974      744B696E 
 974      64547970 
 975              	.LASF13:
 976 0129 45455F55 		.ascii	"EE_UINT32\000"
 976      494E5433 
 976      3200
 977              	.LASF83:
 978 0133 45455F68 		.ascii	"EE_hal_terminate_savestk\000"
 978      616C5F74 
 978      65726D69 
 978      6E617465 
 978      5F736176 
 979              	.LASF56:
 980 014c 45455F74 		.ascii	"EE_th_ready_prio\000"
 980      685F7265 
 980      6164795F 
 980      7072696F 
 980      00
 981              	.LASF43:
 982 015d 49535232 		.ascii	"ISR2_Context\000"
 982      5F436F6E 
 982      74657874 
 982      00
 983              	.LASF17:
 984 016a 45455F54 		.ascii	"EE_TID\000"
 984      494400
 985              	.LASF24:
 986 0171 6D696E63 		.ascii	"mincycle\000"
 986      79636C65 
 986      00
 987              	.LASF26:
 988 017a 76616C75 		.ascii	"value\000"
 988      6500
 989              	.LASF65:
 990 0180 45455F74 		.ascii	"EE_th_waswaiting\000"
 990      685F7761 
ARM GAS  C:\Users\agila\AppData\Local\Temp\ccgynjdI.s 			page 21


 990      73776169 
 990      74696E67 
 990      00
 991              	.LASF67:
 992 0191 45455F6F 		.ascii	"EE_oo_counter_object_ROM\000"
 992      6F5F636F 
 992      756E7465 
 992      725F6F62 
 992      6A656374 
 993              	.LASF31:
 994 01aa 45455F6F 		.ascii	"EE_oo_counter_object_kind_type\000"
 994      6F5F636F 
 994      756E7465 
 994      725F6F62 
 994      6A656374 
 995              	.LASF53:
 996 01c9 45455F49 		.ascii	"EE_IRQ_nesting_level\000"
 996      52515F6E 
 996      65737469 
 996      6E675F6C 
 996      6576656C 
 997              	.LASF71:
 998 01de 45455F6F 		.ascii	"EE_oo_IRQ_suspend_status\000"
 998      6F5F4952 
 998      515F7375 
 998      7370656E 
 998      645F7374 
 999              	.LASF28:
 1000 01f7 45455F6F 		.ascii	"EE_oo_counter_RAM_type\000"
 1000      6F5F636F 
 1000      756E7465 
 1000      725F5241 
 1000      4D5F7479 
 1001              	.LASF51:
 1002 020e 49646C65 		.ascii	"Idle_Context\000"
 1002      5F436F6E 
 1002      74657874 
 1002      00
 1003              	.LASF6:
 1004 021b 6C6F6E67 		.ascii	"long long int\000"
 1004      206C6F6E 
 1004      6720696E 
 1004      7400
 1005              	.LASF10:
 1006 0229 45455F49 		.ascii	"EE_INT8\000"
 1006      4E543800 
 1007              	.LASF76:
 1008 0231 47656E65 		.ascii	"Generated_Source\\PSoC5\\ErikaOS_ee_tstub.c\000"
 1008      72617465 
 1008      645F536F 
 1008      75726365 
 1008      5C50536F 
 1009              	.LASF18:
 1010 025b 45455F54 		.ascii	"EE_TYPE_RQ_MASK\000"
 1010      5950455F 
 1010      52515F4D 
 1010      41534B00 
ARM GAS  C:\Users\agila\AppData\Local\Temp\ccgynjdI.s 			page 22


 1011              	.LASF30:
 1012 026b 45455F53 		.ascii	"EE_SCHEDULETABLE\000"
 1012      43484544 
 1012      554C4554 
 1012      41424C45 
 1012      00
 1013              	.LASF4:
 1014 027c 6C6F6E67 		.ascii	"long int\000"
 1014      20696E74 
 1014      00
 1015              	.LASF22:
 1016 0285 6D617861 		.ascii	"maxallowedvalue\000"
 1016      6C6C6F77 
 1016      65647661 
 1016      6C756500 
 1017              	.LASF40:
 1018 0295 45455F6F 		.ascii	"EE_oo_counter_object_RAM_type\000"
 1018      6F5F636F 
 1018      756E7465 
 1018      725F6F62 
 1018      6A656374 
 1019              	.LASF25:
 1020 02b3 45455F6F 		.ascii	"EE_oo_counter_ROM_type\000"
 1020      6F5F636F 
 1020      756E7465 
 1020      725F524F 
 1020      4D5F7479 
 1021              	.LASF74:
 1022 02ca 45455F69 		.ascii	"EE_isr2_index\000"
 1022      7372325F 
 1022      696E6465 
 1022      7800
 1023              	.LASF78:
 1024 02d8 45455F61 		.ascii	"EE_as_set_execution_context\000"
 1024      735F7365 
 1024      745F6578 
 1024      65637574 
 1024      696F6E5F 
 1025              	.LASF19:
 1026 02f4 5469636B 		.ascii	"TickType\000"
 1026      54797065 
 1026      00
 1027              	.LASF62:
 1028 02fd 45455F73 		.ascii	"EE_sys_ceiling\000"
 1028      79735F63 
 1028      65696C69 
 1028      6E6700
 1029              	.LASF20:
 1030 030c 436F756E 		.ascii	"CounterObjectType\000"
 1030      7465724F 
 1030      626A6563 
 1030      74547970 
 1030      6500
 1031              	.LASF9:
 1032 031e 6C6F6E67 		.ascii	"long double\000"
 1032      20646F75 
 1032      626C6500 
ARM GAS  C:\Users\agila\AppData\Local\Temp\ccgynjdI.s 			page 23


 1033              	.LASF66:
 1034 032a 45455F63 		.ascii	"EE_counter_ROM\000"
 1034      6F756E74 
 1034      65725F52 
 1034      4F4D00
 1035              	.LASF49:
 1036 0339 53687574 		.ascii	"ShutdownHook_Context\000"
 1036      646F776E 
 1036      486F6F6B 
 1036      5F436F6E 
 1036      74657874 
 1037              	.LASF1:
 1038 034e 756E7369 		.ascii	"unsigned char\000"
 1038      676E6564 
 1038      20636861 
 1038      7200
 1039              	.LASF69:
 1040 035c 45455F6F 		.ascii	"EE_oo_counter_object_RAM\000"
 1040      6F5F636F 
 1040      756E7465 
 1040      725F6F62 
 1040      6A656374 
 1041              	.LASF0:
 1042 0375 7369676E 		.ascii	"signed char\000"
 1042      65642063 
 1042      68617200 
 1043              	.LASF7:
 1044 0381 6C6F6E67 		.ascii	"long long unsigned int\000"
 1044      206C6F6E 
 1044      6720756E 
 1044      7369676E 
 1044      65642069 
 1045              	.LASF79:
 1046 0398 45455F73 		.ascii	"EE_stk_queryfirst\000"
 1046      746B5F71 
 1046      75657279 
 1046      66697273 
 1046      7400
 1047              	.LASF8:
 1048 03aa 756E7369 		.ascii	"unsigned int\000"
 1048      676E6564 
 1048      20696E74 
 1048      00
 1049              	.LASF60:
 1050 03b7 45455F74 		.ascii	"EE_th_rnact\000"
 1050      685F726E 
 1050      61637400 
 1051              	.LASF54:
 1052 03c3 45455F73 		.ascii	"EE_std_endcycle_next_tid\000"
 1052      74645F65 
 1052      6E646379 
 1052      636C655F 
 1052      6E657874 
 1053              	.LASF12:
 1054 03dc 45455F49 		.ascii	"EE_INT32\000"
 1054      4E543332 
 1054      00
ARM GAS  C:\Users\agila\AppData\Local\Temp\ccgynjdI.s 			page 24


 1055              	.LASF42:
 1056 03e5 5441534B 		.ascii	"TASK_Context\000"
 1056      5F436F6E 
 1056      74657874 
 1056      00
 1057              	.LASF3:
 1058 03f2 73686F72 		.ascii	"short unsigned int\000"
 1058      7420756E 
 1058      7369676E 
 1058      65642069 
 1058      6E7400
 1059              	.LASF35:
 1060 0405 45455F6F 		.ascii	"EE_oo_counter_object_ROM_type\000"
 1060      6F5F636F 
 1060      756E7465 
 1060      725F6F62 
 1060      6A656374 
 1061              	.LASF11:
 1062 0423 45455F55 		.ascii	"EE_UINT16\000"
 1062      494E5431 
 1062      3600
 1063              	.LASF50:
 1064 042d 416C6172 		.ascii	"AlarmCallback_Context\000"
 1064      6D43616C 
 1064      6C626163 
 1064      6B5F436F 
 1064      6E746578 
 1065              	.LASF68:
 1066 0443 45455F63 		.ascii	"EE_counter_RAM\000"
 1066      6F756E74 
 1066      65725F52 
 1066      414D00
 1067              	.LASF72:
 1068 0452 45455F41 		.ascii	"EE_ApplicationMode\000"
 1068      70706C69 
 1068      63617469 
 1068      6F6E4D6F 
 1068      646500
 1069              	.LASF5:
 1070 0465 6C6F6E67 		.ascii	"long unsigned int\000"
 1070      20756E73 
 1070      69676E65 
 1070      6420696E 
 1070      7400
 1071              	.LASF16:
 1072 0477 45455F54 		.ascii	"EE_TYPEBOOL\000"
 1072      59504542 
 1072      4F4F4C00 
 1073              	.LASF61:
 1074 0483 45455F73 		.ascii	"EE_stkfirst\000"
 1074      746B6669 
 1074      72737400 
 1075              	.LASF45:
 1076 048f 50726F74 		.ascii	"ProtectionHook_Context\000"
 1076      65637469 
 1076      6F6E486F 
 1076      6F6B5F43 
ARM GAS  C:\Users\agila\AppData\Local\Temp\ccgynjdI.s 			page 25


 1076      6F6E7465 
 1077              	.LASF46:
 1078 04a6 50726554 		.ascii	"PreTaskHook_Context\000"
 1078      61736B48 
 1078      6F6F6B5F 
 1078      436F6E74 
 1078      65787400 
 1079              	.LASF29:
 1080 04ba 45455F41 		.ascii	"EE_ALARM\000"
 1080      4C41524D 
 1080      00
 1081              	.LASF47:
 1082 04c3 506F7374 		.ascii	"PostTaskHook_Context\000"
 1082      5461736B 
 1082      486F6F6B 
 1082      5F436F6E 
 1082      74657874 
 1083              	.LASF36:
 1084 04d8 75736564 		.ascii	"used\000"
 1084      00
 1085              	.LASF55:
 1086 04dd 73697A65 		.ascii	"sizetype\000"
 1086      74797065 
 1086      00
 1087              	.LASF21:
 1088 04e6 436F756E 		.ascii	"CounterType\000"
 1088      74657254 
 1088      79706500 
 1089              	.LASF58:
 1090 04f2 45455F74 		.ascii	"EE_th_status\000"
 1090      685F7374 
 1090      61747573 
 1090      00
 1091              	.LASF57:
 1092 04ff 45455F74 		.ascii	"EE_th_dispatch_prio\000"
 1092      685F6469 
 1092      73706174 
 1092      63685F70 
 1092      72696F00 
 1093              	.LASF59:
 1094 0513 45455F74 		.ascii	"EE_th_next\000"
 1094      685F6E65 
 1094      787400
 1095              	.LASF81:
 1096 051e 45455F6F 		.ascii	"EE_oo_thread_stub\000"
 1096      6F5F7468 
 1096      72656164 
 1096      5F737475 
 1096      6200
 1097              	.LASF75:
 1098 0530 474E5520 		.ascii	"GNU C11 5.4.1 20160609 (release) [ARM/embedded-5-br"
 1098      43313120 
 1098      352E342E 
 1098      31203230 
 1098      31363036 
 1099 0563 616E6368 		.ascii	"anch revision 237715] -mcpu=cortex-m3 -mthumb -g -O"
 1099      20726576 
ARM GAS  C:\Users\agila\AppData\Local\Temp\ccgynjdI.s 			page 26


 1099      6973696F 
 1099      6E203233 
 1099      37373135 
 1100 0596 67202D66 		.ascii	"g -ffunction-sections -ffat-lto-objects\000"
 1100      66756E63 
 1100      74696F6E 
 1100      2D736563 
 1100      74696F6E 
 1101              	.LASF37:
 1102 05be 636E7463 		.ascii	"cntcycle\000"
 1102      79636C65 
 1102      00
 1103              	.LASF70:
 1104 05c7 45455F6F 		.ascii	"EE_oo_IRQ_disable_count\000"
 1104      6F5F4952 
 1104      515F6469 
 1104      7361626C 
 1104      655F636F 
 1105              	.LASF48:
 1106 05df 53746172 		.ascii	"StartupHook_Context\000"
 1106      74757048 
 1106      6F6F6B5F 
 1106      436F6E74 
 1106      65787400 
 1107              	.LASF39:
 1108 05f3 6E657874 		.ascii	"next\000"
 1108      00
 1109              	.LASF73:
 1110 05f8 45455F72 		.ascii	"EE_rq_lookup\000"
 1110      715F6C6F 
 1110      6F6B7570 
 1110      00
 1111              	.LASF27:
 1112 0605 66697273 		.ascii	"first\000"
 1112      7400
 1113              		.ident	"GCC: (GNU Tools for ARM Embedded Processors) 5.4.1 20160609 (release) [ARM/embedded-5-bran
