ARM GAS  C:\Users\agila\AppData\Local\Temp\ccasovN8.s 			page 1


   1              		.syntax unified
   2              		.cpu cortex-m3
   3              		.fpu softvfp
   4              		.eabi_attribute 20, 1
   5              		.eabi_attribute 21, 1
   6              		.eabi_attribute 23, 3
   7              		.eabi_attribute 24, 1
   8              		.eabi_attribute 25, 1
   9              		.eabi_attribute 26, 1
  10              		.eabi_attribute 30, 1
  11              		.eabi_attribute 34, 1
  12              		.eabi_attribute 18, 4
  13              		.thumb
  14              		.syntax unified
  15              		.file	"ErikaOS_ee_lookup.c"
  16              		.text
  17              	.Ltext0:
  18              		.cfi_sections	.debug_frame
  19              		.global	EE_rq_lookup
  20              		.comm	EE_oo_IRQ_suspend_status,4,4
  21              		.comm	EE_oo_IRQ_disable_count,4,4
  22              		.section	.rodata
  23              		.align	2
  24              		.type	EE_rq_lookup, %object
  25              		.size	EE_rq_lookup, 256
  26              	EE_rq_lookup:
  27 0000 FF       		.byte	-1
  28 0001 00       		.byte	0
  29 0002 01       		.byte	1
  30 0003 01       		.byte	1
  31 0004 02       		.byte	2
  32 0005 02       		.byte	2
  33 0006 02       		.byte	2
  34 0007 02       		.byte	2
  35 0008 03       		.byte	3
  36 0009 03       		.byte	3
  37 000a 03       		.byte	3
  38 000b 03       		.byte	3
  39 000c 03       		.byte	3
  40 000d 03       		.byte	3
  41 000e 03       		.byte	3
  42 000f 03       		.byte	3
  43 0010 04       		.byte	4
  44 0011 04       		.byte	4
  45 0012 04       		.byte	4
  46 0013 04       		.byte	4
  47 0014 04       		.byte	4
  48 0015 04       		.byte	4
  49 0016 04       		.byte	4
  50 0017 04       		.byte	4
  51 0018 04       		.byte	4
  52 0019 04       		.byte	4
  53 001a 04       		.byte	4
  54 001b 04       		.byte	4
  55 001c 04       		.byte	4
  56 001d 04       		.byte	4
  57 001e 04       		.byte	4
ARM GAS  C:\Users\agila\AppData\Local\Temp\ccasovN8.s 			page 2


  58 001f 04       		.byte	4
  59 0020 05       		.byte	5
  60 0021 05       		.byte	5
  61 0022 05       		.byte	5
  62 0023 05       		.byte	5
  63 0024 05       		.byte	5
  64 0025 05       		.byte	5
  65 0026 05       		.byte	5
  66 0027 05       		.byte	5
  67 0028 05       		.byte	5
  68 0029 05       		.byte	5
  69 002a 05       		.byte	5
  70 002b 05       		.byte	5
  71 002c 05       		.byte	5
  72 002d 05       		.byte	5
  73 002e 05       		.byte	5
  74 002f 05       		.byte	5
  75 0030 05       		.byte	5
  76 0031 05       		.byte	5
  77 0032 05       		.byte	5
  78 0033 05       		.byte	5
  79 0034 05       		.byte	5
  80 0035 05       		.byte	5
  81 0036 05       		.byte	5
  82 0037 05       		.byte	5
  83 0038 05       		.byte	5
  84 0039 05       		.byte	5
  85 003a 05       		.byte	5
  86 003b 05       		.byte	5
  87 003c 05       		.byte	5
  88 003d 05       		.byte	5
  89 003e 05       		.byte	5
  90 003f 05       		.byte	5
  91 0040 06       		.byte	6
  92 0041 06       		.byte	6
  93 0042 06       		.byte	6
  94 0043 06       		.byte	6
  95 0044 06       		.byte	6
  96 0045 06       		.byte	6
  97 0046 06       		.byte	6
  98 0047 06       		.byte	6
  99 0048 06       		.byte	6
 100 0049 06       		.byte	6
 101 004a 06       		.byte	6
 102 004b 06       		.byte	6
 103 004c 06       		.byte	6
 104 004d 06       		.byte	6
 105 004e 06       		.byte	6
 106 004f 06       		.byte	6
 107 0050 06       		.byte	6
 108 0051 06       		.byte	6
 109 0052 06       		.byte	6
 110 0053 06       		.byte	6
 111 0054 06       		.byte	6
 112 0055 06       		.byte	6
 113 0056 06       		.byte	6
 114 0057 06       		.byte	6
ARM GAS  C:\Users\agila\AppData\Local\Temp\ccasovN8.s 			page 3


 115 0058 06       		.byte	6
 116 0059 06       		.byte	6
 117 005a 06       		.byte	6
 118 005b 06       		.byte	6
 119 005c 06       		.byte	6
 120 005d 06       		.byte	6
 121 005e 06       		.byte	6
 122 005f 06       		.byte	6
 123 0060 06       		.byte	6
 124 0061 06       		.byte	6
 125 0062 06       		.byte	6
 126 0063 06       		.byte	6
 127 0064 06       		.byte	6
 128 0065 06       		.byte	6
 129 0066 06       		.byte	6
 130 0067 06       		.byte	6
 131 0068 06       		.byte	6
 132 0069 06       		.byte	6
 133 006a 06       		.byte	6
 134 006b 06       		.byte	6
 135 006c 06       		.byte	6
 136 006d 06       		.byte	6
 137 006e 06       		.byte	6
 138 006f 06       		.byte	6
 139 0070 06       		.byte	6
 140 0071 06       		.byte	6
 141 0072 06       		.byte	6
 142 0073 06       		.byte	6
 143 0074 06       		.byte	6
 144 0075 06       		.byte	6
 145 0076 06       		.byte	6
 146 0077 06       		.byte	6
 147 0078 06       		.byte	6
 148 0079 06       		.byte	6
 149 007a 06       		.byte	6
 150 007b 06       		.byte	6
 151 007c 06       		.byte	6
 152 007d 06       		.byte	6
 153 007e 06       		.byte	6
 154 007f 06       		.byte	6
 155 0080 07       		.byte	7
 156 0081 07       		.byte	7
 157 0082 07       		.byte	7
 158 0083 07       		.byte	7
 159 0084 07       		.byte	7
 160 0085 07       		.byte	7
 161 0086 07       		.byte	7
 162 0087 07       		.byte	7
 163 0088 07       		.byte	7
 164 0089 07       		.byte	7
 165 008a 07       		.byte	7
 166 008b 07       		.byte	7
 167 008c 07       		.byte	7
 168 008d 07       		.byte	7
 169 008e 07       		.byte	7
 170 008f 07       		.byte	7
 171 0090 07       		.byte	7
ARM GAS  C:\Users\agila\AppData\Local\Temp\ccasovN8.s 			page 4


 172 0091 07       		.byte	7
 173 0092 07       		.byte	7
 174 0093 07       		.byte	7
 175 0094 07       		.byte	7
 176 0095 07       		.byte	7
 177 0096 07       		.byte	7
 178 0097 07       		.byte	7
 179 0098 07       		.byte	7
 180 0099 07       		.byte	7
 181 009a 07       		.byte	7
 182 009b 07       		.byte	7
 183 009c 07       		.byte	7
 184 009d 07       		.byte	7
 185 009e 07       		.byte	7
 186 009f 07       		.byte	7
 187 00a0 07       		.byte	7
 188 00a1 07       		.byte	7
 189 00a2 07       		.byte	7
 190 00a3 07       		.byte	7
 191 00a4 07       		.byte	7
 192 00a5 07       		.byte	7
 193 00a6 07       		.byte	7
 194 00a7 07       		.byte	7
 195 00a8 07       		.byte	7
 196 00a9 07       		.byte	7
 197 00aa 07       		.byte	7
 198 00ab 07       		.byte	7
 199 00ac 07       		.byte	7
 200 00ad 07       		.byte	7
 201 00ae 07       		.byte	7
 202 00af 07       		.byte	7
 203 00b0 07       		.byte	7
 204 00b1 07       		.byte	7
 205 00b2 07       		.byte	7
 206 00b3 07       		.byte	7
 207 00b4 07       		.byte	7
 208 00b5 07       		.byte	7
 209 00b6 07       		.byte	7
 210 00b7 07       		.byte	7
 211 00b8 07       		.byte	7
 212 00b9 07       		.byte	7
 213 00ba 07       		.byte	7
 214 00bb 07       		.byte	7
 215 00bc 07       		.byte	7
 216 00bd 07       		.byte	7
 217 00be 07       		.byte	7
 218 00bf 07       		.byte	7
 219 00c0 07       		.byte	7
 220 00c1 07       		.byte	7
 221 00c2 07       		.byte	7
 222 00c3 07       		.byte	7
 223 00c4 07       		.byte	7
 224 00c5 07       		.byte	7
 225 00c6 07       		.byte	7
 226 00c7 07       		.byte	7
 227 00c8 07       		.byte	7
 228 00c9 07       		.byte	7
ARM GAS  C:\Users\agila\AppData\Local\Temp\ccasovN8.s 			page 5


 229 00ca 07       		.byte	7
 230 00cb 07       		.byte	7
 231 00cc 07       		.byte	7
 232 00cd 07       		.byte	7
 233 00ce 07       		.byte	7
 234 00cf 07       		.byte	7
 235 00d0 07       		.byte	7
 236 00d1 07       		.byte	7
 237 00d2 07       		.byte	7
 238 00d3 07       		.byte	7
 239 00d4 07       		.byte	7
 240 00d5 07       		.byte	7
 241 00d6 07       		.byte	7
 242 00d7 07       		.byte	7
 243 00d8 07       		.byte	7
 244 00d9 07       		.byte	7
 245 00da 07       		.byte	7
 246 00db 07       		.byte	7
 247 00dc 07       		.byte	7
 248 00dd 07       		.byte	7
 249 00de 07       		.byte	7
 250 00df 07       		.byte	7
 251 00e0 07       		.byte	7
 252 00e1 07       		.byte	7
 253 00e2 07       		.byte	7
 254 00e3 07       		.byte	7
 255 00e4 07       		.byte	7
 256 00e5 07       		.byte	7
 257 00e6 07       		.byte	7
 258 00e7 07       		.byte	7
 259 00e8 07       		.byte	7
 260 00e9 07       		.byte	7
 261 00ea 07       		.byte	7
 262 00eb 07       		.byte	7
 263 00ec 07       		.byte	7
 264 00ed 07       		.byte	7
 265 00ee 07       		.byte	7
 266 00ef 07       		.byte	7
 267 00f0 07       		.byte	7
 268 00f1 07       		.byte	7
 269 00f2 07       		.byte	7
 270 00f3 07       		.byte	7
 271 00f4 07       		.byte	7
 272 00f5 07       		.byte	7
 273 00f6 07       		.byte	7
 274 00f7 07       		.byte	7
 275 00f8 07       		.byte	7
 276 00f9 07       		.byte	7
 277 00fa 07       		.byte	7
 278 00fb 07       		.byte	7
 279 00fc 07       		.byte	7
 280 00fd 07       		.byte	7
 281 00fe 07       		.byte	7
 282 00ff 07       		.byte	7
 283              		.text
 284              	.Letext0:
 285              		.file 1 "Generated_Source\\PSoC5\\ErikaOS_common_ee_types.inc"
ARM GAS  C:\Users\agila\AppData\Local\Temp\ccasovN8.s 			page 6


 286              		.file 2 "Generated_Source\\PSoC5\\ErikaOS_cortex_mx_ee_cpu.inc"
 287              		.file 3 "Generated_Source\\PSoC5\\ErikaOS_ee_oo_common.inc"
 288              		.file 4 "Generated_Source\\PSoC5\\ErikaOS_common_ee_primitives.inc"
 289              		.file 5 "Generated_Source\\PSoC5\\ErikaOS_cortex_mx_ee_context.inc"
 290              		.file 6 "Generated_Source\\PSoC5\\ErikaOS_ee_lookup.c"
 291              		.file 7 "Generated_Source\\PSoC5\\ErikaOS_ee_oo_intfunc.inc"
 292              		.file 8 "Generated_Source\\PSoC5\\ErikaOS_ee_oo_internal.inc"
 293              		.section	.debug_info,"",%progbits
 294              	.Ldebug_info0:
 295 0000 D8030000 		.4byte	0x3d8
 296 0004 0400     		.2byte	0x4
 297 0006 00000000 		.4byte	.Ldebug_abbrev0
 298 000a 04       		.byte	0x4
 299 000b 01       		.uleb128 0x1
 300 000c FA030000 		.4byte	.LASF63
 301 0010 0C       		.byte	0xc
 302 0011 A3030000 		.4byte	.LASF64
 303 0015 75000000 		.4byte	.LASF65
 304 0019 00000000 		.4byte	.Ldebug_line0
 305 001d 02       		.uleb128 0x2
 306 001e 01       		.byte	0x1
 307 001f 06       		.byte	0x6
 308 0020 B0020000 		.4byte	.LASF0
 309 0024 02       		.uleb128 0x2
 310 0025 01       		.byte	0x1
 311 0026 08       		.byte	0x8
 312 0027 7D020000 		.4byte	.LASF1
 313 002b 02       		.uleb128 0x2
 314 002c 02       		.byte	0x2
 315 002d 05       		.byte	0x5
 316 002e 4C000000 		.4byte	.LASF2
 317 0032 02       		.uleb128 0x2
 318 0033 02       		.byte	0x2
 319 0034 07       		.byte	0x7
 320 0035 0E030000 		.4byte	.LASF3
 321 0039 02       		.uleb128 0x2
 322 003a 04       		.byte	0x4
 323 003b 05       		.byte	0x5
 324 003c DC010000 		.4byte	.LASF4
 325 0040 02       		.uleb128 0x2
 326 0041 04       		.byte	0x4
 327 0042 07       		.byte	0x7
 328 0043 6B030000 		.4byte	.LASF5
 329 0047 02       		.uleb128 0x2
 330 0048 08       		.byte	0x8
 331 0049 05       		.byte	0x5
 332 004a 8C010000 		.4byte	.LASF6
 333 004e 02       		.uleb128 0x2
 334 004f 08       		.byte	0x8
 335 0050 07       		.byte	0x7
 336 0051 BC020000 		.4byte	.LASF7
 337 0055 03       		.uleb128 0x3
 338 0056 04       		.byte	0x4
 339 0057 05       		.byte	0x5
 340 0058 696E7400 		.ascii	"int\000"
 341 005c 02       		.uleb128 0x2
 342 005d 04       		.byte	0x4
ARM GAS  C:\Users\agila\AppData\Local\Temp\ccasovN8.s 			page 7


 343 005e 07       		.byte	0x7
 344 005f D3020000 		.4byte	.LASF8
 345 0063 02       		.uleb128 0x2
 346 0064 08       		.byte	0x8
 347 0065 04       		.byte	0x4
 348 0066 62020000 		.4byte	.LASF9
 349 006a 04       		.uleb128 0x4
 350 006b 9A010000 		.4byte	.LASF10
 351 006f 01       		.byte	0x1
 352 0070 3F       		.byte	0x3f
 353 0071 1D000000 		.4byte	0x1d
 354 0075 04       		.uleb128 0x4
 355 0076 3F030000 		.4byte	.LASF11
 356 007a 01       		.byte	0x1
 357 007b 52       		.byte	0x52
 358 007c 32000000 		.4byte	0x32
 359 0080 04       		.uleb128 0x4
 360 0081 05030000 		.4byte	.LASF12
 361 0085 01       		.byte	0x1
 362 0086 53       		.byte	0x53
 363 0087 55000000 		.4byte	0x55
 364 008b 04       		.uleb128 0x4
 365 008c F7000000 		.4byte	.LASF13
 366 0090 01       		.byte	0x1
 367 0091 54       		.byte	0x54
 368 0092 5C000000 		.4byte	0x5c
 369 0096 04       		.uleb128 0x4
 370 0097 13000000 		.4byte	.LASF14
 371 009b 02       		.byte	0x2
 372 009c 4D       		.byte	0x4d
 373 009d 8B000000 		.4byte	0x8b
 374 00a1 04       		.uleb128 0x4
 375 00a2 6D000000 		.4byte	.LASF15
 376 00a6 02       		.byte	0x2
 377 00a7 4F       		.byte	0x4f
 378 00a8 8B000000 		.4byte	0x8b
 379 00ac 04       		.uleb128 0x4
 380 00ad 7D030000 		.4byte	.LASF16
 381 00b1 02       		.byte	0x2
 382 00b2 54       		.byte	0x54
 383 00b3 96000000 		.4byte	0x96
 384 00b7 04       		.uleb128 0x4
 385 00b8 12010000 		.4byte	.LASF17
 386 00bc 02       		.byte	0x2
 387 00bd 78       		.byte	0x78
 388 00be 80000000 		.4byte	0x80
 389 00c2 05       		.uleb128 0x5
 390 00c3 BB010000 		.4byte	.LASF18
 391 00c7 03       		.byte	0x3
 392 00c8 1101     		.2byte	0x111
 393 00ca 75000000 		.4byte	0x75
 394 00ce 05       		.uleb128 0x5
 395 00cf 38020000 		.4byte	.LASF19
 396 00d3 03       		.byte	0x3
 397 00d4 3502     		.2byte	0x235
 398 00d6 96000000 		.4byte	0x96
 399 00da 05       		.uleb128 0x5
ARM GAS  C:\Users\agila\AppData\Local\Temp\ccasovN8.s 			page 8


 400 00db 50020000 		.4byte	.LASF20
 401 00df 03       		.byte	0x3
 402 00e0 5D02     		.2byte	0x25d
 403 00e2 96000000 		.4byte	0x96
 404 00e6 05       		.uleb128 0x5
 405 00e7 A4020000 		.4byte	.LASF21
 406 00eb 03       		.byte	0x3
 407 00ec 6C02     		.2byte	0x26c
 408 00ee 96000000 		.4byte	0x96
 409 00f2 06       		.uleb128 0x6
 410 00f3 0C       		.byte	0xc
 411 00f4 03       		.byte	0x3
 412 00f5 7202     		.2byte	0x272
 413 00f7 23010000 		.4byte	0x123
 414 00fb 07       		.uleb128 0x7
 415 00fc E5010000 		.4byte	.LASF22
 416 0100 03       		.byte	0x3
 417 0101 7302     		.2byte	0x273
 418 0103 CE000000 		.4byte	0xce
 419 0107 00       		.byte	0
 420 0108 07       		.uleb128 0x7
 421 0109 1B000000 		.4byte	.LASF23
 422 010d 03       		.byte	0x3
 423 010e 7402     		.2byte	0x274
 424 0110 CE000000 		.4byte	0xce
 425 0114 04       		.byte	0x4
 426 0115 07       		.uleb128 0x7
 427 0116 19010000 		.4byte	.LASF24
 428 011a 03       		.byte	0x3
 429 011b 7502     		.2byte	0x275
 430 011d CE000000 		.4byte	0xce
 431 0121 08       		.byte	0x8
 432 0122 00       		.byte	0
 433 0123 05       		.uleb128 0x5
 434 0124 13020000 		.4byte	.LASF25
 435 0128 03       		.byte	0x3
 436 0129 7A02     		.2byte	0x27a
 437 012b F2000000 		.4byte	0xf2
 438 012f 06       		.uleb128 0x6
 439 0130 08       		.byte	0x8
 440 0131 03       		.byte	0x3
 441 0132 7D02     		.2byte	0x27d
 442 0134 53010000 		.4byte	0x153
 443 0138 07       		.uleb128 0x7
 444 0139 22010000 		.4byte	.LASF26
 445 013d 03       		.byte	0x3
 446 013e 7E02     		.2byte	0x27e
 447 0140 CE000000 		.4byte	0xce
 448 0144 00       		.byte	0
 449 0145 07       		.uleb128 0x7
 450 0146 BB040000 		.4byte	.LASF27
 451 014a 03       		.byte	0x3
 452 014b 7F02     		.2byte	0x27f
 453 014d DA000000 		.4byte	0xda
 454 0151 04       		.byte	0x4
 455 0152 00       		.byte	0
 456 0153 05       		.uleb128 0x5
ARM GAS  C:\Users\agila\AppData\Local\Temp\ccasovN8.s 			page 9


 457 0154 75010000 		.4byte	.LASF28
 458 0158 03       		.byte	0x3
 459 0159 8002     		.2byte	0x280
 460 015b 2F010000 		.4byte	0x12f
 461 015f 08       		.uleb128 0x8
 462 0160 01       		.byte	0x1
 463 0161 24000000 		.4byte	0x24
 464 0165 03       		.byte	0x3
 465 0166 8A02     		.2byte	0x28a
 466 0168 79010000 		.4byte	0x179
 467 016c 09       		.uleb128 0x9
 468 016d 95030000 		.4byte	.LASF29
 469 0171 00       		.byte	0
 470 0172 09       		.uleb128 0x9
 471 0173 CB010000 		.4byte	.LASF30
 472 0177 01       		.byte	0x1
 473 0178 00       		.byte	0
 474 0179 05       		.uleb128 0x5
 475 017a 41010000 		.4byte	.LASF31
 476 017e 03       		.byte	0x3
 477 017f 8D02     		.2byte	0x28d
 478 0181 5F010000 		.4byte	0x15f
 479 0185 05       		.uleb128 0x5
 480 0186 E1000000 		.4byte	.LASF32
 481 018a 03       		.byte	0x3
 482 018b 9002     		.2byte	0x290
 483 018d 79010000 		.4byte	0x179
 484 0191 06       		.uleb128 0x6
 485 0192 0C       		.byte	0xc
 486 0193 03       		.byte	0x3
 487 0194 9402     		.2byte	0x294
 488 0196 C0010000 		.4byte	0x1c0
 489 019a 0A       		.uleb128 0xa
 490 019b 6300     		.ascii	"c\000"
 491 019d 03       		.byte	0x3
 492 019e 9602     		.2byte	0x296
 493 01a0 E6000000 		.4byte	0xe6
 494 01a4 00       		.byte	0
 495 01a5 07       		.uleb128 0x7
 496 01a6 65000000 		.4byte	.LASF33
 497 01aa 03       		.byte	0x3
 498 01ab 9802     		.2byte	0x298
 499 01ad DA000000 		.4byte	0xda
 500 01b1 04       		.byte	0x4
 501 01b2 07       		.uleb128 0x7
 502 01b3 00000000 		.4byte	.LASF34
 503 01b7 03       		.byte	0x3
 504 01b8 9A02     		.2byte	0x29a
 505 01ba 85010000 		.4byte	0x185
 506 01be 08       		.byte	0x8
 507 01bf 00       		.byte	0
 508 01c0 05       		.uleb128 0x5
 509 01c1 21030000 		.4byte	.LASF35
 510 01c5 03       		.byte	0x3
 511 01c6 9B02     		.2byte	0x29b
 512 01c8 91010000 		.4byte	0x191
 513 01cc 06       		.uleb128 0x6
ARM GAS  C:\Users\agila\AppData\Local\Temp\ccasovN8.s 			page 10


 514 01cd 10       		.byte	0x10
 515 01ce 03       		.byte	0x3
 516 01cf 9F02     		.2byte	0x29f
 517 01d1 0A020000 		.4byte	0x20a
 518 01d5 07       		.uleb128 0x7
 519 01d6 9E030000 		.4byte	.LASF36
 520 01da 03       		.byte	0x3
 521 01db A002     		.2byte	0x2a0
 522 01dd AC000000 		.4byte	0xac
 523 01e1 00       		.byte	0
 524 01e2 07       		.uleb128 0x7
 525 01e3 88040000 		.4byte	.LASF37
 526 01e7 03       		.byte	0x3
 527 01e8 A102     		.2byte	0x2a1
 528 01ea CE000000 		.4byte	0xce
 529 01ee 04       		.byte	0x4
 530 01ef 07       		.uleb128 0x7
 531 01f0 5F000000 		.4byte	.LASF38
 532 01f4 03       		.byte	0x3
 533 01f5 A202     		.2byte	0x2a2
 534 01f7 CE000000 		.4byte	0xce
 535 01fb 08       		.byte	0x8
 536 01fc 07       		.uleb128 0x7
 537 01fd A9040000 		.4byte	.LASF39
 538 0201 03       		.byte	0x3
 539 0202 A302     		.2byte	0x2a3
 540 0204 DA000000 		.4byte	0xda
 541 0208 0C       		.byte	0xc
 542 0209 00       		.byte	0
 543 020a 05       		.uleb128 0x5
 544 020b F5010000 		.4byte	.LASF40
 545 020f 03       		.byte	0x3
 546 0210 A402     		.2byte	0x2a4
 547 0212 CC010000 		.4byte	0x1cc
 548 0216 0B       		.uleb128 0xb
 549 0217 60010000 		.4byte	.LASF41
 550 021b 04       		.byte	0x4
 551 021c 44       		.byte	0x44
 552 021d 96000000 		.4byte	0x96
 553 0221 0B       		.uleb128 0xb
 554 0222 EC020000 		.4byte	.LASF42
 555 0226 05       		.byte	0x5
 556 0227 48       		.byte	0x48
 557 0228 B7000000 		.4byte	0xb7
 558 022c 0C       		.uleb128 0xc
 559 022d 43020000 		.4byte	0x243
 560 0231 3C020000 		.4byte	0x23c
 561 0235 0D       		.uleb128 0xd
 562 0236 3C020000 		.4byte	0x23c
 563 023a 04       		.byte	0x4
 564 023b 00       		.byte	0
 565 023c 02       		.uleb128 0x2
 566 023d 04       		.byte	0x4
 567 023e 07       		.byte	0x7
 568 023f 56000000 		.4byte	.LASF43
 569 0243 0E       		.uleb128 0xe
 570 0244 96000000 		.4byte	0x96
ARM GAS  C:\Users\agila\AppData\Local\Temp\ccasovN8.s 			page 11


 571 0248 0B       		.uleb128 0xb
 572 0249 01010000 		.4byte	.LASF44
 573 024d 03       		.byte	0x3
 574 024e B2       		.byte	0xb2
 575 024f 53020000 		.4byte	0x253
 576 0253 0E       		.uleb128 0xe
 577 0254 2C020000 		.4byte	0x22c
 578 0258 0B       		.uleb128 0xb
 579 0259 DB030000 		.4byte	.LASF45
 580 025d 03       		.byte	0x3
 581 025e B3       		.byte	0xb3
 582 025f 63020000 		.4byte	0x263
 583 0263 0E       		.uleb128 0xe
 584 0264 2C020000 		.4byte	0x22c
 585 0268 0C       		.uleb128 0xc
 586 0269 96000000 		.4byte	0x96
 587 026d 78020000 		.4byte	0x278
 588 0271 0D       		.uleb128 0xd
 589 0272 3C020000 		.4byte	0x23c
 590 0276 04       		.byte	0x4
 591 0277 00       		.byte	0
 592 0278 0B       		.uleb128 0xb
 593 0279 CE030000 		.4byte	.LASF46
 594 027d 03       		.byte	0x3
 595 027e CA       		.byte	0xca
 596 027f 68020000 		.4byte	0x268
 597 0283 0C       		.uleb128 0xc
 598 0284 B7000000 		.4byte	0xb7
 599 0288 93020000 		.4byte	0x293
 600 028c 0D       		.uleb128 0xd
 601 028d 3C020000 		.4byte	0x23c
 602 0291 04       		.byte	0x4
 603 0292 00       		.byte	0
 604 0293 0B       		.uleb128 0xb
 605 0294 EF030000 		.4byte	.LASF47
 606 0298 03       		.byte	0x3
 607 0299 D2       		.byte	0xd2
 608 029a 83020000 		.4byte	0x283
 609 029e 0B       		.uleb128 0xb
 610 029f E0020000 		.4byte	.LASF48
 611 02a3 03       		.byte	0x3
 612 02a4 DA       		.byte	0xda
 613 02a5 68020000 		.4byte	0x268
 614 02a9 0B       		.uleb128 0xb
 615 02aa 89030000 		.4byte	.LASF49
 616 02ae 03       		.byte	0x3
 617 02af E2       		.byte	0xe2
 618 02b0 B7000000 		.4byte	0xb7
 619 02b4 0B       		.uleb128 0xb
 620 02b5 41020000 		.4byte	.LASF50
 621 02b9 03       		.byte	0x3
 622 02ba F7       		.byte	0xf7
 623 02bb 96000000 		.4byte	0x96
 624 02bf 0F       		.uleb128 0xf
 625 02c0 05000000 		.4byte	.LASF51
 626 02c4 03       		.byte	0x3
 627 02c5 3F01     		.2byte	0x13f
ARM GAS  C:\Users\agila\AppData\Local\Temp\ccasovN8.s 			page 12


 628 02c7 C2000000 		.4byte	0xc2
 629 02cb 0F       		.uleb128 0xf
 630 02cc 28000000 		.4byte	.LASF52
 631 02d0 03       		.byte	0x3
 632 02d1 5C01     		.2byte	0x15c
 633 02d3 68020000 		.4byte	0x268
 634 02d7 0C       		.uleb128 0xc
 635 02d8 AC000000 		.4byte	0xac
 636 02dc E7020000 		.4byte	0x2e7
 637 02e0 0D       		.uleb128 0xd
 638 02e1 3C020000 		.4byte	0x23c
 639 02e5 04       		.byte	0x4
 640 02e6 00       		.byte	0
 641 02e7 0F       		.uleb128 0xf
 642 02e8 3B000000 		.4byte	.LASF53
 643 02ec 03       		.byte	0x3
 644 02ed 6701     		.2byte	0x167
 645 02ef D7020000 		.4byte	0x2d7
 646 02f3 0C       		.uleb128 0xc
 647 02f4 03030000 		.4byte	0x303
 648 02f8 03030000 		.4byte	0x303
 649 02fc 0D       		.uleb128 0xd
 650 02fd 3C020000 		.4byte	0x23c
 651 0301 00       		.byte	0
 652 0302 00       		.byte	0
 653 0303 0E       		.uleb128 0xe
 654 0304 23010000 		.4byte	0x123
 655 0308 0F       		.uleb128 0xf
 656 0309 6E020000 		.4byte	.LASF54
 657 030d 03       		.byte	0x3
 658 030e CA02     		.2byte	0x2ca
 659 0310 14030000 		.4byte	0x314
 660 0314 0E       		.uleb128 0xe
 661 0315 F3020000 		.4byte	0x2f3
 662 0319 0C       		.uleb128 0xc
 663 031a 29030000 		.4byte	0x329
 664 031e 29030000 		.4byte	0x329
 665 0322 0D       		.uleb128 0xd
 666 0323 3C020000 		.4byte	0x23c
 667 0327 00       		.byte	0
 668 0328 00       		.byte	0
 669 0329 0E       		.uleb128 0xe
 670 032a C0010000 		.4byte	0x1c0
 671 032e 0F       		.uleb128 0xf
 672 032f 28010000 		.4byte	.LASF55
 673 0333 03       		.byte	0x3
 674 0334 DD02     		.2byte	0x2dd
 675 0336 3A030000 		.4byte	0x33a
 676 033a 0E       		.uleb128 0xe
 677 033b 19030000 		.4byte	0x319
 678 033f 0C       		.uleb128 0xc
 679 0340 53010000 		.4byte	0x153
 680 0344 4F030000 		.4byte	0x34f
 681 0348 0D       		.uleb128 0xd
 682 0349 3C020000 		.4byte	0x23c
 683 034d 00       		.byte	0
 684 034e 00       		.byte	0
ARM GAS  C:\Users\agila\AppData\Local\Temp\ccasovN8.s 			page 13


 685 034f 0F       		.uleb128 0xf
 686 0350 49030000 		.4byte	.LASF56
 687 0354 03       		.byte	0x3
 688 0355 FB02     		.2byte	0x2fb
 689 0357 3F030000 		.4byte	0x33f
 690 035b 0C       		.uleb128 0xc
 691 035c 0A020000 		.4byte	0x20a
 692 0360 6B030000 		.4byte	0x36b
 693 0364 0D       		.uleb128 0xd
 694 0365 3C020000 		.4byte	0x23c
 695 0369 00       		.byte	0
 696 036a 00       		.byte	0
 697 036b 0F       		.uleb128 0xf
 698 036c 8B020000 		.4byte	.LASF57
 699 0370 03       		.byte	0x3
 700 0371 0403     		.2byte	0x304
 701 0373 5B030000 		.4byte	0x35b
 702 0377 10       		.uleb128 0x10
 703 0378 91040000 		.4byte	.LASF58
 704 037c 06       		.byte	0x6
 705 037d 41       		.byte	0x41
 706 037e 96000000 		.4byte	0x96
 707 0382 05       		.uleb128 0x5
 708 0383 03       		.byte	0x3
 709 0384 00000000 		.4byte	EE_oo_IRQ_disable_count
 710 0388 10       		.uleb128 0x10
 711 0389 A2010000 		.4byte	.LASF59
 712 038d 06       		.byte	0x6
 713 038e 48       		.byte	0x48
 714 038f A1000000 		.4byte	0xa1
 715 0393 05       		.uleb128 0x5
 716 0394 03       		.byte	0x3
 717 0395 00000000 		.4byte	EE_oo_IRQ_suspend_status
 718 0399 0B       		.uleb128 0xb
 719 039a 58030000 		.4byte	.LASF60
 720 039e 07       		.byte	0x7
 721 039f 4A       		.byte	0x4a
 722 03a0 96000000 		.4byte	0x96
 723 03a4 0C       		.uleb128 0xc
 724 03a5 B4030000 		.4byte	0x3b4
 725 03a9 B4030000 		.4byte	0x3b4
 726 03ad 0D       		.uleb128 0xd
 727 03ae 3C020000 		.4byte	0x23c
 728 03b2 FF       		.byte	0xff
 729 03b3 00       		.byte	0
 730 03b4 0E       		.uleb128 0xe
 731 03b5 6A000000 		.4byte	0x6a
 732 03b9 10       		.uleb128 0x10
 733 03ba AE040000 		.4byte	.LASF61
 734 03be 06       		.byte	0x6
 735 03bf 51       		.byte	0x51
 736 03c0 CA030000 		.4byte	0x3ca
 737 03c4 05       		.uleb128 0x5
 738 03c5 03       		.byte	0x3
 739 03c6 00000000 		.4byte	EE_rq_lookup
 740 03ca 0E       		.uleb128 0xe
 741 03cb A4030000 		.4byte	0x3a4
ARM GAS  C:\Users\agila\AppData\Local\Temp\ccasovN8.s 			page 14


 742 03cf 0F       		.uleb128 0xf
 743 03d0 2A020000 		.4byte	.LASF62
 744 03d4 08       		.byte	0x8
 745 03d5 1602     		.2byte	0x216
 746 03d7 96000000 		.4byte	0x96
 747 03db 00       		.byte	0
 748              		.section	.debug_abbrev,"",%progbits
 749              	.Ldebug_abbrev0:
 750 0000 01       		.uleb128 0x1
 751 0001 11       		.uleb128 0x11
 752 0002 01       		.byte	0x1
 753 0003 25       		.uleb128 0x25
 754 0004 0E       		.uleb128 0xe
 755 0005 13       		.uleb128 0x13
 756 0006 0B       		.uleb128 0xb
 757 0007 03       		.uleb128 0x3
 758 0008 0E       		.uleb128 0xe
 759 0009 1B       		.uleb128 0x1b
 760 000a 0E       		.uleb128 0xe
 761 000b 10       		.uleb128 0x10
 762 000c 17       		.uleb128 0x17
 763 000d 00       		.byte	0
 764 000e 00       		.byte	0
 765 000f 02       		.uleb128 0x2
 766 0010 24       		.uleb128 0x24
 767 0011 00       		.byte	0
 768 0012 0B       		.uleb128 0xb
 769 0013 0B       		.uleb128 0xb
 770 0014 3E       		.uleb128 0x3e
 771 0015 0B       		.uleb128 0xb
 772 0016 03       		.uleb128 0x3
 773 0017 0E       		.uleb128 0xe
 774 0018 00       		.byte	0
 775 0019 00       		.byte	0
 776 001a 03       		.uleb128 0x3
 777 001b 24       		.uleb128 0x24
 778 001c 00       		.byte	0
 779 001d 0B       		.uleb128 0xb
 780 001e 0B       		.uleb128 0xb
 781 001f 3E       		.uleb128 0x3e
 782 0020 0B       		.uleb128 0xb
 783 0021 03       		.uleb128 0x3
 784 0022 08       		.uleb128 0x8
 785 0023 00       		.byte	0
 786 0024 00       		.byte	0
 787 0025 04       		.uleb128 0x4
 788 0026 16       		.uleb128 0x16
 789 0027 00       		.byte	0
 790 0028 03       		.uleb128 0x3
 791 0029 0E       		.uleb128 0xe
 792 002a 3A       		.uleb128 0x3a
 793 002b 0B       		.uleb128 0xb
 794 002c 3B       		.uleb128 0x3b
 795 002d 0B       		.uleb128 0xb
 796 002e 49       		.uleb128 0x49
 797 002f 13       		.uleb128 0x13
 798 0030 00       		.byte	0
ARM GAS  C:\Users\agila\AppData\Local\Temp\ccasovN8.s 			page 15


 799 0031 00       		.byte	0
 800 0032 05       		.uleb128 0x5
 801 0033 16       		.uleb128 0x16
 802 0034 00       		.byte	0
 803 0035 03       		.uleb128 0x3
 804 0036 0E       		.uleb128 0xe
 805 0037 3A       		.uleb128 0x3a
 806 0038 0B       		.uleb128 0xb
 807 0039 3B       		.uleb128 0x3b
 808 003a 05       		.uleb128 0x5
 809 003b 49       		.uleb128 0x49
 810 003c 13       		.uleb128 0x13
 811 003d 00       		.byte	0
 812 003e 00       		.byte	0
 813 003f 06       		.uleb128 0x6
 814 0040 13       		.uleb128 0x13
 815 0041 01       		.byte	0x1
 816 0042 0B       		.uleb128 0xb
 817 0043 0B       		.uleb128 0xb
 818 0044 3A       		.uleb128 0x3a
 819 0045 0B       		.uleb128 0xb
 820 0046 3B       		.uleb128 0x3b
 821 0047 05       		.uleb128 0x5
 822 0048 01       		.uleb128 0x1
 823 0049 13       		.uleb128 0x13
 824 004a 00       		.byte	0
 825 004b 00       		.byte	0
 826 004c 07       		.uleb128 0x7
 827 004d 0D       		.uleb128 0xd
 828 004e 00       		.byte	0
 829 004f 03       		.uleb128 0x3
 830 0050 0E       		.uleb128 0xe
 831 0051 3A       		.uleb128 0x3a
 832 0052 0B       		.uleb128 0xb
 833 0053 3B       		.uleb128 0x3b
 834 0054 05       		.uleb128 0x5
 835 0055 49       		.uleb128 0x49
 836 0056 13       		.uleb128 0x13
 837 0057 38       		.uleb128 0x38
 838 0058 0B       		.uleb128 0xb
 839 0059 00       		.byte	0
 840 005a 00       		.byte	0
 841 005b 08       		.uleb128 0x8
 842 005c 04       		.uleb128 0x4
 843 005d 01       		.byte	0x1
 844 005e 0B       		.uleb128 0xb
 845 005f 0B       		.uleb128 0xb
 846 0060 49       		.uleb128 0x49
 847 0061 13       		.uleb128 0x13
 848 0062 3A       		.uleb128 0x3a
 849 0063 0B       		.uleb128 0xb
 850 0064 3B       		.uleb128 0x3b
 851 0065 05       		.uleb128 0x5
 852 0066 01       		.uleb128 0x1
 853 0067 13       		.uleb128 0x13
 854 0068 00       		.byte	0
 855 0069 00       		.byte	0
ARM GAS  C:\Users\agila\AppData\Local\Temp\ccasovN8.s 			page 16


 856 006a 09       		.uleb128 0x9
 857 006b 28       		.uleb128 0x28
 858 006c 00       		.byte	0
 859 006d 03       		.uleb128 0x3
 860 006e 0E       		.uleb128 0xe
 861 006f 1C       		.uleb128 0x1c
 862 0070 0B       		.uleb128 0xb
 863 0071 00       		.byte	0
 864 0072 00       		.byte	0
 865 0073 0A       		.uleb128 0xa
 866 0074 0D       		.uleb128 0xd
 867 0075 00       		.byte	0
 868 0076 03       		.uleb128 0x3
 869 0077 08       		.uleb128 0x8
 870 0078 3A       		.uleb128 0x3a
 871 0079 0B       		.uleb128 0xb
 872 007a 3B       		.uleb128 0x3b
 873 007b 05       		.uleb128 0x5
 874 007c 49       		.uleb128 0x49
 875 007d 13       		.uleb128 0x13
 876 007e 38       		.uleb128 0x38
 877 007f 0B       		.uleb128 0xb
 878 0080 00       		.byte	0
 879 0081 00       		.byte	0
 880 0082 0B       		.uleb128 0xb
 881 0083 34       		.uleb128 0x34
 882 0084 00       		.byte	0
 883 0085 03       		.uleb128 0x3
 884 0086 0E       		.uleb128 0xe
 885 0087 3A       		.uleb128 0x3a
 886 0088 0B       		.uleb128 0xb
 887 0089 3B       		.uleb128 0x3b
 888 008a 0B       		.uleb128 0xb
 889 008b 49       		.uleb128 0x49
 890 008c 13       		.uleb128 0x13
 891 008d 3F       		.uleb128 0x3f
 892 008e 19       		.uleb128 0x19
 893 008f 3C       		.uleb128 0x3c
 894 0090 19       		.uleb128 0x19
 895 0091 00       		.byte	0
 896 0092 00       		.byte	0
 897 0093 0C       		.uleb128 0xc
 898 0094 01       		.uleb128 0x1
 899 0095 01       		.byte	0x1
 900 0096 49       		.uleb128 0x49
 901 0097 13       		.uleb128 0x13
 902 0098 01       		.uleb128 0x1
 903 0099 13       		.uleb128 0x13
 904 009a 00       		.byte	0
 905 009b 00       		.byte	0
 906 009c 0D       		.uleb128 0xd
 907 009d 21       		.uleb128 0x21
 908 009e 00       		.byte	0
 909 009f 49       		.uleb128 0x49
 910 00a0 13       		.uleb128 0x13
 911 00a1 2F       		.uleb128 0x2f
 912 00a2 0B       		.uleb128 0xb
ARM GAS  C:\Users\agila\AppData\Local\Temp\ccasovN8.s 			page 17


 913 00a3 00       		.byte	0
 914 00a4 00       		.byte	0
 915 00a5 0E       		.uleb128 0xe
 916 00a6 26       		.uleb128 0x26
 917 00a7 00       		.byte	0
 918 00a8 49       		.uleb128 0x49
 919 00a9 13       		.uleb128 0x13
 920 00aa 00       		.byte	0
 921 00ab 00       		.byte	0
 922 00ac 0F       		.uleb128 0xf
 923 00ad 34       		.uleb128 0x34
 924 00ae 00       		.byte	0
 925 00af 03       		.uleb128 0x3
 926 00b0 0E       		.uleb128 0xe
 927 00b1 3A       		.uleb128 0x3a
 928 00b2 0B       		.uleb128 0xb
 929 00b3 3B       		.uleb128 0x3b
 930 00b4 05       		.uleb128 0x5
 931 00b5 49       		.uleb128 0x49
 932 00b6 13       		.uleb128 0x13
 933 00b7 3F       		.uleb128 0x3f
 934 00b8 19       		.uleb128 0x19
 935 00b9 3C       		.uleb128 0x3c
 936 00ba 19       		.uleb128 0x19
 937 00bb 00       		.byte	0
 938 00bc 00       		.byte	0
 939 00bd 10       		.uleb128 0x10
 940 00be 34       		.uleb128 0x34
 941 00bf 00       		.byte	0
 942 00c0 03       		.uleb128 0x3
 943 00c1 0E       		.uleb128 0xe
 944 00c2 3A       		.uleb128 0x3a
 945 00c3 0B       		.uleb128 0xb
 946 00c4 3B       		.uleb128 0x3b
 947 00c5 0B       		.uleb128 0xb
 948 00c6 49       		.uleb128 0x49
 949 00c7 13       		.uleb128 0x13
 950 00c8 3F       		.uleb128 0x3f
 951 00c9 19       		.uleb128 0x19
 952 00ca 02       		.uleb128 0x2
 953 00cb 18       		.uleb128 0x18
 954 00cc 00       		.byte	0
 955 00cd 00       		.byte	0
 956 00ce 00       		.byte	0
 957              		.section	.debug_aranges,"",%progbits
 958 0000 14000000 		.4byte	0x14
 959 0004 0200     		.2byte	0x2
 960 0006 00000000 		.4byte	.Ldebug_info0
 961 000a 04       		.byte	0x4
 962 000b 00       		.byte	0
 963 000c 0000     		.2byte	0
 964 000e 0000     		.2byte	0
 965 0010 00000000 		.4byte	0
 966 0014 00000000 		.4byte	0
 967              		.section	.debug_line,"",%progbits
 968              	.Ldebug_line0:
 969 0000 25010000 		.section	.debug_str,"MS",%progbits,1
ARM GAS  C:\Users\agila\AppData\Local\Temp\ccasovN8.s 			page 18


 969      02001F01 
 969      00000201 
 969      FB0E0D00 
 969      01010101 
 970              	.LASF34:
 971 0000 6B696E64 		.ascii	"kind\000"
 971      00
 972              	.LASF51:
 973 0005 45455F72 		.ascii	"EE_rq_bitmask\000"
 973      715F6269 
 973      746D6173 
 973      6B00
 974              	.LASF14:
 975 0013 45455F55 		.ascii	"EE_UREG\000"
 975      52454700 
 976              	.LASF23:
 977 001b 7469636B 		.ascii	"ticksperbase\000"
 977      73706572 
 977      62617365 
 977      00
 978              	.LASF52:
 979 0028 45455F74 		.ascii	"EE_th_event_active\000"
 979      685F6576 
 979      656E745F 
 979      61637469 
 979      766500
 980              	.LASF53:
 981 003b 45455F74 		.ascii	"EE_th_waswaiting\000"
 981      685F7761 
 981      73776169 
 981      74696E67 
 981      00
 982              	.LASF2:
 983 004c 73686F72 		.ascii	"short int\000"
 983      7420696E 
 983      7400
 984              	.LASF43:
 985 0056 73697A65 		.ascii	"sizetype\000"
 985      74797065 
 985      00
 986              	.LASF38:
 987 005f 64656C74 		.ascii	"delta\000"
 987      6100
 988              	.LASF33:
 989 0065 73706563 		.ascii	"spec_id\000"
 989      5F696400 
 990              	.LASF15:
 991 006d 45455F46 		.ascii	"EE_FREG\000"
 991      52454700 
 992              	.LASF65:
 993 0075 443A5C57 		.ascii	"D:\\WS25\\AMAEOS\\Lab\\Lab3\\Lab 3 Task Description"
 993      5332355C 
 993      414D4145 
 993      4F535C4C 
 993      61625C4C 
 994 00a3 20616E64 		.ascii	" and Starting Code-20251209\\Lab3.cydsn\\TaskComms_"
 994      20537461 
ARM GAS  C:\Users\agila\AppData\Local\Temp\ccasovN8.s 			page 19


 994      7274696E 
 994      6720436F 
 994      64652D32 
 995 00d4 42756666 		.ascii	"Buffer.cydsn\000"
 995      65722E63 
 995      7964736E 
 995      00
 996              	.LASF32:
 997 00e1 436F756E 		.ascii	"CounterObjectKindType\000"
 997      7465724F 
 997      626A6563 
 997      744B696E 
 997      64547970 
 998              	.LASF13:
 999 00f7 45455F55 		.ascii	"EE_UINT32\000"
 999      494E5433 
 999      3200
 1000              	.LASF44:
 1001 0101 45455F74 		.ascii	"EE_th_ready_prio\000"
 1001      685F7265 
 1001      6164795F 
 1001      7072696F 
 1001      00
 1002              	.LASF17:
 1003 0112 45455F54 		.ascii	"EE_TID\000"
 1003      494400
 1004              	.LASF24:
 1005 0119 6D696E63 		.ascii	"mincycle\000"
 1005      79636C65 
 1005      00
 1006              	.LASF26:
 1007 0122 76616C75 		.ascii	"value\000"
 1007      6500
 1008              	.LASF55:
 1009 0128 45455F6F 		.ascii	"EE_oo_counter_object_ROM\000"
 1009      6F5F636F 
 1009      756E7465 
 1009      725F6F62 
 1009      6A656374 
 1010              	.LASF31:
 1011 0141 45455F6F 		.ascii	"EE_oo_counter_object_kind_type\000"
 1011      6F5F636F 
 1011      756E7465 
 1011      725F6F62 
 1011      6A656374 
 1012              	.LASF41:
 1013 0160 45455F49 		.ascii	"EE_IRQ_nesting_level\000"
 1013      52515F6E 
 1013      65737469 
 1013      6E675F6C 
 1013      6576656C 
 1014              	.LASF28:
 1015 0175 45455F6F 		.ascii	"EE_oo_counter_RAM_type\000"
 1015      6F5F636F 
 1015      756E7465 
 1015      725F5241 
 1015      4D5F7479 
ARM GAS  C:\Users\agila\AppData\Local\Temp\ccasovN8.s 			page 20


 1016              	.LASF6:
 1017 018c 6C6F6E67 		.ascii	"long long int\000"
 1017      206C6F6E 
 1017      6720696E 
 1017      7400
 1018              	.LASF10:
 1019 019a 45455F49 		.ascii	"EE_INT8\000"
 1019      4E543800 
 1020              	.LASF59:
 1021 01a2 45455F6F 		.ascii	"EE_oo_IRQ_suspend_status\000"
 1021      6F5F4952 
 1021      515F7375 
 1021      7370656E 
 1021      645F7374 
 1022              	.LASF18:
 1023 01bb 45455F54 		.ascii	"EE_TYPE_RQ_MASK\000"
 1023      5950455F 
 1023      52515F4D 
 1023      41534B00 
 1024              	.LASF30:
 1025 01cb 45455F53 		.ascii	"EE_SCHEDULETABLE\000"
 1025      43484544 
 1025      554C4554 
 1025      41424C45 
 1025      00
 1026              	.LASF4:
 1027 01dc 6C6F6E67 		.ascii	"long int\000"
 1027      20696E74 
 1027      00
 1028              	.LASF22:
 1029 01e5 6D617861 		.ascii	"maxallowedvalue\000"
 1029      6C6C6F77 
 1029      65647661 
 1029      6C756500 
 1030              	.LASF40:
 1031 01f5 45455F6F 		.ascii	"EE_oo_counter_object_RAM_type\000"
 1031      6F5F636F 
 1031      756E7465 
 1031      725F6F62 
 1031      6A656374 
 1032              	.LASF25:
 1033 0213 45455F6F 		.ascii	"EE_oo_counter_ROM_type\000"
 1033      6F5F636F 
 1033      756E7465 
 1033      725F524F 
 1033      4D5F7479 
 1034              	.LASF62:
 1035 022a 45455F69 		.ascii	"EE_isr2_index\000"
 1035      7372325F 
 1035      696E6465 
 1035      7800
 1036              	.LASF19:
 1037 0238 5469636B 		.ascii	"TickType\000"
 1037      54797065 
 1037      00
 1038              	.LASF50:
 1039 0241 45455F73 		.ascii	"EE_sys_ceiling\000"
ARM GAS  C:\Users\agila\AppData\Local\Temp\ccasovN8.s 			page 21


 1039      79735F63 
 1039      65696C69 
 1039      6E6700
 1040              	.LASF20:
 1041 0250 436F756E 		.ascii	"CounterObjectType\000"
 1041      7465724F 
 1041      626A6563 
 1041      74547970 
 1041      6500
 1042              	.LASF9:
 1043 0262 6C6F6E67 		.ascii	"long double\000"
 1043      20646F75 
 1043      626C6500 
 1044              	.LASF54:
 1045 026e 45455F63 		.ascii	"EE_counter_ROM\000"
 1045      6F756E74 
 1045      65725F52 
 1045      4F4D00
 1046              	.LASF1:
 1047 027d 756E7369 		.ascii	"unsigned char\000"
 1047      676E6564 
 1047      20636861 
 1047      7200
 1048              	.LASF57:
 1049 028b 45455F6F 		.ascii	"EE_oo_counter_object_RAM\000"
 1049      6F5F636F 
 1049      756E7465 
 1049      725F6F62 
 1049      6A656374 
 1050              	.LASF21:
 1051 02a4 436F756E 		.ascii	"CounterType\000"
 1051      74657254 
 1051      79706500 
 1052              	.LASF0:
 1053 02b0 7369676E 		.ascii	"signed char\000"
 1053      65642063 
 1053      68617200 
 1054              	.LASF7:
 1055 02bc 6C6F6E67 		.ascii	"long long unsigned int\000"
 1055      206C6F6E 
 1055      6720756E 
 1055      7369676E 
 1055      65642069 
 1056              	.LASF8:
 1057 02d3 756E7369 		.ascii	"unsigned int\000"
 1057      676E6564 
 1057      20696E74 
 1057      00
 1058              	.LASF48:
 1059 02e0 45455F74 		.ascii	"EE_th_rnact\000"
 1059      685F726E 
 1059      61637400 
 1060              	.LASF42:
 1061 02ec 45455F73 		.ascii	"EE_std_endcycle_next_tid\000"
 1061      74645F65 
 1061      6E646379 
 1061      636C655F 
ARM GAS  C:\Users\agila\AppData\Local\Temp\ccasovN8.s 			page 22


 1061      6E657874 
 1062              	.LASF12:
 1063 0305 45455F49 		.ascii	"EE_INT32\000"
 1063      4E543332 
 1063      00
 1064              	.LASF3:
 1065 030e 73686F72 		.ascii	"short unsigned int\000"
 1065      7420756E 
 1065      7369676E 
 1065      65642069 
 1065      6E7400
 1066              	.LASF35:
 1067 0321 45455F6F 		.ascii	"EE_oo_counter_object_ROM_type\000"
 1067      6F5F636F 
 1067      756E7465 
 1067      725F6F62 
 1067      6A656374 
 1068              	.LASF11:
 1069 033f 45455F55 		.ascii	"EE_UINT16\000"
 1069      494E5431 
 1069      3600
 1070              	.LASF56:
 1071 0349 45455F63 		.ascii	"EE_counter_RAM\000"
 1071      6F756E74 
 1071      65725F52 
 1071      414D00
 1072              	.LASF60:
 1073 0358 45455F41 		.ascii	"EE_ApplicationMode\000"
 1073      70706C69 
 1073      63617469 
 1073      6F6E4D6F 
 1073      646500
 1074              	.LASF5:
 1075 036b 6C6F6E67 		.ascii	"long unsigned int\000"
 1075      20756E73 
 1075      69676E65 
 1075      6420696E 
 1075      7400
 1076              	.LASF16:
 1077 037d 45455F54 		.ascii	"EE_TYPEBOOL\000"
 1077      59504542 
 1077      4F4F4C00 
 1078              	.LASF49:
 1079 0389 45455F73 		.ascii	"EE_stkfirst\000"
 1079      746B6669 
 1079      72737400 
 1080              	.LASF29:
 1081 0395 45455F41 		.ascii	"EE_ALARM\000"
 1081      4C41524D 
 1081      00
 1082              	.LASF36:
 1083 039e 75736564 		.ascii	"used\000"
 1083      00
 1084              	.LASF64:
 1085 03a3 47656E65 		.ascii	"Generated_Source\\PSoC5\\ErikaOS_ee_lookup.c\000"
 1085      72617465 
 1085      645F536F 
ARM GAS  C:\Users\agila\AppData\Local\Temp\ccasovN8.s 			page 23


 1085      75726365 
 1085      5C50536F 
 1086              	.LASF46:
 1087 03ce 45455F74 		.ascii	"EE_th_status\000"
 1087      685F7374 
 1087      61747573 
 1087      00
 1088              	.LASF45:
 1089 03db 45455F74 		.ascii	"EE_th_dispatch_prio\000"
 1089      685F6469 
 1089      73706174 
 1089      63685F70 
 1089      72696F00 
 1090              	.LASF47:
 1091 03ef 45455F74 		.ascii	"EE_th_next\000"
 1091      685F6E65 
 1091      787400
 1092              	.LASF63:
 1093 03fa 474E5520 		.ascii	"GNU C11 5.4.1 20160609 (release) [ARM/embedded-5-br"
 1093      43313120 
 1093      352E342E 
 1093      31203230 
 1093      31363036 
 1094 042d 616E6368 		.ascii	"anch revision 237715] -mcpu=cortex-m3 -mthumb -g -O"
 1094      20726576 
 1094      6973696F 
 1094      6E203233 
 1094      37373135 
 1095 0460 67202D66 		.ascii	"g -ffunction-sections -ffat-lto-objects\000"
 1095      66756E63 
 1095      74696F6E 
 1095      2D736563 
 1095      74696F6E 
 1096              	.LASF37:
 1097 0488 636E7463 		.ascii	"cntcycle\000"
 1097      79636C65 
 1097      00
 1098              	.LASF58:
 1099 0491 45455F6F 		.ascii	"EE_oo_IRQ_disable_count\000"
 1099      6F5F4952 
 1099      515F6469 
 1099      7361626C 
 1099      655F636F 
 1100              	.LASF39:
 1101 04a9 6E657874 		.ascii	"next\000"
 1101      00
 1102              	.LASF61:
 1103 04ae 45455F72 		.ascii	"EE_rq_lookup\000"
 1103      715F6C6F 
 1103      6F6B7570 
 1103      00
 1104              	.LASF27:
 1105 04bb 66697273 		.ascii	"first\000"
 1105      7400
 1106              		.ident	"GCC: (GNU Tools for ARM Embedded Processors) 5.4.1 20160609 (release) [ARM/embedded-5-bran
