ARM GAS  C:\Users\agila\AppData\Local\Temp\cc5HqG6m.s 			page 1


   1              		.syntax unified
   2              		.cpu cortex-m3
   3              		.fpu softvfp
   4              		.eabi_attribute 20, 1
   5              		.eabi_attribute 21, 1
   6              		.eabi_attribute 23, 3
   7              		.eabi_attribute 24, 1
   8              		.eabi_attribute 25, 1
   9              		.eabi_attribute 26, 1
  10              		.eabi_attribute 30, 1
  11              		.eabi_attribute 34, 1
  12              		.eabi_attribute 18, 4
  13              		.thumb
  14              		.syntax unified
  15              		.file	"ErikaOS_eecfg.c"
  16              		.text
  17              	.Ltext0:
  18              		.cfi_sections	.debug_frame
  19              		.global	EE_oo_autostart_task_data
  20              		.comm	EE_ApplicationMode,4,4
  21              		.global	EE_oo_action_ROM
  22              		.comm	EE_oo_counter_object_RAM,16,4
  23              		.global	EE_oo_counter_object_ROM
  24              		.global	EE_ALARM_ID
  25              		.global	EE_ALARM_NAME
  26              		.global	EE_alarm_ROM
  27              		.global	EE_counter_RAM
  28              		.global	EE_counter_ROM
  29              		.comm	EE_isr2_nesting_level,4,4
  30              		.global	EE_resource_isr2_ceiling
  31              		.comm	EE_isr2_oldpriority,8,4
  32              		.global	EE_resource_isr2_priority
  33              		.comm	EE_resource_oldceiling,8,4
  34              		.global	EE_resource_ceiling
  35              		.global	EE_resource_locked
  36              		.global	EE_resource_stack
  37              		.global	EE_th_resource_last
  38              		.global	EE_th_is_extended
  39              		.global	EE_th_waswaiting
  40              		.global	EE_th_event_waitmask
  41              		.global	EE_th_event_active
  42              		.global	EE_th_terminate_nextask
  43              		.global	EE_rq_free
  44              		.comm	EE_rq_pairs_tid,20,4
  45              		.global	EE_rq_pairs_next
  46              		.global	EE_rq_link
  47              		.global	EE_th_rnact_max
  48              		.global	EE_th_rnact
  49              		.global	EE_rq_bitmask
  50              		.global	EE_rq_queues_tail
  51              		.global	EE_rq_queues_head
  52              		.global	EE_sys_ceiling
  53              		.global	EE_stkfirst
  54              		.global	EE_th_next
  55              		.global	EE_th_status
  56              		.global	EE_th_dispatch_prio
  57              		.global	EE_EVENT_ID
ARM GAS  C:\Users\agila\AppData\Local\Temp\cc5HqG6m.s 			page 2


  58              		.global	EE_EVENT_NAME
  59              		.global	EE_RESOURCE_ID
  60              		.global	EE_RESOURCE_NAME
  61              		.global	EE_TASK_NAME
  62              		.global	EE_th_ready_prio
  63              		.global	EE_terminate_real_th_body
  64              		.comm	EE_terminate_data,20,4
  65              		.global	EE_hal_thread_body
  66              		.global	EE_cortex_mx_IRQ_tos
  67              		.global	EE_cortex_mx_active_tos
  68              		.global	EE_cortex_mx_system_tos
  69              		.global	EE_std_thread_tos
  70              		.comm	EE_cortex_mx_stack_9,512,4
  71              		.comm	EE_cortex_mx_stack_5,2000,4
  72              		.comm	EE_cortex_mx_stack_4,2000,4
  73              		.comm	EE_cortex_mx_stack_3,2000,4
  74              		.section	.rodata
  75              		.align	2
  76              		.type	EE_oo_autostart_task_data, %object
  77              		.size	EE_oo_autostart_task_data, 8
  78              	EE_oo_autostart_task_data:
  79 0000 01000000 		.word	1
  80 0004 08000000 		.word	EE_oo_autostart_task_mode_OSDEFAULTAPPMODE
  81              		.type	EE_oo_autostart_task_mode_OSDEFAULTAPPMODE, %object
  82              		.size	EE_oo_autostart_task_mode_OSDEFAULTAPPMODE, 4
  83              	EE_oo_autostart_task_mode_OSDEFAULTAPPMODE:
  84 0008 00000000 		.space	4
  85              		.type	EE_oo_action_ROM, %object
  86              		.size	EE_oo_action_ROM, 20
  87              	EE_oo_action_ROM:
  88 000c 01       		.byte	1
  89 000d 000000   		.space	3
  90 0010 02000000 		.word	2
  91 0014 01000000 		.word	1
  92 0018 00000000 		.word	0
  93 001c FFFFFFFF 		.word	-1
  94              		.type	EE_oo_counter_object_ROM, %object
  95              		.size	EE_oo_counter_object_ROM, 12
  96              	EE_oo_counter_object_ROM:
  97 0020 00000000 		.space	12
  97      00000000 
  97      00000000 
  98              		.type	EE_ALARM_ID, %object
  99              		.size	EE_ALARM_ID, 4
 100              	EE_ALARM_ID:
 101 002c 00000000 		.space	4
 102              		.type	EE_alarm_ROM, %object
 103              		.size	EE_alarm_ROM, 4
 104              	EE_alarm_ROM:
 105 0030 00000000 		.space	4
 106              		.type	EE_counter_ROM, %object
 107              		.size	EE_counter_ROM, 12
 108              	EE_counter_ROM:
 109 0034 A0860100 		.word	100000
 110 0038 01000000 		.word	1
 111 003c 00000000 		.word	0
 112              		.type	EE_resource_isr2_ceiling, %object
ARM GAS  C:\Users\agila\AppData\Local\Temp\cc5HqG6m.s 			page 3


 113              		.size	EE_resource_isr2_ceiling, 8
 114              	EE_resource_isr2_ceiling:
 115 0040 00000000 		.word	0
 116 0044 00400000 		.word	16384
 117              		.type	EE_resource_isr2_priority, %object
 118              		.size	EE_resource_isr2_priority, 8
 119              	EE_resource_isr2_priority:
 120 0048 00000000 		.word	0
 121 004c 29000000 		.word	41
 122              		.type	EE_resource_ceiling, %object
 123              		.size	EE_resource_ceiling, 8
 124              	EE_resource_ceiling:
 125 0050 10000000 		.word	16
 126 0054 00400000 		.word	16384
 127              		.type	EE_th_is_extended, %object
 128              		.size	EE_th_is_extended, 20
 129              	EE_th_is_extended:
 130 0058 00000000 		.word	0
 131 005c 00000000 		.word	0
 132 0060 01000000 		.word	1
 133 0064 01000000 		.word	1
 134 0068 01000000 		.word	1
 135              		.type	EE_th_rnact_max, %object
 136              		.size	EE_th_rnact_max, 20
 137              	EE_th_rnact_max:
 138 006c 01000000 		.word	1
 139 0070 01000000 		.word	1
 140 0074 01000000 		.word	1
 141 0078 01000000 		.word	1
 142 007c 01000000 		.word	1
 143              		.type	EE_th_dispatch_prio, %object
 144              		.size	EE_th_dispatch_prio, 20
 145              	EE_th_dispatch_prio:
 146 0080 80000000 		.word	128
 147 0084 01000000 		.word	1
 148 0088 10000000 		.word	16
 149 008c 08000000 		.word	8
 150 0090 08000000 		.word	8
 151              		.type	EE_EVENT_ID, %object
 152              		.size	EE_EVENT_ID, 12
 153              	EE_EVENT_ID:
 154 0094 01000000 		.word	1
 155 0098 02000000 		.word	2
 156 009c 04000000 		.word	4
 157              		.type	EE_RESOURCE_ID, %object
 158              		.size	EE_RESOURCE_ID, 8
 159              	EE_RESOURCE_ID:
 160 00a0 00000000 		.word	0
 161 00a4 01000000 		.word	1
 162              		.type	EE_th_ready_prio, %object
 163              		.size	EE_th_ready_prio, 20
 164              	EE_th_ready_prio:
 165 00a8 01000000 		.word	1
 166 00ac 01000000 		.word	1
 167 00b0 10000000 		.word	16
 168 00b4 08000000 		.word	8
 169 00b8 08000000 		.word	8
ARM GAS  C:\Users\agila\AppData\Local\Temp\cc5HqG6m.s 			page 4


 170              		.type	EE_terminate_real_th_body, %object
 171              		.size	EE_terminate_real_th_body, 20
 172              	EE_terminate_real_th_body:
 173 00bc 00000000 		.word	Functsk_init
 174 00c0 00000000 		.word	Functsk_background
 175 00c4 00000000 		.word	Functsk_sender
 176 00c8 00000000 		.word	Functsk_tft
 177 00cc 00000000 		.word	Functsk_uart
 178              		.type	EE_hal_thread_body, %object
 179              		.size	EE_hal_thread_body, 20
 180              	EE_hal_thread_body:
 181 00d0 00000000 		.word	EE_oo_thread_stub
 182 00d4 00000000 		.word	EE_oo_thread_stub
 183 00d8 00000000 		.word	EE_oo_thread_stub
 184 00dc 00000000 		.word	EE_oo_thread_stub
 185 00e0 00000000 		.word	EE_oo_thread_stub
 186              		.type	EE_std_thread_tos, %object
 187              		.size	EE_std_thread_tos, 24
 188              	EE_std_thread_tos:
 189 00e4 00000000 		.word	0
 190 00e8 00000000 		.word	0
 191 00ec 00000000 		.word	0
 192 00f0 01000000 		.word	1
 193 00f4 02000000 		.word	2
 194 00f8 03000000 		.word	3
 195              		.data
 196              		.align	2
 197              		.type	EE_ALARM_NAME, %object
 198              		.size	EE_ALARM_NAME, 4
 199              	EE_ALARM_NAME:
 200 0000 00000000 		.word	.LC0
 201              		.type	EE_counter_RAM, %object
 202              		.size	EE_counter_RAM, 8
 203              	EE_counter_RAM:
 204 0004 00000000 		.word	0
 205 0008 FFFFFFFF 		.word	-1
 206              		.type	EE_resource_stack, %object
 207              		.size	EE_resource_stack, 8
 208              	EE_resource_stack:
 209 000c FFFFFFFF 		.word	-1
 210 0010 FFFFFFFF 		.word	-1
 211              		.type	EE_th_resource_last, %object
 212              		.size	EE_th_resource_last, 24
 213              	EE_th_resource_last:
 214 0014 FFFFFFFF 		.word	-1
 215 0018 FFFFFFFF 		.word	-1
 216 001c FFFFFFFF 		.word	-1
 217 0020 FFFFFFFF 		.word	-1
 218 0024 FFFFFFFF 		.word	-1
 219 0028 FFFFFFFF 		.word	-1
 220              		.type	EE_th_terminate_nextask, %object
 221              		.size	EE_th_terminate_nextask, 20
 222              	EE_th_terminate_nextask:
 223 002c FFFFFFFF 		.word	-1
 224 0030 FFFFFFFF 		.word	-1
 225 0034 FFFFFFFF 		.word	-1
 226 0038 FFFFFFFF 		.word	-1
ARM GAS  C:\Users\agila\AppData\Local\Temp\cc5HqG6m.s 			page 5


 227 003c FFFFFFFF 		.word	-1
 228              		.type	EE_rq_pairs_next, %object
 229              		.size	EE_rq_pairs_next, 20
 230              	EE_rq_pairs_next:
 231 0040 01000000 		.word	1
 232 0044 02000000 		.word	2
 233 0048 03000000 		.word	3
 234 004c 04000000 		.word	4
 235 0050 FFFFFFFF 		.word	-1
 236              		.type	EE_rq_link, %object
 237              		.size	EE_rq_link, 20
 238              	EE_rq_link:
 239 0054 00000000 		.word	0
 240 0058 00000000 		.word	0
 241 005c 04000000 		.word	4
 242 0060 03000000 		.word	3
 243 0064 03000000 		.word	3
 244              		.type	EE_th_rnact, %object
 245              		.size	EE_th_rnact, 20
 246              	EE_th_rnact:
 247 0068 01000000 		.word	1
 248 006c 01000000 		.word	1
 249 0070 01000000 		.word	1
 250 0074 01000000 		.word	1
 251 0078 01000000 		.word	1
 252              		.type	EE_rq_queues_tail, %object
 253              		.size	EE_rq_queues_tail, 64
 254              	EE_rq_queues_tail:
 255 007c FFFFFFFF 		.word	-1
 256 0080 FFFFFFFF 		.word	-1
 257 0084 FFFFFFFF 		.word	-1
 258 0088 FFFFFFFF 		.word	-1
 259 008c FFFFFFFF 		.word	-1
 260 0090 FFFFFFFF 		.word	-1
 261 0094 FFFFFFFF 		.word	-1
 262 0098 FFFFFFFF 		.word	-1
 263 009c FFFFFFFF 		.word	-1
 264 00a0 FFFFFFFF 		.word	-1
 265 00a4 FFFFFFFF 		.word	-1
 266 00a8 FFFFFFFF 		.word	-1
 267 00ac FFFFFFFF 		.word	-1
 268 00b0 FFFFFFFF 		.word	-1
 269 00b4 FFFFFFFF 		.word	-1
 270 00b8 FFFFFFFF 		.word	-1
 271              		.type	EE_rq_queues_head, %object
 272              		.size	EE_rq_queues_head, 64
 273              	EE_rq_queues_head:
 274 00bc FFFFFFFF 		.word	-1
 275 00c0 FFFFFFFF 		.word	-1
 276 00c4 FFFFFFFF 		.word	-1
 277 00c8 FFFFFFFF 		.word	-1
 278 00cc FFFFFFFF 		.word	-1
 279 00d0 FFFFFFFF 		.word	-1
 280 00d4 FFFFFFFF 		.word	-1
 281 00d8 FFFFFFFF 		.word	-1
 282 00dc FFFFFFFF 		.word	-1
 283 00e0 FFFFFFFF 		.word	-1
ARM GAS  C:\Users\agila\AppData\Local\Temp\cc5HqG6m.s 			page 6


 284 00e4 FFFFFFFF 		.word	-1
 285 00e8 FFFFFFFF 		.word	-1
 286 00ec FFFFFFFF 		.word	-1
 287 00f0 FFFFFFFF 		.word	-1
 288 00f4 FFFFFFFF 		.word	-1
 289 00f8 FFFFFFFF 		.word	-1
 290              		.type	EE_stkfirst, %object
 291              		.size	EE_stkfirst, 4
 292              	EE_stkfirst:
 293 00fc FFFFFFFF 		.word	-1
 294              		.type	EE_th_next, %object
 295              		.size	EE_th_next, 20
 296              	EE_th_next:
 297 0100 FFFFFFFF 		.word	-1
 298 0104 FFFFFFFF 		.word	-1
 299 0108 FFFFFFFF 		.word	-1
 300 010c FFFFFFFF 		.word	-1
 301 0110 FFFFFFFF 		.word	-1
 302              		.type	EE_th_status, %object
 303              		.size	EE_th_status, 20
 304              	EE_th_status:
 305 0114 03000000 		.word	3
 306 0118 03000000 		.word	3
 307 011c 03000000 		.word	3
 308 0120 03000000 		.word	3
 309 0124 03000000 		.word	3
 310              		.type	EE_EVENT_NAME, %object
 311              		.size	EE_EVENT_NAME, 12
 312              	EE_EVENT_NAME:
 313 0128 0C000000 		.word	.LC1
 314 012c 18000000 		.word	.LC2
 315 0130 20000000 		.word	.LC3
 316              		.type	EE_RESOURCE_NAME, %object
 317              		.size	EE_RESOURCE_NAME, 8
 318              	EE_RESOURCE_NAME:
 319 0134 28000000 		.word	.LC4
 320 0138 30000000 		.word	.LC5
 321              		.type	EE_TASK_NAME, %object
 322              		.size	EE_TASK_NAME, 20
 323              	EE_TASK_NAME:
 324 013c 3C000000 		.word	.LC6
 325 0140 48000000 		.word	.LC7
 326 0144 58000000 		.word	.LC8
 327 0148 64000000 		.word	.LC9
 328 014c 6C000000 		.word	.LC10
 329              		.type	EE_cortex_mx_IRQ_tos, %object
 330              		.size	EE_cortex_mx_IRQ_tos, 4
 331              	EE_cortex_mx_IRQ_tos:
 332 0150 00020000 		.word	EE_cortex_mx_stack_9+512
 333              		.type	EE_cortex_mx_system_tos, %object
 334              		.size	EE_cortex_mx_system_tos, 16
 335              	EE_cortex_mx_system_tos:
 336 0154 00000000 		.word	0
 337 0158 A8070000 		.word	EE_cortex_mx_stack_3+1960
 338 015c A8070000 		.word	EE_cortex_mx_stack_4+1960
 339 0160 A8070000 		.word	EE_cortex_mx_stack_5+1960
 340              		.section	.rodata.str1.4,"aMS",%progbits,1
ARM GAS  C:\Users\agila\AppData\Local\Temp\cc5HqG6m.s 			page 7


 341              		.align	2
 342              	.LC0:
 343 0000 616C726D 		.ascii	"alrm_50ms\000"
 343      5F35306D 
 343      7300
 344 000a 0000     		.space	2
 345              	.LC1:
 346 000c 65765F73 		.ascii	"ev_sender\000"
 346      656E6465 
 346      7200
 347 0016 0000     		.space	2
 348              	.LC2:
 349 0018 65765F74 		.ascii	"ev_tft\000"
 349      667400
 350 001f 00       		.space	1
 351              	.LC3:
 352 0020 65765F75 		.ascii	"ev_uart\000"
 352      61727400 
 353              	.LC4:
 354 0028 7265735F 		.ascii	"res_dyn\000"
 354      64796E00 
 355              	.LC5:
 356 0030 7265735F 		.ascii	"res_stream\000"
 356      73747265 
 356      616D00
 357 003b 00       		.space	1
 358              	.LC6:
 359 003c 74736B5F 		.ascii	"tsk_init\000"
 359      696E6974 
 359      00
 360 0045 000000   		.space	3
 361              	.LC7:
 362 0048 74736B5F 		.ascii	"tsk_background\000"
 362      6261636B 
 362      67726F75 
 362      6E6400
 363 0057 00       		.space	1
 364              	.LC8:
 365 0058 74736B5F 		.ascii	"tsk_sender\000"
 365      73656E64 
 365      657200
 366 0063 00       		.space	1
 367              	.LC9:
 368 0064 74736B5F 		.ascii	"tsk_tft\000"
 368      74667400 
 369              	.LC10:
 370 006c 74736B5F 		.ascii	"tsk_uart\000"
 370      75617274 
 370      00
 371              		.bss
 372              		.align	2
 373              		.type	EE_resource_locked, %object
 374              		.size	EE_resource_locked, 8
 375              	EE_resource_locked:
 376 0000 00000000 		.space	8
 376      00000000 
 377              		.type	EE_th_waswaiting, %object
ARM GAS  C:\Users\agila\AppData\Local\Temp\cc5HqG6m.s 			page 8


 378              		.size	EE_th_waswaiting, 20
 379              	EE_th_waswaiting:
 380 0008 00000000 		.space	20
 380      00000000 
 380      00000000 
 380      00000000 
 380      00000000 
 381              		.type	EE_th_event_waitmask, %object
 382              		.size	EE_th_event_waitmask, 20
 383              	EE_th_event_waitmask:
 384 001c 00000000 		.space	20
 384      00000000 
 384      00000000 
 384      00000000 
 384      00000000 
 385              		.type	EE_th_event_active, %object
 386              		.size	EE_th_event_active, 20
 387              	EE_th_event_active:
 388 0030 00000000 		.space	20
 388      00000000 
 388      00000000 
 388      00000000 
 388      00000000 
 389              		.type	EE_rq_free, %object
 390              		.size	EE_rq_free, 4
 391              	EE_rq_free:
 392 0044 00000000 		.space	4
 393              		.type	EE_rq_bitmask, %object
 394              		.size	EE_rq_bitmask, 2
 395              	EE_rq_bitmask:
 396 0048 0000     		.space	2
 397 004a 0000     		.space	2
 398              		.type	EE_sys_ceiling, %object
 399              		.size	EE_sys_ceiling, 4
 400              	EE_sys_ceiling:
 401 004c 00000000 		.space	4
 402              		.type	EE_cortex_mx_active_tos, %object
 403              		.size	EE_cortex_mx_active_tos, 4
 404              	EE_cortex_mx_active_tos:
 405 0050 00000000 		.space	4
 406              		.text
 407              	.Letext0:
 408              		.file 1 "Generated_Source\\PSoC5\\ErikaOS_common_ee_types.inc"
 409              		.file 2 "Generated_Source\\PSoC5\\ErikaOS_cortex_mx_ee_cpu.inc"
 410              		.file 3 "Generated_Source\\PSoC5\\ErikaOS_ee_oo_common.inc"
 411              		.file 4 "Generated_Source\\PSoC5\\ErikaOS_common_ee_hal_structs.inc"
 412              		.file 5 "Generated_Source\\PSoC5\\ErikaOS_eecfg.c"
 413              		.file 6 "Generated_Source\\PSoC5\\ErikaOS_ee_oo_intfunc.inc"
 414              		.file 7 "Generated_Source\\PSoC5\\ErikaOS_cortex_mx_ee_context.inc"
 415              		.file 8 "Generated_Source\\PSoC5\\ErikaOS_common_ee_primitives.inc"
 416              		.section	.debug_info,"",%progbits
 417              	.Ldebug_info0:
 418 0000 4F0A0000 		.4byte	0xa4f
 419 0004 0400     		.2byte	0x4
 420 0006 00000000 		.4byte	.Ldebug_abbrev0
 421 000a 04       		.byte	0x4
 422 000b 01       		.uleb128 0x1
ARM GAS  C:\Users\agila\AppData\Local\Temp\cc5HqG6m.s 			page 9


 423 000c 31060000 		.4byte	.LASF126
 424 0010 0C       		.byte	0xc
 425 0011 BE000000 		.4byte	.LASF127
 426 0015 8C040000 		.4byte	.LASF128
 427 0019 00000000 		.4byte	.Ldebug_line0
 428 001d 02       		.uleb128 0x2
 429 001e 01       		.byte	0x1
 430 001f 06       		.byte	0x6
 431 0020 79010000 		.4byte	.LASF0
 432 0024 02       		.uleb128 0x2
 433 0025 01       		.byte	0x1
 434 0026 08       		.byte	0x8
 435 0027 7A050000 		.4byte	.LASF1
 436 002b 02       		.uleb128 0x2
 437 002c 02       		.byte	0x2
 438 002d 05       		.byte	0x5
 439 002e BF050000 		.4byte	.LASF2
 440 0032 02       		.uleb128 0x2
 441 0033 02       		.byte	0x2
 442 0034 07       		.byte	0x7
 443 0035 18030000 		.4byte	.LASF3
 444 0039 02       		.uleb128 0x2
 445 003a 04       		.byte	0x4
 446 003b 05       		.byte	0x5
 447 003c 27020000 		.4byte	.LASF4
 448 0040 02       		.uleb128 0x2
 449 0041 04       		.byte	0x4
 450 0042 07       		.byte	0x7
 451 0043 D6020000 		.4byte	.LASF5
 452 0047 02       		.uleb128 0x2
 453 0048 08       		.byte	0x8
 454 0049 05       		.byte	0x5
 455 004a 6B010000 		.4byte	.LASF6
 456 004e 02       		.uleb128 0x2
 457 004f 08       		.byte	0x8
 458 0050 07       		.byte	0x7
 459 0051 92000000 		.4byte	.LASF7
 460 0055 03       		.uleb128 0x3
 461 0056 04       		.byte	0x4
 462 0057 05       		.byte	0x5
 463 0058 696E7400 		.ascii	"int\000"
 464 005c 02       		.uleb128 0x2
 465 005d 04       		.byte	0x4
 466 005e 07       		.byte	0x7
 467 005f 8A020000 		.4byte	.LASF8
 468 0063 02       		.uleb128 0x2
 469 0064 08       		.byte	0x8
 470 0065 04       		.byte	0x4
 471 0066 55040000 		.4byte	.LASF9
 472 006a 04       		.uleb128 0x4
 473 006b 47050000 		.4byte	.LASF10
 474 006f 01       		.byte	0x1
 475 0070 52       		.byte	0x52
 476 0071 32000000 		.4byte	0x32
 477 0075 04       		.uleb128 0x4
 478 0076 66080000 		.4byte	.LASF11
 479 007a 01       		.byte	0x1
ARM GAS  C:\Users\agila\AppData\Local\Temp\cc5HqG6m.s 			page 10


 480 007b 53       		.byte	0x53
 481 007c 55000000 		.4byte	0x55
 482 0080 04       		.uleb128 0x4
 483 0081 5C080000 		.4byte	.LASF12
 484 0085 01       		.byte	0x1
 485 0086 54       		.byte	0x54
 486 0087 5C000000 		.4byte	0x5c
 487 008b 04       		.uleb128 0x4
 488 008c DD080000 		.4byte	.LASF13
 489 0090 01       		.byte	0x1
 490 0091 64       		.byte	0x64
 491 0092 96000000 		.4byte	0x96
 492 0096 05       		.uleb128 0x5
 493 0097 04       		.byte	0x4
 494 0098 06       		.uleb128 0x6
 495 0099 04       		.byte	0x4
 496 009a 9E000000 		.4byte	0x9e
 497 009e 07       		.uleb128 0x7
 498 009f 04       		.uleb128 0x4
 499 00a0 D8030000 		.4byte	.LASF14
 500 00a4 01       		.byte	0x1
 501 00a5 70       		.byte	0x70
 502 00a6 98000000 		.4byte	0x98
 503 00aa 04       		.uleb128 0x4
 504 00ab CB060000 		.4byte	.LASF15
 505 00af 01       		.byte	0x1
 506 00b0 73       		.byte	0x73
 507 00b1 98000000 		.4byte	0x98
 508 00b5 04       		.uleb128 0x4
 509 00b6 AB020000 		.4byte	.LASF16
 510 00ba 02       		.byte	0x2
 511 00bb 4D       		.byte	0x4d
 512 00bc 80000000 		.4byte	0x80
 513 00c0 04       		.uleb128 0x4
 514 00c1 77040000 		.4byte	.LASF17
 515 00c5 02       		.byte	0x2
 516 00c6 4E       		.byte	0x4e
 517 00c7 75000000 		.4byte	0x75
 518 00cb 04       		.uleb128 0x4
 519 00cc F7080000 		.4byte	.LASF18
 520 00d0 02       		.byte	0x2
 521 00d1 4F       		.byte	0x4f
 522 00d2 80000000 		.4byte	0x80
 523 00d6 04       		.uleb128 0x4
 524 00d7 71000000 		.4byte	.LASF19
 525 00db 02       		.byte	0x2
 526 00dc 54       		.byte	0x54
 527 00dd B5000000 		.4byte	0xb5
 528 00e1 04       		.uleb128 0x4
 529 00e2 C5010000 		.4byte	.LASF20
 530 00e6 02       		.byte	0x2
 531 00e7 75       		.byte	0x75
 532 00e8 B5000000 		.4byte	0xb5
 533 00ec 04       		.uleb128 0x4
 534 00ed 7D020000 		.4byte	.LASF21
 535 00f1 02       		.byte	0x2
 536 00f2 78       		.byte	0x78
ARM GAS  C:\Users\agila\AppData\Local\Temp\cc5HqG6m.s 			page 11


 537 00f3 75000000 		.4byte	0x75
 538 00f7 08       		.uleb128 0x8
 539 00f8 1D010000 		.4byte	.LASF62
 540 00fc 04       		.byte	0x4
 541 00fd 04       		.byte	0x4
 542 00fe 4D       		.byte	0x4d
 543 00ff 10010000 		.4byte	0x110
 544 0103 09       		.uleb128 0x9
 545 0104 9D080000 		.4byte	.LASF29
 546 0108 04       		.byte	0x4
 547 0109 4E       		.byte	0x4e
 548 010a 8B000000 		.4byte	0x8b
 549 010e 00       		.byte	0
 550 010f 00       		.byte	0
 551 0110 0A       		.uleb128 0xa
 552 0111 3C040000 		.4byte	.LASF22
 553 0115 03       		.byte	0x3
 554 0116 1101     		.2byte	0x111
 555 0118 6A000000 		.4byte	0x6a
 556 011c 0A       		.uleb128 0xa
 557 011d 14010000 		.4byte	.LASF23
 558 0121 03       		.byte	0x3
 559 0122 F701     		.2byte	0x1f7
 560 0124 EC000000 		.4byte	0xec
 561 0128 0A       		.uleb128 0xa
 562 0129 9C010000 		.4byte	.LASF24
 563 012d 03       		.byte	0x3
 564 012e 2C02     		.2byte	0x22c
 565 0130 B5000000 		.4byte	0xb5
 566 0134 0A       		.uleb128 0xa
 567 0135 42000000 		.4byte	.LASF25
 568 0139 03       		.byte	0x3
 569 013a 3502     		.2byte	0x235
 570 013c B5000000 		.4byte	0xb5
 571 0140 0A       		.uleb128 0xa
 572 0141 36070000 		.4byte	.LASF26
 573 0145 03       		.byte	0x3
 574 0146 5D02     		.2byte	0x25d
 575 0148 B5000000 		.4byte	0xb5
 576 014c 0A       		.uleb128 0xa
 577 014d 66000000 		.4byte	.LASF27
 578 0151 03       		.byte	0x3
 579 0152 6302     		.2byte	0x263
 580 0154 B5000000 		.4byte	0xb5
 581 0158 0A       		.uleb128 0xa
 582 0159 E9030000 		.4byte	.LASF28
 583 015d 03       		.byte	0x3
 584 015e 6C02     		.2byte	0x26c
 585 0160 B5000000 		.4byte	0xb5
 586 0164 0B       		.uleb128 0xb
 587 0165 0C       		.byte	0xc
 588 0166 03       		.byte	0x3
 589 0167 7202     		.2byte	0x272
 590 0169 95010000 		.4byte	0x195
 591 016d 0C       		.uleb128 0xc
 592 016e 24010000 		.4byte	.LASF30
 593 0172 03       		.byte	0x3
ARM GAS  C:\Users\agila\AppData\Local\Temp\cc5HqG6m.s 			page 12


 594 0173 7302     		.2byte	0x273
 595 0175 34010000 		.4byte	0x134
 596 0179 00       		.byte	0
 597 017a 0C       		.uleb128 0xc
 598 017b 7F040000 		.4byte	.LASF31
 599 017f 03       		.byte	0x3
 600 0180 7402     		.2byte	0x274
 601 0182 34010000 		.4byte	0x134
 602 0186 04       		.byte	0x4
 603 0187 0C       		.uleb128 0xc
 604 0188 74020000 		.4byte	.LASF32
 605 018c 03       		.byte	0x3
 606 018d 7502     		.2byte	0x275
 607 018f 34010000 		.4byte	0x134
 608 0193 08       		.byte	0x8
 609 0194 00       		.byte	0
 610 0195 0A       		.uleb128 0xa
 611 0196 1A060000 		.4byte	.LASF33
 612 019a 03       		.byte	0x3
 613 019b 7A02     		.2byte	0x27a
 614 019d 64010000 		.4byte	0x164
 615 01a1 0B       		.uleb128 0xb
 616 01a2 08       		.byte	0x8
 617 01a3 03       		.byte	0x3
 618 01a4 7D02     		.2byte	0x27d
 619 01a6 C5010000 		.4byte	0x1c5
 620 01aa 0C       		.uleb128 0xc
 621 01ab 84020000 		.4byte	.LASF34
 622 01af 03       		.byte	0x3
 623 01b0 7E02     		.2byte	0x27e
 624 01b2 34010000 		.4byte	0x134
 625 01b6 00       		.byte	0
 626 01b7 0C       		.uleb128 0xc
 627 01b8 30070000 		.4byte	.LASF35
 628 01bc 03       		.byte	0x3
 629 01bd 7F02     		.2byte	0x27f
 630 01bf 40010000 		.4byte	0x140
 631 01c3 04       		.byte	0x4
 632 01c4 00       		.byte	0
 633 01c5 0A       		.uleb128 0xa
 634 01c6 ED010000 		.4byte	.LASF36
 635 01ca 03       		.byte	0x3
 636 01cb 8002     		.2byte	0x280
 637 01cd A1010000 		.4byte	0x1a1
 638 01d1 0D       		.uleb128 0xd
 639 01d2 01       		.byte	0x1
 640 01d3 24000000 		.4byte	0x24
 641 01d7 03       		.byte	0x3
 642 01d8 8A02     		.2byte	0x28a
 643 01da EB010000 		.4byte	0x1eb
 644 01de 0E       		.uleb128 0xe
 645 01df 88050000 		.4byte	.LASF37
 646 01e3 00       		.byte	0
 647 01e4 0E       		.uleb128 0xe
 648 01e5 51050000 		.4byte	.LASF38
 649 01e9 01       		.byte	0x1
 650 01ea 00       		.byte	0
ARM GAS  C:\Users\agila\AppData\Local\Temp\cc5HqG6m.s 			page 13


 651 01eb 0A       		.uleb128 0xa
 652 01ec 43030000 		.4byte	.LASF39
 653 01f0 03       		.byte	0x3
 654 01f1 8D02     		.2byte	0x28d
 655 01f3 D1010000 		.4byte	0x1d1
 656 01f7 0A       		.uleb128 0xa
 657 01f8 6F030000 		.4byte	.LASF40
 658 01fc 03       		.byte	0x3
 659 01fd 9002     		.2byte	0x290
 660 01ff EB010000 		.4byte	0x1eb
 661 0203 0B       		.uleb128 0xb
 662 0204 0C       		.byte	0xc
 663 0205 03       		.byte	0x3
 664 0206 9402     		.2byte	0x294
 665 0208 32020000 		.4byte	0x232
 666 020c 0F       		.uleb128 0xf
 667 020d 6300     		.ascii	"c\000"
 668 020f 03       		.byte	0x3
 669 0210 9602     		.2byte	0x296
 670 0212 58010000 		.4byte	0x158
 671 0216 00       		.byte	0
 672 0217 0C       		.uleb128 0xc
 673 0218 8D070000 		.4byte	.LASF41
 674 021c 03       		.byte	0x3
 675 021d 9802     		.2byte	0x298
 676 021f 40010000 		.4byte	0x140
 677 0223 04       		.byte	0x4
 678 0224 0C       		.uleb128 0xc
 679 0225 13030000 		.4byte	.LASF42
 680 0229 03       		.byte	0x3
 681 022a 9A02     		.2byte	0x29a
 682 022c F7010000 		.4byte	0x1f7
 683 0230 08       		.byte	0x8
 684 0231 00       		.byte	0
 685 0232 0A       		.uleb128 0xa
 686 0233 E5000000 		.4byte	.LASF43
 687 0237 03       		.byte	0x3
 688 0238 9B02     		.2byte	0x29b
 689 023a 03020000 		.4byte	0x203
 690 023e 0B       		.uleb128 0xb
 691 023f 10       		.byte	0x10
 692 0240 03       		.byte	0x3
 693 0241 9F02     		.2byte	0x29f
 694 0243 7C020000 		.4byte	0x27c
 695 0247 0C       		.uleb128 0xc
 696 0248 F8040000 		.4byte	.LASF44
 697 024c 03       		.byte	0x3
 698 024d A002     		.2byte	0x2a0
 699 024f D6000000 		.4byte	0xd6
 700 0253 00       		.byte	0
 701 0254 0C       		.uleb128 0xc
 702 0255 94080000 		.4byte	.LASF45
 703 0259 03       		.byte	0x3
 704 025a A102     		.2byte	0x2a1
 705 025c 34010000 		.4byte	0x134
 706 0260 04       		.byte	0x4
 707 0261 0C       		.uleb128 0xc
ARM GAS  C:\Users\agila\AppData\Local\Temp\cc5HqG6m.s 			page 14


 708 0262 B8000000 		.4byte	.LASF46
 709 0266 03       		.byte	0x3
 710 0267 A202     		.2byte	0x2a2
 711 0269 34010000 		.4byte	0x134
 712 026d 08       		.byte	0x8
 713 026e 0C       		.uleb128 0xc
 714 026f 25000000 		.4byte	.LASF47
 715 0273 03       		.byte	0x3
 716 0274 A302     		.2byte	0x2a3
 717 0276 40010000 		.4byte	0x140
 718 027a 0C       		.byte	0xc
 719 027b 00       		.byte	0
 720 027c 0A       		.uleb128 0xa
 721 027d FD040000 		.4byte	.LASF48
 722 0281 03       		.byte	0x3
 723 0282 A402     		.2byte	0x2a4
 724 0284 3E020000 		.4byte	0x23e
 725 0288 0D       		.uleb128 0xd
 726 0289 01       		.byte	0x1
 727 028a 24000000 		.4byte	0x24
 728 028e 03       		.byte	0x3
 729 028f A702     		.2byte	0x2a7
 730 0291 AE020000 		.4byte	0x2ae
 731 0295 0E       		.uleb128 0xe
 732 0296 4D070000 		.4byte	.LASF49
 733 029a 00       		.byte	0
 734 029b 0E       		.uleb128 0xe
 735 029c 95070000 		.4byte	.LASF50
 736 02a0 01       		.byte	0x1
 737 02a1 0E       		.uleb128 0xe
 738 02a2 6C070000 		.4byte	.LASF51
 739 02a6 02       		.byte	0x2
 740 02a7 0E       		.uleb128 0xe
 741 02a8 FD060000 		.4byte	.LASF52
 742 02ac 03       		.byte	0x3
 743 02ad 00       		.byte	0
 744 02ae 0A       		.uleb128 0xa
 745 02af 85010000 		.4byte	.LASF53
 746 02b3 03       		.byte	0x3
 747 02b4 AC02     		.2byte	0x2ac
 748 02b6 88020000 		.4byte	0x288
 749 02ba 0A       		.uleb128 0xa
 750 02bb 0B080000 		.4byte	.LASF54
 751 02bf 03       		.byte	0x3
 752 02c0 AF02     		.2byte	0x2af
 753 02c2 AE020000 		.4byte	0x2ae
 754 02c6 0B       		.uleb128 0xb
 755 02c7 14       		.byte	0x14
 756 02c8 03       		.byte	0x3
 757 02c9 B202     		.2byte	0x2b2
 758 02cb 0F030000 		.4byte	0x30f
 759 02cf 0C       		.uleb128 0xc
 760 02d0 C7070000 		.4byte	.LASF55
 761 02d4 03       		.byte	0x3
 762 02d5 B302     		.2byte	0x2b3
 763 02d7 BA020000 		.4byte	0x2ba
 764 02db 00       		.byte	0
ARM GAS  C:\Users\agila\AppData\Local\Temp\cc5HqG6m.s 			page 15


 765 02dc 0C       		.uleb128 0xc
 766 02dd BE080000 		.4byte	.LASF56
 767 02e1 03       		.byte	0x3
 768 02e2 B402     		.2byte	0x2b4
 769 02e4 1C010000 		.4byte	0x11c
 770 02e8 04       		.byte	0x4
 771 02e9 0C       		.uleb128 0xc
 772 02ea BF060000 		.4byte	.LASF57
 773 02ee 03       		.byte	0x3
 774 02ef B602     		.2byte	0x2b6
 775 02f1 28010000 		.4byte	0x128
 776 02f5 08       		.byte	0x8
 777 02f6 0F       		.uleb128 0xf
 778 02f7 6600     		.ascii	"f\000"
 779 02f9 03       		.byte	0x3
 780 02fa B802     		.2byte	0x2b8
 781 02fc 9F000000 		.4byte	0x9f
 782 0300 0C       		.byte	0xc
 783 0301 0C       		.uleb128 0xc
 784 0302 B6050000 		.4byte	.LASF58
 785 0306 03       		.byte	0x3
 786 0307 BA02     		.2byte	0x2ba
 787 0309 58010000 		.4byte	0x158
 788 030d 10       		.byte	0x10
 789 030e 00       		.byte	0
 790 030f 0A       		.uleb128 0xa
 791 0310 31050000 		.4byte	.LASF59
 792 0314 03       		.byte	0x3
 793 0315 BB02     		.2byte	0x2bb
 794 0317 C6020000 		.4byte	0x2c6
 795 031b 0B       		.uleb128 0xb
 796 031c 04       		.byte	0x4
 797 031d 03       		.byte	0x3
 798 031e BD02     		.2byte	0x2bd
 799 0320 32030000 		.4byte	0x332
 800 0324 0C       		.uleb128 0xc
 801 0325 0E040000 		.4byte	.LASF60
 802 0329 03       		.byte	0x3
 803 032a BF02     		.2byte	0x2bf
 804 032c 4C010000 		.4byte	0x14c
 805 0330 00       		.byte	0
 806 0331 00       		.byte	0
 807 0332 0A       		.uleb128 0xa
 808 0333 B3020000 		.4byte	.LASF61
 809 0337 03       		.byte	0x3
 810 0338 C402     		.2byte	0x2c4
 811 033a 1B030000 		.4byte	0x31b
 812 033e 10       		.uleb128 0x10
 813 033f F9020000 		.4byte	.LASF63
 814 0343 08       		.byte	0x8
 815 0344 03       		.byte	0x3
 816 0345 0E04     		.2byte	0x40e
 817 0347 65030000 		.4byte	0x365
 818 034b 0F       		.uleb128 0xf
 819 034c 6E7400   		.ascii	"nt\000"
 820 034f 03       		.byte	0x3
 821 0350 0F04     		.2byte	0x40f
ARM GAS  C:\Users\agila\AppData\Local\Temp\cc5HqG6m.s 			page 16


 822 0352 B5000000 		.4byte	0xb5
 823 0356 00       		.byte	0
 824 0357 0C       		.uleb128 0xc
 825 0358 D3070000 		.4byte	.LASF64
 826 035c 03       		.byte	0x3
 827 035d 1004     		.2byte	0x410
 828 035f 75030000 		.4byte	0x375
 829 0363 04       		.byte	0x4
 830 0364 00       		.byte	0
 831 0365 11       		.uleb128 0x11
 832 0366 70030000 		.4byte	0x370
 833 036a 70030000 		.4byte	0x370
 834 036e 12       		.uleb128 0x12
 835 036f 00       		.byte	0
 836 0370 13       		.uleb128 0x13
 837 0371 EC000000 		.4byte	0xec
 838 0375 06       		.uleb128 0x6
 839 0376 04       		.byte	0x4
 840 0377 65030000 		.4byte	0x365
 841 037b 11       		.uleb128 0x11
 842 037c 70030000 		.4byte	0x370
 843 0380 8B030000 		.4byte	0x38b
 844 0384 14       		.uleb128 0x14
 845 0385 8B030000 		.4byte	0x38b
 846 0389 00       		.byte	0
 847 038a 00       		.byte	0
 848 038b 02       		.uleb128 0x2
 849 038c 04       		.byte	0x4
 850 038d 07       		.byte	0x7
 851 038e 4C040000 		.4byte	.LASF65
 852 0392 15       		.uleb128 0x15
 853 0393 34010000 		.4byte	.LASF129
 854 0397 05       		.byte	0x5
 855 0398 6507     		.2byte	0x765
 856 039a A4030000 		.4byte	0x3a4
 857 039e 05       		.uleb128 0x5
 858 039f 03       		.byte	0x3
 859 03a0 08000000 		.4byte	EE_oo_autostart_task_mode_OSDEFAULTAPPMODE
 860 03a4 13       		.uleb128 0x13
 861 03a5 7B030000 		.4byte	0x37b
 862 03a9 11       		.uleb128 0x11
 863 03aa B9030000 		.4byte	0x3b9
 864 03ae B9030000 		.4byte	0x3b9
 865 03b2 14       		.uleb128 0x14
 866 03b3 8B030000 		.4byte	0x38b
 867 03b7 04       		.byte	0x4
 868 03b8 00       		.byte	0
 869 03b9 13       		.uleb128 0x13
 870 03ba AA000000 		.4byte	0xaa
 871 03be 16       		.uleb128 0x16
 872 03bf A5070000 		.4byte	.LASF66
 873 03c3 05       		.byte	0x5
 874 03c4 D2       		.byte	0xd2
 875 03c5 CF030000 		.4byte	0x3cf
 876 03c9 05       		.uleb128 0x5
 877 03ca 03       		.byte	0x3
 878 03cb 00000000 		.4byte	EE_hal_thread_body
ARM GAS  C:\Users\agila\AppData\Local\Temp\cc5HqG6m.s 			page 17


 879 03cf 13       		.uleb128 0x13
 880 03d0 A9030000 		.4byte	0x3a9
 881 03d4 11       		.uleb128 0x11
 882 03d5 E4030000 		.4byte	0x3e4
 883 03d9 E4030000 		.4byte	0x3e4
 884 03dd 14       		.uleb128 0x14
 885 03de 8B030000 		.4byte	0x38b
 886 03e2 05       		.byte	0x5
 887 03e3 00       		.byte	0
 888 03e4 13       		.uleb128 0x13
 889 03e5 B5000000 		.4byte	0xb5
 890 03e9 16       		.uleb128 0x16
 891 03ea EB060000 		.4byte	.LASF67
 892 03ee 05       		.byte	0x5
 893 03ef 71       		.byte	0x71
 894 03f0 FA030000 		.4byte	0x3fa
 895 03f4 05       		.uleb128 0x5
 896 03f5 03       		.byte	0x3
 897 03f6 00000000 		.4byte	EE_std_thread_tos
 898 03fa 13       		.uleb128 0x13
 899 03fb D4030000 		.4byte	0x3d4
 900 03ff 11       		.uleb128 0x11
 901 0400 80000000 		.4byte	0x80
 902 0404 0F040000 		.4byte	0x40f
 903 0408 14       		.uleb128 0x14
 904 0409 8B030000 		.4byte	0x38b
 905 040d 04       		.byte	0x4
 906 040e 00       		.byte	0
 907 040f 16       		.uleb128 0x16
 908 0410 6F080000 		.4byte	.LASF68
 909 0414 05       		.byte	0x5
 910 0415 ED       		.byte	0xed
 911 0416 FF030000 		.4byte	0x3ff
 912 041a 05       		.uleb128 0x5
 913 041b 03       		.byte	0x3
 914 041c 00000000 		.4byte	EE_terminate_data
 915 0420 16       		.uleb128 0x16
 916 0421 9C050000 		.4byte	.LASF69
 917 0425 05       		.byte	0x5
 918 0426 F0       		.byte	0xf0
 919 0427 31040000 		.4byte	0x431
 920 042b 05       		.uleb128 0x5
 921 042c 03       		.byte	0x3
 922 042d 00000000 		.4byte	EE_terminate_real_th_body
 923 0431 13       		.uleb128 0x13
 924 0432 A9030000 		.4byte	0x3a9
 925 0436 11       		.uleb128 0x11
 926 0437 F7000000 		.4byte	0xf7
 927 043b 46040000 		.4byte	0x446
 928 043f 14       		.uleb128 0x14
 929 0440 8B030000 		.4byte	0x38b
 930 0444 03       		.byte	0x3
 931 0445 00       		.byte	0
 932 0446 16       		.uleb128 0x16
 933 0447 62050000 		.4byte	.LASF70
 934 044b 05       		.byte	0x5
 935 044c 8D       		.byte	0x8d
ARM GAS  C:\Users\agila\AppData\Local\Temp\cc5HqG6m.s 			page 18


 936 044d 36040000 		.4byte	0x436
 937 0451 05       		.uleb128 0x5
 938 0452 03       		.byte	0x3
 939 0453 00000000 		.4byte	EE_cortex_mx_system_tos
 940 0457 16       		.uleb128 0x16
 941 0458 D5010000 		.4byte	.LASF71
 942 045c 05       		.byte	0x5
 943 045d A9       		.byte	0xa9
 944 045e B5000000 		.4byte	0xb5
 945 0462 05       		.uleb128 0x5
 946 0463 03       		.byte	0x3
 947 0464 00000000 		.4byte	EE_cortex_mx_active_tos
 948 0468 11       		.uleb128 0x11
 949 0469 E4030000 		.4byte	0x3e4
 950 046d 78040000 		.4byte	0x478
 951 0471 14       		.uleb128 0x14
 952 0472 8B030000 		.4byte	0x38b
 953 0476 04       		.byte	0x4
 954 0477 00       		.byte	0
 955 0478 17       		.uleb128 0x17
 956 0479 5C070000 		.4byte	.LASF72
 957 047d 05       		.byte	0x5
 958 047e E202     		.2byte	0x2e2
 959 0480 8A040000 		.4byte	0x48a
 960 0484 05       		.uleb128 0x5
 961 0485 03       		.byte	0x3
 962 0486 00000000 		.4byte	EE_th_rnact_max
 963 048a 13       		.uleb128 0x13
 964 048b 68040000 		.4byte	0x468
 965 048f 17       		.uleb128 0x17
 966 0490 1A080000 		.4byte	.LASF73
 967 0494 05       		.byte	0x5
 968 0495 0C01     		.2byte	0x10c
 969 0497 A1040000 		.4byte	0x4a1
 970 049b 05       		.uleb128 0x5
 971 049c 03       		.byte	0x3
 972 049d 00000000 		.4byte	EE_th_ready_prio
 973 04a1 13       		.uleb128 0x13
 974 04a2 68040000 		.4byte	0x468
 975 04a6 17       		.uleb128 0x17
 976 04a7 85030000 		.4byte	.LASF74
 977 04ab 05       		.byte	0x5
 978 04ac 4502     		.2byte	0x245
 979 04ae B8040000 		.4byte	0x4b8
 980 04b2 05       		.uleb128 0x5
 981 04b3 03       		.byte	0x3
 982 04b4 00000000 		.4byte	EE_th_dispatch_prio
 983 04b8 13       		.uleb128 0x13
 984 04b9 68040000 		.4byte	0x468
 985 04bd 11       		.uleb128 0x11
 986 04be CD040000 		.4byte	0x4cd
 987 04c2 CD040000 		.4byte	0x4cd
 988 04c6 14       		.uleb128 0x14
 989 04c7 8B030000 		.4byte	0x38b
 990 04cb 04       		.byte	0x4
 991 04cc 00       		.byte	0
 992 04cd 06       		.uleb128 0x6
ARM GAS  C:\Users\agila\AppData\Local\Temp\cc5HqG6m.s 			page 19


 993 04ce 04       		.byte	0x4
 994 04cf DA040000 		.4byte	0x4da
 995 04d3 02       		.uleb128 0x2
 996 04d4 01       		.byte	0x1
 997 04d5 08       		.byte	0x8
 998 04d6 48070000 		.4byte	.LASF75
 999 04da 13       		.uleb128 0x13
 1000 04db D3040000 		.4byte	0x4d3
 1001 04df 17       		.uleb128 0x17
 1002 04e0 0D060000 		.4byte	.LASF76
 1003 04e4 05       		.byte	0x5
 1004 04e5 2801     		.2byte	0x128
 1005 04e7 BD040000 		.4byte	0x4bd
 1006 04eb 05       		.uleb128 0x5
 1007 04ec 03       		.byte	0x3
 1008 04ed 00000000 		.4byte	EE_TASK_NAME
 1009 04f1 11       		.uleb128 0x11
 1010 04f2 CD040000 		.4byte	0x4cd
 1011 04f6 01050000 		.4byte	0x501
 1012 04fa 14       		.uleb128 0x14
 1013 04fb 8B030000 		.4byte	0x38b
 1014 04ff 02       		.byte	0x2
 1015 0500 00       		.byte	0
 1016 0501 17       		.uleb128 0x17
 1017 0502 AA010000 		.4byte	.LASF77
 1018 0506 05       		.byte	0x5
 1019 0507 8101     		.2byte	0x181
 1020 0509 F1040000 		.4byte	0x4f1
 1021 050d 05       		.uleb128 0x5
 1022 050e 03       		.byte	0x3
 1023 050f 00000000 		.4byte	EE_EVENT_NAME
 1024 0513 11       		.uleb128 0x11
 1025 0514 CD040000 		.4byte	0x4cd
 1026 0518 23050000 		.4byte	0x523
 1027 051c 14       		.uleb128 0x14
 1028 051d 8B030000 		.4byte	0x38b
 1029 0521 00       		.byte	0
 1030 0522 00       		.byte	0
 1031 0523 17       		.uleb128 0x17
 1032 0524 C8020000 		.4byte	.LASF78
 1033 0528 05       		.byte	0x5
 1034 0529 3D06     		.2byte	0x63d
 1035 052b 13050000 		.4byte	0x513
 1036 052f 05       		.uleb128 0x5
 1037 0530 03       		.byte	0x3
 1038 0531 00000000 		.4byte	EE_ALARM_NAME
 1039 0535 11       		.uleb128 0x11
 1040 0536 CD040000 		.4byte	0x4cd
 1041 053a 45050000 		.4byte	0x545
 1042 053e 14       		.uleb128 0x14
 1043 053f 8B030000 		.4byte	0x38b
 1044 0543 01       		.byte	0x1
 1045 0544 00       		.byte	0
 1046 0545 17       		.uleb128 0x17
 1047 0546 00000000 		.4byte	.LASF79
 1048 054a 05       		.byte	0x5
 1049 054b 4601     		.2byte	0x146
ARM GAS  C:\Users\agila\AppData\Local\Temp\cc5HqG6m.s 			page 20


 1050 054d 35050000 		.4byte	0x535
 1051 0551 05       		.uleb128 0x5
 1052 0552 03       		.byte	0x3
 1053 0553 00000000 		.4byte	EE_RESOURCE_NAME
 1054 0557 11       		.uleb128 0x11
 1055 0558 67050000 		.4byte	0x567
 1056 055c 67050000 		.4byte	0x567
 1057 0560 14       		.uleb128 0x14
 1058 0561 8B030000 		.4byte	0x38b
 1059 0565 01       		.byte	0x1
 1060 0566 00       		.byte	0
 1061 0567 13       		.uleb128 0x13
 1062 0568 40000000 		.4byte	0x40
 1063 056c 17       		.uleb128 0x17
 1064 056d 4B000000 		.4byte	.LASF80
 1065 0571 05       		.byte	0x5
 1066 0572 6201     		.2byte	0x162
 1067 0574 7E050000 		.4byte	0x57e
 1068 0578 05       		.uleb128 0x5
 1069 0579 03       		.byte	0x3
 1070 057a 00000000 		.4byte	EE_RESOURCE_ID
 1071 057e 13       		.uleb128 0x13
 1072 057f 57050000 		.4byte	0x557
 1073 0583 11       		.uleb128 0x11
 1074 0584 67050000 		.4byte	0x567
 1075 0588 93050000 		.4byte	0x593
 1076 058c 14       		.uleb128 0x14
 1077 058d 8B030000 		.4byte	0x38b
 1078 0591 02       		.byte	0x2
 1079 0592 00       		.byte	0
 1080 0593 17       		.uleb128 0x17
 1081 0594 1B020000 		.4byte	.LASF81
 1082 0598 05       		.byte	0x5
 1083 0599 E201     		.2byte	0x1e2
 1084 059b A5050000 		.4byte	0x5a5
 1085 059f 05       		.uleb128 0x5
 1086 05a0 03       		.byte	0x3
 1087 05a1 00000000 		.4byte	EE_EVENT_ID
 1088 05a5 13       		.uleb128 0x13
 1089 05a6 83050000 		.4byte	0x583
 1090 05aa 11       		.uleb128 0x11
 1091 05ab 67050000 		.4byte	0x567
 1092 05af BA050000 		.4byte	0x5ba
 1093 05b3 14       		.uleb128 0x14
 1094 05b4 8B030000 		.4byte	0x38b
 1095 05b8 00       		.byte	0
 1096 05b9 00       		.byte	0
 1097 05ba 17       		.uleb128 0x17
 1098 05bb 5F010000 		.4byte	.LASF82
 1099 05bf 05       		.byte	0x5
 1100 05c0 5906     		.2byte	0x659
 1101 05c2 CC050000 		.4byte	0x5cc
 1102 05c6 05       		.uleb128 0x5
 1103 05c7 03       		.byte	0x3
 1104 05c8 00000000 		.4byte	EE_ALARM_ID
 1105 05cc 13       		.uleb128 0x13
 1106 05cd AA050000 		.4byte	0x5aa
ARM GAS  C:\Users\agila\AppData\Local\Temp\cc5HqG6m.s 			page 21


 1107 05d1 11       		.uleb128 0x11
 1108 05d2 B5000000 		.4byte	0xb5
 1109 05d6 E1050000 		.4byte	0x5e1
 1110 05da 14       		.uleb128 0x14
 1111 05db 8B030000 		.4byte	0x38b
 1112 05df 04       		.byte	0x4
 1113 05e0 00       		.byte	0
 1114 05e1 17       		.uleb128 0x17
 1115 05e2 62030000 		.4byte	.LASF83
 1116 05e6 05       		.byte	0x5
 1117 05e7 8102     		.2byte	0x281
 1118 05e9 D1050000 		.4byte	0x5d1
 1119 05ed 05       		.uleb128 0x5
 1120 05ee 03       		.byte	0x3
 1121 05ef 00000000 		.4byte	EE_th_status
 1122 05f3 11       		.uleb128 0x11
 1123 05f4 EC000000 		.4byte	0xec
 1124 05f8 03060000 		.4byte	0x603
 1125 05fc 14       		.uleb128 0x14
 1126 05fd 8B030000 		.4byte	0x38b
 1127 0601 04       		.byte	0x4
 1128 0602 00       		.byte	0
 1129 0603 17       		.uleb128 0x17
 1130 0604 91050000 		.4byte	.LASF84
 1131 0608 05       		.byte	0x5
 1132 0609 9D02     		.2byte	0x29d
 1133 060b F3050000 		.4byte	0x5f3
 1134 060f 05       		.uleb128 0x5
 1135 0610 03       		.byte	0x3
 1136 0611 00000000 		.4byte	EE_th_next
 1137 0615 17       		.uleb128 0x17
 1138 0616 2B080000 		.4byte	.LASF85
 1139 061a 05       		.byte	0x5
 1140 061b C702     		.2byte	0x2c7
 1141 061d D1050000 		.4byte	0x5d1
 1142 0621 05       		.uleb128 0x5
 1143 0622 03       		.byte	0x3
 1144 0623 00000000 		.4byte	EE_th_rnact
 1145 0627 17       		.uleb128 0x17
 1146 0628 2A000000 		.4byte	.LASF86
 1147 062c 05       		.byte	0x5
 1148 062d 7703     		.2byte	0x377
 1149 062f F3050000 		.4byte	0x5f3
 1150 0633 05       		.uleb128 0x5
 1151 0634 03       		.byte	0x3
 1152 0635 00000000 		.4byte	EE_th_terminate_nextask
 1153 0639 17       		.uleb128 0x17
 1154 063a 5A000000 		.4byte	.LASF87
 1155 063e 05       		.byte	0x5
 1156 063f B902     		.2byte	0x2b9
 1157 0641 EC000000 		.4byte	0xec
 1158 0645 05       		.uleb128 0x5
 1159 0646 03       		.byte	0x3
 1160 0647 00000000 		.4byte	EE_stkfirst
 1161 064b 17       		.uleb128 0x17
 1162 064c B8070000 		.4byte	.LASF88
 1163 0650 05       		.byte	0x5
ARM GAS  C:\Users\agila\AppData\Local\Temp\cc5HqG6m.s 			page 22


 1164 0651 BC02     		.2byte	0x2bc
 1165 0653 B5000000 		.4byte	0xb5
 1166 0657 05       		.uleb128 0x5
 1167 0658 03       		.byte	0x3
 1168 0659 00000000 		.4byte	EE_sys_ceiling
 1169 065d 17       		.uleb128 0x17
 1170 065e 6C040000 		.4byte	.LASF89
 1171 0662 05       		.byte	0x5
 1172 0663 FD02     		.2byte	0x2fd
 1173 0665 D1050000 		.4byte	0x5d1
 1174 0669 05       		.uleb128 0x5
 1175 066a 03       		.byte	0x3
 1176 066b 00000000 		.4byte	EE_rq_link
 1177 066f 11       		.uleb128 0x11
 1178 0670 C0000000 		.4byte	0xc0
 1179 0674 7F060000 		.4byte	0x67f
 1180 0678 14       		.uleb128 0x14
 1181 0679 8B030000 		.4byte	0x38b
 1182 067d 0F       		.byte	0xf
 1183 067e 00       		.byte	0
 1184 067f 17       		.uleb128 0x17
 1185 0680 30020000 		.4byte	.LASF90
 1186 0684 05       		.byte	0x5
 1187 0685 BF02     		.2byte	0x2bf
 1188 0687 6F060000 		.4byte	0x66f
 1189 068b 05       		.uleb128 0x5
 1190 068c 03       		.byte	0x3
 1191 068d 00000000 		.4byte	EE_rq_queues_head
 1192 0691 17       		.uleb128 0x17
 1193 0692 D9060000 		.4byte	.LASF91
 1194 0696 05       		.byte	0x5
 1195 0697 C102     		.2byte	0x2c1
 1196 0699 6F060000 		.4byte	0x66f
 1197 069d 05       		.uleb128 0x5
 1198 069e 03       		.byte	0x3
 1199 069f 00000000 		.4byte	EE_rq_queues_tail
 1200 06a3 11       		.uleb128 0x11
 1201 06a4 C0000000 		.4byte	0xc0
 1202 06a8 B3060000 		.4byte	0x6b3
 1203 06ac 14       		.uleb128 0x14
 1204 06ad 8B030000 		.4byte	0x38b
 1205 06b1 04       		.byte	0x4
 1206 06b2 00       		.byte	0
 1207 06b3 17       		.uleb128 0x17
 1208 06b4 03010000 		.4byte	.LASF92
 1209 06b8 05       		.byte	0x5
 1210 06b9 1B03     		.2byte	0x31b
 1211 06bb A3060000 		.4byte	0x6a3
 1212 06bf 05       		.uleb128 0x5
 1213 06c0 03       		.byte	0x3
 1214 06c1 00000000 		.4byte	EE_rq_pairs_next
 1215 06c5 17       		.uleb128 0x17
 1216 06c6 37080000 		.4byte	.LASF93
 1217 06ca 05       		.byte	0x5
 1218 06cb 7003     		.2byte	0x370
 1219 06cd F3050000 		.4byte	0x5f3
 1220 06d1 05       		.uleb128 0x5
ARM GAS  C:\Users\agila\AppData\Local\Temp\cc5HqG6m.s 			page 23


 1221 06d2 03       		.byte	0x3
 1222 06d3 00000000 		.4byte	EE_rq_pairs_tid
 1223 06d7 17       		.uleb128 0x17
 1224 06d8 10070000 		.4byte	.LASF94
 1225 06dc 05       		.byte	0x5
 1226 06dd C402     		.2byte	0x2c4
 1227 06df 10010000 		.4byte	0x110
 1228 06e3 05       		.uleb128 0x5
 1229 06e4 03       		.byte	0x3
 1230 06e5 00000000 		.4byte	EE_rq_bitmask
 1231 06e9 17       		.uleb128 0x17
 1232 06ea 61040000 		.4byte	.LASF95
 1233 06ee 05       		.byte	0x5
 1234 06ef 7303     		.2byte	0x373
 1235 06f1 C0000000 		.4byte	0xc0
 1236 06f5 05       		.uleb128 0x5
 1237 06f6 03       		.byte	0x3
 1238 06f7 00000000 		.4byte	EE_rq_free
 1239 06fb 17       		.uleb128 0x17
 1240 06fc 81080000 		.4byte	.LASF96
 1241 0700 05       		.byte	0x5
 1242 0701 9A03     		.2byte	0x39a
 1243 0703 D1050000 		.4byte	0x5d1
 1244 0707 05       		.uleb128 0x5
 1245 0708 03       		.byte	0x3
 1246 0709 00000000 		.4byte	EE_th_event_active
 1247 070d 17       		.uleb128 0x17
 1248 070e C9050000 		.4byte	.LASF97
 1249 0712 05       		.byte	0x5
 1250 0713 B603     		.2byte	0x3b6
 1251 0715 D1050000 		.4byte	0x5d1
 1252 0719 05       		.uleb128 0x5
 1253 071a 03       		.byte	0x3
 1254 071b 00000000 		.4byte	EE_th_event_waitmask
 1255 071f 11       		.uleb128 0x11
 1256 0720 D6000000 		.4byte	0xd6
 1257 0724 2F070000 		.4byte	0x72f
 1258 0728 14       		.uleb128 0x14
 1259 0729 8B030000 		.4byte	0x38b
 1260 072d 04       		.byte	0x4
 1261 072e 00       		.byte	0
 1262 072f 17       		.uleb128 0x17
 1263 0730 E8020000 		.4byte	.LASF98
 1264 0734 05       		.byte	0x5
 1265 0735 D203     		.2byte	0x3d2
 1266 0737 1F070000 		.4byte	0x71f
 1267 073b 05       		.uleb128 0x5
 1268 073c 03       		.byte	0x3
 1269 073d 00000000 		.4byte	EE_th_waswaiting
 1270 0741 17       		.uleb128 0x17
 1271 0742 E5080000 		.4byte	.LASF99
 1272 0746 05       		.byte	0x5
 1273 0747 EE03     		.2byte	0x3ee
 1274 0749 53070000 		.4byte	0x753
 1275 074d 05       		.uleb128 0x5
 1276 074e 03       		.byte	0x3
 1277 074f 00000000 		.4byte	EE_th_is_extended
ARM GAS  C:\Users\agila\AppData\Local\Temp\cc5HqG6m.s 			page 24


 1278 0753 13       		.uleb128 0x13
 1279 0754 68040000 		.4byte	0x468
 1280 0758 11       		.uleb128 0x11
 1281 0759 E4030000 		.4byte	0x3e4
 1282 075d 68070000 		.4byte	0x768
 1283 0761 14       		.uleb128 0x14
 1284 0762 8B030000 		.4byte	0x38b
 1285 0766 01       		.byte	0x1
 1286 0767 00       		.byte	0
 1287 0768 17       		.uleb128 0x17
 1288 0769 FF080000 		.4byte	.LASF100
 1289 076d 05       		.byte	0x5
 1290 076e B504     		.2byte	0x4b5
 1291 0770 7A070000 		.4byte	0x77a
 1292 0774 05       		.uleb128 0x5
 1293 0775 03       		.byte	0x3
 1294 0776 00000000 		.4byte	EE_resource_ceiling
 1295 077a 13       		.uleb128 0x13
 1296 077b 58070000 		.4byte	0x758
 1297 077f 11       		.uleb128 0x11
 1298 0780 8F070000 		.4byte	0x78f
 1299 0784 8F070000 		.4byte	0x78f
 1300 0788 14       		.uleb128 0x14
 1301 0789 8B030000 		.4byte	0x38b
 1302 078d 01       		.byte	0x1
 1303 078e 00       		.byte	0
 1304 078f 13       		.uleb128 0x13
 1305 0790 E1000000 		.4byte	0xe1
 1306 0794 17       		.uleb128 0x17
 1307 0795 D8070000 		.4byte	.LASF101
 1308 0799 05       		.byte	0x5
 1309 079a F804     		.2byte	0x4f8
 1310 079c A6070000 		.4byte	0x7a6
 1311 07a0 05       		.uleb128 0x5
 1312 07a1 03       		.byte	0x3
 1313 07a2 00000000 		.4byte	EE_resource_isr2_priority
 1314 07a6 13       		.uleb128 0x13
 1315 07a7 7F070000 		.4byte	0x77f
 1316 07ab 11       		.uleb128 0x11
 1317 07ac B5000000 		.4byte	0xb5
 1318 07b0 BB070000 		.4byte	0x7bb
 1319 07b4 14       		.uleb128 0x14
 1320 07b5 8B030000 		.4byte	0x38b
 1321 07b9 01       		.byte	0x1
 1322 07ba 00       		.byte	0
 1323 07bb 17       		.uleb128 0x17
 1324 07bc 04020000 		.4byte	.LASF102
 1325 07c0 05       		.byte	0x5
 1326 07c1 F404     		.2byte	0x4f4
 1327 07c3 AB070000 		.4byte	0x7ab
 1328 07c7 05       		.uleb128 0x5
 1329 07c8 03       		.byte	0x3
 1330 07c9 00000000 		.4byte	EE_resource_oldceiling
 1331 07cd 11       		.uleb128 0x11
 1332 07ce E1000000 		.4byte	0xe1
 1333 07d2 DD070000 		.4byte	0x7dd
 1334 07d6 14       		.uleb128 0x14
ARM GAS  C:\Users\agila\AppData\Local\Temp\cc5HqG6m.s 			page 25


 1335 07d7 8B030000 		.4byte	0x38b
 1336 07db 01       		.byte	0x1
 1337 07dc 00       		.byte	0
 1338 07dd 17       		.uleb128 0x17
 1339 07de 97020000 		.4byte	.LASF103
 1340 07e2 05       		.byte	0x5
 1341 07e3 7405     		.2byte	0x574
 1342 07e5 CD070000 		.4byte	0x7cd
 1343 07e9 05       		.uleb128 0x5
 1344 07ea 03       		.byte	0x3
 1345 07eb 00000000 		.4byte	EE_isr2_oldpriority
 1346 07ef 11       		.uleb128 0x11
 1347 07f0 D6000000 		.4byte	0xd6
 1348 07f4 FF070000 		.4byte	0x7ff
 1349 07f8 14       		.uleb128 0x14
 1350 07f9 8B030000 		.4byte	0x38b
 1351 07fd 01       		.byte	0x1
 1352 07fe 00       		.byte	0
 1353 07ff 17       		.uleb128 0x17
 1354 0800 CA080000 		.4byte	.LASF104
 1355 0804 05       		.byte	0x5
 1356 0805 9404     		.2byte	0x494
 1357 0807 EF070000 		.4byte	0x7ef
 1358 080b 05       		.uleb128 0x5
 1359 080c 03       		.byte	0x3
 1360 080d 00000000 		.4byte	EE_resource_locked
 1361 0811 11       		.uleb128 0x11
 1362 0812 B5000000 		.4byte	0xb5
 1363 0816 21080000 		.4byte	0x821
 1364 081a 14       		.uleb128 0x14
 1365 081b 8B030000 		.4byte	0x38b
 1366 081f 05       		.byte	0x5
 1367 0820 00       		.byte	0
 1368 0821 17       		.uleb128 0x17
 1369 0822 11000000 		.4byte	.LASF105
 1370 0826 05       		.byte	0x5
 1371 0827 3704     		.2byte	0x437
 1372 0829 11080000 		.4byte	0x811
 1373 082d 05       		.uleb128 0x5
 1374 082e 03       		.byte	0x3
 1375 082f 00000000 		.4byte	EE_th_resource_last
 1376 0833 17       		.uleb128 0x17
 1377 0834 1E070000 		.4byte	.LASF106
 1378 0838 05       		.byte	0x5
 1379 0839 7004     		.2byte	0x470
 1380 083b AB070000 		.4byte	0x7ab
 1381 083f 05       		.uleb128 0x5
 1382 0840 03       		.byte	0x3
 1383 0841 00000000 		.4byte	EE_resource_stack
 1384 0845 11       		.uleb128 0x11
 1385 0846 B5000000 		.4byte	0xb5
 1386 084a 55080000 		.4byte	0x855
 1387 084e 14       		.uleb128 0x14
 1388 084f 8B030000 		.4byte	0x38b
 1389 0853 00       		.byte	0
 1390 0854 00       		.byte	0
 1391 0855 17       		.uleb128 0x17
ARM GAS  C:\Users\agila\AppData\Local\Temp\cc5HqG6m.s 			page 26


 1392 0856 1B050000 		.4byte	.LASF107
 1393 085a 05       		.byte	0x5
 1394 085b F405     		.2byte	0x5f4
 1395 085d 45080000 		.4byte	0x845
 1396 0861 05       		.uleb128 0x5
 1397 0862 03       		.byte	0x3
 1398 0863 00000000 		.4byte	EE_isr2_nesting_level
 1399 0867 11       		.uleb128 0x11
 1400 0868 77080000 		.4byte	0x877
 1401 086c 77080000 		.4byte	0x877
 1402 0870 14       		.uleb128 0x14
 1403 0871 8B030000 		.4byte	0x38b
 1404 0875 00       		.byte	0
 1405 0876 00       		.byte	0
 1406 0877 13       		.uleb128 0x13
 1407 0878 95010000 		.4byte	0x195
 1408 087c 17       		.uleb128 0x17
 1409 087d A9000000 		.4byte	.LASF108
 1410 0881 05       		.byte	0x5
 1411 0882 FF05     		.2byte	0x5ff
 1412 0884 8E080000 		.4byte	0x88e
 1413 0888 05       		.uleb128 0x5
 1414 0889 03       		.byte	0x3
 1415 088a 00000000 		.4byte	EE_counter_ROM
 1416 088e 13       		.uleb128 0x13
 1417 088f 67080000 		.4byte	0x867
 1418 0893 11       		.uleb128 0x11
 1419 0894 A3080000 		.4byte	0x8a3
 1420 0898 A3080000 		.4byte	0x8a3
 1421 089c 14       		.uleb128 0x14
 1422 089d 8B030000 		.4byte	0x38b
 1423 08a1 00       		.byte	0
 1424 08a2 00       		.byte	0
 1425 08a3 13       		.uleb128 0x13
 1426 08a4 32020000 		.4byte	0x232
 1427 08a8 17       		.uleb128 0x17
 1428 08a9 F5030000 		.4byte	.LASF109
 1429 08ad 05       		.byte	0x5
 1430 08ae 9606     		.2byte	0x696
 1431 08b0 BA080000 		.4byte	0x8ba
 1432 08b4 05       		.uleb128 0x5
 1433 08b5 03       		.byte	0x3
 1434 08b6 00000000 		.4byte	EE_oo_counter_object_ROM
 1435 08ba 13       		.uleb128 0x13
 1436 08bb 93080000 		.4byte	0x893
 1437 08bf 11       		.uleb128 0x11
 1438 08c0 CF080000 		.4byte	0x8cf
 1439 08c4 CF080000 		.4byte	0x8cf
 1440 08c8 14       		.uleb128 0x14
 1441 08c9 8B030000 		.4byte	0x38b
 1442 08cd 00       		.byte	0
 1443 08ce 00       		.byte	0
 1444 08cf 13       		.uleb128 0x13
 1445 08d0 0F030000 		.4byte	0x30f
 1446 08d4 17       		.uleb128 0x17
 1447 08d5 2B040000 		.4byte	.LASF110
 1448 08d9 05       		.byte	0x5
ARM GAS  C:\Users\agila\AppData\Local\Temp\cc5HqG6m.s 			page 27


 1449 08da BA06     		.2byte	0x6ba
 1450 08dc E6080000 		.4byte	0x8e6
 1451 08e0 05       		.uleb128 0x5
 1452 08e1 03       		.byte	0x3
 1453 08e2 00000000 		.4byte	EE_oo_action_ROM
 1454 08e6 13       		.uleb128 0x13
 1455 08e7 BF080000 		.4byte	0x8bf
 1456 08eb 11       		.uleb128 0x11
 1457 08ec FB080000 		.4byte	0x8fb
 1458 08f0 FB080000 		.4byte	0x8fb
 1459 08f4 14       		.uleb128 0x14
 1460 08f5 8B030000 		.4byte	0x38b
 1461 08f9 00       		.byte	0
 1462 08fa 00       		.byte	0
 1463 08fb 13       		.uleb128 0x13
 1464 08fc 32030000 		.4byte	0x332
 1465 0900 17       		.uleb128 0x17
 1466 0901 B8010000 		.4byte	.LASF111
 1467 0905 05       		.byte	0x5
 1468 0906 2006     		.2byte	0x620
 1469 0908 12090000 		.4byte	0x912
 1470 090c 05       		.uleb128 0x5
 1471 090d 03       		.byte	0x3
 1472 090e 00000000 		.4byte	EE_alarm_ROM
 1473 0912 13       		.uleb128 0x13
 1474 0913 EB080000 		.4byte	0x8eb
 1475 0917 11       		.uleb128 0x11
 1476 0918 C5010000 		.4byte	0x1c5
 1477 091c 27090000 		.4byte	0x927
 1478 0920 14       		.uleb128 0x14
 1479 0921 8B030000 		.4byte	0x38b
 1480 0925 00       		.byte	0
 1481 0926 00       		.byte	0
 1482 0927 17       		.uleb128 0x17
 1483 0928 7E070000 		.4byte	.LASF112
 1484 092c 05       		.byte	0x5
 1485 092d 0C06     		.2byte	0x60c
 1486 092f 17090000 		.4byte	0x917
 1487 0933 05       		.uleb128 0x5
 1488 0934 03       		.byte	0x3
 1489 0935 00000000 		.4byte	EE_counter_RAM
 1490 0939 11       		.uleb128 0x11
 1491 093a 7C020000 		.4byte	0x27c
 1492 093e 49090000 		.4byte	0x949
 1493 0942 14       		.uleb128 0x14
 1494 0943 8B030000 		.4byte	0x38b
 1495 0947 00       		.byte	0
 1496 0948 00       		.byte	0
 1497 0949 17       		.uleb128 0x17
 1498 094a F2070000 		.4byte	.LASF113
 1499 094e 05       		.byte	0x5
 1500 094f B106     		.2byte	0x6b1
 1501 0951 39090000 		.4byte	0x939
 1502 0955 05       		.uleb128 0x5
 1503 0956 03       		.byte	0x3
 1504 0957 00000000 		.4byte	EE_oo_counter_object_RAM
 1505 095b 11       		.uleb128 0x11
ARM GAS  C:\Users\agila\AppData\Local\Temp\cc5HqG6m.s 			page 28


 1506 095c 6B090000 		.4byte	0x96b
 1507 0960 6B090000 		.4byte	0x96b
 1508 0964 14       		.uleb128 0x14
 1509 0965 8B030000 		.4byte	0x38b
 1510 0969 00       		.byte	0
 1511 096a 00       		.byte	0
 1512 096b 13       		.uleb128 0x13
 1513 096c 3E030000 		.4byte	0x33e
 1514 0970 17       		.uleb128 0x17
 1515 0971 DE050000 		.4byte	.LASF114
 1516 0975 05       		.byte	0x5
 1517 0976 9607     		.2byte	0x796
 1518 0978 82090000 		.4byte	0x982
 1519 097c 05       		.uleb128 0x5
 1520 097d 03       		.byte	0x3
 1521 097e 00000000 		.4byte	EE_oo_autostart_task_data
 1522 0982 13       		.uleb128 0x13
 1523 0983 5B090000 		.4byte	0x95b
 1524 0987 18       		.uleb128 0x18
 1525 0988 2B030000 		.4byte	.LASF115
 1526 098c 06       		.byte	0x6
 1527 098d 40       		.byte	0x40
 1528 098e B5000000 		.4byte	0xb5
 1529 0992 18       		.uleb128 0x18
 1530 0993 42020000 		.4byte	.LASF116
 1531 0997 06       		.byte	0x6
 1532 0998 47       		.byte	0x47
 1533 0999 CB000000 		.4byte	0xcb
 1534 099d 17       		.uleb128 0x17
 1535 099e 18040000 		.4byte	.LASF117
 1536 09a2 05       		.byte	0x5
 1537 09a3 5C07     		.2byte	0x75c
 1538 09a5 B5000000 		.4byte	0xb5
 1539 09a9 05       		.uleb128 0x5
 1540 09aa 03       		.byte	0x3
 1541 09ab 00000000 		.4byte	EE_ApplicationMode
 1542 09af 18       		.uleb128 0x18
 1543 09b0 5B020000 		.4byte	.LASF118
 1544 09b4 07       		.byte	0x7
 1545 09b5 48       		.byte	0x48
 1546 09b6 EC000000 		.4byte	0xec
 1547 09ba 18       		.uleb128 0x18
 1548 09bb 47080000 		.4byte	.LASF119
 1549 09bf 08       		.byte	0x8
 1550 09c0 44       		.byte	0x44
 1551 09c1 B5000000 		.4byte	0xb5
 1552 09c5 16       		.uleb128 0x16
 1553 09c6 7D000000 		.4byte	.LASF120
 1554 09ca 05       		.byte	0x5
 1555 09cb AD       		.byte	0xad
 1556 09cc F7000000 		.4byte	0xf7
 1557 09d0 05       		.uleb128 0x5
 1558 09d1 03       		.byte	0x3
 1559 09d2 00000000 		.4byte	EE_cortex_mx_IRQ_tos
 1560 09d6 11       		.uleb128 0x11
 1561 09d7 55000000 		.4byte	0x55
 1562 09db E7090000 		.4byte	0x9e7
ARM GAS  C:\Users\agila\AppData\Local\Temp\cc5HqG6m.s 			page 29


 1563 09df 19       		.uleb128 0x19
 1564 09e0 8B030000 		.4byte	0x38b
 1565 09e4 F301     		.2byte	0x1f3
 1566 09e6 00       		.byte	0
 1567 09e7 16       		.uleb128 0x16
 1568 09e8 F8050000 		.4byte	.LASF121
 1569 09ec 05       		.byte	0x5
 1570 09ed 19       		.byte	0x19
 1571 09ee D6090000 		.4byte	0x9d6
 1572 09f2 05       		.uleb128 0x5
 1573 09f3 03       		.byte	0x3
 1574 09f4 00000000 		.4byte	EE_cortex_mx_stack_3
 1575 09f8 16       		.uleb128 0x16
 1576 09f9 99030000 		.4byte	.LASF122
 1577 09fd 05       		.byte	0x5
 1578 09fe 1D       		.byte	0x1d
 1579 09ff D6090000 		.4byte	0x9d6
 1580 0a03 05       		.uleb128 0x5
 1581 0a04 03       		.byte	0x3
 1582 0a05 00000000 		.4byte	EE_cortex_mx_stack_4
 1583 0a09 16       		.uleb128 0x16
 1584 0a0a AE030000 		.4byte	.LASF123
 1585 0a0e 05       		.byte	0x5
 1586 0a0f 21       		.byte	0x21
 1587 0a10 D6090000 		.4byte	0x9d6
 1588 0a14 05       		.uleb128 0x5
 1589 0a15 03       		.byte	0x3
 1590 0a16 00000000 		.4byte	EE_cortex_mx_stack_5
 1591 0a1a 11       		.uleb128 0x11
 1592 0a1b 55000000 		.4byte	0x55
 1593 0a1f 2A0A0000 		.4byte	0xa2a
 1594 0a23 14       		.uleb128 0x14
 1595 0a24 8B030000 		.4byte	0x38b
 1596 0a28 7F       		.byte	0x7f
 1597 0a29 00       		.byte	0
 1598 0a2a 16       		.uleb128 0x16
 1599 0a2b C3030000 		.4byte	.LASF124
 1600 0a2f 05       		.byte	0x5
 1601 0a30 32       		.byte	0x32
 1602 0a31 1A0A0000 		.4byte	0xa1a
 1603 0a35 05       		.uleb128 0x5
 1604 0a36 03       		.byte	0x3
 1605 0a37 00000000 		.4byte	EE_cortex_mx_stack_9
 1606 0a3b 17       		.uleb128 0x17
 1607 0a3c A5080000 		.4byte	.LASF125
 1608 0a40 05       		.byte	0x5
 1609 0a41 7605     		.2byte	0x576
 1610 0a43 4D0A0000 		.4byte	0xa4d
 1611 0a47 05       		.uleb128 0x5
 1612 0a48 03       		.byte	0x3
 1613 0a49 00000000 		.4byte	EE_resource_isr2_ceiling
 1614 0a4d 13       		.uleb128 0x13
 1615 0a4e 58070000 		.4byte	0x758
 1616 0a52 00       		.byte	0
 1617              		.section	.debug_abbrev,"",%progbits
 1618              	.Ldebug_abbrev0:
 1619 0000 01       		.uleb128 0x1
ARM GAS  C:\Users\agila\AppData\Local\Temp\cc5HqG6m.s 			page 30


 1620 0001 11       		.uleb128 0x11
 1621 0002 01       		.byte	0x1
 1622 0003 25       		.uleb128 0x25
 1623 0004 0E       		.uleb128 0xe
 1624 0005 13       		.uleb128 0x13
 1625 0006 0B       		.uleb128 0xb
 1626 0007 03       		.uleb128 0x3
 1627 0008 0E       		.uleb128 0xe
 1628 0009 1B       		.uleb128 0x1b
 1629 000a 0E       		.uleb128 0xe
 1630 000b 10       		.uleb128 0x10
 1631 000c 17       		.uleb128 0x17
 1632 000d 00       		.byte	0
 1633 000e 00       		.byte	0
 1634 000f 02       		.uleb128 0x2
 1635 0010 24       		.uleb128 0x24
 1636 0011 00       		.byte	0
 1637 0012 0B       		.uleb128 0xb
 1638 0013 0B       		.uleb128 0xb
 1639 0014 3E       		.uleb128 0x3e
 1640 0015 0B       		.uleb128 0xb
 1641 0016 03       		.uleb128 0x3
 1642 0017 0E       		.uleb128 0xe
 1643 0018 00       		.byte	0
 1644 0019 00       		.byte	0
 1645 001a 03       		.uleb128 0x3
 1646 001b 24       		.uleb128 0x24
 1647 001c 00       		.byte	0
 1648 001d 0B       		.uleb128 0xb
 1649 001e 0B       		.uleb128 0xb
 1650 001f 3E       		.uleb128 0x3e
 1651 0020 0B       		.uleb128 0xb
 1652 0021 03       		.uleb128 0x3
 1653 0022 08       		.uleb128 0x8
 1654 0023 00       		.byte	0
 1655 0024 00       		.byte	0
 1656 0025 04       		.uleb128 0x4
 1657 0026 16       		.uleb128 0x16
 1658 0027 00       		.byte	0
 1659 0028 03       		.uleb128 0x3
 1660 0029 0E       		.uleb128 0xe
 1661 002a 3A       		.uleb128 0x3a
 1662 002b 0B       		.uleb128 0xb
 1663 002c 3B       		.uleb128 0x3b
 1664 002d 0B       		.uleb128 0xb
 1665 002e 49       		.uleb128 0x49
 1666 002f 13       		.uleb128 0x13
 1667 0030 00       		.byte	0
 1668 0031 00       		.byte	0
 1669 0032 05       		.uleb128 0x5
 1670 0033 0F       		.uleb128 0xf
 1671 0034 00       		.byte	0
 1672 0035 0B       		.uleb128 0xb
 1673 0036 0B       		.uleb128 0xb
 1674 0037 00       		.byte	0
 1675 0038 00       		.byte	0
 1676 0039 06       		.uleb128 0x6
ARM GAS  C:\Users\agila\AppData\Local\Temp\cc5HqG6m.s 			page 31


 1677 003a 0F       		.uleb128 0xf
 1678 003b 00       		.byte	0
 1679 003c 0B       		.uleb128 0xb
 1680 003d 0B       		.uleb128 0xb
 1681 003e 49       		.uleb128 0x49
 1682 003f 13       		.uleb128 0x13
 1683 0040 00       		.byte	0
 1684 0041 00       		.byte	0
 1685 0042 07       		.uleb128 0x7
 1686 0043 15       		.uleb128 0x15
 1687 0044 00       		.byte	0
 1688 0045 27       		.uleb128 0x27
 1689 0046 19       		.uleb128 0x19
 1690 0047 00       		.byte	0
 1691 0048 00       		.byte	0
 1692 0049 08       		.uleb128 0x8
 1693 004a 13       		.uleb128 0x13
 1694 004b 01       		.byte	0x1
 1695 004c 03       		.uleb128 0x3
 1696 004d 0E       		.uleb128 0xe
 1697 004e 0B       		.uleb128 0xb
 1698 004f 0B       		.uleb128 0xb
 1699 0050 3A       		.uleb128 0x3a
 1700 0051 0B       		.uleb128 0xb
 1701 0052 3B       		.uleb128 0x3b
 1702 0053 0B       		.uleb128 0xb
 1703 0054 01       		.uleb128 0x1
 1704 0055 13       		.uleb128 0x13
 1705 0056 00       		.byte	0
 1706 0057 00       		.byte	0
 1707 0058 09       		.uleb128 0x9
 1708 0059 0D       		.uleb128 0xd
 1709 005a 00       		.byte	0
 1710 005b 03       		.uleb128 0x3
 1711 005c 0E       		.uleb128 0xe
 1712 005d 3A       		.uleb128 0x3a
 1713 005e 0B       		.uleb128 0xb
 1714 005f 3B       		.uleb128 0x3b
 1715 0060 0B       		.uleb128 0xb
 1716 0061 49       		.uleb128 0x49
 1717 0062 13       		.uleb128 0x13
 1718 0063 38       		.uleb128 0x38
 1719 0064 0B       		.uleb128 0xb
 1720 0065 00       		.byte	0
 1721 0066 00       		.byte	0
 1722 0067 0A       		.uleb128 0xa
 1723 0068 16       		.uleb128 0x16
 1724 0069 00       		.byte	0
 1725 006a 03       		.uleb128 0x3
 1726 006b 0E       		.uleb128 0xe
 1727 006c 3A       		.uleb128 0x3a
 1728 006d 0B       		.uleb128 0xb
 1729 006e 3B       		.uleb128 0x3b
 1730 006f 05       		.uleb128 0x5
 1731 0070 49       		.uleb128 0x49
 1732 0071 13       		.uleb128 0x13
 1733 0072 00       		.byte	0
ARM GAS  C:\Users\agila\AppData\Local\Temp\cc5HqG6m.s 			page 32


 1734 0073 00       		.byte	0
 1735 0074 0B       		.uleb128 0xb
 1736 0075 13       		.uleb128 0x13
 1737 0076 01       		.byte	0x1
 1738 0077 0B       		.uleb128 0xb
 1739 0078 0B       		.uleb128 0xb
 1740 0079 3A       		.uleb128 0x3a
 1741 007a 0B       		.uleb128 0xb
 1742 007b 3B       		.uleb128 0x3b
 1743 007c 05       		.uleb128 0x5
 1744 007d 01       		.uleb128 0x1
 1745 007e 13       		.uleb128 0x13
 1746 007f 00       		.byte	0
 1747 0080 00       		.byte	0
 1748 0081 0C       		.uleb128 0xc
 1749 0082 0D       		.uleb128 0xd
 1750 0083 00       		.byte	0
 1751 0084 03       		.uleb128 0x3
 1752 0085 0E       		.uleb128 0xe
 1753 0086 3A       		.uleb128 0x3a
 1754 0087 0B       		.uleb128 0xb
 1755 0088 3B       		.uleb128 0x3b
 1756 0089 05       		.uleb128 0x5
 1757 008a 49       		.uleb128 0x49
 1758 008b 13       		.uleb128 0x13
 1759 008c 38       		.uleb128 0x38
 1760 008d 0B       		.uleb128 0xb
 1761 008e 00       		.byte	0
 1762 008f 00       		.byte	0
 1763 0090 0D       		.uleb128 0xd
 1764 0091 04       		.uleb128 0x4
 1765 0092 01       		.byte	0x1
 1766 0093 0B       		.uleb128 0xb
 1767 0094 0B       		.uleb128 0xb
 1768 0095 49       		.uleb128 0x49
 1769 0096 13       		.uleb128 0x13
 1770 0097 3A       		.uleb128 0x3a
 1771 0098 0B       		.uleb128 0xb
 1772 0099 3B       		.uleb128 0x3b
 1773 009a 05       		.uleb128 0x5
 1774 009b 01       		.uleb128 0x1
 1775 009c 13       		.uleb128 0x13
 1776 009d 00       		.byte	0
 1777 009e 00       		.byte	0
 1778 009f 0E       		.uleb128 0xe
 1779 00a0 28       		.uleb128 0x28
 1780 00a1 00       		.byte	0
 1781 00a2 03       		.uleb128 0x3
 1782 00a3 0E       		.uleb128 0xe
 1783 00a4 1C       		.uleb128 0x1c
 1784 00a5 0B       		.uleb128 0xb
 1785 00a6 00       		.byte	0
 1786 00a7 00       		.byte	0
 1787 00a8 0F       		.uleb128 0xf
 1788 00a9 0D       		.uleb128 0xd
 1789 00aa 00       		.byte	0
 1790 00ab 03       		.uleb128 0x3
ARM GAS  C:\Users\agila\AppData\Local\Temp\cc5HqG6m.s 			page 33


 1791 00ac 08       		.uleb128 0x8
 1792 00ad 3A       		.uleb128 0x3a
 1793 00ae 0B       		.uleb128 0xb
 1794 00af 3B       		.uleb128 0x3b
 1795 00b0 05       		.uleb128 0x5
 1796 00b1 49       		.uleb128 0x49
 1797 00b2 13       		.uleb128 0x13
 1798 00b3 38       		.uleb128 0x38
 1799 00b4 0B       		.uleb128 0xb
 1800 00b5 00       		.byte	0
 1801 00b6 00       		.byte	0
 1802 00b7 10       		.uleb128 0x10
 1803 00b8 13       		.uleb128 0x13
 1804 00b9 01       		.byte	0x1
 1805 00ba 03       		.uleb128 0x3
 1806 00bb 0E       		.uleb128 0xe
 1807 00bc 0B       		.uleb128 0xb
 1808 00bd 0B       		.uleb128 0xb
 1809 00be 3A       		.uleb128 0x3a
 1810 00bf 0B       		.uleb128 0xb
 1811 00c0 3B       		.uleb128 0x3b
 1812 00c1 05       		.uleb128 0x5
 1813 00c2 01       		.uleb128 0x1
 1814 00c3 13       		.uleb128 0x13
 1815 00c4 00       		.byte	0
 1816 00c5 00       		.byte	0
 1817 00c6 11       		.uleb128 0x11
 1818 00c7 01       		.uleb128 0x1
 1819 00c8 01       		.byte	0x1
 1820 00c9 49       		.uleb128 0x49
 1821 00ca 13       		.uleb128 0x13
 1822 00cb 01       		.uleb128 0x1
 1823 00cc 13       		.uleb128 0x13
 1824 00cd 00       		.byte	0
 1825 00ce 00       		.byte	0
 1826 00cf 12       		.uleb128 0x12
 1827 00d0 21       		.uleb128 0x21
 1828 00d1 00       		.byte	0
 1829 00d2 00       		.byte	0
 1830 00d3 00       		.byte	0
 1831 00d4 13       		.uleb128 0x13
 1832 00d5 26       		.uleb128 0x26
 1833 00d6 00       		.byte	0
 1834 00d7 49       		.uleb128 0x49
 1835 00d8 13       		.uleb128 0x13
 1836 00d9 00       		.byte	0
 1837 00da 00       		.byte	0
 1838 00db 14       		.uleb128 0x14
 1839 00dc 21       		.uleb128 0x21
 1840 00dd 00       		.byte	0
 1841 00de 49       		.uleb128 0x49
 1842 00df 13       		.uleb128 0x13
 1843 00e0 2F       		.uleb128 0x2f
 1844 00e1 0B       		.uleb128 0xb
 1845 00e2 00       		.byte	0
 1846 00e3 00       		.byte	0
 1847 00e4 15       		.uleb128 0x15
ARM GAS  C:\Users\agila\AppData\Local\Temp\cc5HqG6m.s 			page 34


 1848 00e5 34       		.uleb128 0x34
 1849 00e6 00       		.byte	0
 1850 00e7 03       		.uleb128 0x3
 1851 00e8 0E       		.uleb128 0xe
 1852 00e9 3A       		.uleb128 0x3a
 1853 00ea 0B       		.uleb128 0xb
 1854 00eb 3B       		.uleb128 0x3b
 1855 00ec 05       		.uleb128 0x5
 1856 00ed 49       		.uleb128 0x49
 1857 00ee 13       		.uleb128 0x13
 1858 00ef 02       		.uleb128 0x2
 1859 00f0 18       		.uleb128 0x18
 1860 00f1 00       		.byte	0
 1861 00f2 00       		.byte	0
 1862 00f3 16       		.uleb128 0x16
 1863 00f4 34       		.uleb128 0x34
 1864 00f5 00       		.byte	0
 1865 00f6 03       		.uleb128 0x3
 1866 00f7 0E       		.uleb128 0xe
 1867 00f8 3A       		.uleb128 0x3a
 1868 00f9 0B       		.uleb128 0xb
 1869 00fa 3B       		.uleb128 0x3b
 1870 00fb 0B       		.uleb128 0xb
 1871 00fc 49       		.uleb128 0x49
 1872 00fd 13       		.uleb128 0x13
 1873 00fe 3F       		.uleb128 0x3f
 1874 00ff 19       		.uleb128 0x19
 1875 0100 02       		.uleb128 0x2
 1876 0101 18       		.uleb128 0x18
 1877 0102 00       		.byte	0
 1878 0103 00       		.byte	0
 1879 0104 17       		.uleb128 0x17
 1880 0105 34       		.uleb128 0x34
 1881 0106 00       		.byte	0
 1882 0107 03       		.uleb128 0x3
 1883 0108 0E       		.uleb128 0xe
 1884 0109 3A       		.uleb128 0x3a
 1885 010a 0B       		.uleb128 0xb
 1886 010b 3B       		.uleb128 0x3b
 1887 010c 05       		.uleb128 0x5
 1888 010d 49       		.uleb128 0x49
 1889 010e 13       		.uleb128 0x13
 1890 010f 3F       		.uleb128 0x3f
 1891 0110 19       		.uleb128 0x19
 1892 0111 02       		.uleb128 0x2
 1893 0112 18       		.uleb128 0x18
 1894 0113 00       		.byte	0
 1895 0114 00       		.byte	0
 1896 0115 18       		.uleb128 0x18
 1897 0116 34       		.uleb128 0x34
 1898 0117 00       		.byte	0
 1899 0118 03       		.uleb128 0x3
 1900 0119 0E       		.uleb128 0xe
 1901 011a 3A       		.uleb128 0x3a
 1902 011b 0B       		.uleb128 0xb
 1903 011c 3B       		.uleb128 0x3b
 1904 011d 0B       		.uleb128 0xb
ARM GAS  C:\Users\agila\AppData\Local\Temp\cc5HqG6m.s 			page 35


 1905 011e 49       		.uleb128 0x49
 1906 011f 13       		.uleb128 0x13
 1907 0120 3F       		.uleb128 0x3f
 1908 0121 19       		.uleb128 0x19
 1909 0122 3C       		.uleb128 0x3c
 1910 0123 19       		.uleb128 0x19
 1911 0124 00       		.byte	0
 1912 0125 00       		.byte	0
 1913 0126 19       		.uleb128 0x19
 1914 0127 21       		.uleb128 0x21
 1915 0128 00       		.byte	0
 1916 0129 49       		.uleb128 0x49
 1917 012a 13       		.uleb128 0x13
 1918 012b 2F       		.uleb128 0x2f
 1919 012c 05       		.uleb128 0x5
 1920 012d 00       		.byte	0
 1921 012e 00       		.byte	0
 1922 012f 00       		.byte	0
 1923              		.section	.debug_aranges,"",%progbits
 1924 0000 14000000 		.4byte	0x14
 1925 0004 0200     		.2byte	0x2
 1926 0006 00000000 		.4byte	.Ldebug_info0
 1927 000a 04       		.byte	0x4
 1928 000b 00       		.byte	0
 1929 000c 0000     		.2byte	0
 1930 000e 0000     		.2byte	0
 1931 0010 00000000 		.4byte	0
 1932 0014 00000000 		.4byte	0
 1933              		.section	.debug_line,"",%progbits
 1934              	.Ldebug_line0:
 1935 0000 28010000 		.section	.debug_str,"MS",%progbits,1
 1935      02002201 
 1935      00000201 
 1935      FB0E0D00 
 1935      01010101 
 1936              	.LASF79:
 1937 0000 45455F52 		.ascii	"EE_RESOURCE_NAME\000"
 1937      45534F55 
 1937      5243455F 
 1937      4E414D45 
 1937      00
 1938              	.LASF105:
 1939 0011 45455F74 		.ascii	"EE_th_resource_last\000"
 1939      685F7265 
 1939      736F7572 
 1939      63655F6C 
 1939      61737400 
 1940              	.LASF47:
 1941 0025 6E657874 		.ascii	"next\000"
 1941      00
 1942              	.LASF86:
 1943 002a 45455F74 		.ascii	"EE_th_terminate_nextask\000"
 1943      685F7465 
 1943      726D696E 
 1943      6174655F 
 1943      6E657874 
 1944              	.LASF25:
ARM GAS  C:\Users\agila\AppData\Local\Temp\cc5HqG6m.s 			page 36


 1945 0042 5469636B 		.ascii	"TickType\000"
 1945      54797065 
 1945      00
 1946              	.LASF80:
 1947 004b 45455F52 		.ascii	"EE_RESOURCE_ID\000"
 1947      45534F55 
 1947      5243455F 
 1947      494400
 1948              	.LASF87:
 1949 005a 45455F73 		.ascii	"EE_stkfirst\000"
 1949      746B6669 
 1949      72737400 
 1950              	.LASF27:
 1951 0066 41637469 		.ascii	"ActionType\000"
 1951      6F6E5479 
 1951      706500
 1952              	.LASF19:
 1953 0071 45455F54 		.ascii	"EE_TYPEBOOL\000"
 1953      59504542 
 1953      4F4F4C00 
 1954              	.LASF120:
 1955 007d 45455F63 		.ascii	"EE_cortex_mx_IRQ_tos\000"
 1955      6F727465 
 1955      785F6D78 
 1955      5F495251 
 1955      5F746F73 
 1956              	.LASF7:
 1957 0092 6C6F6E67 		.ascii	"long long unsigned int\000"
 1957      206C6F6E 
 1957      6720756E 
 1957      7369676E 
 1957      65642069 
 1958              	.LASF108:
 1959 00a9 45455F63 		.ascii	"EE_counter_ROM\000"
 1959      6F756E74 
 1959      65725F52 
 1959      4F4D00
 1960              	.LASF46:
 1961 00b8 64656C74 		.ascii	"delta\000"
 1961      6100
 1962              	.LASF127:
 1963 00be 47656E65 		.ascii	"Generated_Source\\PSoC5\\ErikaOS_eecfg.c\000"
 1963      72617465 
 1963      645F536F 
 1963      75726365 
 1963      5C50536F 
 1964              	.LASF43:
 1965 00e5 45455F6F 		.ascii	"EE_oo_counter_object_ROM_type\000"
 1965      6F5F636F 
 1965      756E7465 
 1965      725F6F62 
 1965      6A656374 
 1966              	.LASF92:
 1967 0103 45455F72 		.ascii	"EE_rq_pairs_next\000"
 1967      715F7061 
 1967      6972735F 
 1967      6E657874 
ARM GAS  C:\Users\agila\AppData\Local\Temp\cc5HqG6m.s 			page 37


 1967      00
 1968              	.LASF23:
 1969 0114 5461736B 		.ascii	"TaskType\000"
 1969      54797065 
 1969      00
 1970              	.LASF62:
 1971 011d 45455F54 		.ascii	"EE_TOS\000"
 1971      4F5300
 1972              	.LASF30:
 1973 0124 6D617861 		.ascii	"maxallowedvalue\000"
 1973      6C6C6F77 
 1973      65647661 
 1973      6C756500 
 1974              	.LASF129:
 1975 0134 45455F6F 		.ascii	"EE_oo_autostart_task_mode_OSDEFAULTAPPMODE\000"
 1975      6F5F6175 
 1975      746F7374 
 1975      6172745F 
 1975      7461736B 
 1976              	.LASF82:
 1977 015f 45455F41 		.ascii	"EE_ALARM_ID\000"
 1977      4C41524D 
 1977      5F494400 
 1978              	.LASF6:
 1979 016b 6C6F6E67 		.ascii	"long long int\000"
 1979      206C6F6E 
 1979      6720696E 
 1979      7400
 1980              	.LASF0:
 1981 0179 7369676E 		.ascii	"signed char\000"
 1981      65642063 
 1981      68617200 
 1982              	.LASF53:
 1983 0185 45455F6F 		.ascii	"EE_oo_action_kind_type\000"
 1983      6F5F6163 
 1983      74696F6E 
 1983      5F6B696E 
 1983      645F7479 
 1984              	.LASF24:
 1985 019c 4576656E 		.ascii	"EventMaskType\000"
 1985      744D6173 
 1985      6B547970 
 1985      6500
 1986              	.LASF77:
 1987 01aa 45455F45 		.ascii	"EE_EVENT_NAME\000"
 1987      56454E54 
 1987      5F4E414D 
 1987      4500
 1988              	.LASF111:
 1989 01b8 45455F61 		.ascii	"EE_alarm_ROM\000"
 1989      6C61726D 
 1989      5F524F4D 
 1989      00
 1990              	.LASF20:
 1991 01c5 45455F54 		.ascii	"EE_TYPEISR2PRIO\000"
 1991      59504549 
 1991      53523250 
ARM GAS  C:\Users\agila\AppData\Local\Temp\cc5HqG6m.s 			page 38


 1991      52494F00 
 1992              	.LASF71:
 1993 01d5 45455F63 		.ascii	"EE_cortex_mx_active_tos\000"
 1993      6F727465 
 1993      785F6D78 
 1993      5F616374 
 1993      6976655F 
 1994              	.LASF36:
 1995 01ed 45455F6F 		.ascii	"EE_oo_counter_RAM_type\000"
 1995      6F5F636F 
 1995      756E7465 
 1995      725F5241 
 1995      4D5F7479 
 1996              	.LASF102:
 1997 0204 45455F72 		.ascii	"EE_resource_oldceiling\000"
 1997      65736F75 
 1997      7263655F 
 1997      6F6C6463 
 1997      65696C69 
 1998              	.LASF81:
 1999 021b 45455F45 		.ascii	"EE_EVENT_ID\000"
 1999      56454E54 
 1999      5F494400 
 2000              	.LASF4:
 2001 0227 6C6F6E67 		.ascii	"long int\000"
 2001      20696E74 
 2001      00
 2002              	.LASF90:
 2003 0230 45455F72 		.ascii	"EE_rq_queues_head\000"
 2003      715F7175 
 2003      65756573 
 2003      5F686561 
 2003      6400
 2004              	.LASF116:
 2005 0242 45455F6F 		.ascii	"EE_oo_IRQ_suspend_status\000"
 2005      6F5F4952 
 2005      515F7375 
 2005      7370656E 
 2005      645F7374 
 2006              	.LASF118:
 2007 025b 45455F73 		.ascii	"EE_std_endcycle_next_tid\000"
 2007      74645F65 
 2007      6E646379 
 2007      636C655F 
 2007      6E657874 
 2008              	.LASF32:
 2009 0274 6D696E63 		.ascii	"mincycle\000"
 2009      79636C65 
 2009      00
 2010              	.LASF21:
 2011 027d 45455F54 		.ascii	"EE_TID\000"
 2011      494400
 2012              	.LASF34:
 2013 0284 76616C75 		.ascii	"value\000"
 2013      6500
 2014              	.LASF8:
 2015 028a 756E7369 		.ascii	"unsigned int\000"
ARM GAS  C:\Users\agila\AppData\Local\Temp\cc5HqG6m.s 			page 39


 2015      676E6564 
 2015      20696E74 
 2015      00
 2016              	.LASF103:
 2017 0297 45455F69 		.ascii	"EE_isr2_oldpriority\000"
 2017      7372325F 
 2017      6F6C6470 
 2017      72696F72 
 2017      69747900 
 2018              	.LASF16:
 2019 02ab 45455F55 		.ascii	"EE_UREG\000"
 2019      52454700 
 2020              	.LASF61:
 2021 02b3 45455F6F 		.ascii	"EE_oo_alarm_ROM_type\000"
 2021      6F5F616C 
 2021      61726D5F 
 2021      524F4D5F 
 2021      74797065 
 2022              	.LASF78:
 2023 02c8 45455F41 		.ascii	"EE_ALARM_NAME\000"
 2023      4C41524D 
 2023      5F4E414D 
 2023      4500
 2024              	.LASF5:
 2025 02d6 6C6F6E67 		.ascii	"long unsigned int\000"
 2025      20756E73 
 2025      69676E65 
 2025      6420696E 
 2025      7400
 2026              	.LASF98:
 2027 02e8 45455F74 		.ascii	"EE_th_waswaiting\000"
 2027      685F7761 
 2027      73776169 
 2027      74696E67 
 2027      00
 2028              	.LASF63:
 2029 02f9 45455F6F 		.ascii	"EE_oo_autostart_task_type\000"
 2029      6F5F6175 
 2029      746F7374 
 2029      6172745F 
 2029      7461736B 
 2030              	.LASF42:
 2031 0313 6B696E64 		.ascii	"kind\000"
 2031      00
 2032              	.LASF3:
 2033 0318 73686F72 		.ascii	"short unsigned int\000"
 2033      7420756E 
 2033      7369676E 
 2033      65642069 
 2033      6E7400
 2034              	.LASF115:
 2035 032b 45455F6F 		.ascii	"EE_oo_IRQ_disable_count\000"
 2035      6F5F4952 
 2035      515F6469 
 2035      7361626C 
 2035      655F636F 
 2036              	.LASF39:
ARM GAS  C:\Users\agila\AppData\Local\Temp\cc5HqG6m.s 			page 40


 2037 0343 45455F6F 		.ascii	"EE_oo_counter_object_kind_type\000"
 2037      6F5F636F 
 2037      756E7465 
 2037      725F6F62 
 2037      6A656374 
 2038              	.LASF83:
 2039 0362 45455F74 		.ascii	"EE_th_status\000"
 2039      685F7374 
 2039      61747573 
 2039      00
 2040              	.LASF40:
 2041 036f 436F756E 		.ascii	"CounterObjectKindType\000"
 2041      7465724F 
 2041      626A6563 
 2041      744B696E 
 2041      64547970 
 2042              	.LASF74:
 2043 0385 45455F74 		.ascii	"EE_th_dispatch_prio\000"
 2043      685F6469 
 2043      73706174 
 2043      63685F70 
 2043      72696F00 
 2044              	.LASF122:
 2045 0399 45455F63 		.ascii	"EE_cortex_mx_stack_4\000"
 2045      6F727465 
 2045      785F6D78 
 2045      5F737461 
 2045      636B5F34 
 2046              	.LASF123:
 2047 03ae 45455F63 		.ascii	"EE_cortex_mx_stack_5\000"
 2047      6F727465 
 2047      785F6D78 
 2047      5F737461 
 2047      636B5F35 
 2048              	.LASF124:
 2049 03c3 45455F63 		.ascii	"EE_cortex_mx_stack_9\000"
 2049      6F727465 
 2049      785F6D78 
 2049      5F737461 
 2049      636B5F39 
 2050              	.LASF14:
 2051 03d8 45455F56 		.ascii	"EE_VOID_CALLBACK\000"
 2051      4F49445F 
 2051      43414C4C 
 2051      4241434B 
 2051      00
 2052              	.LASF28:
 2053 03e9 436F756E 		.ascii	"CounterType\000"
 2053      74657254 
 2053      79706500 
 2054              	.LASF109:
 2055 03f5 45455F6F 		.ascii	"EE_oo_counter_object_ROM\000"
 2055      6F5F636F 
 2055      756E7465 
 2055      725F6F62 
 2055      6A656374 
 2056              	.LASF60:
ARM GAS  C:\Users\agila\AppData\Local\Temp\cc5HqG6m.s 			page 41


 2057 040e 61637469 		.ascii	"action_id\000"
 2057      6F6E5F69 
 2057      6400
 2058              	.LASF117:
 2059 0418 45455F41 		.ascii	"EE_ApplicationMode\000"
 2059      70706C69 
 2059      63617469 
 2059      6F6E4D6F 
 2059      646500
 2060              	.LASF110:
 2061 042b 45455F6F 		.ascii	"EE_oo_action_ROM\000"
 2061      6F5F6163 
 2061      74696F6E 
 2061      5F524F4D 
 2061      00
 2062              	.LASF22:
 2063 043c 45455F54 		.ascii	"EE_TYPE_RQ_MASK\000"
 2063      5950455F 
 2063      52515F4D 
 2063      41534B00 
 2064              	.LASF65:
 2065 044c 73697A65 		.ascii	"sizetype\000"
 2065      74797065 
 2065      00
 2066              	.LASF9:
 2067 0455 6C6F6E67 		.ascii	"long double\000"
 2067      20646F75 
 2067      626C6500 
 2068              	.LASF95:
 2069 0461 45455F72 		.ascii	"EE_rq_free\000"
 2069      715F6672 
 2069      656500
 2070              	.LASF89:
 2071 046c 45455F72 		.ascii	"EE_rq_link\000"
 2071      715F6C69 
 2071      6E6B00
 2072              	.LASF17:
 2073 0477 45455F53 		.ascii	"EE_SREG\000"
 2073      52454700 
 2074              	.LASF31:
 2075 047f 7469636B 		.ascii	"ticksperbase\000"
 2075      73706572 
 2075      62617365 
 2075      00
 2076              	.LASF128:
 2077 048c 443A5C57 		.ascii	"D:\\WS25\\AMAEOS\\Lab\\Lab3\\Lab 3 Task Description"
 2077      5332355C 
 2077      414D4145 
 2077      4F535C4C 
 2077      61625C4C 
 2078 04ba 20616E64 		.ascii	" and Starting Code-20251209\\Lab3.cydsn\\TaskComms_"
 2078      20537461 
 2078      7274696E 
 2078      6720436F 
 2078      64652D32 
 2079 04eb 42756666 		.ascii	"Buffer.cydsn\000"
 2079      65722E63 
ARM GAS  C:\Users\agila\AppData\Local\Temp\cc5HqG6m.s 			page 42


 2079      7964736E 
 2079      00
 2080              	.LASF44:
 2081 04f8 75736564 		.ascii	"used\000"
 2081      00
 2082              	.LASF48:
 2083 04fd 45455F6F 		.ascii	"EE_oo_counter_object_RAM_type\000"
 2083      6F5F636F 
 2083      756E7465 
 2083      725F6F62 
 2083      6A656374 
 2084              	.LASF107:
 2085 051b 45455F69 		.ascii	"EE_isr2_nesting_level\000"
 2085      7372325F 
 2085      6E657374 
 2085      696E675F 
 2085      6C657665 
 2086              	.LASF59:
 2087 0531 45455F6F 		.ascii	"EE_oo_action_ROM_type\000"
 2087      6F5F6163 
 2087      74696F6E 
 2087      5F524F4D 
 2087      5F747970 
 2088              	.LASF10:
 2089 0547 45455F55 		.ascii	"EE_UINT16\000"
 2089      494E5431 
 2089      3600
 2090              	.LASF38:
 2091 0551 45455F53 		.ascii	"EE_SCHEDULETABLE\000"
 2091      43484544 
 2091      554C4554 
 2091      41424C45 
 2091      00
 2092              	.LASF70:
 2093 0562 45455F63 		.ascii	"EE_cortex_mx_system_tos\000"
 2093      6F727465 
 2093      785F6D78 
 2093      5F737973 
 2093      74656D5F 
 2094              	.LASF1:
 2095 057a 756E7369 		.ascii	"unsigned char\000"
 2095      676E6564 
 2095      20636861 
 2095      7200
 2096              	.LASF37:
 2097 0588 45455F41 		.ascii	"EE_ALARM\000"
 2097      4C41524D 
 2097      00
 2098              	.LASF84:
 2099 0591 45455F74 		.ascii	"EE_th_next\000"
 2099      685F6E65 
 2099      787400
 2100              	.LASF69:
 2101 059c 45455F74 		.ascii	"EE_terminate_real_th_body\000"
 2101      65726D69 
 2101      6E617465 
 2101      5F726561 
ARM GAS  C:\Users\agila\AppData\Local\Temp\cc5HqG6m.s 			page 43


 2101      6C5F7468 
 2102              	.LASF58:
 2103 05b6 696E6363 		.ascii	"inccount\000"
 2103      6F756E74 
 2103      00
 2104              	.LASF2:
 2105 05bf 73686F72 		.ascii	"short int\000"
 2105      7420696E 
 2105      7400
 2106              	.LASF97:
 2107 05c9 45455F74 		.ascii	"EE_th_event_waitmask\000"
 2107      685F6576 
 2107      656E745F 
 2107      77616974 
 2107      6D61736B 
 2108              	.LASF114:
 2109 05de 45455F6F 		.ascii	"EE_oo_autostart_task_data\000"
 2109      6F5F6175 
 2109      746F7374 
 2109      6172745F 
 2109      7461736B 
 2110              	.LASF121:
 2111 05f8 45455F63 		.ascii	"EE_cortex_mx_stack_3\000"
 2111      6F727465 
 2111      785F6D78 
 2111      5F737461 
 2111      636B5F33 
 2112              	.LASF76:
 2113 060d 45455F54 		.ascii	"EE_TASK_NAME\000"
 2113      41534B5F 
 2113      4E414D45 
 2113      00
 2114              	.LASF33:
 2115 061a 45455F6F 		.ascii	"EE_oo_counter_ROM_type\000"
 2115      6F5F636F 
 2115      756E7465 
 2115      725F524F 
 2115      4D5F7479 
 2116              	.LASF126:
 2117 0631 474E5520 		.ascii	"GNU C11 5.4.1 20160609 (release) [ARM/embedded-5-br"
 2117      43313120 
 2117      352E342E 
 2117      31203230 
 2117      31363036 
 2118 0664 616E6368 		.ascii	"anch revision 237715] -mcpu=cortex-m3 -mthumb -g -O"
 2118      20726576 
 2118      6973696F 
 2118      6E203233 
 2118      37373135 
 2119 0697 67202D66 		.ascii	"g -ffunction-sections -ffat-lto-objects\000"
 2119      66756E63 
 2119      74696F6E 
 2119      2D736563 
 2119      74696F6E 
 2120              	.LASF57:
 2121 06bf 61637469 		.ascii	"action_mask\000"
 2121      6F6E5F6D 
ARM GAS  C:\Users\agila\AppData\Local\Temp\cc5HqG6m.s 			page 44


 2121      61736B00 
 2122              	.LASF15:
 2123 06cb 45455F54 		.ascii	"EE_THREAD_PTR\000"
 2123      48524541 
 2123      445F5054 
 2123      5200
 2124              	.LASF91:
 2125 06d9 45455F72 		.ascii	"EE_rq_queues_tail\000"
 2125      715F7175 
 2125      65756573 
 2125      5F746169 
 2125      6C00
 2126              	.LASF67:
 2127 06eb 45455F73 		.ascii	"EE_std_thread_tos\000"
 2127      74645F74 
 2127      68726561 
 2127      645F746F 
 2127      7300
 2128              	.LASF52:
 2129 06fd 45455F41 		.ascii	"EE_ACTION_CALLBACK\000"
 2129      4354494F 
 2129      4E5F4341 
 2129      4C4C4241 
 2129      434B00
 2130              	.LASF94:
 2131 0710 45455F72 		.ascii	"EE_rq_bitmask\000"
 2131      715F6269 
 2131      746D6173 
 2131      6B00
 2132              	.LASF106:
 2133 071e 45455F72 		.ascii	"EE_resource_stack\000"
 2133      65736F75 
 2133      7263655F 
 2133      73746163 
 2133      6B00
 2134              	.LASF35:
 2135 0730 66697273 		.ascii	"first\000"
 2135      7400
 2136              	.LASF26:
 2137 0736 436F756E 		.ascii	"CounterObjectType\000"
 2137      7465724F 
 2137      626A6563 
 2137      74547970 
 2137      6500
 2138              	.LASF75:
 2139 0748 63686172 		.ascii	"char\000"
 2139      00
 2140              	.LASF49:
 2141 074d 45455F41 		.ascii	"EE_ACTION_TASK\000"
 2141      4354494F 
 2141      4E5F5441 
 2141      534B00
 2142              	.LASF72:
 2143 075c 45455F74 		.ascii	"EE_th_rnact_max\000"
 2143      685F726E 
 2143      6163745F 
 2143      6D617800 
ARM GAS  C:\Users\agila\AppData\Local\Temp\cc5HqG6m.s 			page 45


 2144              	.LASF51:
 2145 076c 45455F41 		.ascii	"EE_ACTION_COUNTER\000"
 2145      4354494F 
 2145      4E5F434F 
 2145      554E5445 
 2145      5200
 2146              	.LASF112:
 2147 077e 45455F63 		.ascii	"EE_counter_RAM\000"
 2147      6F756E74 
 2147      65725F52 
 2147      414D00
 2148              	.LASF41:
 2149 078d 73706563 		.ascii	"spec_id\000"
 2149      5F696400 
 2150              	.LASF50:
 2151 0795 45455F41 		.ascii	"EE_ACTION_EVENT\000"
 2151      4354494F 
 2151      4E5F4556 
 2151      454E5400 
 2152              	.LASF66:
 2153 07a5 45455F68 		.ascii	"EE_hal_thread_body\000"
 2153      616C5F74 
 2153      68726561 
 2153      645F626F 
 2153      647900
 2154              	.LASF88:
 2155 07b8 45455F73 		.ascii	"EE_sys_ceiling\000"
 2155      79735F63 
 2155      65696C69 
 2155      6E6700
 2156              	.LASF55:
 2157 07c7 61637469 		.ascii	"action_kind\000"
 2157      6F6E5F6B 
 2157      696E6400 
 2158              	.LASF64:
 2159 07d3 7461736B 		.ascii	"task\000"
 2159      00
 2160              	.LASF101:
 2161 07d8 45455F72 		.ascii	"EE_resource_isr2_priority\000"
 2161      65736F75 
 2161      7263655F 
 2161      69737232 
 2161      5F707269 
 2162              	.LASF113:
 2163 07f2 45455F6F 		.ascii	"EE_oo_counter_object_RAM\000"
 2163      6F5F636F 
 2163      756E7465 
 2163      725F6F62 
 2163      6A656374 
 2164              	.LASF54:
 2165 080b 41637469 		.ascii	"ActionKindType\000"
 2165      6F6E4B69 
 2165      6E645479 
 2165      706500
 2166              	.LASF73:
 2167 081a 45455F74 		.ascii	"EE_th_ready_prio\000"
 2167      685F7265 
ARM GAS  C:\Users\agila\AppData\Local\Temp\cc5HqG6m.s 			page 46


 2167      6164795F 
 2167      7072696F 
 2167      00
 2168              	.LASF85:
 2169 082b 45455F74 		.ascii	"EE_th_rnact\000"
 2169      685F726E 
 2169      61637400 
 2170              	.LASF93:
 2171 0837 45455F72 		.ascii	"EE_rq_pairs_tid\000"
 2171      715F7061 
 2171      6972735F 
 2171      74696400 
 2172              	.LASF119:
 2173 0847 45455F49 		.ascii	"EE_IRQ_nesting_level\000"
 2173      52515F6E 
 2173      65737469 
 2173      6E675F6C 
 2173      6576656C 
 2174              	.LASF12:
 2175 085c 45455F55 		.ascii	"EE_UINT32\000"
 2175      494E5433 
 2175      3200
 2176              	.LASF11:
 2177 0866 45455F49 		.ascii	"EE_INT32\000"
 2177      4E543332 
 2177      00
 2178              	.LASF68:
 2179 086f 45455F74 		.ascii	"EE_terminate_data\000"
 2179      65726D69 
 2179      6E617465 
 2179      5F646174 
 2179      6100
 2180              	.LASF96:
 2181 0881 45455F74 		.ascii	"EE_th_event_active\000"
 2181      685F6576 
 2181      656E745F 
 2181      61637469 
 2181      766500
 2182              	.LASF45:
 2183 0894 636E7463 		.ascii	"cntcycle\000"
 2183      79636C65 
 2183      00
 2184              	.LASF29:
 2185 089d 5359535F 		.ascii	"SYS_tos\000"
 2185      746F7300 
 2186              	.LASF125:
 2187 08a5 45455F72 		.ascii	"EE_resource_isr2_ceiling\000"
 2187      65736F75 
 2187      7263655F 
 2187      69737232 
 2187      5F636569 
 2188              	.LASF56:
 2189 08be 61637469 		.ascii	"action_task\000"
 2189      6F6E5F74 
 2189      61736B00 
 2190              	.LASF104:
 2191 08ca 45455F72 		.ascii	"EE_resource_locked\000"
ARM GAS  C:\Users\agila\AppData\Local\Temp\cc5HqG6m.s 			page 47


 2191      65736F75 
 2191      7263655F 
 2191      6C6F636B 
 2191      656400
 2192              	.LASF13:
 2193 08dd 45455F41 		.ascii	"EE_ADDR\000"
 2193      44445200 
 2194              	.LASF99:
 2195 08e5 45455F74 		.ascii	"EE_th_is_extended\000"
 2195      685F6973 
 2195      5F657874 
 2195      656E6465 
 2195      6400
 2196              	.LASF18:
 2197 08f7 45455F46 		.ascii	"EE_FREG\000"
 2197      52454700 
 2198              	.LASF100:
 2199 08ff 45455F72 		.ascii	"EE_resource_ceiling\000"
 2199      65736F75 
 2199      7263655F 
 2199      6365696C 
 2199      696E6700 
 2200              		.ident	"GCC: (GNU Tools for ARM Embedded Processors) 5.4.1 20160609 (release) [ARM/embedded-5-bran
