ARM GAS  C:\Users\agila\AppData\Local\Temp\ccaKrtJR.s 			page 1


   1              		.syntax unified
   2              		.cpu cortex-m3
   3              		.fpu softvfp
   4              		.eabi_attribute 20, 1
   5              		.eabi_attribute 21, 1
   6              		.eabi_attribute 23, 3
   7              		.eabi_attribute 24, 1
   8              		.eabi_attribute 25, 1
   9              		.eabi_attribute 26, 1
  10              		.eabi_attribute 30, 1
  11              		.eabi_attribute 34, 1
  12              		.eabi_attribute 18, 4
  13              		.thumb
  14              		.syntax unified
  15              		.file	"ErikaOS_ee_gettaskid.c"
  16              		.text
  17              	.Ltext0:
  18              		.cfi_sections	.debug_frame
  19              		.section	.text.EE_oo_GetTaskID,"ax",%progbits
  20              		.align	2
  21              		.global	EE_oo_GetTaskID
  22              		.thumb
  23              		.thumb_func
  24              		.type	EE_oo_GetTaskID, %function
  25              	EE_oo_GetTaskID:
  26              	.LFB71:
  27              		.file 1 "Generated_Source\\PSoC5\\ErikaOS_ee_gettaskid.c"
   1:Generated_Source\PSoC5/ErikaOS_ee_gettaskid.c **** /* ###*B*###
   2:Generated_Source\PSoC5/ErikaOS_ee_gettaskid.c ****  * ERIKA Enterprise - a tiny RTOS for small microcontrollers
   3:Generated_Source\PSoC5/ErikaOS_ee_gettaskid.c ****  *
   4:Generated_Source\PSoC5/ErikaOS_ee_gettaskid.c ****  * Copyright (C) 2002-2008  Evidence Srl
   5:Generated_Source\PSoC5/ErikaOS_ee_gettaskid.c ****  *
   6:Generated_Source\PSoC5/ErikaOS_ee_gettaskid.c ****  * This file is part of ERIKA Enterprise.
   7:Generated_Source\PSoC5/ErikaOS_ee_gettaskid.c ****  *
   8:Generated_Source\PSoC5/ErikaOS_ee_gettaskid.c ****  * ERIKA Enterprise is free software; you can redistribute it
   9:Generated_Source\PSoC5/ErikaOS_ee_gettaskid.c ****  * and/or modify it under the terms of the GNU General Public License
  10:Generated_Source\PSoC5/ErikaOS_ee_gettaskid.c ****  * version 2 as published by the Free Software Foundation, 
  11:Generated_Source\PSoC5/ErikaOS_ee_gettaskid.c ****  * (with a special exception described below).
  12:Generated_Source\PSoC5/ErikaOS_ee_gettaskid.c ****  *
  13:Generated_Source\PSoC5/ErikaOS_ee_gettaskid.c ****  * Linking this code statically or dynamically with other modules is
  14:Generated_Source\PSoC5/ErikaOS_ee_gettaskid.c ****  * making a combined work based on this code.  Thus, the terms and
  15:Generated_Source\PSoC5/ErikaOS_ee_gettaskid.c ****  * conditions of the GNU General Public License cover the whole
  16:Generated_Source\PSoC5/ErikaOS_ee_gettaskid.c ****  * combination.
  17:Generated_Source\PSoC5/ErikaOS_ee_gettaskid.c ****  *
  18:Generated_Source\PSoC5/ErikaOS_ee_gettaskid.c ****  * As a special exception, the copyright holders of this library give you
  19:Generated_Source\PSoC5/ErikaOS_ee_gettaskid.c ****  * permission to link this code with independent modules to produce an
  20:Generated_Source\PSoC5/ErikaOS_ee_gettaskid.c ****  * executable, regardless of the license terms of these independent
  21:Generated_Source\PSoC5/ErikaOS_ee_gettaskid.c ****  * modules, and to copy and distribute the resulting executable under
  22:Generated_Source\PSoC5/ErikaOS_ee_gettaskid.c ****  * terms of your choice, provided that you also meet, for each linked
  23:Generated_Source\PSoC5/ErikaOS_ee_gettaskid.c ****  * independent module, the terms and conditions of the license of that
  24:Generated_Source\PSoC5/ErikaOS_ee_gettaskid.c ****  * module.  An independent module is a module which is not derived from
  25:Generated_Source\PSoC5/ErikaOS_ee_gettaskid.c ****  * or based on this library.  If you modify this code, you may extend
  26:Generated_Source\PSoC5/ErikaOS_ee_gettaskid.c ****  * this exception to your version of the code, but you are not
  27:Generated_Source\PSoC5/ErikaOS_ee_gettaskid.c ****  * obligated to do so.  If you do not wish to do so, delete this
  28:Generated_Source\PSoC5/ErikaOS_ee_gettaskid.c ****  * exception statement from your version.
  29:Generated_Source\PSoC5/ErikaOS_ee_gettaskid.c ****  *
  30:Generated_Source\PSoC5/ErikaOS_ee_gettaskid.c ****  * ERIKA Enterprise is distributed in the hope that it will be
ARM GAS  C:\Users\agila\AppData\Local\Temp\ccaKrtJR.s 			page 2


  31:Generated_Source\PSoC5/ErikaOS_ee_gettaskid.c ****  * useful, but WITHOUT ANY WARRANTY; without even the implied warranty
  32:Generated_Source\PSoC5/ErikaOS_ee_gettaskid.c ****  * of MERCHANTABILITY or FITNESS FOR A PARTICULAR PURPOSE.  See the
  33:Generated_Source\PSoC5/ErikaOS_ee_gettaskid.c ****  * GNU General Public License version 2 for more details.
  34:Generated_Source\PSoC5/ErikaOS_ee_gettaskid.c ****  *
  35:Generated_Source\PSoC5/ErikaOS_ee_gettaskid.c ****  * You should have received a copy of the GNU General Public License
  36:Generated_Source\PSoC5/ErikaOS_ee_gettaskid.c ****  * version 2 along with ERIKA Enterprise; if not, write to the
  37:Generated_Source\PSoC5/ErikaOS_ee_gettaskid.c ****  * Free Software Foundation, Inc., 51 Franklin Street, Fifth Floor,
  38:Generated_Source\PSoC5/ErikaOS_ee_gettaskid.c ****  * Boston, MA 02110-1301 USA.
  39:Generated_Source\PSoC5/ErikaOS_ee_gettaskid.c ****  * ###*E*### */
  40:Generated_Source\PSoC5/ErikaOS_ee_gettaskid.c **** 
  41:Generated_Source\PSoC5/ErikaOS_ee_gettaskid.c **** /*
  42:Generated_Source\PSoC5/ErikaOS_ee_gettaskid.c ****  * Author: 2004 Paolo Gai
  43:Generated_Source\PSoC5/ErikaOS_ee_gettaskid.c ****  * CVS: $Id: ee_gettaskid.c,v 1.1 2005/07/16 12:23:42 pj Exp $
  44:Generated_Source\PSoC5/ErikaOS_ee_gettaskid.c ****  */
  45:Generated_Source\PSoC5/ErikaOS_ee_gettaskid.c **** 
  46:Generated_Source\PSoC5/ErikaOS_ee_gettaskid.c **** /*
  47:Generated_Source\PSoC5/ErikaOS_ee_gettaskid.c ****  * PSoC Port and API Generation
  48:Generated_Source\PSoC5/ErikaOS_ee_gettaskid.c ****  * Carlos Fernando Meier Martinez
  49:Generated_Source\PSoC5/ErikaOS_ee_gettaskid.c ****  * Hochschule Darmstadt, Germany. 2017.
  50:Generated_Source\PSoC5/ErikaOS_ee_gettaskid.c ****  */
  51:Generated_Source\PSoC5/ErikaOS_ee_gettaskid.c **** 
  52:Generated_Source\PSoC5/ErikaOS_ee_gettaskid.c **** /* This file is ONLY compiled when makking a BINARY DISTRIBUTION */
  53:Generated_Source\PSoC5/ErikaOS_ee_gettaskid.c **** 
  54:Generated_Source\PSoC5/ErikaOS_ee_gettaskid.c **** #include "ErikaOS_ee_internal.inc"
  55:Generated_Source\PSoC5/ErikaOS_ee_gettaskid.c **** 
  56:Generated_Source\PSoC5/ErikaOS_ee_gettaskid.c **** /***************************************************************************
  57:Generated_Source\PSoC5/ErikaOS_ee_gettaskid.c ****  * 13.2 Task management 
  58:Generated_Source\PSoC5/ErikaOS_ee_gettaskid.c ****  ***************************************************************************/
  59:Generated_Source\PSoC5/ErikaOS_ee_gettaskid.c **** 
  60:Generated_Source\PSoC5/ErikaOS_ee_gettaskid.c **** /* 13.2.3.5: BCC1, BCC2, ECC1, ECC2 */
  61:Generated_Source\PSoC5/ErikaOS_ee_gettaskid.c **** #ifndef __PRIVATE_GETTASKID__
  62:Generated_Source\PSoC5/ErikaOS_ee_gettaskid.c **** StatusType EE_oo_GetTaskID(TaskRefType TaskID)
  63:Generated_Source\PSoC5/ErikaOS_ee_gettaskid.c **** {
  28              		.loc 1 63 0
  29              		.cfi_startproc
  30              		@ args = 0, pretend = 0, frame = 0
  31              		@ frame_needed = 0, uses_anonymous_args = 0
  32              		@ link register save eliminated.
  33              	.LVL0:
  64:Generated_Source\PSoC5/ErikaOS_ee_gettaskid.c ****   register StatusType ev;
  65:Generated_Source\PSoC5/ErikaOS_ee_gettaskid.c **** 
  66:Generated_Source\PSoC5/ErikaOS_ee_gettaskid.c ****   EE_ORTI_set_service_in(EE_SERVICETRACE_GETTASKID);
  67:Generated_Source\PSoC5/ErikaOS_ee_gettaskid.c **** 
  68:Generated_Source\PSoC5/ErikaOS_ee_gettaskid.c **** #ifdef EE_SERVICE_PROTECTION__
  69:Generated_Source\PSoC5/ErikaOS_ee_gettaskid.c ****   /* [OS093]: If interrupts are disabled/suspended by a Task/OsIsr and the
  70:Generated_Source\PSoC5/ErikaOS_ee_gettaskid.c ****       Task/OsIsr calls any OS service (excluding the interrupt services)
  71:Generated_Source\PSoC5/ErikaOS_ee_gettaskid.c ****       then the Operating System shall ignore the service AND shall return
  72:Generated_Source\PSoC5/ErikaOS_ee_gettaskid.c ****       E_OS_DISABLEDINT if the service returns a StatusType value. */
  73:Generated_Source\PSoC5/ErikaOS_ee_gettaskid.c ****   /* [OS088]: If an OS-Application makes a service call from the wrong context
  74:Generated_Source\PSoC5/ErikaOS_ee_gettaskid.c ****       AND is currently not inside a Category 1 ISR the Operating System module
  75:Generated_Source\PSoC5/ErikaOS_ee_gettaskid.c ****       shall not perform the requested action (the service call shall have no
  76:Generated_Source\PSoC5/ErikaOS_ee_gettaskid.c ****       effect), and return E_OS_CALLEVEL (see [12], section 13.1) or the
  77:Generated_Source\PSoC5/ErikaOS_ee_gettaskid.c ****       "invalid value" of  the service. (BSW11009, BSW11013) */
  78:Generated_Source\PSoC5/ErikaOS_ee_gettaskid.c ****   /* GetTaskID is callable by Task, ISR2, ErrorHook, ProtectionHook, Pre and
  79:Generated_Source\PSoC5/ErikaOS_ee_gettaskid.c ****      Post TaskHook */
  80:Generated_Source\PSoC5/ErikaOS_ee_gettaskid.c ****   if ( EE_as_execution_context > PostTaskHook_Context ) {
  81:Generated_Source\PSoC5/ErikaOS_ee_gettaskid.c ****     ev = E_OS_CALLEVEL;
ARM GAS  C:\Users\agila\AppData\Local\Temp\ccaKrtJR.s 			page 3


  82:Generated_Source\PSoC5/ErikaOS_ee_gettaskid.c ****   } else if( EE_oo_check_disableint_error() ) {
  83:Generated_Source\PSoC5/ErikaOS_ee_gettaskid.c ****     ev = E_OS_DISABLEDINT;
  84:Generated_Source\PSoC5/ErikaOS_ee_gettaskid.c ****   } else
  85:Generated_Source\PSoC5/ErikaOS_ee_gettaskid.c **** #endif /* EE_SERVICE_PROTECTION__ */
  86:Generated_Source\PSoC5/ErikaOS_ee_gettaskid.c **** 
  87:Generated_Source\PSoC5/ErikaOS_ee_gettaskid.c ****   /* [OS566]: The Operating System API shall check in extended mode all pointer
  88:Generated_Source\PSoC5/ErikaOS_ee_gettaskid.c ****       argument for NULL pointer and return OS_E_PARAMETER_POINTER
  89:Generated_Source\PSoC5/ErikaOS_ee_gettaskid.c ****       if such argument is NULL.
  90:Generated_Source\PSoC5/ErikaOS_ee_gettaskid.c ****       +
  91:Generated_Source\PSoC5/ErikaOS_ee_gettaskid.c ****       MISRA dictate NULL check for pointers always. */
  92:Generated_Source\PSoC5/ErikaOS_ee_gettaskid.c ****   if ( TaskID == NULL ) {
  34              		.loc 1 92 0
  35 0000 20B1     		cbz	r0, .L3
  36              	.LBB16:
  37              	.LBB17:
  38              		.file 2 "Generated_Source\\PSoC5\\ErikaOS_ee_oo_internal.inc"
   1:Generated_Source\PSoC5/ErikaOS_ee_oo_internal.inc **** /* ###*B*###
   2:Generated_Source\PSoC5/ErikaOS_ee_oo_internal.inc ****  * ERIKA Enterprise - a tiny RTOS for small microcontrollers
   3:Generated_Source\PSoC5/ErikaOS_ee_oo_internal.inc ****  *
   4:Generated_Source\PSoC5/ErikaOS_ee_oo_internal.inc ****  * Copyright (C) 2002-2008  Evidence Srl
   5:Generated_Source\PSoC5/ErikaOS_ee_oo_internal.inc ****  *
   6:Generated_Source\PSoC5/ErikaOS_ee_oo_internal.inc ****  * This file is part of ERIKA Enterprise.
   7:Generated_Source\PSoC5/ErikaOS_ee_oo_internal.inc ****  *
   8:Generated_Source\PSoC5/ErikaOS_ee_oo_internal.inc ****  * ERIKA Enterprise is free software; you can redistribute it
   9:Generated_Source\PSoC5/ErikaOS_ee_oo_internal.inc ****  * and/or modify it under the terms of the GNU General Public License
  10:Generated_Source\PSoC5/ErikaOS_ee_oo_internal.inc ****  * version 2 as published by the Free Software Foundation, 
  11:Generated_Source\PSoC5/ErikaOS_ee_oo_internal.inc ****  * (with a special exception described below).
  12:Generated_Source\PSoC5/ErikaOS_ee_oo_internal.inc ****  *
  13:Generated_Source\PSoC5/ErikaOS_ee_oo_internal.inc ****  * Linking this code statically or dynamically with other modules is
  14:Generated_Source\PSoC5/ErikaOS_ee_oo_internal.inc ****  * making a combined work based on this code.  Thus, the terms and
  15:Generated_Source\PSoC5/ErikaOS_ee_oo_internal.inc ****  * conditions of the GNU General Public License cover the whole
  16:Generated_Source\PSoC5/ErikaOS_ee_oo_internal.inc ****  * combination.
  17:Generated_Source\PSoC5/ErikaOS_ee_oo_internal.inc ****  *
  18:Generated_Source\PSoC5/ErikaOS_ee_oo_internal.inc ****  * As a special exception, the copyright holders of this library give you
  19:Generated_Source\PSoC5/ErikaOS_ee_oo_internal.inc ****  * permission to link this code with independent modules to produce an
  20:Generated_Source\PSoC5/ErikaOS_ee_oo_internal.inc ****  * executable, regardless of the license terms of these independent
  21:Generated_Source\PSoC5/ErikaOS_ee_oo_internal.inc ****  * modules, and to copy and distribute the resulting executable under
  22:Generated_Source\PSoC5/ErikaOS_ee_oo_internal.inc ****  * terms of your choice, provided that you also meet, for each linked
  23:Generated_Source\PSoC5/ErikaOS_ee_oo_internal.inc ****  * independent module, the terms and conditions of the license of that
  24:Generated_Source\PSoC5/ErikaOS_ee_oo_internal.inc ****  * module.  An independent module is a module which is not derived from
  25:Generated_Source\PSoC5/ErikaOS_ee_oo_internal.inc ****  * or based on this library.  If you modify this code, you may extend
  26:Generated_Source\PSoC5/ErikaOS_ee_oo_internal.inc ****  * this exception to your version of the code, but you are not
  27:Generated_Source\PSoC5/ErikaOS_ee_oo_internal.inc ****  * obligated to do so.  If you do not wish to do so, delete this
  28:Generated_Source\PSoC5/ErikaOS_ee_oo_internal.inc ****  * exception statement from your version.
  29:Generated_Source\PSoC5/ErikaOS_ee_oo_internal.inc ****  *
  30:Generated_Source\PSoC5/ErikaOS_ee_oo_internal.inc ****  * ERIKA Enterprise is distributed in the hope that it will be
  31:Generated_Source\PSoC5/ErikaOS_ee_oo_internal.inc ****  * useful, but WITHOUT ANY WARRANTY; without even the implied warranty
  32:Generated_Source\PSoC5/ErikaOS_ee_oo_internal.inc ****  * of MERCHANTABILITY or FITNESS FOR A PARTICULAR PURPOSE.  See the
  33:Generated_Source\PSoC5/ErikaOS_ee_oo_internal.inc ****  * GNU General Public License version 2 for more details.
  34:Generated_Source\PSoC5/ErikaOS_ee_oo_internal.inc ****  *
  35:Generated_Source\PSoC5/ErikaOS_ee_oo_internal.inc ****  * You should have received a copy of the GNU General Public License
  36:Generated_Source\PSoC5/ErikaOS_ee_oo_internal.inc ****  * version 2 along with ERIKA Enterprise; if not, write to the
  37:Generated_Source\PSoC5/ErikaOS_ee_oo_internal.inc ****  * Free Software Foundation, Inc., 51 Franklin Street, Fifth Floor,
  38:Generated_Source\PSoC5/ErikaOS_ee_oo_internal.inc ****  * Boston, MA 02110-1301 USA.
  39:Generated_Source\PSoC5/ErikaOS_ee_oo_internal.inc ****  * ###*E*### */
  40:Generated_Source\PSoC5/ErikaOS_ee_oo_internal.inc **** 
  41:Generated_Source\PSoC5/ErikaOS_ee_oo_internal.inc **** /*
ARM GAS  C:\Users\agila\AppData\Local\Temp\ccaKrtJR.s 			page 4


  42:Generated_Source\PSoC5/ErikaOS_ee_oo_internal.inc ****  * Author: 2002 Paolo Gai
  43:Generated_Source\PSoC5/ErikaOS_ee_oo_internal.inc ****  * CVS: $Id: ee_internal.h,v 1.6 2006/12/03 22:07:50 pj Exp $
  44:Generated_Source\PSoC5/ErikaOS_ee_oo_internal.inc ****  */
  45:Generated_Source\PSoC5/ErikaOS_ee_oo_internal.inc **** 
  46:Generated_Source\PSoC5/ErikaOS_ee_oo_internal.inc **** /*
  47:Generated_Source\PSoC5/ErikaOS_ee_oo_internal.inc ****  * PSoC Port and API Generation
  48:Generated_Source\PSoC5/ErikaOS_ee_oo_internal.inc ****  * Carlos Fernando Meier Martinez
  49:Generated_Source\PSoC5/ErikaOS_ee_oo_internal.inc ****  * Hochschule Darmstadt, Germany. 2017.
  50:Generated_Source\PSoC5/ErikaOS_ee_oo_internal.inc ****  */
  51:Generated_Source\PSoC5/ErikaOS_ee_oo_internal.inc **** 
  52:Generated_Source\PSoC5/ErikaOS_ee_oo_internal.inc **** #ifndef PKG_KERNEL_OO_INC_EE_OO_INTERNAL_H
  53:Generated_Source\PSoC5/ErikaOS_ee_oo_internal.inc **** #define PKG_KERNEL_OO_INC_EE_OO_INTERNAL_H
  54:Generated_Source\PSoC5/ErikaOS_ee_oo_internal.inc **** 
  55:Generated_Source\PSoC5/ErikaOS_ee_oo_internal.inc **** #include "ErikaOS_ee_oo_common.inc"
  56:Generated_Source\PSoC5/ErikaOS_ee_oo_internal.inc **** #include "ErikaOS_ee_oo_intfunc.inc"
  57:Generated_Source\PSoC5/ErikaOS_ee_oo_internal.inc **** #include "ErikaOS_ee_oo_irq.inc"
  58:Generated_Source\PSoC5/ErikaOS_ee_oo_internal.inc **** #if (__OO_configUSE_TRACE_FACILITY == 1)
  59:Generated_Source\PSoC5/ErikaOS_ee_oo_internal.inc **** #include "trcKernelPort.h" 
  60:Generated_Source\PSoC5/ErikaOS_ee_oo_internal.inc **** #endif
  61:Generated_Source\PSoC5/ErikaOS_ee_oo_internal.inc **** /*******************************************************************************
  62:Generated_Source\PSoC5/ErikaOS_ee_oo_internal.inc ****  *                    New Error Handling Internal Utilities
  63:Generated_Source\PSoC5/ErikaOS_ee_oo_internal.inc ****  ******************************************************************************/
  64:Generated_Source\PSoC5/ErikaOS_ee_oo_internal.inc **** 
  65:Generated_Source\PSoC5/ErikaOS_ee_oo_internal.inc **** /* Error Parameters Utilities Macros */
  66:Generated_Source\PSoC5/ErikaOS_ee_oo_internal.inc **** #define EE_OS_PARAM(param_name)   EE_os_param param_name
  67:Generated_Source\PSoC5/ErikaOS_ee_oo_internal.inc **** #define EE_OS_PARAM_VALUE(param_name, param_value)  \
  68:Generated_Source\PSoC5/ErikaOS_ee_oo_internal.inc ****   ((param_name).value_param = (param_value))
  69:Generated_Source\PSoC5/ErikaOS_ee_oo_internal.inc **** 
  70:Generated_Source\PSoC5/ErikaOS_ee_oo_internal.inc **** #define EE_OS_PARAM_REF(param_name, param_field, param_ref) \
  71:Generated_Source\PSoC5/ErikaOS_ee_oo_internal.inc ****   ((param_name).param_field = (param_ref))
  72:Generated_Source\PSoC5/ErikaOS_ee_oo_internal.inc **** 
  73:Generated_Source\PSoC5/ErikaOS_ee_oo_internal.inc **** #ifdef __OO_HAS_ERRORHOOK__
  74:Generated_Source\PSoC5/ErikaOS_ee_oo_internal.inc **** /* Error Parameters Data Structure Utilities Macros from user space */
  75:Generated_Source\PSoC5/ErikaOS_ee_oo_internal.inc **** #define EE_OS_ERROR_PARAMETERS()  EE_oo_ErrorHook_parameters error_parameters
  76:Generated_Source\PSoC5/ErikaOS_ee_oo_internal.inc **** 
  77:Generated_Source\PSoC5/ErikaOS_ee_oo_internal.inc **** #define EE_OS_ERROR_PARAMETERS_INIT(param1_in,param2_in,param3_in)  \
  78:Generated_Source\PSoC5/ErikaOS_ee_oo_internal.inc ****   EE_oo_ErrorHook_parameters error_parameters = { param1_in, param2_in, \
  79:Generated_Source\PSoC5/ErikaOS_ee_oo_internal.inc ****     param3_in }
  80:Generated_Source\PSoC5/ErikaOS_ee_oo_internal.inc **** 
  81:Generated_Source\PSoC5/ErikaOS_ee_oo_internal.inc **** #define EE_OS_ERROR_PARAMETERS_PARAM1_VALUE(param1_value) \
  82:Generated_Source\PSoC5/ErikaOS_ee_oo_internal.inc ****   (error_parameters.param1.value_param = param1_value)
  83:Generated_Source\PSoC5/ErikaOS_ee_oo_internal.inc **** #define EE_OS_ERROR_PARAMETERS_PARAM2_VALUE(param2_value) \
  84:Generated_Source\PSoC5/ErikaOS_ee_oo_internal.inc ****   (error_parameters.param2.value_param = param2_value)
  85:Generated_Source\PSoC5/ErikaOS_ee_oo_internal.inc **** #define EE_OS_ERROR_PARAMETERS_PARAM3_VALUE(param3_value) \
  86:Generated_Source\PSoC5/ErikaOS_ee_oo_internal.inc ****   (error_parameters.param3.value_param = param3_value)
  87:Generated_Source\PSoC5/ErikaOS_ee_oo_internal.inc **** 
  88:Generated_Source\PSoC5/ErikaOS_ee_oo_internal.inc **** #define EE_OS_ERROR_PARAMETERS_PARAM1_REF(param_field,param_ref)  \
  89:Generated_Source\PSoC5/ErikaOS_ee_oo_internal.inc ****   (error_parameters.param1.param_field = (param_ref))
  90:Generated_Source\PSoC5/ErikaOS_ee_oo_internal.inc **** #define EE_OS_ERROR_PARAMETERS_PARAM2_REF(param_field,param_ref)  \
  91:Generated_Source\PSoC5/ErikaOS_ee_oo_internal.inc ****   (error_parameters.param2.param_field = (param_ref))
  92:Generated_Source\PSoC5/ErikaOS_ee_oo_internal.inc **** #define EE_OS_ERROR_PARAMETERS_PARAM3_REF(param_field,param_ref)  \
  93:Generated_Source\PSoC5/ErikaOS_ee_oo_internal.inc ****   (error_parameters.param3.param_field = (param_ref))
  94:Generated_Source\PSoC5/ErikaOS_ee_oo_internal.inc **** #else /* __OO_HAS_ERRORHOOK__ */
  95:Generated_Source\PSoC5/ErikaOS_ee_oo_internal.inc **** #define EE_OS_ERROR_PARAMETERS()                                    ((void)0)
  96:Generated_Source\PSoC5/ErikaOS_ee_oo_internal.inc **** 
  97:Generated_Source\PSoC5/ErikaOS_ee_oo_internal.inc **** #define EE_OS_ERROR_PARAMETERS_INIT(param1_in,param2_in,param3_in)  ((void)0)
  98:Generated_Source\PSoC5/ErikaOS_ee_oo_internal.inc **** 
ARM GAS  C:\Users\agila\AppData\Local\Temp\ccaKrtJR.s 			page 5


  99:Generated_Source\PSoC5/ErikaOS_ee_oo_internal.inc **** #define EE_OS_ERROR_PARAMETERS_PARAM1_VALUE(param1_value)           ((void)0)
 100:Generated_Source\PSoC5/ErikaOS_ee_oo_internal.inc **** #define EE_OS_ERROR_PARAMETERS_PARAM2_VALUE(param2_value)           ((void)0)
 101:Generated_Source\PSoC5/ErikaOS_ee_oo_internal.inc **** #define EE_OS_ERROR_PARAMETERS_PARAM3_VALUE(param3_value)           ((void)0)
 102:Generated_Source\PSoC5/ErikaOS_ee_oo_internal.inc **** 
 103:Generated_Source\PSoC5/ErikaOS_ee_oo_internal.inc **** #define EE_OS_ERROR_PARAMETERS_PARAM1_REF(param_field,param_ref)    ((void)0)
 104:Generated_Source\PSoC5/ErikaOS_ee_oo_internal.inc **** #define EE_OS_ERROR_PARAMETERS_PARAM2_REF(param_field,param_ref)    ((void)0)
 105:Generated_Source\PSoC5/ErikaOS_ee_oo_internal.inc **** #define EE_OS_ERROR_PARAMETERS_PARAM3_REF(param_field,param_ref)    ((void)0)
 106:Generated_Source\PSoC5/ErikaOS_ee_oo_internal.inc **** #endif /* __OO_HAS_ERRORHOOK__ */
 107:Generated_Source\PSoC5/ErikaOS_ee_oo_internal.inc **** 
 108:Generated_Source\PSoC5/ErikaOS_ee_oo_internal.inc **** /* Error Handling */
 109:Generated_Source\PSoC5/ErikaOS_ee_oo_internal.inc **** #ifdef __OO_HAS_ERRORHOOK__
 110:Generated_Source\PSoC5/ErikaOS_ee_oo_internal.inc **** #ifndef  __OO_ERRORHOOK_NOMACROS__
 111:Generated_Source\PSoC5/ErikaOS_ee_oo_internal.inc **** 
 112:Generated_Source\PSoC5/ErikaOS_ee_oo_internal.inc **** __INLINE__ void  EE_os_fill_error_data( OSServiceIdType
 113:Generated_Source\PSoC5/ErikaOS_ee_oo_internal.inc ****   ServiceID, EE_os_param param1, EE_os_param param2, EE_os_param param3 )
 114:Generated_Source\PSoC5/ErikaOS_ee_oo_internal.inc **** {
 115:Generated_Source\PSoC5/ErikaOS_ee_oo_internal.inc ****   register EE_oo_ErrorHook_parameters * const
 116:Generated_Source\PSoC5/ErikaOS_ee_oo_internal.inc ****     p_errorhook_parameter = EE_oo_get_errorhook_data();
 117:Generated_Source\PSoC5/ErikaOS_ee_oo_internal.inc ****   (*EE_oo_get_errorhook_service_id()) = ServiceID;
 118:Generated_Source\PSoC5/ErikaOS_ee_oo_internal.inc ****   p_errorhook_parameter->param1 = param1;
 119:Generated_Source\PSoC5/ErikaOS_ee_oo_internal.inc ****   p_errorhook_parameter->param2 = param2;
 120:Generated_Source\PSoC5/ErikaOS_ee_oo_internal.inc ****   p_errorhook_parameter->param3 = param3;
 121:Generated_Source\PSoC5/ErikaOS_ee_oo_internal.inc **** }
 122:Generated_Source\PSoC5/ErikaOS_ee_oo_internal.inc **** #else /* !__OO_ERRORHOOK_NOMACROS__ */
 123:Generated_Source\PSoC5/ErikaOS_ee_oo_internal.inc **** 
 124:Generated_Source\PSoC5/ErikaOS_ee_oo_internal.inc **** #define EE_os_fill_error_data(ServiceID,param1,param2,param3) ((void)0)
 125:Generated_Source\PSoC5/ErikaOS_ee_oo_internal.inc **** #endif /* !__OO_ERRORHOOK_NOMACROS__ */
 126:Generated_Source\PSoC5/ErikaOS_ee_oo_internal.inc **** 
 127:Generated_Source\PSoC5/ErikaOS_ee_oo_internal.inc **** __INLINE__ void  EE_os_notify_error( OSServiceIdType ServiceID,
 128:Generated_Source\PSoC5/ErikaOS_ee_oo_internal.inc ****   EE_os_param param1, EE_os_param param2, EE_os_param param3,
 129:Generated_Source\PSoC5/ErikaOS_ee_oo_internal.inc ****   StatusType Error )
 130:Generated_Source\PSoC5/ErikaOS_ee_oo_internal.inc **** {
 131:Generated_Source\PSoC5/ErikaOS_ee_oo_internal.inc ****   EE_ORTI_set_lasterror(Error);
 132:Generated_Source\PSoC5/ErikaOS_ee_oo_internal.inc ****   if ( EE_ErrorHook_nested_flag == 0U )
 133:Generated_Source\PSoC5/ErikaOS_ee_oo_internal.inc ****   {
 134:Generated_Source\PSoC5/ErikaOS_ee_oo_internal.inc ****     EE_os_fill_error_data(ServiceID, param1, param2, param3);
 135:Generated_Source\PSoC5/ErikaOS_ee_oo_internal.inc ****     EE_ErrorHook_nested_flag = 1U;
 136:Generated_Source\PSoC5/ErikaOS_ee_oo_internal.inc ****     EE_oo_call_ErrorHook(Error);
 137:Generated_Source\PSoC5/ErikaOS_ee_oo_internal.inc ****     EE_ErrorHook_nested_flag = 0U;
 138:Generated_Source\PSoC5/ErikaOS_ee_oo_internal.inc ****   }
 139:Generated_Source\PSoC5/ErikaOS_ee_oo_internal.inc **** }
 140:Generated_Source\PSoC5/ErikaOS_ee_oo_internal.inc **** 
 141:Generated_Source\PSoC5/ErikaOS_ee_oo_internal.inc **** #ifndef __EE_MEMORY_PROTECTION__
 142:Generated_Source\PSoC5/ErikaOS_ee_oo_internal.inc **** __INLINE__ void  EE_os_notify_error_from_us(
 143:Generated_Source\PSoC5/ErikaOS_ee_oo_internal.inc ****   OSServiceIdType ServiceID, const EE_oo_ErrorHook_parameters * const
 144:Generated_Source\PSoC5/ErikaOS_ee_oo_internal.inc ****     error_parameters_ref, StatusType Error )
 145:Generated_Source\PSoC5/ErikaOS_ee_oo_internal.inc **** {
 146:Generated_Source\PSoC5/ErikaOS_ee_oo_internal.inc ****   if ( error_parameters_ref != NULL ) {
 147:Generated_Source\PSoC5/ErikaOS_ee_oo_internal.inc ****     register EE_FREG const flag = EE_hal_begin_nested_primitive();
 148:Generated_Source\PSoC5/ErikaOS_ee_oo_internal.inc ****     EE_os_notify_error(ServiceID, error_parameters_ref->param1,
 149:Generated_Source\PSoC5/ErikaOS_ee_oo_internal.inc ****       error_parameters_ref->param2, error_parameters_ref->param3, Error);
 150:Generated_Source\PSoC5/ErikaOS_ee_oo_internal.inc ****     EE_hal_end_nested_primitive(flag);
 151:Generated_Source\PSoC5/ErikaOS_ee_oo_internal.inc ****   }
 152:Generated_Source\PSoC5/ErikaOS_ee_oo_internal.inc **** }
 153:Generated_Source\PSoC5/ErikaOS_ee_oo_internal.inc **** #else /* !__EE_MEMORY_PROTECTION__ */
 154:Generated_Source\PSoC5/ErikaOS_ee_oo_internal.inc **** /* If MemMap.h support is enabled (i.e. because memory protection): use it */
 155:Generated_Source\PSoC5/ErikaOS_ee_oo_internal.inc **** #ifdef EE_SUPPORT_MEMMAP_H
ARM GAS  C:\Users\agila\AppData\Local\Temp\ccaKrtJR.s 			page 6


 156:Generated_Source\PSoC5/ErikaOS_ee_oo_internal.inc **** /* The following code belong to ERIKA API section ee_api_text */
 157:Generated_Source\PSoC5/ErikaOS_ee_oo_internal.inc **** #define API_START_SEC_CODE
 158:Generated_Source\PSoC5/ErikaOS_ee_oo_internal.inc **** #include "MemMap.inc"
 159:Generated_Source\PSoC5/ErikaOS_ee_oo_internal.inc **** #endif /* EE_SUPPORT_MEMMAP_H */
 160:Generated_Source\PSoC5/ErikaOS_ee_oo_internal.inc **** 
 161:Generated_Source\PSoC5/ErikaOS_ee_oo_internal.inc **** void EE_os_notify_error_from_us( OSServiceIdType ServiceID,
 162:Generated_Source\PSoC5/ErikaOS_ee_oo_internal.inc ****   const EE_oo_ErrorHook_parameters * const error_parameters_ref,
 163:Generated_Source\PSoC5/ErikaOS_ee_oo_internal.inc ****   StatusType Error );
 164:Generated_Source\PSoC5/ErikaOS_ee_oo_internal.inc **** 
 165:Generated_Source\PSoC5/ErikaOS_ee_oo_internal.inc **** #ifdef EE_SUPPORT_MEMMAP_H
 166:Generated_Source\PSoC5/ErikaOS_ee_oo_internal.inc **** #define API_STOP_SEC_CODE
 167:Generated_Source\PSoC5/ErikaOS_ee_oo_internal.inc **** #include "MemMap.inc"
 168:Generated_Source\PSoC5/ErikaOS_ee_oo_internal.inc **** #endif /* EE_SUPPORT_MEMMAP_H */
 169:Generated_Source\PSoC5/ErikaOS_ee_oo_internal.inc **** #endif /* !__EE_MEMORY_PROTECTION__ */
 170:Generated_Source\PSoC5/ErikaOS_ee_oo_internal.inc **** #else /* __OO_HAS_ERRORHOOK__ */
 171:Generated_Source\PSoC5/ErikaOS_ee_oo_internal.inc **** 
 172:Generated_Source\PSoC5/ErikaOS_ee_oo_internal.inc **** /* Macro used for remapping to prevent compiler warnings on unused parameters */
 173:Generated_Source\PSoC5/ErikaOS_ee_oo_internal.inc **** #define EE_os_notify_error(k,j,x,y,z) EE_os_notify_error_impl(z)
 174:Generated_Source\PSoC5/ErikaOS_ee_oo_internal.inc **** 
 175:Generated_Source\PSoC5/ErikaOS_ee_oo_internal.inc **** __INLINE__ void  EE_os_notify_error_impl(StatusType Error)
 176:Generated_Source\PSoC5/ErikaOS_ee_oo_internal.inc **** {
 177:Generated_Source\PSoC5/ErikaOS_ee_oo_internal.inc ****   EE_ORTI_set_lasterror(Error);
 178:Generated_Source\PSoC5/ErikaOS_ee_oo_internal.inc **** }
 179:Generated_Source\PSoC5/ErikaOS_ee_oo_internal.inc **** 
 180:Generated_Source\PSoC5/ErikaOS_ee_oo_internal.inc **** /* Macro used for remapping to prevent compiler warnings on unused parameters */
 181:Generated_Source\PSoC5/ErikaOS_ee_oo_internal.inc **** #define EE_os_notify_error_from_us(x,y,z) EE_os_notify_error_from_us_impl(z)
 182:Generated_Source\PSoC5/ErikaOS_ee_oo_internal.inc **** 
 183:Generated_Source\PSoC5/ErikaOS_ee_oo_internal.inc **** __INLINE__ void  EE_os_notify_error_from_us_impl(
 184:Generated_Source\PSoC5/ErikaOS_ee_oo_internal.inc ****   StatusType Error )
 185:Generated_Source\PSoC5/ErikaOS_ee_oo_internal.inc **** {
 186:Generated_Source\PSoC5/ErikaOS_ee_oo_internal.inc ****   EE_ORTI_set_lasterror(Error);
 187:Generated_Source\PSoC5/ErikaOS_ee_oo_internal.inc **** }
 188:Generated_Source\PSoC5/ErikaOS_ee_oo_internal.inc **** #endif /* __OO_HAS_ERRORHOOK__ */
 189:Generated_Source\PSoC5/ErikaOS_ee_oo_internal.inc **** 
 190:Generated_Source\PSoC5/ErikaOS_ee_oo_internal.inc **** /*******************************************************************************
 191:Generated_Source\PSoC5/ErikaOS_ee_oo_internal.inc ****  *                  Kernel Critical Section Utility Macros
 192:Generated_Source\PSoC5/ErikaOS_ee_oo_internal.inc ****  ******************************************************************************/
 193:Generated_Source\PSoC5/ErikaOS_ee_oo_internal.inc **** #ifndef __EE_MEMORY_PROTECTION__
 194:Generated_Source\PSoC5/ErikaOS_ee_oo_internal.inc **** 
 195:Generated_Source\PSoC5/ErikaOS_ee_oo_internal.inc **** #define EE_OS_DECLARE_CRITICAL_SECTION()  register EE_FREG flag
 196:Generated_Source\PSoC5/ErikaOS_ee_oo_internal.inc **** 
 197:Generated_Source\PSoC5/ErikaOS_ee_oo_internal.inc **** #define EE_OS_ENTER_CRITICAL_SECTION()          \
 198:Generated_Source\PSoC5/ErikaOS_ee_oo_internal.inc ****   do {                                          \
 199:Generated_Source\PSoC5/ErikaOS_ee_oo_internal.inc ****     flag = EE_hal_begin_nested_primitive();     \
 200:Generated_Source\PSoC5/ErikaOS_ee_oo_internal.inc ****     EE_as_tp_active_pause_and_update_budgets(); \
 201:Generated_Source\PSoC5/ErikaOS_ee_oo_internal.inc ****   } while ( 0 )
 202:Generated_Source\PSoC5/ErikaOS_ee_oo_internal.inc **** 
 203:Generated_Source\PSoC5/ErikaOS_ee_oo_internal.inc **** #define EE_OS_DECLARE_AND_ENTER_CRITICAL_SECTION()  \
 204:Generated_Source\PSoC5/ErikaOS_ee_oo_internal.inc ****   EE_OS_DECLARE_CRITICAL_SECTION();                 \
 205:Generated_Source\PSoC5/ErikaOS_ee_oo_internal.inc ****   EE_OS_ENTER_CRITICAL_SECTION()
 206:Generated_Source\PSoC5/ErikaOS_ee_oo_internal.inc **** 
 207:Generated_Source\PSoC5/ErikaOS_ee_oo_internal.inc **** #define EE_OS_EXIT_CRITICAL_SECTION()             \
 208:Generated_Source\PSoC5/ErikaOS_ee_oo_internal.inc ****   do {                                            \
 209:Generated_Source\PSoC5/ErikaOS_ee_oo_internal.inc ****     EE_as_tp_active_update_budgets_and_restart(); \
 210:Generated_Source\PSoC5/ErikaOS_ee_oo_internal.inc ****     EE_hal_end_nested_primitive(flag);            \
 211:Generated_Source\PSoC5/ErikaOS_ee_oo_internal.inc ****   } while ( 0 )
 212:Generated_Source\PSoC5/ErikaOS_ee_oo_internal.inc **** 
ARM GAS  C:\Users\agila\AppData\Local\Temp\ccaKrtJR.s 			page 7


 213:Generated_Source\PSoC5/ErikaOS_ee_oo_internal.inc **** #define EE_OS_FOREVER_CRITICAL_SECTION()          \
 214:Generated_Source\PSoC5/ErikaOS_ee_oo_internal.inc ****   do {                                            \
 215:Generated_Source\PSoC5/ErikaOS_ee_oo_internal.inc ****     EE_hal_disableIRQ();                          \
 216:Generated_Source\PSoC5/ErikaOS_ee_oo_internal.inc ****     EE_as_tp_active_pause_and_update_budgets();   \
 217:Generated_Source\PSoC5/ErikaOS_ee_oo_internal.inc ****   } while ( 0 )
 218:Generated_Source\PSoC5/ErikaOS_ee_oo_internal.inc **** 
 219:Generated_Source\PSoC5/ErikaOS_ee_oo_internal.inc **** #else /* !__EE_MEMORY_PROTECTION__ */
 220:Generated_Source\PSoC5/ErikaOS_ee_oo_internal.inc **** /* TP in any case have to be handled in Service Implementation. Syscall
 221:Generated_Source\PSoC5/ErikaOS_ee_oo_internal.inc ****    mechanism can be implement in C language and, in that case, a function call
 222:Generated_Source\PSoC5/ErikaOS_ee_oo_internal.inc ****    cannot be done in syscall handler. */
 223:Generated_Source\PSoC5/ErikaOS_ee_oo_internal.inc **** #define EE_OS_DECLARE_CRITICAL_SECTION()            ((void)0)
 224:Generated_Source\PSoC5/ErikaOS_ee_oo_internal.inc **** #define EE_OS_ENTER_CRITICAL_SECTION()              \
 225:Generated_Source\PSoC5/ErikaOS_ee_oo_internal.inc ****   EE_as_tp_active_pause_and_update_budgets()
 226:Generated_Source\PSoC5/ErikaOS_ee_oo_internal.inc **** #define EE_OS_DECLARE_AND_ENTER_CRITICAL_SECTION()  \
 227:Generated_Source\PSoC5/ErikaOS_ee_oo_internal.inc ****   EE_as_tp_active_pause_and_update_budgets()
 228:Generated_Source\PSoC5/ErikaOS_ee_oo_internal.inc **** #define EE_OS_EXIT_CRITICAL_SECTION()               \
 229:Generated_Source\PSoC5/ErikaOS_ee_oo_internal.inc ****   EE_as_tp_active_update_budgets_and_restart()
 230:Generated_Source\PSoC5/ErikaOS_ee_oo_internal.inc **** #define EE_OS_FOREVER_CRITICAL_SECTION()			\
 231:Generated_Source\PSoC5/ErikaOS_ee_oo_internal.inc ****   EE_as_tp_active_pause_and_update_budgets()
 232:Generated_Source\PSoC5/ErikaOS_ee_oo_internal.inc **** #endif /* !__EE_MEMORY_PROTECTION__ */
 233:Generated_Source\PSoC5/ErikaOS_ee_oo_internal.inc **** 
 234:Generated_Source\PSoC5/ErikaOS_ee_oo_internal.inc **** /* return the first stacked task (the running task) without extracting it 
 235:Generated_Source\PSoC5/ErikaOS_ee_oo_internal.inc ****    we suppose that this function can be called ALSO at interrupt ENABLED!!!
 236:Generated_Source\PSoC5/ErikaOS_ee_oo_internal.inc ****    (see WaitEvent.c) */
 237:Generated_Source\PSoC5/ErikaOS_ee_oo_internal.inc **** #ifndef __PRIVATE_STK_QUERYFIRST__
 238:Generated_Source\PSoC5/ErikaOS_ee_oo_internal.inc **** __INLINE__ EE_TID  EE_stk_queryfirst(void)
 239:Generated_Source\PSoC5/ErikaOS_ee_oo_internal.inc **** {
 240:Generated_Source\PSoC5/ErikaOS_ee_oo_internal.inc ****     return EE_stkfirst;  
  39              		.loc 2 240 0
  40 0002 034A     		ldr	r2, .L4
  41 0004 1268     		ldr	r2, [r2]
  42              	.LBE17:
  43              	.LBE16:
  93:Generated_Source\PSoC5/ErikaOS_ee_gettaskid.c ****     ev = E_OS_PARAM_POINTER;
  94:Generated_Source\PSoC5/ErikaOS_ee_gettaskid.c ****   } else
  95:Generated_Source\PSoC5/ErikaOS_ee_gettaskid.c **** #if (defined(EE_AS_OSAPPLICATIONS__)) && (defined(EE_SERVICE_PROTECTION__)) \
  96:Generated_Source\PSoC5/ErikaOS_ee_gettaskid.c ****   && (defined(__EE_MEMORY_PROTECTION__))
  97:Generated_Source\PSoC5/ErikaOS_ee_gettaskid.c ****   /* [SWS_Os_00051]: If an invalid address (address is not writable by this
  98:Generated_Source\PSoC5/ErikaOS_ee_gettaskid.c ****       OS-Application) is passed as an out-parameter to an Operating System
  99:Generated_Source\PSoC5/ErikaOS_ee_gettaskid.c ****       service, the Operating System module shall return the status code
 100:Generated_Source\PSoC5/ErikaOS_ee_gettaskid.c ****       E_OS_ILLEGAL_ADDRESS. (SRS_Os_11009, SRS_Os_11013) */
 101:Generated_Source\PSoC5/ErikaOS_ee_gettaskid.c ****   if ( !OSMEMORY_IS_WRITEABLE(EE_hal_get_app_mem_access(EE_as_active_app,
 102:Generated_Source\PSoC5/ErikaOS_ee_gettaskid.c ****     TaskID, sizeof(*TaskID))) )
 103:Generated_Source\PSoC5/ErikaOS_ee_gettaskid.c ****   {
 104:Generated_Source\PSoC5/ErikaOS_ee_gettaskid.c ****     ev = E_OS_ILLEGAL_ADDRESS;  
 105:Generated_Source\PSoC5/ErikaOS_ee_gettaskid.c ****   } else
 106:Generated_Source\PSoC5/ErikaOS_ee_gettaskid.c **** #endif /* EE_AS_OSAPPLICATIONS__ && EE_SERVICE_PROTECTION__ &&
 107:Generated_Source\PSoC5/ErikaOS_ee_gettaskid.c ****   __EE_MEMORY_PROTECTION__ */
 108:Generated_Source\PSoC5/ErikaOS_ee_gettaskid.c ****   {
 109:Generated_Source\PSoC5/ErikaOS_ee_gettaskid.c ****     /* XXX: This SHALL be atomic. Check this architectures other than TriCore */
 110:Generated_Source\PSoC5/ErikaOS_ee_gettaskid.c ****     *TaskID = EE_stk_queryfirst();
  44              		.loc 1 110 0
  45 0006 0260     		str	r2, [r0]
  46              	.LVL1:
 111:Generated_Source\PSoC5/ErikaOS_ee_gettaskid.c ****     ev = E_OK;
  47              		.loc 1 111 0
  48 0008 0020     		movs	r0, #0
ARM GAS  C:\Users\agila\AppData\Local\Temp\ccaKrtJR.s 			page 8


  49              	.LVL2:
  50 000a 7047     		bx	lr
  51              	.LVL3:
  52              	.L3:
  93:Generated_Source\PSoC5/ErikaOS_ee_gettaskid.c ****     ev = E_OS_PARAM_POINTER;
  53              		.loc 1 93 0
  54 000c 0E20     		movs	r0, #14
  55              	.LVL4:
 112:Generated_Source\PSoC5/ErikaOS_ee_gettaskid.c ****   }
 113:Generated_Source\PSoC5/ErikaOS_ee_gettaskid.c **** 
 114:Generated_Source\PSoC5/ErikaOS_ee_gettaskid.c ****   if ( ev != E_OK ) {
 115:Generated_Source\PSoC5/ErikaOS_ee_gettaskid.c ****     EE_OS_ERROR_PARAMETERS();
 116:Generated_Source\PSoC5/ErikaOS_ee_gettaskid.c ****     EE_OS_ERROR_PARAMETERS_PARAM1_REF(task_ref,TaskID);
 117:Generated_Source\PSoC5/ErikaOS_ee_gettaskid.c **** 
 118:Generated_Source\PSoC5/ErikaOS_ee_gettaskid.c ****     EE_os_notify_error_from_us(OSServiceId_GetTaskID, &error_parameters, ev);
 119:Generated_Source\PSoC5/ErikaOS_ee_gettaskid.c ****     EE_ORTI_set_service_out(EE_SERVICETRACE_GETTASKID);
 120:Generated_Source\PSoC5/ErikaOS_ee_gettaskid.c ****   } else {
 121:Generated_Source\PSoC5/ErikaOS_ee_gettaskid.c ****     EE_ORTI_set_service_out(EE_SERVICETRACE_GETTASKID);
 122:Generated_Source\PSoC5/ErikaOS_ee_gettaskid.c ****   }
 123:Generated_Source\PSoC5/ErikaOS_ee_gettaskid.c **** 
 124:Generated_Source\PSoC5/ErikaOS_ee_gettaskid.c ****   return ev;
 125:Generated_Source\PSoC5/ErikaOS_ee_gettaskid.c **** }
  56              		.loc 1 125 0
  57 000e 7047     		bx	lr
  58              	.L5:
  59              		.align	2
  60              	.L4:
  61 0010 00000000 		.word	EE_stkfirst
  62              		.cfi_endproc
  63              	.LFE71:
  64              		.size	EE_oo_GetTaskID, .-EE_oo_GetTaskID
  65              		.text
  66              	.Letext0:
  67              		.file 3 "Generated_Source\\PSoC5\\ErikaOS_common_ee_types.inc"
  68              		.file 4 "Generated_Source\\PSoC5\\ErikaOS_cortex_mx_ee_cpu.inc"
  69              		.file 5 "Generated_Source\\PSoC5\\ErikaOS_ee_oo_common.inc"
  70              		.file 6 "Generated_Source\\PSoC5\\ErikaOS_common_ee_primitives.inc"
  71              		.file 7 "Generated_Source\\PSoC5\\ErikaOS_cortex_mx_ee_context.inc"
  72              		.file 8 "Generated_Source\\PSoC5\\ErikaOS_ee_oo_intfunc.inc"
  73              		.section	.debug_info,"",%progbits
  74              	.Ldebug_info0:
  75 0000 AE040000 		.4byte	0x4ae
  76 0004 0400     		.2byte	0x4
  77 0006 00000000 		.4byte	.Ldebug_abbrev0
  78 000a 04       		.byte	0x4
  79 000b 01       		.uleb128 0x1
  80 000c AF040000 		.4byte	.LASF71
  81 0010 0C       		.byte	0xc
  82 0011 75030000 		.4byte	.LASF72
  83 0015 A8000000 		.4byte	.LASF73
  84 0019 00000000 		.4byte	.Ldebug_ranges0+0
  85 001d 00000000 		.4byte	0
  86 0021 00000000 		.4byte	.Ldebug_line0
  87 0025 02       		.uleb128 0x2
  88 0026 01       		.byte	0x1
  89 0027 06       		.byte	0x6
  90 0028 27030000 		.4byte	.LASF0
ARM GAS  C:\Users\agila\AppData\Local\Temp\ccaKrtJR.s 			page 9


  91 002c 02       		.uleb128 0x2
  92 002d 01       		.byte	0x1
  93 002e 08       		.byte	0x8
  94 002f E8020000 		.4byte	.LASF1
  95 0033 02       		.uleb128 0x2
  96 0034 02       		.byte	0x2
  97 0035 05       		.byte	0x5
  98 0036 7D000000 		.4byte	.LASF2
  99 003a 02       		.uleb128 0x2
 100 003b 02       		.byte	0x2
 101 003c 07       		.byte	0x7
 102 003d BF030000 		.4byte	.LASF3
 103 0041 02       		.uleb128 0x2
 104 0042 04       		.byte	0x4
 105 0043 05       		.byte	0x5
 106 0044 47020000 		.4byte	.LASF4
 107 0048 02       		.uleb128 0x2
 108 0049 04       		.byte	0x4
 109 004a 07       		.byte	0x7
 110 004b 22040000 		.4byte	.LASF5
 111 004f 02       		.uleb128 0x2
 112 0050 08       		.byte	0x8
 113 0051 05       		.byte	0x5
 114 0052 F7010000 		.4byte	.LASF6
 115 0056 02       		.uleb128 0x2
 116 0057 08       		.byte	0x8
 117 0058 07       		.byte	0x7
 118 0059 33030000 		.4byte	.LASF7
 119 005d 03       		.uleb128 0x3
 120 005e 04       		.byte	0x4
 121 005f 05       		.byte	0x5
 122 0060 696E7400 		.ascii	"int\000"
 123 0064 02       		.uleb128 0x2
 124 0065 04       		.byte	0x4
 125 0066 07       		.byte	0x7
 126 0067 68030000 		.4byte	.LASF8
 127 006b 02       		.uleb128 0x2
 128 006c 08       		.byte	0x8
 129 006d 04       		.byte	0x4
 130 006e CD020000 		.4byte	.LASF9
 131 0072 04       		.uleb128 0x4
 132 0073 1E000000 		.4byte	.LASF10
 133 0077 03       		.byte	0x3
 134 0078 3E       		.byte	0x3e
 135 0079 2C000000 		.4byte	0x2c
 136 007d 04       		.uleb128 0x4
 137 007e 05020000 		.4byte	.LASF11
 138 0082 03       		.byte	0x3
 139 0083 3F       		.byte	0x3f
 140 0084 25000000 		.4byte	0x25
 141 0088 04       		.uleb128 0x4
 142 0089 F0030000 		.4byte	.LASF12
 143 008d 03       		.byte	0x3
 144 008e 52       		.byte	0x52
 145 008f 3A000000 		.4byte	0x3a
 146 0093 04       		.uleb128 0x4
 147 0094 B6030000 		.4byte	.LASF13
ARM GAS  C:\Users\agila\AppData\Local\Temp\ccaKrtJR.s 			page 10


 148 0098 03       		.byte	0x3
 149 0099 53       		.byte	0x53
 150 009a 5D000000 		.4byte	0x5d
 151 009e 04       		.uleb128 0x4
 152 009f 2A010000 		.4byte	.LASF14
 153 00a3 03       		.byte	0x3
 154 00a4 54       		.byte	0x54
 155 00a5 64000000 		.4byte	0x64
 156 00a9 04       		.uleb128 0x4
 157 00aa 35000000 		.4byte	.LASF15
 158 00ae 04       		.byte	0x4
 159 00af 4D       		.byte	0x4d
 160 00b0 9E000000 		.4byte	0x9e
 161 00b4 04       		.uleb128 0x4
 162 00b5 A0000000 		.4byte	.LASF16
 163 00b9 04       		.byte	0x4
 164 00ba 4F       		.byte	0x4f
 165 00bb 9E000000 		.4byte	0x9e
 166 00bf 04       		.uleb128 0x4
 167 00c0 34040000 		.4byte	.LASF17
 168 00c4 04       		.byte	0x4
 169 00c5 54       		.byte	0x54
 170 00c6 A9000000 		.4byte	0xa9
 171 00ca 04       		.uleb128 0x4
 172 00cb 45010000 		.4byte	.LASF18
 173 00cf 04       		.byte	0x4
 174 00d0 78       		.byte	0x78
 175 00d1 93000000 		.4byte	0x93
 176 00d5 05       		.uleb128 0x5
 177 00d6 26020000 		.4byte	.LASF19
 178 00da 05       		.byte	0x5
 179 00db 1101     		.2byte	0x111
 180 00dd 88000000 		.4byte	0x88
 181 00e1 05       		.uleb128 0x5
 182 00e2 4A030000 		.4byte	.LASF20
 183 00e6 05       		.byte	0x5
 184 00e7 FA01     		.2byte	0x1fa
 185 00e9 ED000000 		.4byte	0xed
 186 00ed 06       		.uleb128 0x6
 187 00ee 04       		.byte	0x4
 188 00ef CA000000 		.4byte	0xca
 189 00f3 05       		.uleb128 0x5
 190 00f4 A3020000 		.4byte	.LASF21
 191 00f8 05       		.byte	0x5
 192 00f9 3502     		.2byte	0x235
 193 00fb A9000000 		.4byte	0xa9
 194 00ff 05       		.uleb128 0x5
 195 0100 BB020000 		.4byte	.LASF22
 196 0104 05       		.byte	0x5
 197 0105 5D02     		.2byte	0x25d
 198 0107 A9000000 		.4byte	0xa9
 199 010b 05       		.uleb128 0x5
 200 010c 77040000 		.4byte	.LASF23
 201 0110 05       		.byte	0x5
 202 0111 6C02     		.2byte	0x26c
 203 0113 A9000000 		.4byte	0xa9
 204 0117 07       		.uleb128 0x7
ARM GAS  C:\Users\agila\AppData\Local\Temp\ccaKrtJR.s 			page 11


 205 0118 0C       		.byte	0xc
 206 0119 05       		.byte	0x5
 207 011a 7202     		.2byte	0x272
 208 011c 48010000 		.4byte	0x148
 209 0120 08       		.uleb128 0x8
 210 0121 50020000 		.4byte	.LASF24
 211 0125 05       		.byte	0x5
 212 0126 7302     		.2byte	0x273
 213 0128 F3000000 		.4byte	0xf3
 214 012c 00       		.byte	0
 215 012d 08       		.uleb128 0x8
 216 012e 3D000000 		.4byte	.LASF25
 217 0132 05       		.byte	0x5
 218 0133 7402     		.2byte	0x274
 219 0135 F3000000 		.4byte	0xf3
 220 0139 04       		.byte	0x4
 221 013a 08       		.uleb128 0x8
 222 013b 4C010000 		.4byte	.LASF26
 223 013f 05       		.byte	0x5
 224 0140 7502     		.2byte	0x275
 225 0142 F3000000 		.4byte	0xf3
 226 0146 08       		.byte	0x8
 227 0147 00       		.byte	0
 228 0148 05       		.uleb128 0x5
 229 0149 7E020000 		.4byte	.LASF27
 230 014d 05       		.byte	0x5
 231 014e 7A02     		.2byte	0x27a
 232 0150 17010000 		.4byte	0x117
 233 0154 07       		.uleb128 0x7
 234 0155 08       		.byte	0x8
 235 0156 05       		.byte	0x5
 236 0157 7D02     		.2byte	0x27d
 237 0159 78010000 		.4byte	0x178
 238 015d 08       		.uleb128 0x8
 239 015e 55010000 		.4byte	.LASF28
 240 0162 05       		.byte	0x5
 241 0163 7E02     		.2byte	0x27e
 242 0165 F3000000 		.4byte	0xf3
 243 0169 00       		.byte	0
 244 016a 08       		.uleb128 0x8
 245 016b 70050000 		.4byte	.LASF29
 246 016f 05       		.byte	0x5
 247 0170 7F02     		.2byte	0x27f
 248 0172 FF000000 		.4byte	0xff
 249 0176 04       		.byte	0x4
 250 0177 00       		.byte	0
 251 0178 05       		.uleb128 0x5
 252 0179 E0010000 		.4byte	.LASF30
 253 017d 05       		.byte	0x5
 254 017e 8002     		.2byte	0x280
 255 0180 54010000 		.4byte	0x154
 256 0184 09       		.uleb128 0x9
 257 0185 01       		.byte	0x1
 258 0186 2C000000 		.4byte	0x2c
 259 018a 05       		.byte	0x5
 260 018b 8A02     		.2byte	0x28a
 261 018d 9E010000 		.4byte	0x19e
ARM GAS  C:\Users\agila\AppData\Local\Temp\ccaKrtJR.s 			page 12


 262 0191 0A       		.uleb128 0xa
 263 0192 60040000 		.4byte	.LASF31
 264 0196 00       		.byte	0
 265 0197 0A       		.uleb128 0xa
 266 0198 36020000 		.4byte	.LASF32
 267 019c 01       		.byte	0x1
 268 019d 00       		.byte	0
 269 019e 05       		.uleb128 0x5
 270 019f 95010000 		.4byte	.LASF33
 271 01a3 05       		.byte	0x5
 272 01a4 8D02     		.2byte	0x28d
 273 01a6 84010000 		.4byte	0x184
 274 01aa 05       		.uleb128 0x5
 275 01ab 14010000 		.4byte	.LASF34
 276 01af 05       		.byte	0x5
 277 01b0 9002     		.2byte	0x290
 278 01b2 9E010000 		.4byte	0x19e
 279 01b6 07       		.uleb128 0x7
 280 01b7 0C       		.byte	0xc
 281 01b8 05       		.byte	0x5
 282 01b9 9402     		.2byte	0x294
 283 01bb E5010000 		.4byte	0x1e5
 284 01bf 0B       		.uleb128 0xb
 285 01c0 6300     		.ascii	"c\000"
 286 01c2 05       		.byte	0x5
 287 01c3 9602     		.2byte	0x296
 288 01c5 0B010000 		.4byte	0x10b
 289 01c9 00       		.byte	0
 290 01ca 08       		.uleb128 0x8
 291 01cb 98000000 		.4byte	.LASF35
 292 01cf 05       		.byte	0x5
 293 01d0 9802     		.2byte	0x298
 294 01d2 FF000000 		.4byte	0xff
 295 01d6 04       		.byte	0x4
 296 01d7 08       		.uleb128 0x8
 297 01d8 19000000 		.4byte	.LASF36
 298 01dc 05       		.byte	0x5
 299 01dd 9A02     		.2byte	0x29a
 300 01df AA010000 		.4byte	0x1aa
 301 01e3 08       		.byte	0x8
 302 01e4 00       		.byte	0
 303 01e5 05       		.uleb128 0x5
 304 01e6 D2030000 		.4byte	.LASF37
 305 01ea 05       		.byte	0x5
 306 01eb 9B02     		.2byte	0x29b
 307 01ed B6010000 		.4byte	0x1b6
 308 01f1 07       		.uleb128 0x7
 309 01f2 10       		.byte	0x10
 310 01f3 05       		.byte	0x5
 311 01f4 9F02     		.2byte	0x29f
 312 01f6 2F020000 		.4byte	0x22f
 313 01fa 08       		.uleb128 0x8
 314 01fb 69040000 		.4byte	.LASF38
 315 01ff 05       		.byte	0x5
 316 0200 A002     		.2byte	0x2a0
 317 0202 BF000000 		.4byte	0xbf
 318 0206 00       		.byte	0
ARM GAS  C:\Users\agila\AppData\Local\Temp\ccaKrtJR.s 			page 13


 319 0207 08       		.uleb128 0x8
 320 0208 3D050000 		.4byte	.LASF39
 321 020c 05       		.byte	0x5
 322 020d A102     		.2byte	0x2a1
 323 020f F3000000 		.4byte	0xf3
 324 0213 04       		.byte	0x4
 325 0214 08       		.uleb128 0x8
 326 0215 92000000 		.4byte	.LASF40
 327 0219 05       		.byte	0x5
 328 021a A202     		.2byte	0x2a2
 329 021c F3000000 		.4byte	0xf3
 330 0220 08       		.byte	0x8
 331 0221 08       		.uleb128 0x8
 332 0222 5E050000 		.4byte	.LASF41
 333 0226 05       		.byte	0x5
 334 0227 A302     		.2byte	0x2a3
 335 0229 FF000000 		.4byte	0xff
 336 022d 0C       		.byte	0xc
 337 022e 00       		.byte	0
 338 022f 05       		.uleb128 0x5
 339 0230 60020000 		.4byte	.LASF42
 340 0234 05       		.byte	0x5
 341 0235 A402     		.2byte	0x2a4
 342 0237 F1010000 		.4byte	0x1f1
 343 023b 05       		.uleb128 0x5
 344 023c 87000000 		.4byte	.LASF43
 345 0240 05       		.byte	0x5
 346 0241 2103     		.2byte	0x321
 347 0243 2C000000 		.4byte	0x2c
 348 0247 0C       		.uleb128 0xc
 349 0248 5D000000 		.4byte	.LASF44
 350 024c 05       		.byte	0x5
 351 024d 9703     		.2byte	0x397
 352 024f 03       		.byte	0x3
 353 0250 61020000 		.4byte	0x261
 354 0254 0D       		.uleb128 0xd
 355 0255 73727600 		.ascii	"srv\000"
 356 0259 05       		.byte	0x5
 357 025a 9703     		.2byte	0x397
 358 025c 72000000 		.4byte	0x72
 359 0260 00       		.byte	0
 360 0261 0C       		.uleb128 0xc
 361 0262 C9010000 		.4byte	.LASF45
 362 0266 05       		.byte	0x5
 363 0267 A303     		.2byte	0x3a3
 364 0269 03       		.byte	0x3
 365 026a 7A020000 		.4byte	0x27a
 366 026e 0D       		.uleb128 0xd
 367 026f 696400   		.ascii	"id\000"
 368 0272 05       		.byte	0x5
 369 0273 A303     		.2byte	0x3a3
 370 0275 72000000 		.4byte	0x72
 371 0279 00       		.byte	0
 372 027a 0E       		.uleb128 0xe
 373 027b 56030000 		.4byte	.LASF74
 374 027f 02       		.byte	0x2
 375 0280 EE       		.byte	0xee
ARM GAS  C:\Users\agila\AppData\Local\Temp\ccaKrtJR.s 			page 14


 376 0281 CA000000 		.4byte	0xca
 377 0285 03       		.byte	0x3
 378 0286 0C       		.uleb128 0xc
 379 0287 F6020000 		.4byte	.LASF46
 380 028b 05       		.byte	0x5
 381 028c A803     		.2byte	0x3a8
 382 028e 03       		.byte	0x3
 383 028f 9F020000 		.4byte	0x29f
 384 0293 0D       		.uleb128 0xd
 385 0294 696400   		.ascii	"id\000"
 386 0297 05       		.byte	0x5
 387 0298 A803     		.2byte	0x3a8
 388 029a 72000000 		.4byte	0x72
 389 029e 00       		.byte	0
 390 029f 0F       		.uleb128 0xf
 391 02a0 40040000 		.4byte	.LASF47
 392 02a4 02       		.byte	0x2
 393 02a5 B7       		.byte	0xb7
 394 02a6 03       		.byte	0x3
 395 02a7 B7020000 		.4byte	0x2b7
 396 02ab 10       		.uleb128 0x10
 397 02ac FA030000 		.4byte	.LASF48
 398 02b0 02       		.byte	0x2
 399 02b1 B8       		.byte	0xb8
 400 02b2 3B020000 		.4byte	0x23b
 401 02b6 00       		.byte	0
 402 02b7 11       		.uleb128 0x11
 403 02b8 5B010000 		.4byte	.LASF75
 404 02bc 01       		.byte	0x1
 405 02bd 3E       		.byte	0x3e
 406 02be 3B020000 		.4byte	0x23b
 407 02c2 00000000 		.4byte	.LFB71
 408 02c6 14000000 		.4byte	.LFE71-.LFB71
 409 02ca 01       		.uleb128 0x1
 410 02cb 9C       		.byte	0x9c
 411 02cc FD020000 		.4byte	0x2fd
 412 02d0 12       		.uleb128 0x12
 413 02d1 AF030000 		.4byte	.LASF76
 414 02d5 01       		.byte	0x1
 415 02d6 3E       		.byte	0x3e
 416 02d7 E1000000 		.4byte	0xe1
 417 02db 00000000 		.4byte	.LLST0
 418 02df 13       		.uleb128 0x13
 419 02e0 657600   		.ascii	"ev\000"
 420 02e3 01       		.byte	0x1
 421 02e4 40       		.byte	0x40
 422 02e5 3B020000 		.4byte	0x23b
 423 02e9 3A000000 		.4byte	.LLST1
 424 02ed 14       		.uleb128 0x14
 425 02ee 7A020000 		.4byte	0x27a
 426 02f2 02000000 		.4byte	.LBB16
 427 02f6 04000000 		.4byte	.LBE16-.LBB16
 428 02fa 01       		.byte	0x1
 429 02fb 6E       		.byte	0x6e
 430 02fc 00       		.byte	0
 431 02fd 15       		.uleb128 0x15
 432 02fe B4010000 		.4byte	.LASF49
ARM GAS  C:\Users\agila\AppData\Local\Temp\ccaKrtJR.s 			page 15


 433 0302 06       		.byte	0x6
 434 0303 44       		.byte	0x44
 435 0304 A9000000 		.4byte	0xa9
 436 0308 15       		.uleb128 0x15
 437 0309 00000000 		.4byte	.LASF50
 438 030d 07       		.byte	0x7
 439 030e 48       		.byte	0x48
 440 030f CA000000 		.4byte	0xca
 441 0313 16       		.uleb128 0x16
 442 0314 2A030000 		.4byte	0x32a
 443 0318 23030000 		.4byte	0x323
 444 031c 17       		.uleb128 0x17
 445 031d 23030000 		.4byte	0x323
 446 0321 04       		.byte	0x4
 447 0322 00       		.byte	0
 448 0323 02       		.uleb128 0x2
 449 0324 04       		.byte	0x4
 450 0325 07       		.byte	0x7
 451 0326 6E040000 		.4byte	.LASF51
 452 032a 18       		.uleb128 0x18
 453 032b A9000000 		.4byte	0xa9
 454 032f 15       		.uleb128 0x15
 455 0330 34010000 		.4byte	.LASF52
 456 0334 05       		.byte	0x5
 457 0335 B2       		.byte	0xb2
 458 0336 3A030000 		.4byte	0x33a
 459 033a 18       		.uleb128 0x18
 460 033b 13030000 		.4byte	0x313
 461 033f 15       		.uleb128 0x15
 462 0340 90040000 		.4byte	.LASF53
 463 0344 05       		.byte	0x5
 464 0345 B3       		.byte	0xb3
 465 0346 4A030000 		.4byte	0x34a
 466 034a 18       		.uleb128 0x18
 467 034b 13030000 		.4byte	0x313
 468 034f 16       		.uleb128 0x16
 469 0350 A9000000 		.4byte	0xa9
 470 0354 5F030000 		.4byte	0x35f
 471 0358 17       		.uleb128 0x17
 472 0359 23030000 		.4byte	0x323
 473 035d 04       		.byte	0x4
 474 035e 00       		.byte	0
 475 035f 15       		.uleb128 0x15
 476 0360 83040000 		.4byte	.LASF54
 477 0364 05       		.byte	0x5
 478 0365 CA       		.byte	0xca
 479 0366 4F030000 		.4byte	0x34f
 480 036a 16       		.uleb128 0x16
 481 036b CA000000 		.4byte	0xca
 482 036f 7A030000 		.4byte	0x37a
 483 0373 17       		.uleb128 0x17
 484 0374 23030000 		.4byte	0x323
 485 0378 04       		.byte	0x4
 486 0379 00       		.byte	0
 487 037a 15       		.uleb128 0x15
 488 037b A4040000 		.4byte	.LASF55
 489 037f 05       		.byte	0x5
ARM GAS  C:\Users\agila\AppData\Local\Temp\ccaKrtJR.s 			page 16


 490 0380 D2       		.byte	0xd2
 491 0381 6A030000 		.4byte	0x36a
 492 0385 15       		.uleb128 0x15
 493 0386 A3030000 		.4byte	.LASF56
 494 038a 05       		.byte	0x5
 495 038b DA       		.byte	0xda
 496 038c 4F030000 		.4byte	0x34f
 497 0390 15       		.uleb128 0x15
 498 0391 71000000 		.4byte	.LASF57
 499 0395 05       		.byte	0x5
 500 0396 E2       		.byte	0xe2
 501 0397 CA000000 		.4byte	0xca
 502 039b 15       		.uleb128 0x15
 503 039c AC020000 		.4byte	.LASF58
 504 03a0 05       		.byte	0x5
 505 03a1 F7       		.byte	0xf7
 506 03a2 A9000000 		.4byte	0xa9
 507 03a6 19       		.uleb128 0x19
 508 03a7 27000000 		.4byte	.LASF59
 509 03ab 05       		.byte	0x5
 510 03ac 3F01     		.2byte	0x13f
 511 03ae D5000000 		.4byte	0xd5
 512 03b2 19       		.uleb128 0x19
 513 03b3 4A000000 		.4byte	.LASF60
 514 03b7 05       		.byte	0x5
 515 03b8 5C01     		.2byte	0x15c
 516 03ba 4F030000 		.4byte	0x34f
 517 03be 16       		.uleb128 0x16
 518 03bf BF000000 		.4byte	0xbf
 519 03c3 CE030000 		.4byte	0x3ce
 520 03c7 17       		.uleb128 0x17
 521 03c8 23030000 		.4byte	0x323
 522 03cc 04       		.byte	0x4
 523 03cd 00       		.byte	0
 524 03ce 19       		.uleb128 0x19
 525 03cf 6B010000 		.4byte	.LASF61
 526 03d3 05       		.byte	0x5
 527 03d4 6701     		.2byte	0x167
 528 03d6 BE030000 		.4byte	0x3be
 529 03da 16       		.uleb128 0x16
 530 03db EA030000 		.4byte	0x3ea
 531 03df EA030000 		.4byte	0x3ea
 532 03e3 17       		.uleb128 0x17
 533 03e4 23030000 		.4byte	0x323
 534 03e8 00       		.byte	0
 535 03e9 00       		.byte	0
 536 03ea 18       		.uleb128 0x18
 537 03eb 48010000 		.4byte	0x148
 538 03ef 19       		.uleb128 0x19
 539 03f0 D9020000 		.4byte	.LASF62
 540 03f4 05       		.byte	0x5
 541 03f5 CA02     		.2byte	0x2ca
 542 03f7 FB030000 		.4byte	0x3fb
 543 03fb 18       		.uleb128 0x18
 544 03fc DA030000 		.4byte	0x3da
 545 0400 16       		.uleb128 0x16
 546 0401 10040000 		.4byte	0x410
ARM GAS  C:\Users\agila\AppData\Local\Temp\ccaKrtJR.s 			page 17


 547 0405 10040000 		.4byte	0x410
 548 0409 17       		.uleb128 0x17
 549 040a 23030000 		.4byte	0x323
 550 040e 00       		.byte	0
 551 040f 00       		.byte	0
 552 0410 18       		.uleb128 0x18
 553 0411 E5010000 		.4byte	0x1e5
 554 0415 19       		.uleb128 0x19
 555 0416 7C010000 		.4byte	.LASF63
 556 041a 05       		.byte	0x5
 557 041b DD02     		.2byte	0x2dd
 558 041d 21040000 		.4byte	0x421
 559 0421 18       		.uleb128 0x18
 560 0422 00040000 		.4byte	0x400
 561 0426 16       		.uleb128 0x16
 562 0427 78010000 		.4byte	0x178
 563 042b 36040000 		.4byte	0x436
 564 042f 17       		.uleb128 0x17
 565 0430 23030000 		.4byte	0x323
 566 0434 00       		.byte	0
 567 0435 00       		.byte	0
 568 0436 19       		.uleb128 0x19
 569 0437 00040000 		.4byte	.LASF64
 570 043b 05       		.byte	0x5
 571 043c FB02     		.2byte	0x2fb
 572 043e 26040000 		.4byte	0x426
 573 0442 16       		.uleb128 0x16
 574 0443 2F020000 		.4byte	0x22f
 575 0447 52040000 		.4byte	0x452
 576 044b 17       		.uleb128 0x17
 577 044c 23030000 		.4byte	0x323
 578 0450 00       		.byte	0
 579 0451 00       		.byte	0
 580 0452 19       		.uleb128 0x19
 581 0453 0E030000 		.4byte	.LASF65
 582 0457 05       		.byte	0x5
 583 0458 0403     		.2byte	0x304
 584 045a 42040000 		.4byte	0x442
 585 045e 15       		.uleb128 0x15
 586 045f 46050000 		.4byte	.LASF66
 587 0463 08       		.byte	0x8
 588 0464 40       		.byte	0x40
 589 0465 A9000000 		.4byte	0xa9
 590 0469 15       		.uleb128 0x15
 591 046a 0D020000 		.4byte	.LASF67
 592 046e 08       		.byte	0x8
 593 046f 47       		.byte	0x47
 594 0470 B4000000 		.4byte	0xb4
 595 0474 15       		.uleb128 0x15
 596 0475 0F040000 		.4byte	.LASF68
 597 0479 08       		.byte	0x8
 598 047a 4A       		.byte	0x4a
 599 047b A9000000 		.4byte	0xa9
 600 047f 16       		.uleb128 0x16
 601 0480 8F040000 		.4byte	0x48f
 602 0484 8F040000 		.4byte	0x48f
 603 0488 17       		.uleb128 0x17
ARM GAS  C:\Users\agila\AppData\Local\Temp\ccaKrtJR.s 			page 18


 604 0489 23030000 		.4byte	0x323
 605 048d FF       		.byte	0xff
 606 048e 00       		.byte	0
 607 048f 18       		.uleb128 0x18
 608 0490 7D000000 		.4byte	0x7d
 609 0494 19       		.uleb128 0x19
 610 0495 63050000 		.4byte	.LASF69
 611 0499 02       		.byte	0x2
 612 049a AB01     		.2byte	0x1ab
 613 049c A0040000 		.4byte	0x4a0
 614 04a0 18       		.uleb128 0x18
 615 04a1 7F040000 		.4byte	0x47f
 616 04a5 19       		.uleb128 0x19
 617 04a6 95020000 		.4byte	.LASF70
 618 04aa 02       		.byte	0x2
 619 04ab 1602     		.2byte	0x216
 620 04ad A9000000 		.4byte	0xa9
 621 04b1 00       		.byte	0
 622              		.section	.debug_abbrev,"",%progbits
 623              	.Ldebug_abbrev0:
 624 0000 01       		.uleb128 0x1
 625 0001 11       		.uleb128 0x11
 626 0002 01       		.byte	0x1
 627 0003 25       		.uleb128 0x25
 628 0004 0E       		.uleb128 0xe
 629 0005 13       		.uleb128 0x13
 630 0006 0B       		.uleb128 0xb
 631 0007 03       		.uleb128 0x3
 632 0008 0E       		.uleb128 0xe
 633 0009 1B       		.uleb128 0x1b
 634 000a 0E       		.uleb128 0xe
 635 000b 55       		.uleb128 0x55
 636 000c 17       		.uleb128 0x17
 637 000d 11       		.uleb128 0x11
 638 000e 01       		.uleb128 0x1
 639 000f 10       		.uleb128 0x10
 640 0010 17       		.uleb128 0x17
 641 0011 00       		.byte	0
 642 0012 00       		.byte	0
 643 0013 02       		.uleb128 0x2
 644 0014 24       		.uleb128 0x24
 645 0015 00       		.byte	0
 646 0016 0B       		.uleb128 0xb
 647 0017 0B       		.uleb128 0xb
 648 0018 3E       		.uleb128 0x3e
 649 0019 0B       		.uleb128 0xb
 650 001a 03       		.uleb128 0x3
 651 001b 0E       		.uleb128 0xe
 652 001c 00       		.byte	0
 653 001d 00       		.byte	0
 654 001e 03       		.uleb128 0x3
 655 001f 24       		.uleb128 0x24
 656 0020 00       		.byte	0
 657 0021 0B       		.uleb128 0xb
 658 0022 0B       		.uleb128 0xb
 659 0023 3E       		.uleb128 0x3e
 660 0024 0B       		.uleb128 0xb
ARM GAS  C:\Users\agila\AppData\Local\Temp\ccaKrtJR.s 			page 19


 661 0025 03       		.uleb128 0x3
 662 0026 08       		.uleb128 0x8
 663 0027 00       		.byte	0
 664 0028 00       		.byte	0
 665 0029 04       		.uleb128 0x4
 666 002a 16       		.uleb128 0x16
 667 002b 00       		.byte	0
 668 002c 03       		.uleb128 0x3
 669 002d 0E       		.uleb128 0xe
 670 002e 3A       		.uleb128 0x3a
 671 002f 0B       		.uleb128 0xb
 672 0030 3B       		.uleb128 0x3b
 673 0031 0B       		.uleb128 0xb
 674 0032 49       		.uleb128 0x49
 675 0033 13       		.uleb128 0x13
 676 0034 00       		.byte	0
 677 0035 00       		.byte	0
 678 0036 05       		.uleb128 0x5
 679 0037 16       		.uleb128 0x16
 680 0038 00       		.byte	0
 681 0039 03       		.uleb128 0x3
 682 003a 0E       		.uleb128 0xe
 683 003b 3A       		.uleb128 0x3a
 684 003c 0B       		.uleb128 0xb
 685 003d 3B       		.uleb128 0x3b
 686 003e 05       		.uleb128 0x5
 687 003f 49       		.uleb128 0x49
 688 0040 13       		.uleb128 0x13
 689 0041 00       		.byte	0
 690 0042 00       		.byte	0
 691 0043 06       		.uleb128 0x6
 692 0044 0F       		.uleb128 0xf
 693 0045 00       		.byte	0
 694 0046 0B       		.uleb128 0xb
 695 0047 0B       		.uleb128 0xb
 696 0048 49       		.uleb128 0x49
 697 0049 13       		.uleb128 0x13
 698 004a 00       		.byte	0
 699 004b 00       		.byte	0
 700 004c 07       		.uleb128 0x7
 701 004d 13       		.uleb128 0x13
 702 004e 01       		.byte	0x1
 703 004f 0B       		.uleb128 0xb
 704 0050 0B       		.uleb128 0xb
 705 0051 3A       		.uleb128 0x3a
 706 0052 0B       		.uleb128 0xb
 707 0053 3B       		.uleb128 0x3b
 708 0054 05       		.uleb128 0x5
 709 0055 01       		.uleb128 0x1
 710 0056 13       		.uleb128 0x13
 711 0057 00       		.byte	0
 712 0058 00       		.byte	0
 713 0059 08       		.uleb128 0x8
 714 005a 0D       		.uleb128 0xd
 715 005b 00       		.byte	0
 716 005c 03       		.uleb128 0x3
 717 005d 0E       		.uleb128 0xe
ARM GAS  C:\Users\agila\AppData\Local\Temp\ccaKrtJR.s 			page 20


 718 005e 3A       		.uleb128 0x3a
 719 005f 0B       		.uleb128 0xb
 720 0060 3B       		.uleb128 0x3b
 721 0061 05       		.uleb128 0x5
 722 0062 49       		.uleb128 0x49
 723 0063 13       		.uleb128 0x13
 724 0064 38       		.uleb128 0x38
 725 0065 0B       		.uleb128 0xb
 726 0066 00       		.byte	0
 727 0067 00       		.byte	0
 728 0068 09       		.uleb128 0x9
 729 0069 04       		.uleb128 0x4
 730 006a 01       		.byte	0x1
 731 006b 0B       		.uleb128 0xb
 732 006c 0B       		.uleb128 0xb
 733 006d 49       		.uleb128 0x49
 734 006e 13       		.uleb128 0x13
 735 006f 3A       		.uleb128 0x3a
 736 0070 0B       		.uleb128 0xb
 737 0071 3B       		.uleb128 0x3b
 738 0072 05       		.uleb128 0x5
 739 0073 01       		.uleb128 0x1
 740 0074 13       		.uleb128 0x13
 741 0075 00       		.byte	0
 742 0076 00       		.byte	0
 743 0077 0A       		.uleb128 0xa
 744 0078 28       		.uleb128 0x28
 745 0079 00       		.byte	0
 746 007a 03       		.uleb128 0x3
 747 007b 0E       		.uleb128 0xe
 748 007c 1C       		.uleb128 0x1c
 749 007d 0B       		.uleb128 0xb
 750 007e 00       		.byte	0
 751 007f 00       		.byte	0
 752 0080 0B       		.uleb128 0xb
 753 0081 0D       		.uleb128 0xd
 754 0082 00       		.byte	0
 755 0083 03       		.uleb128 0x3
 756 0084 08       		.uleb128 0x8
 757 0085 3A       		.uleb128 0x3a
 758 0086 0B       		.uleb128 0xb
 759 0087 3B       		.uleb128 0x3b
 760 0088 05       		.uleb128 0x5
 761 0089 49       		.uleb128 0x49
 762 008a 13       		.uleb128 0x13
 763 008b 38       		.uleb128 0x38
 764 008c 0B       		.uleb128 0xb
 765 008d 00       		.byte	0
 766 008e 00       		.byte	0
 767 008f 0C       		.uleb128 0xc
 768 0090 2E       		.uleb128 0x2e
 769 0091 01       		.byte	0x1
 770 0092 03       		.uleb128 0x3
 771 0093 0E       		.uleb128 0xe
 772 0094 3A       		.uleb128 0x3a
 773 0095 0B       		.uleb128 0xb
 774 0096 3B       		.uleb128 0x3b
ARM GAS  C:\Users\agila\AppData\Local\Temp\ccaKrtJR.s 			page 21


 775 0097 05       		.uleb128 0x5
 776 0098 27       		.uleb128 0x27
 777 0099 19       		.uleb128 0x19
 778 009a 20       		.uleb128 0x20
 779 009b 0B       		.uleb128 0xb
 780 009c 01       		.uleb128 0x1
 781 009d 13       		.uleb128 0x13
 782 009e 00       		.byte	0
 783 009f 00       		.byte	0
 784 00a0 0D       		.uleb128 0xd
 785 00a1 05       		.uleb128 0x5
 786 00a2 00       		.byte	0
 787 00a3 03       		.uleb128 0x3
 788 00a4 08       		.uleb128 0x8
 789 00a5 3A       		.uleb128 0x3a
 790 00a6 0B       		.uleb128 0xb
 791 00a7 3B       		.uleb128 0x3b
 792 00a8 05       		.uleb128 0x5
 793 00a9 49       		.uleb128 0x49
 794 00aa 13       		.uleb128 0x13
 795 00ab 00       		.byte	0
 796 00ac 00       		.byte	0
 797 00ad 0E       		.uleb128 0xe
 798 00ae 2E       		.uleb128 0x2e
 799 00af 00       		.byte	0
 800 00b0 03       		.uleb128 0x3
 801 00b1 0E       		.uleb128 0xe
 802 00b2 3A       		.uleb128 0x3a
 803 00b3 0B       		.uleb128 0xb
 804 00b4 3B       		.uleb128 0x3b
 805 00b5 0B       		.uleb128 0xb
 806 00b6 27       		.uleb128 0x27
 807 00b7 19       		.uleb128 0x19
 808 00b8 49       		.uleb128 0x49
 809 00b9 13       		.uleb128 0x13
 810 00ba 20       		.uleb128 0x20
 811 00bb 0B       		.uleb128 0xb
 812 00bc 00       		.byte	0
 813 00bd 00       		.byte	0
 814 00be 0F       		.uleb128 0xf
 815 00bf 2E       		.uleb128 0x2e
 816 00c0 01       		.byte	0x1
 817 00c1 03       		.uleb128 0x3
 818 00c2 0E       		.uleb128 0xe
 819 00c3 3A       		.uleb128 0x3a
 820 00c4 0B       		.uleb128 0xb
 821 00c5 3B       		.uleb128 0x3b
 822 00c6 0B       		.uleb128 0xb
 823 00c7 27       		.uleb128 0x27
 824 00c8 19       		.uleb128 0x19
 825 00c9 20       		.uleb128 0x20
 826 00ca 0B       		.uleb128 0xb
 827 00cb 01       		.uleb128 0x1
 828 00cc 13       		.uleb128 0x13
 829 00cd 00       		.byte	0
 830 00ce 00       		.byte	0
 831 00cf 10       		.uleb128 0x10
ARM GAS  C:\Users\agila\AppData\Local\Temp\ccaKrtJR.s 			page 22


 832 00d0 05       		.uleb128 0x5
 833 00d1 00       		.byte	0
 834 00d2 03       		.uleb128 0x3
 835 00d3 0E       		.uleb128 0xe
 836 00d4 3A       		.uleb128 0x3a
 837 00d5 0B       		.uleb128 0xb
 838 00d6 3B       		.uleb128 0x3b
 839 00d7 0B       		.uleb128 0xb
 840 00d8 49       		.uleb128 0x49
 841 00d9 13       		.uleb128 0x13
 842 00da 00       		.byte	0
 843 00db 00       		.byte	0
 844 00dc 11       		.uleb128 0x11
 845 00dd 2E       		.uleb128 0x2e
 846 00de 01       		.byte	0x1
 847 00df 3F       		.uleb128 0x3f
 848 00e0 19       		.uleb128 0x19
 849 00e1 03       		.uleb128 0x3
 850 00e2 0E       		.uleb128 0xe
 851 00e3 3A       		.uleb128 0x3a
 852 00e4 0B       		.uleb128 0xb
 853 00e5 3B       		.uleb128 0x3b
 854 00e6 0B       		.uleb128 0xb
 855 00e7 27       		.uleb128 0x27
 856 00e8 19       		.uleb128 0x19
 857 00e9 49       		.uleb128 0x49
 858 00ea 13       		.uleb128 0x13
 859 00eb 11       		.uleb128 0x11
 860 00ec 01       		.uleb128 0x1
 861 00ed 12       		.uleb128 0x12
 862 00ee 06       		.uleb128 0x6
 863 00ef 40       		.uleb128 0x40
 864 00f0 18       		.uleb128 0x18
 865 00f1 9742     		.uleb128 0x2117
 866 00f3 19       		.uleb128 0x19
 867 00f4 01       		.uleb128 0x1
 868 00f5 13       		.uleb128 0x13
 869 00f6 00       		.byte	0
 870 00f7 00       		.byte	0
 871 00f8 12       		.uleb128 0x12
 872 00f9 05       		.uleb128 0x5
 873 00fa 00       		.byte	0
 874 00fb 03       		.uleb128 0x3
 875 00fc 0E       		.uleb128 0xe
 876 00fd 3A       		.uleb128 0x3a
 877 00fe 0B       		.uleb128 0xb
 878 00ff 3B       		.uleb128 0x3b
 879 0100 0B       		.uleb128 0xb
 880 0101 49       		.uleb128 0x49
 881 0102 13       		.uleb128 0x13
 882 0103 02       		.uleb128 0x2
 883 0104 17       		.uleb128 0x17
 884 0105 00       		.byte	0
 885 0106 00       		.byte	0
 886 0107 13       		.uleb128 0x13
 887 0108 34       		.uleb128 0x34
 888 0109 00       		.byte	0
ARM GAS  C:\Users\agila\AppData\Local\Temp\ccaKrtJR.s 			page 23


 889 010a 03       		.uleb128 0x3
 890 010b 08       		.uleb128 0x8
 891 010c 3A       		.uleb128 0x3a
 892 010d 0B       		.uleb128 0xb
 893 010e 3B       		.uleb128 0x3b
 894 010f 0B       		.uleb128 0xb
 895 0110 49       		.uleb128 0x49
 896 0111 13       		.uleb128 0x13
 897 0112 02       		.uleb128 0x2
 898 0113 17       		.uleb128 0x17
 899 0114 00       		.byte	0
 900 0115 00       		.byte	0
 901 0116 14       		.uleb128 0x14
 902 0117 1D       		.uleb128 0x1d
 903 0118 00       		.byte	0
 904 0119 31       		.uleb128 0x31
 905 011a 13       		.uleb128 0x13
 906 011b 11       		.uleb128 0x11
 907 011c 01       		.uleb128 0x1
 908 011d 12       		.uleb128 0x12
 909 011e 06       		.uleb128 0x6
 910 011f 58       		.uleb128 0x58
 911 0120 0B       		.uleb128 0xb
 912 0121 59       		.uleb128 0x59
 913 0122 0B       		.uleb128 0xb
 914 0123 00       		.byte	0
 915 0124 00       		.byte	0
 916 0125 15       		.uleb128 0x15
 917 0126 34       		.uleb128 0x34
 918 0127 00       		.byte	0
 919 0128 03       		.uleb128 0x3
 920 0129 0E       		.uleb128 0xe
 921 012a 3A       		.uleb128 0x3a
 922 012b 0B       		.uleb128 0xb
 923 012c 3B       		.uleb128 0x3b
 924 012d 0B       		.uleb128 0xb
 925 012e 49       		.uleb128 0x49
 926 012f 13       		.uleb128 0x13
 927 0130 3F       		.uleb128 0x3f
 928 0131 19       		.uleb128 0x19
 929 0132 3C       		.uleb128 0x3c
 930 0133 19       		.uleb128 0x19
 931 0134 00       		.byte	0
 932 0135 00       		.byte	0
 933 0136 16       		.uleb128 0x16
 934 0137 01       		.uleb128 0x1
 935 0138 01       		.byte	0x1
 936 0139 49       		.uleb128 0x49
 937 013a 13       		.uleb128 0x13
 938 013b 01       		.uleb128 0x1
 939 013c 13       		.uleb128 0x13
 940 013d 00       		.byte	0
 941 013e 00       		.byte	0
 942 013f 17       		.uleb128 0x17
 943 0140 21       		.uleb128 0x21
 944 0141 00       		.byte	0
 945 0142 49       		.uleb128 0x49
ARM GAS  C:\Users\agila\AppData\Local\Temp\ccaKrtJR.s 			page 24


 946 0143 13       		.uleb128 0x13
 947 0144 2F       		.uleb128 0x2f
 948 0145 0B       		.uleb128 0xb
 949 0146 00       		.byte	0
 950 0147 00       		.byte	0
 951 0148 18       		.uleb128 0x18
 952 0149 26       		.uleb128 0x26
 953 014a 00       		.byte	0
 954 014b 49       		.uleb128 0x49
 955 014c 13       		.uleb128 0x13
 956 014d 00       		.byte	0
 957 014e 00       		.byte	0
 958 014f 19       		.uleb128 0x19
 959 0150 34       		.uleb128 0x34
 960 0151 00       		.byte	0
 961 0152 03       		.uleb128 0x3
 962 0153 0E       		.uleb128 0xe
 963 0154 3A       		.uleb128 0x3a
 964 0155 0B       		.uleb128 0xb
 965 0156 3B       		.uleb128 0x3b
 966 0157 05       		.uleb128 0x5
 967 0158 49       		.uleb128 0x49
 968 0159 13       		.uleb128 0x13
 969 015a 3F       		.uleb128 0x3f
 970 015b 19       		.uleb128 0x19
 971 015c 3C       		.uleb128 0x3c
 972 015d 19       		.uleb128 0x19
 973 015e 00       		.byte	0
 974 015f 00       		.byte	0
 975 0160 00       		.byte	0
 976              		.section	.debug_loc,"",%progbits
 977              	.Ldebug_loc0:
 978              	.LLST0:
 979 0000 00000000 		.4byte	.LVL0
 980 0004 0A000000 		.4byte	.LVL2
 981 0008 0100     		.2byte	0x1
 982 000a 50       		.byte	0x50
 983 000b 0A000000 		.4byte	.LVL2
 984 000f 0C000000 		.4byte	.LVL3
 985 0013 0400     		.2byte	0x4
 986 0015 F3       		.byte	0xf3
 987 0016 01       		.uleb128 0x1
 988 0017 50       		.byte	0x50
 989 0018 9F       		.byte	0x9f
 990 0019 0C000000 		.4byte	.LVL3
 991 001d 0E000000 		.4byte	.LVL4
 992 0021 0100     		.2byte	0x1
 993 0023 50       		.byte	0x50
 994 0024 0E000000 		.4byte	.LVL4
 995 0028 14000000 		.4byte	.LFE71
 996 002c 0400     		.2byte	0x4
 997 002e F3       		.byte	0xf3
 998 002f 01       		.uleb128 0x1
 999 0030 50       		.byte	0x50
 1000 0031 9F       		.byte	0x9f
 1001 0032 00000000 		.4byte	0
 1002 0036 00000000 		.4byte	0
ARM GAS  C:\Users\agila\AppData\Local\Temp\ccaKrtJR.s 			page 25


 1003              	.LLST1:
 1004 003a 08000000 		.4byte	.LVL1
 1005 003e 0C000000 		.4byte	.LVL3
 1006 0042 0200     		.2byte	0x2
 1007 0044 30       		.byte	0x30
 1008 0045 9F       		.byte	0x9f
 1009 0046 0E000000 		.4byte	.LVL4
 1010 004a 14000000 		.4byte	.LFE71
 1011 004e 0100     		.2byte	0x1
 1012 0050 50       		.byte	0x50
 1013 0051 00000000 		.4byte	0
 1014 0055 00000000 		.4byte	0
 1015              		.section	.debug_aranges,"",%progbits
 1016 0000 1C000000 		.4byte	0x1c
 1017 0004 0200     		.2byte	0x2
 1018 0006 00000000 		.4byte	.Ldebug_info0
 1019 000a 04       		.byte	0x4
 1020 000b 00       		.byte	0
 1021 000c 0000     		.2byte	0
 1022 000e 0000     		.2byte	0
 1023 0010 00000000 		.4byte	.LFB71
 1024 0014 14000000 		.4byte	.LFE71-.LFB71
 1025 0018 00000000 		.4byte	0
 1026 001c 00000000 		.4byte	0
 1027              		.section	.debug_ranges,"",%progbits
 1028              	.Ldebug_ranges0:
 1029 0000 00000000 		.4byte	.LFB71
 1030 0004 14000000 		.4byte	.LFE71
 1031 0008 00000000 		.4byte	0
 1032 000c 00000000 		.4byte	0
 1033              		.section	.debug_line,"",%progbits
 1034              	.Ldebug_line0:
 1035 0000 4D010000 		.section	.debug_str,"MS",%progbits,1
 1035      02002201 
 1035      00000201 
 1035      FB0E0D00 
 1035      01010101 
 1036              	.LASF50:
 1037 0000 45455F73 		.ascii	"EE_std_endcycle_next_tid\000"
 1037      74645F65 
 1037      6E646379 
 1037      636C655F 
 1037      6E657874 
 1038              	.LASF36:
 1039 0019 6B696E64 		.ascii	"kind\000"
 1039      00
 1040              	.LASF10:
 1041 001e 45455F55 		.ascii	"EE_UINT8\000"
 1041      494E5438 
 1041      00
 1042              	.LASF59:
 1043 0027 45455F72 		.ascii	"EE_rq_bitmask\000"
 1043      715F6269 
 1043      746D6173 
 1043      6B00
 1044              	.LASF15:
 1045 0035 45455F55 		.ascii	"EE_UREG\000"
ARM GAS  C:\Users\agila\AppData\Local\Temp\ccaKrtJR.s 			page 26


 1045      52454700 
 1046              	.LASF25:
 1047 003d 7469636B 		.ascii	"ticksperbase\000"
 1047      73706572 
 1047      62617365 
 1047      00
 1048              	.LASF60:
 1049 004a 45455F74 		.ascii	"EE_th_event_active\000"
 1049      685F6576 
 1049      656E745F 
 1049      61637469 
 1049      766500
 1050              	.LASF44:
 1051 005d 45455F4F 		.ascii	"EE_ORTI_set_service\000"
 1051      5254495F 
 1051      7365745F 
 1051      73657276 
 1051      69636500 
 1052              	.LASF57:
 1053 0071 45455F73 		.ascii	"EE_stkfirst\000"
 1053      746B6669 
 1053      72737400 
 1054              	.LASF2:
 1055 007d 73686F72 		.ascii	"short int\000"
 1055      7420696E 
 1055      7400
 1056              	.LASF43:
 1057 0087 53746174 		.ascii	"StatusType\000"
 1057      75735479 
 1057      706500
 1058              	.LASF40:
 1059 0092 64656C74 		.ascii	"delta\000"
 1059      6100
 1060              	.LASF35:
 1061 0098 73706563 		.ascii	"spec_id\000"
 1061      5F696400 
 1062              	.LASF16:
 1063 00a0 45455F46 		.ascii	"EE_FREG\000"
 1063      52454700 
 1064              	.LASF73:
 1065 00a8 443A5C57 		.ascii	"D:\\WS25\\AMAEOS\\Lab\\Lab3\\Lab 3 Task Description"
 1065      5332355C 
 1065      414D4145 
 1065      4F535C4C 
 1065      61625C4C 
 1066 00d6 20616E64 		.ascii	" and Starting Code-20251209\\Lab3.cydsn\\TaskComms_"
 1066      20537461 
 1066      7274696E 
 1066      6720436F 
 1066      64652D32 
 1067 0107 42756666 		.ascii	"Buffer.cydsn\000"
 1067      65722E63 
 1067      7964736E 
 1067      00
 1068              	.LASF34:
 1069 0114 436F756E 		.ascii	"CounterObjectKindType\000"
 1069      7465724F 
ARM GAS  C:\Users\agila\AppData\Local\Temp\ccaKrtJR.s 			page 27


 1069      626A6563 
 1069      744B696E 
 1069      64547970 
 1070              	.LASF14:
 1071 012a 45455F55 		.ascii	"EE_UINT32\000"
 1071      494E5433 
 1071      3200
 1072              	.LASF52:
 1073 0134 45455F74 		.ascii	"EE_th_ready_prio\000"
 1073      685F7265 
 1073      6164795F 
 1073      7072696F 
 1073      00
 1074              	.LASF18:
 1075 0145 45455F54 		.ascii	"EE_TID\000"
 1075      494400
 1076              	.LASF26:
 1077 014c 6D696E63 		.ascii	"mincycle\000"
 1077      79636C65 
 1077      00
 1078              	.LASF28:
 1079 0155 76616C75 		.ascii	"value\000"
 1079      6500
 1080              	.LASF75:
 1081 015b 45455F6F 		.ascii	"EE_oo_GetTaskID\000"
 1081      6F5F4765 
 1081      74546173 
 1081      6B494400 
 1082              	.LASF61:
 1083 016b 45455F74 		.ascii	"EE_th_waswaiting\000"
 1083      685F7761 
 1083      73776169 
 1083      74696E67 
 1083      00
 1084              	.LASF63:
 1085 017c 45455F6F 		.ascii	"EE_oo_counter_object_ROM\000"
 1085      6F5F636F 
 1085      756E7465 
 1085      725F6F62 
 1085      6A656374 
 1086              	.LASF33:
 1087 0195 45455F6F 		.ascii	"EE_oo_counter_object_kind_type\000"
 1087      6F5F636F 
 1087      756E7465 
 1087      725F6F62 
 1087      6A656374 
 1088              	.LASF49:
 1089 01b4 45455F49 		.ascii	"EE_IRQ_nesting_level\000"
 1089      52515F6E 
 1089      65737469 
 1089      6E675F6C 
 1089      6576656C 
 1090              	.LASF45:
 1091 01c9 45455F4F 		.ascii	"EE_ORTI_set_service_in\000"
 1091      5254495F 
 1091      7365745F 
 1091      73657276 
ARM GAS  C:\Users\agila\AppData\Local\Temp\ccaKrtJR.s 			page 28


 1091      6963655F 
 1092              	.LASF30:
 1093 01e0 45455F6F 		.ascii	"EE_oo_counter_RAM_type\000"
 1093      6F5F636F 
 1093      756E7465 
 1093      725F5241 
 1093      4D5F7479 
 1094              	.LASF6:
 1095 01f7 6C6F6E67 		.ascii	"long long int\000"
 1095      206C6F6E 
 1095      6720696E 
 1095      7400
 1096              	.LASF11:
 1097 0205 45455F49 		.ascii	"EE_INT8\000"
 1097      4E543800 
 1098              	.LASF67:
 1099 020d 45455F6F 		.ascii	"EE_oo_IRQ_suspend_status\000"
 1099      6F5F4952 
 1099      515F7375 
 1099      7370656E 
 1099      645F7374 
 1100              	.LASF19:
 1101 0226 45455F54 		.ascii	"EE_TYPE_RQ_MASK\000"
 1101      5950455F 
 1101      52515F4D 
 1101      41534B00 
 1102              	.LASF32:
 1103 0236 45455F53 		.ascii	"EE_SCHEDULETABLE\000"
 1103      43484544 
 1103      554C4554 
 1103      41424C45 
 1103      00
 1104              	.LASF4:
 1105 0247 6C6F6E67 		.ascii	"long int\000"
 1105      20696E74 
 1105      00
 1106              	.LASF24:
 1107 0250 6D617861 		.ascii	"maxallowedvalue\000"
 1107      6C6C6F77 
 1107      65647661 
 1107      6C756500 
 1108              	.LASF42:
 1109 0260 45455F6F 		.ascii	"EE_oo_counter_object_RAM_type\000"
 1109      6F5F636F 
 1109      756E7465 
 1109      725F6F62 
 1109      6A656374 
 1110              	.LASF27:
 1111 027e 45455F6F 		.ascii	"EE_oo_counter_ROM_type\000"
 1111      6F5F636F 
 1111      756E7465 
 1111      725F524F 
 1111      4D5F7479 
 1112              	.LASF70:
 1113 0295 45455F69 		.ascii	"EE_isr2_index\000"
 1113      7372325F 
 1113      696E6465 
ARM GAS  C:\Users\agila\AppData\Local\Temp\ccaKrtJR.s 			page 29


 1113      7800
 1114              	.LASF21:
 1115 02a3 5469636B 		.ascii	"TickType\000"
 1115      54797065 
 1115      00
 1116              	.LASF58:
 1117 02ac 45455F73 		.ascii	"EE_sys_ceiling\000"
 1117      79735F63 
 1117      65696C69 
 1117      6E6700
 1118              	.LASF22:
 1119 02bb 436F756E 		.ascii	"CounterObjectType\000"
 1119      7465724F 
 1119      626A6563 
 1119      74547970 
 1119      6500
 1120              	.LASF9:
 1121 02cd 6C6F6E67 		.ascii	"long double\000"
 1121      20646F75 
 1121      626C6500 
 1122              	.LASF62:
 1123 02d9 45455F63 		.ascii	"EE_counter_ROM\000"
 1123      6F756E74 
 1123      65725F52 
 1123      4F4D00
 1124              	.LASF1:
 1125 02e8 756E7369 		.ascii	"unsigned char\000"
 1125      676E6564 
 1125      20636861 
 1125      7200
 1126              	.LASF46:
 1127 02f6 45455F4F 		.ascii	"EE_ORTI_set_service_out\000"
 1127      5254495F 
 1127      7365745F 
 1127      73657276 
 1127      6963655F 
 1128              	.LASF65:
 1129 030e 45455F6F 		.ascii	"EE_oo_counter_object_RAM\000"
 1129      6F5F636F 
 1129      756E7465 
 1129      725F6F62 
 1129      6A656374 
 1130              	.LASF0:
 1131 0327 7369676E 		.ascii	"signed char\000"
 1131      65642063 
 1131      68617200 
 1132              	.LASF7:
 1133 0333 6C6F6E67 		.ascii	"long long unsigned int\000"
 1133      206C6F6E 
 1133      6720756E 
 1133      7369676E 
 1133      65642069 
 1134              	.LASF20:
 1135 034a 5461736B 		.ascii	"TaskRefType\000"
 1135      52656654 
 1135      79706500 
 1136              	.LASF74:
ARM GAS  C:\Users\agila\AppData\Local\Temp\ccaKrtJR.s 			page 30


 1137 0356 45455F73 		.ascii	"EE_stk_queryfirst\000"
 1137      746B5F71 
 1137      75657279 
 1137      66697273 
 1137      7400
 1138              	.LASF8:
 1139 0368 756E7369 		.ascii	"unsigned int\000"
 1139      676E6564 
 1139      20696E74 
 1139      00
 1140              	.LASF72:
 1141 0375 47656E65 		.ascii	"Generated_Source\\PSoC5\\ErikaOS_ee_gettaskid.c\000"
 1141      72617465 
 1141      645F536F 
 1141      75726365 
 1141      5C50536F 
 1142              	.LASF56:
 1143 03a3 45455F74 		.ascii	"EE_th_rnact\000"
 1143      685F726E 
 1143      61637400 
 1144              	.LASF76:
 1145 03af 5461736B 		.ascii	"TaskID\000"
 1145      494400
 1146              	.LASF13:
 1147 03b6 45455F49 		.ascii	"EE_INT32\000"
 1147      4E543332 
 1147      00
 1148              	.LASF3:
 1149 03bf 73686F72 		.ascii	"short unsigned int\000"
 1149      7420756E 
 1149      7369676E 
 1149      65642069 
 1149      6E7400
 1150              	.LASF37:
 1151 03d2 45455F6F 		.ascii	"EE_oo_counter_object_ROM_type\000"
 1151      6F5F636F 
 1151      756E7465 
 1151      725F6F62 
 1151      6A656374 
 1152              	.LASF12:
 1153 03f0 45455F55 		.ascii	"EE_UINT16\000"
 1153      494E5431 
 1153      3600
 1154              	.LASF48:
 1155 03fa 4572726F 		.ascii	"Error\000"
 1155      7200
 1156              	.LASF64:
 1157 0400 45455F63 		.ascii	"EE_counter_RAM\000"
 1157      6F756E74 
 1157      65725F52 
 1157      414D00
 1158              	.LASF68:
 1159 040f 45455F41 		.ascii	"EE_ApplicationMode\000"
 1159      70706C69 
 1159      63617469 
 1159      6F6E4D6F 
 1159      646500
ARM GAS  C:\Users\agila\AppData\Local\Temp\ccaKrtJR.s 			page 31


 1160              	.LASF5:
 1161 0422 6C6F6E67 		.ascii	"long unsigned int\000"
 1161      20756E73 
 1161      69676E65 
 1161      6420696E 
 1161      7400
 1162              	.LASF17:
 1163 0434 45455F54 		.ascii	"EE_TYPEBOOL\000"
 1163      59504542 
 1163      4F4F4C00 
 1164              	.LASF47:
 1165 0440 45455F6F 		.ascii	"EE_os_notify_error_from_us_impl\000"
 1165      735F6E6F 
 1165      74696679 
 1165      5F657272 
 1165      6F725F66 
 1166              	.LASF31:
 1167 0460 45455F41 		.ascii	"EE_ALARM\000"
 1167      4C41524D 
 1167      00
 1168              	.LASF38:
 1169 0469 75736564 		.ascii	"used\000"
 1169      00
 1170              	.LASF51:
 1171 046e 73697A65 		.ascii	"sizetype\000"
 1171      74797065 
 1171      00
 1172              	.LASF23:
 1173 0477 436F756E 		.ascii	"CounterType\000"
 1173      74657254 
 1173      79706500 
 1174              	.LASF54:
 1175 0483 45455F74 		.ascii	"EE_th_status\000"
 1175      685F7374 
 1175      61747573 
 1175      00
 1176              	.LASF53:
 1177 0490 45455F74 		.ascii	"EE_th_dispatch_prio\000"
 1177      685F6469 
 1177      73706174 
 1177      63685F70 
 1177      72696F00 
 1178              	.LASF55:
 1179 04a4 45455F74 		.ascii	"EE_th_next\000"
 1179      685F6E65 
 1179      787400
 1180              	.LASF71:
 1181 04af 474E5520 		.ascii	"GNU C11 5.4.1 20160609 (release) [ARM/embedded-5-br"
 1181      43313120 
 1181      352E342E 
 1181      31203230 
 1181      31363036 
 1182 04e2 616E6368 		.ascii	"anch revision 237715] -mcpu=cortex-m3 -mthumb -g -O"
 1182      20726576 
 1182      6973696F 
 1182      6E203233 
 1182      37373135 
ARM GAS  C:\Users\agila\AppData\Local\Temp\ccaKrtJR.s 			page 32


 1183 0515 67202D66 		.ascii	"g -ffunction-sections -ffat-lto-objects\000"
 1183      66756E63 
 1183      74696F6E 
 1183      2D736563 
 1183      74696F6E 
 1184              	.LASF39:
 1185 053d 636E7463 		.ascii	"cntcycle\000"
 1185      79636C65 
 1185      00
 1186              	.LASF66:
 1187 0546 45455F6F 		.ascii	"EE_oo_IRQ_disable_count\000"
 1187      6F5F4952 
 1187      515F6469 
 1187      7361626C 
 1187      655F636F 
 1188              	.LASF41:
 1189 055e 6E657874 		.ascii	"next\000"
 1189      00
 1190              	.LASF69:
 1191 0563 45455F72 		.ascii	"EE_rq_lookup\000"
 1191      715F6C6F 
 1191      6F6B7570 
 1191      00
 1192              	.LASF29:
 1193 0570 66697273 		.ascii	"first\000"
 1193      7400
 1194              		.ident	"GCC: (GNU Tools for ARM Embedded Processors) 5.4.1 20160609 (release) [ARM/embedded-5-bran
